[2021-03-15 15:33:59,135] {taskinstance.py:851} INFO - Dependencies all met for <TaskInstance: PostgresOperator_dag.create_table 2021-03-15T15:33:58.068062+00:00 [queued]>
[2021-03-15 15:33:59,156] {taskinstance.py:851} INFO - Dependencies all met for <TaskInstance: PostgresOperator_dag.create_table 2021-03-15T15:33:58.068062+00:00 [queued]>
[2021-03-15 15:33:59,157] {taskinstance.py:1042} INFO - 
--------------------------------------------------------------------------------
[2021-03-15 15:33:59,158] {taskinstance.py:1043} INFO - Starting attempt 1 of 1
[2021-03-15 15:33:59,158] {taskinstance.py:1044} INFO - 
--------------------------------------------------------------------------------
[2021-03-15 15:33:59,167] {taskinstance.py:1063} INFO - Executing <Task(PostgresOperator): create_table> on 2021-03-15T15:33:58.068062+00:00
[2021-03-15 15:33:59,171] {standard_task_runner.py:52} INFO - Started process 49 to run task
[2021-03-15 15:33:59,175] {standard_task_runner.py:76} INFO - Running: ['airflow', 'tasks', 'run', 'PostgresOperator_dag', 'create_table', '2021-03-15T15:33:58.068062+00:00', '--job-id', '4', '--pool', 'default_pool', '--raw', '--subdir', 'DAGS_FOLDER/first.py', '--cfg-path', '/tmp/tmplpdzwsif', '--error-file', '/tmp/tmpfpg7v_zn']
[2021-03-15 15:33:59,177] {standard_task_runner.py:77} INFO - Job 4: Subtask create_table
[2021-03-15 15:33:59,223] {logging_mixin.py:104} INFO - Running <TaskInstance: PostgresOperator_dag.create_table 2021-03-15T15:33:58.068062+00:00 [running]> on host 813d4b64061a
[2021-03-15 15:33:59,265] {taskinstance.py:1257} INFO - Exporting the following env vars:
AIRFLOW_CTX_DAG_OWNER=airflow
AIRFLOW_CTX_DAG_ID=PostgresOperator_dag
AIRFLOW_CTX_TASK_ID=create_table
AIRFLOW_CTX_EXECUTION_DATE=2021-03-15T15:33:58.068062+00:00
AIRFLOW_CTX_DAG_RUN_ID=manual__2021-03-15T15:33:58.068062+00:00
[2021-03-15 15:33:59,266] {postgres.py:69} INFO - Executing: CREATE TABLE IF NOT EXISTS user_table(
            id integer NOT NULL, email VARCHAR, active BOOLEAN
            );
[2021-03-15 15:33:59,278] {base.py:74} INFO - Using connection to: id: postgresql. Host: db, Port: 5432, Schema: airflow, Login: postgres, Password: XXXXXXXX, extra: None
[2021-03-15 15:33:59,282] {dbapi.py:180} INFO - Running statement: CREATE TABLE IF NOT EXISTS user_table(
            id integer NOT NULL, email VARCHAR, active BOOLEAN
            );, parameters: None
[2021-03-15 15:33:59,288] {dbapi.py:186} INFO - Rows affected: -1
[2021-03-15 15:33:59,303] {taskinstance.py:1166} INFO - Marking task as SUCCESS. dag_id=PostgresOperator_dag, task_id=create_table, execution_date=20210315T153358, start_date=20210315T153359, end_date=20210315T153359
[2021-03-15 15:33:59,336] {taskinstance.py:1220} INFO - 0 downstream tasks scheduled from follow-on schedule check
[2021-03-15 15:33:59,352] {local_task_job.py:146} INFO - Task exited with return code 0
