[2021-03-17 16:09:23,694] {taskinstance.py:851} INFO - Dependencies all met for <TaskInstance: PostgresOperator_dag.insert_row 2021-03-17T16:09:22.842919+00:00 [queued]>
[2021-03-17 16:09:23,717] {taskinstance.py:851} INFO - Dependencies all met for <TaskInstance: PostgresOperator_dag.insert_row 2021-03-17T16:09:22.842919+00:00 [queued]>
[2021-03-17 16:09:23,718] {taskinstance.py:1042} INFO - 
--------------------------------------------------------------------------------
[2021-03-17 16:09:23,719] {taskinstance.py:1043} INFO - Starting attempt 1 of 1
[2021-03-17 16:09:23,720] {taskinstance.py:1044} INFO - 
--------------------------------------------------------------------------------
[2021-03-17 16:09:23,733] {taskinstance.py:1063} INFO - Executing <Task(PostgresOperator): insert_row> on 2021-03-17T16:09:22.842919+00:00
[2021-03-17 16:09:23,740] {standard_task_runner.py:52} INFO - Started process 47 to run task
[2021-03-17 16:09:23,746] {standard_task_runner.py:76} INFO - Running: ['airflow', 'tasks', 'run', 'PostgresOperator_dag', 'insert_row', '2021-03-17T16:09:22.842919+00:00', '--job-id', '17', '--pool', 'default_pool', '--raw', '--subdir', 'DAGS_FOLDER/first.py', '--cfg-path', '/tmp/tmpgakftomy', '--error-file', '/tmp/tmpiywluwn2']
[2021-03-17 16:09:23,747] {standard_task_runner.py:77} INFO - Job 17: Subtask insert_row
[2021-03-17 16:09:23,814] {logging_mixin.py:104} INFO - Running <TaskInstance: PostgresOperator_dag.insert_row 2021-03-17T16:09:22.842919+00:00 [running]> on host c065581206d5
[2021-03-17 16:09:23,885] {taskinstance.py:1257} INFO - Exporting the following env vars:
AIRFLOW_CTX_DAG_OWNER=airflow
AIRFLOW_CTX_DAG_ID=PostgresOperator_dag
AIRFLOW_CTX_TASK_ID=insert_row
AIRFLOW_CTX_EXECUTION_DATE=2021-03-17T16:09:22.842919+00:00
AIRFLOW_CTX_DAG_RUN_ID=manual__2021-03-17T16:09:22.842919+00:00
[2021-03-17 16:09:23,888] {postgres.py:69} INFO - Executing: INSERT INTO user_table VALUES(%s, %s, %s)
[2021-03-17 16:09:23,905] {base.py:74} INFO - Using connection to: id: postgresql. Host: db, Port: 5432, Schema: airflow, Login: postgres, Password: XXXXXXXX, extra: None
[2021-03-17 16:09:23,912] {dbapi.py:180} INFO - Running statement: INSERT INTO user_table VALUES(%s, %s, %s), parameters: (86917207, 'felix_airflow@works.com', True)
[2021-03-17 16:09:23,915] {dbapi.py:186} INFO - Rows affected: 1
[2021-03-17 16:09:23,934] {taskinstance.py:1166} INFO - Marking task as SUCCESS. dag_id=PostgresOperator_dag, task_id=insert_row, execution_date=20210317T160922, start_date=20210317T160923, end_date=20210317T160923
[2021-03-17 16:09:23,972] {taskinstance.py:1220} INFO - 0 downstream tasks scheduled from follow-on schedule check
[2021-03-17 16:09:24,004] {local_task_job.py:146} INFO - Task exited with return code 0
