[2021-03-15 17:27:35,661] {scheduler_job.py:182} INFO - Started process (PID=27) to work on /home/airflow/.local/lib/python3.6/site-packages/airflow/example_dags/example_trigger_target_dag.py
[2021-03-15 17:27:35,665] {scheduler_job.py:629} INFO - Processing file /home/airflow/.local/lib/python3.6/site-packages/airflow/example_dags/example_trigger_target_dag.py for tasks to queue
[2021-03-15 17:27:35,668] {logging_mixin.py:104} INFO - [2021-03-15 17:27:35,667] {dagbag.py:448} INFO - Filling up the DagBag from /home/airflow/.local/lib/python3.6/site-packages/airflow/example_dags/example_trigger_target_dag.py
[2021-03-15 17:27:35,707] {scheduler_job.py:639} INFO - DAG(s) dict_keys(['example_trigger_target_dag']) retrieved from /home/airflow/.local/lib/python3.6/site-packages/airflow/example_dags/example_trigger_target_dag.py
[2021-03-15 17:27:35,748] {logging_mixin.py:104} INFO - [2021-03-15 17:27:35,748] {dag.py:1818} INFO - Sync 1 DAGs
[2021-03-15 17:27:35,807] {logging_mixin.py:104} INFO - [2021-03-15 17:27:35,807] {dag.py:1837} INFO - Creating ORM DAG for example_trigger_target_dag
[2021-03-15 17:27:35,825] {logging_mixin.py:104} INFO - [2021-03-15 17:27:35,825] {dag.py:2273} INFO - Setting next_dagrun for example_trigger_target_dag to None
[2021-03-15 17:27:35,905] {scheduler_job.py:190} INFO - Processing /home/airflow/.local/lib/python3.6/site-packages/airflow/example_dags/example_trigger_target_dag.py took 0.249 seconds
[2021-03-15 17:28:06,759] {scheduler_job.py:182} INFO - Started process (PID=54) to work on /home/airflow/.local/lib/python3.6/site-packages/airflow/example_dags/example_trigger_target_dag.py
[2021-03-15 17:28:06,762] {scheduler_job.py:629} INFO - Processing file /home/airflow/.local/lib/python3.6/site-packages/airflow/example_dags/example_trigger_target_dag.py for tasks to queue
[2021-03-15 17:28:06,763] {logging_mixin.py:104} INFO - [2021-03-15 17:28:06,763] {dagbag.py:448} INFO - Filling up the DagBag from /home/airflow/.local/lib/python3.6/site-packages/airflow/example_dags/example_trigger_target_dag.py
[2021-03-15 17:28:06,777] {scheduler_job.py:639} INFO - DAG(s) dict_keys(['example_trigger_target_dag']) retrieved from /home/airflow/.local/lib/python3.6/site-packages/airflow/example_dags/example_trigger_target_dag.py
[2021-03-15 17:28:06,802] {logging_mixin.py:104} INFO - [2021-03-15 17:28:06,802] {dag.py:1818} INFO - Sync 1 DAGs
[2021-03-15 17:28:06,819] {logging_mixin.py:104} INFO - [2021-03-15 17:28:06,819] {dag.py:2273} INFO - Setting next_dagrun for example_trigger_target_dag to None
[2021-03-15 17:28:06,829] {scheduler_job.py:190} INFO - Processing /home/airflow/.local/lib/python3.6/site-packages/airflow/example_dags/example_trigger_target_dag.py took 0.073 seconds
[2021-03-15 17:28:37,487] {scheduler_job.py:182} INFO - Started process (PID=91) to work on /home/airflow/.local/lib/python3.6/site-packages/airflow/example_dags/example_trigger_target_dag.py
[2021-03-15 17:28:37,489] {scheduler_job.py:629} INFO - Processing file /home/airflow/.local/lib/python3.6/site-packages/airflow/example_dags/example_trigger_target_dag.py for tasks to queue
[2021-03-15 17:28:37,490] {logging_mixin.py:104} INFO - [2021-03-15 17:28:37,490] {dagbag.py:448} INFO - Filling up the DagBag from /home/airflow/.local/lib/python3.6/site-packages/airflow/example_dags/example_trigger_target_dag.py
[2021-03-15 17:28:37,503] {scheduler_job.py:639} INFO - DAG(s) dict_keys(['example_trigger_target_dag']) retrieved from /home/airflow/.local/lib/python3.6/site-packages/airflow/example_dags/example_trigger_target_dag.py
[2021-03-15 17:28:37,527] {logging_mixin.py:104} INFO - [2021-03-15 17:28:37,527] {dag.py:1818} INFO - Sync 1 DAGs
[2021-03-15 17:28:37,544] {logging_mixin.py:104} INFO - [2021-03-15 17:28:37,543] {dag.py:2273} INFO - Setting next_dagrun for example_trigger_target_dag to None
[2021-03-15 17:28:37,552] {scheduler_job.py:190} INFO - Processing /home/airflow/.local/lib/python3.6/site-packages/airflow/example_dags/example_trigger_target_dag.py took 0.069 seconds
