[2021-03-15 17:27:37,527] {scheduler_job.py:182} INFO - Started process (PID=44) to work on /home/airflow/.local/lib/python3.6/site-packages/airflow/example_dags/example_latest_only_with_trigger.py
[2021-03-15 17:27:37,530] {scheduler_job.py:629} INFO - Processing file /home/airflow/.local/lib/python3.6/site-packages/airflow/example_dags/example_latest_only_with_trigger.py for tasks to queue
[2021-03-15 17:27:37,534] {logging_mixin.py:104} INFO - [2021-03-15 17:27:37,533] {dagbag.py:448} INFO - Filling up the DagBag from /home/airflow/.local/lib/python3.6/site-packages/airflow/example_dags/example_latest_only_with_trigger.py
[2021-03-15 17:27:37,563] {scheduler_job.py:639} INFO - DAG(s) dict_keys(['latest_only_with_trigger']) retrieved from /home/airflow/.local/lib/python3.6/site-packages/airflow/example_dags/example_latest_only_with_trigger.py
[2021-03-15 17:27:37,620] {logging_mixin.py:104} INFO - [2021-03-15 17:27:37,619] {dag.py:1818} INFO - Sync 1 DAGs
[2021-03-15 17:27:37,671] {logging_mixin.py:104} INFO - [2021-03-15 17:27:37,670] {dag.py:1837} INFO - Creating ORM DAG for latest_only_with_trigger
[2021-03-15 17:27:37,691] {logging_mixin.py:104} INFO - [2021-03-15 17:27:37,691] {dag.py:2273} INFO - Setting next_dagrun for latest_only_with_trigger to 2021-03-13 00:00:00+00:00
[2021-03-15 17:27:37,718] {scheduler_job.py:190} INFO - Processing /home/airflow/.local/lib/python3.6/site-packages/airflow/example_dags/example_latest_only_with_trigger.py took 0.199 seconds
[2021-03-15 17:28:08,578] {scheduler_job.py:182} INFO - Started process (PID=71) to work on /home/airflow/.local/lib/python3.6/site-packages/airflow/example_dags/example_latest_only_with_trigger.py
[2021-03-15 17:28:08,580] {scheduler_job.py:629} INFO - Processing file /home/airflow/.local/lib/python3.6/site-packages/airflow/example_dags/example_latest_only_with_trigger.py for tasks to queue
[2021-03-15 17:28:08,581] {logging_mixin.py:104} INFO - [2021-03-15 17:28:08,581] {dagbag.py:448} INFO - Filling up the DagBag from /home/airflow/.local/lib/python3.6/site-packages/airflow/example_dags/example_latest_only_with_trigger.py
[2021-03-15 17:28:08,595] {scheduler_job.py:639} INFO - DAG(s) dict_keys(['latest_only_with_trigger']) retrieved from /home/airflow/.local/lib/python3.6/site-packages/airflow/example_dags/example_latest_only_with_trigger.py
[2021-03-15 17:28:08,624] {logging_mixin.py:104} INFO - [2021-03-15 17:28:08,624] {dag.py:1818} INFO - Sync 1 DAGs
[2021-03-15 17:28:08,646] {logging_mixin.py:104} INFO - [2021-03-15 17:28:08,646] {dag.py:2273} INFO - Setting next_dagrun for latest_only_with_trigger to 2021-03-13 00:00:00+00:00
[2021-03-15 17:28:08,659] {scheduler_job.py:190} INFO - Processing /home/airflow/.local/lib/python3.6/site-packages/airflow/example_dags/example_latest_only_with_trigger.py took 0.086 seconds
[2021-03-15 17:28:39,075] {scheduler_job.py:182} INFO - Started process (PID=103) to work on /home/airflow/.local/lib/python3.6/site-packages/airflow/example_dags/example_latest_only_with_trigger.py
[2021-03-15 17:28:39,077] {scheduler_job.py:629} INFO - Processing file /home/airflow/.local/lib/python3.6/site-packages/airflow/example_dags/example_latest_only_with_trigger.py for tasks to queue
[2021-03-15 17:28:39,079] {logging_mixin.py:104} INFO - [2021-03-15 17:28:39,078] {dagbag.py:448} INFO - Filling up the DagBag from /home/airflow/.local/lib/python3.6/site-packages/airflow/example_dags/example_latest_only_with_trigger.py
[2021-03-15 17:28:39,092] {scheduler_job.py:639} INFO - DAG(s) dict_keys(['latest_only_with_trigger']) retrieved from /home/airflow/.local/lib/python3.6/site-packages/airflow/example_dags/example_latest_only_with_trigger.py
[2021-03-15 17:28:39,122] {logging_mixin.py:104} INFO - [2021-03-15 17:28:39,122] {dag.py:1818} INFO - Sync 1 DAGs
[2021-03-15 17:28:39,139] {logging_mixin.py:104} INFO - [2021-03-15 17:28:39,139] {dag.py:2273} INFO - Setting next_dagrun for latest_only_with_trigger to 2021-03-13 00:00:00+00:00
[2021-03-15 17:28:39,150] {scheduler_job.py:190} INFO - Processing /home/airflow/.local/lib/python3.6/site-packages/airflow/example_dags/example_latest_only_with_trigger.py took 0.080 seconds
