[2021-03-15 17:27:36,356] {scheduler_job.py:182} INFO - Started process (PID=33) to work on /home/airflow/.local/lib/python3.6/site-packages/airflow/example_dags/example_dag_decorator.py
[2021-03-15 17:27:36,360] {scheduler_job.py:629} INFO - Processing file /home/airflow/.local/lib/python3.6/site-packages/airflow/example_dags/example_dag_decorator.py for tasks to queue
[2021-03-15 17:27:36,362] {logging_mixin.py:104} INFO - [2021-03-15 17:27:36,362] {dagbag.py:448} INFO - Filling up the DagBag from /home/airflow/.local/lib/python3.6/site-packages/airflow/example_dags/example_dag_decorator.py
[2021-03-15 17:27:36,403] {scheduler_job.py:639} INFO - DAG(s) dict_keys(['example_dag_decorator']) retrieved from /home/airflow/.local/lib/python3.6/site-packages/airflow/example_dags/example_dag_decorator.py
[2021-03-15 17:27:36,448] {logging_mixin.py:104} INFO - [2021-03-15 17:27:36,448] {dag.py:1818} INFO - Sync 1 DAGs
[2021-03-15 17:27:36,475] {logging_mixin.py:104} INFO - [2021-03-15 17:27:36,475] {dag.py:1837} INFO - Creating ORM DAG for example_dag_decorator
[2021-03-15 17:27:36,483] {logging_mixin.py:104} INFO - [2021-03-15 17:27:36,483] {dag.py:2273} INFO - Setting next_dagrun for example_dag_decorator to None
[2021-03-15 17:27:36,501] {scheduler_job.py:190} INFO - Processing /home/airflow/.local/lib/python3.6/site-packages/airflow/example_dags/example_dag_decorator.py took 0.149 seconds
[2021-03-15 17:28:07,118] {scheduler_job.py:182} INFO - Started process (PID=60) to work on /home/airflow/.local/lib/python3.6/site-packages/airflow/example_dags/example_dag_decorator.py
[2021-03-15 17:28:07,121] {scheduler_job.py:629} INFO - Processing file /home/airflow/.local/lib/python3.6/site-packages/airflow/example_dags/example_dag_decorator.py for tasks to queue
[2021-03-15 17:28:07,122] {logging_mixin.py:104} INFO - [2021-03-15 17:28:07,122] {dagbag.py:448} INFO - Filling up the DagBag from /home/airflow/.local/lib/python3.6/site-packages/airflow/example_dags/example_dag_decorator.py
[2021-03-15 17:28:07,140] {scheduler_job.py:639} INFO - DAG(s) dict_keys(['example_dag_decorator']) retrieved from /home/airflow/.local/lib/python3.6/site-packages/airflow/example_dags/example_dag_decorator.py
[2021-03-15 17:28:07,165] {logging_mixin.py:104} INFO - [2021-03-15 17:28:07,165] {dag.py:1818} INFO - Sync 1 DAGs
[2021-03-15 17:28:07,181] {logging_mixin.py:104} INFO - [2021-03-15 17:28:07,181] {dag.py:2273} INFO - Setting next_dagrun for example_dag_decorator to None
[2021-03-15 17:28:07,193] {scheduler_job.py:190} INFO - Processing /home/airflow/.local/lib/python3.6/site-packages/airflow/example_dags/example_dag_decorator.py took 0.079 seconds
[2021-03-15 17:28:37,685] {scheduler_job.py:182} INFO - Started process (PID=95) to work on /home/airflow/.local/lib/python3.6/site-packages/airflow/example_dags/example_dag_decorator.py
[2021-03-15 17:28:37,687] {scheduler_job.py:629} INFO - Processing file /home/airflow/.local/lib/python3.6/site-packages/airflow/example_dags/example_dag_decorator.py for tasks to queue
[2021-03-15 17:28:37,689] {logging_mixin.py:104} INFO - [2021-03-15 17:28:37,688] {dagbag.py:448} INFO - Filling up the DagBag from /home/airflow/.local/lib/python3.6/site-packages/airflow/example_dags/example_dag_decorator.py
[2021-03-15 17:28:37,709] {scheduler_job.py:639} INFO - DAG(s) dict_keys(['example_dag_decorator']) retrieved from /home/airflow/.local/lib/python3.6/site-packages/airflow/example_dags/example_dag_decorator.py
[2021-03-15 17:28:37,740] {logging_mixin.py:104} INFO - [2021-03-15 17:28:37,740] {dag.py:1818} INFO - Sync 1 DAGs
[2021-03-15 17:28:37,758] {logging_mixin.py:104} INFO - [2021-03-15 17:28:37,758] {dag.py:2273} INFO - Setting next_dagrun for example_dag_decorator to None
[2021-03-15 17:28:37,772] {scheduler_job.py:190} INFO - Processing /home/airflow/.local/lib/python3.6/site-packages/airflow/example_dags/example_dag_decorator.py took 0.092 seconds
