[2021-03-15 17:27:37,330] {scheduler_job.py:182} INFO - Started process (PID=42) to work on /home/airflow/.local/lib/python3.6/site-packages/airflow/example_dags/example_skip_dag.py
[2021-03-15 17:27:37,336] {scheduler_job.py:629} INFO - Processing file /home/airflow/.local/lib/python3.6/site-packages/airflow/example_dags/example_skip_dag.py for tasks to queue
[2021-03-15 17:27:37,338] {logging_mixin.py:104} INFO - [2021-03-15 17:27:37,338] {dagbag.py:448} INFO - Filling up the DagBag from /home/airflow/.local/lib/python3.6/site-packages/airflow/example_dags/example_skip_dag.py
[2021-03-15 17:27:37,363] {scheduler_job.py:639} INFO - DAG(s) dict_keys(['example_skip_dag']) retrieved from /home/airflow/.local/lib/python3.6/site-packages/airflow/example_dags/example_skip_dag.py
[2021-03-15 17:27:37,412] {logging_mixin.py:104} INFO - [2021-03-15 17:27:37,411] {dag.py:1818} INFO - Sync 1 DAGs
[2021-03-15 17:27:37,431] {logging_mixin.py:104} INFO - [2021-03-15 17:27:37,431] {dag.py:1837} INFO - Creating ORM DAG for example_skip_dag
[2021-03-15 17:27:37,445] {logging_mixin.py:104} INFO - [2021-03-15 17:27:37,445] {dag.py:2273} INFO - Setting next_dagrun for example_skip_dag to 2021-03-13 00:00:00+00:00
[2021-03-15 17:27:37,482] {scheduler_job.py:190} INFO - Processing /home/airflow/.local/lib/python3.6/site-packages/airflow/example_dags/example_skip_dag.py took 0.164 seconds
[2021-03-15 17:28:07,548] {scheduler_job.py:182} INFO - Started process (PID=69) to work on /home/airflow/.local/lib/python3.6/site-packages/airflow/example_dags/example_skip_dag.py
[2021-03-15 17:28:07,551] {scheduler_job.py:629} INFO - Processing file /home/airflow/.local/lib/python3.6/site-packages/airflow/example_dags/example_skip_dag.py for tasks to queue
[2021-03-15 17:28:07,553] {logging_mixin.py:104} INFO - [2021-03-15 17:28:07,553] {dagbag.py:448} INFO - Filling up the DagBag from /home/airflow/.local/lib/python3.6/site-packages/airflow/example_dags/example_skip_dag.py
[2021-03-15 17:28:07,566] {scheduler_job.py:639} INFO - DAG(s) dict_keys(['example_skip_dag']) retrieved from /home/airflow/.local/lib/python3.6/site-packages/airflow/example_dags/example_skip_dag.py
[2021-03-15 17:28:07,589] {logging_mixin.py:104} INFO - [2021-03-15 17:28:07,589] {dag.py:1818} INFO - Sync 1 DAGs
[2021-03-15 17:28:07,607] {logging_mixin.py:104} INFO - [2021-03-15 17:28:07,606] {dag.py:2273} INFO - Setting next_dagrun for example_skip_dag to 2021-03-13 00:00:00+00:00
[2021-03-15 17:28:07,616] {scheduler_job.py:190} INFO - Processing /home/airflow/.local/lib/python3.6/site-packages/airflow/example_dags/example_skip_dag.py took 0.072 seconds
[2021-03-15 17:28:38,029] {scheduler_job.py:182} INFO - Started process (PID=101) to work on /home/airflow/.local/lib/python3.6/site-packages/airflow/example_dags/example_skip_dag.py
[2021-03-15 17:28:38,031] {scheduler_job.py:629} INFO - Processing file /home/airflow/.local/lib/python3.6/site-packages/airflow/example_dags/example_skip_dag.py for tasks to queue
[2021-03-15 17:28:38,033] {logging_mixin.py:104} INFO - [2021-03-15 17:28:38,033] {dagbag.py:448} INFO - Filling up the DagBag from /home/airflow/.local/lib/python3.6/site-packages/airflow/example_dags/example_skip_dag.py
[2021-03-15 17:28:38,054] {scheduler_job.py:639} INFO - DAG(s) dict_keys(['example_skip_dag']) retrieved from /home/airflow/.local/lib/python3.6/site-packages/airflow/example_dags/example_skip_dag.py
[2021-03-15 17:28:38,086] {logging_mixin.py:104} INFO - [2021-03-15 17:28:38,085] {dag.py:1818} INFO - Sync 1 DAGs
[2021-03-15 17:28:38,110] {logging_mixin.py:104} INFO - [2021-03-15 17:28:38,110] {dag.py:2273} INFO - Setting next_dagrun for example_skip_dag to 2021-03-13 00:00:00+00:00
[2021-03-15 17:28:38,124] {scheduler_job.py:190} INFO - Processing /home/airflow/.local/lib/python3.6/site-packages/airflow/example_dags/example_skip_dag.py took 0.101 seconds
