[2021-03-15 17:27:38,373] {scheduler_job.py:182} INFO - Started process (PID=51) to work on /home/airflow/.local/lib/python3.6/site-packages/airflow/example_dags/example_external_task_marker_dag.py
[2021-03-15 17:27:38,375] {scheduler_job.py:629} INFO - Processing file /home/airflow/.local/lib/python3.6/site-packages/airflow/example_dags/example_external_task_marker_dag.py for tasks to queue
[2021-03-15 17:27:38,380] {logging_mixin.py:104} INFO - [2021-03-15 17:27:38,379] {dagbag.py:448} INFO - Filling up the DagBag from /home/airflow/.local/lib/python3.6/site-packages/airflow/example_dags/example_external_task_marker_dag.py
[2021-03-15 17:27:38,402] {scheduler_job.py:639} INFO - DAG(s) dict_keys(['example_external_task_marker_parent', 'example_external_task_marker_child']) retrieved from /home/airflow/.local/lib/python3.6/site-packages/airflow/example_dags/example_external_task_marker_dag.py
[2021-03-15 17:27:38,447] {logging_mixin.py:104} INFO - [2021-03-15 17:27:38,446] {dag.py:1818} INFO - Sync 2 DAGs
[2021-03-15 17:27:38,490] {logging_mixin.py:104} INFO - [2021-03-15 17:27:38,489] {dag.py:1837} INFO - Creating ORM DAG for example_external_task_marker_parent
[2021-03-15 17:27:38,492] {logging_mixin.py:104} INFO - [2021-03-15 17:27:38,492] {dag.py:1837} INFO - Creating ORM DAG for example_external_task_marker_child
[2021-03-15 17:27:38,510] {logging_mixin.py:104} INFO - [2021-03-15 17:27:38,510] {dag.py:2273} INFO - Setting next_dagrun for example_external_task_marker_child to None
[2021-03-15 17:27:38,512] {logging_mixin.py:104} INFO - [2021-03-15 17:27:38,512] {dag.py:2273} INFO - Setting next_dagrun for example_external_task_marker_parent to None
[2021-03-15 17:27:38,578] {scheduler_job.py:190} INFO - Processing /home/airflow/.local/lib/python3.6/site-packages/airflow/example_dags/example_external_task_marker_dag.py took 0.213 seconds
[2021-03-15 17:28:09,064] {scheduler_job.py:182} INFO - Started process (PID=78) to work on /home/airflow/.local/lib/python3.6/site-packages/airflow/example_dags/example_external_task_marker_dag.py
[2021-03-15 17:28:09,067] {scheduler_job.py:629} INFO - Processing file /home/airflow/.local/lib/python3.6/site-packages/airflow/example_dags/example_external_task_marker_dag.py for tasks to queue
[2021-03-15 17:28:09,068] {logging_mixin.py:104} INFO - [2021-03-15 17:28:09,068] {dagbag.py:448} INFO - Filling up the DagBag from /home/airflow/.local/lib/python3.6/site-packages/airflow/example_dags/example_external_task_marker_dag.py
[2021-03-15 17:28:09,083] {scheduler_job.py:639} INFO - DAG(s) dict_keys(['example_external_task_marker_parent', 'example_external_task_marker_child']) retrieved from /home/airflow/.local/lib/python3.6/site-packages/airflow/example_dags/example_external_task_marker_dag.py
[2021-03-15 17:28:09,115] {logging_mixin.py:104} INFO - [2021-03-15 17:28:09,114] {dag.py:1818} INFO - Sync 2 DAGs
[2021-03-15 17:28:09,133] {logging_mixin.py:104} INFO - [2021-03-15 17:28:09,133] {dag.py:2273} INFO - Setting next_dagrun for example_external_task_marker_child to None
[2021-03-15 17:28:09,135] {logging_mixin.py:104} INFO - [2021-03-15 17:28:09,135] {dag.py:2273} INFO - Setting next_dagrun for example_external_task_marker_parent to None
[2021-03-15 17:28:09,146] {scheduler_job.py:190} INFO - Processing /home/airflow/.local/lib/python3.6/site-packages/airflow/example_dags/example_external_task_marker_dag.py took 0.087 seconds
[2021-03-15 17:28:39,472] {scheduler_job.py:182} INFO - Started process (PID=110) to work on /home/airflow/.local/lib/python3.6/site-packages/airflow/example_dags/example_external_task_marker_dag.py
[2021-03-15 17:28:39,474] {scheduler_job.py:629} INFO - Processing file /home/airflow/.local/lib/python3.6/site-packages/airflow/example_dags/example_external_task_marker_dag.py for tasks to queue
[2021-03-15 17:28:39,475] {logging_mixin.py:104} INFO - [2021-03-15 17:28:39,475] {dagbag.py:448} INFO - Filling up the DagBag from /home/airflow/.local/lib/python3.6/site-packages/airflow/example_dags/example_external_task_marker_dag.py
[2021-03-15 17:28:39,488] {scheduler_job.py:639} INFO - DAG(s) dict_keys(['example_external_task_marker_parent', 'example_external_task_marker_child']) retrieved from /home/airflow/.local/lib/python3.6/site-packages/airflow/example_dags/example_external_task_marker_dag.py
[2021-03-15 17:28:39,514] {logging_mixin.py:104} INFO - [2021-03-15 17:28:39,514] {dag.py:1818} INFO - Sync 2 DAGs
[2021-03-15 17:28:39,530] {logging_mixin.py:104} INFO - [2021-03-15 17:28:39,530] {dag.py:2273} INFO - Setting next_dagrun for example_external_task_marker_child to None
[2021-03-15 17:28:39,531] {logging_mixin.py:104} INFO - [2021-03-15 17:28:39,531] {dag.py:2273} INFO - Setting next_dagrun for example_external_task_marker_parent to None
[2021-03-15 17:28:39,541] {scheduler_job.py:190} INFO - Processing /home/airflow/.local/lib/python3.6/site-packages/airflow/example_dags/example_external_task_marker_dag.py took 0.072 seconds
