[2021-03-15 17:27:35,910] {scheduler_job.py:182} INFO - Started process (PID=29) to work on /home/airflow/.local/lib/python3.6/site-packages/airflow/example_dags/example_latest_only.py
[2021-03-15 17:27:35,916] {scheduler_job.py:629} INFO - Processing file /home/airflow/.local/lib/python3.6/site-packages/airflow/example_dags/example_latest_only.py for tasks to queue
[2021-03-15 17:27:35,926] {logging_mixin.py:104} INFO - [2021-03-15 17:27:35,925] {dagbag.py:448} INFO - Filling up the DagBag from /home/airflow/.local/lib/python3.6/site-packages/airflow/example_dags/example_latest_only.py
[2021-03-15 17:27:35,970] {scheduler_job.py:639} INFO - DAG(s) dict_keys(['latest_only']) retrieved from /home/airflow/.local/lib/python3.6/site-packages/airflow/example_dags/example_latest_only.py
[2021-03-15 17:27:36,032] {logging_mixin.py:104} INFO - [2021-03-15 17:27:36,031] {dag.py:1818} INFO - Sync 1 DAGs
[2021-03-15 17:27:36,052] {logging_mixin.py:104} INFO - [2021-03-15 17:27:36,052] {dag.py:1837} INFO - Creating ORM DAG for latest_only
[2021-03-15 17:27:36,086] {logging_mixin.py:104} INFO - [2021-03-15 17:27:36,086] {dag.py:2273} INFO - Setting next_dagrun for latest_only to 2021-03-13 00:00:00+00:00
[2021-03-15 17:27:36,121] {scheduler_job.py:190} INFO - Processing /home/airflow/.local/lib/python3.6/site-packages/airflow/example_dags/example_latest_only.py took 0.238 seconds
[2021-03-15 17:28:06,850] {scheduler_job.py:182} INFO - Started process (PID=56) to work on /home/airflow/.local/lib/python3.6/site-packages/airflow/example_dags/example_latest_only.py
[2021-03-15 17:28:06,852] {scheduler_job.py:629} INFO - Processing file /home/airflow/.local/lib/python3.6/site-packages/airflow/example_dags/example_latest_only.py for tasks to queue
[2021-03-15 17:28:06,853] {logging_mixin.py:104} INFO - [2021-03-15 17:28:06,853] {dagbag.py:448} INFO - Filling up the DagBag from /home/airflow/.local/lib/python3.6/site-packages/airflow/example_dags/example_latest_only.py
[2021-03-15 17:28:06,864] {scheduler_job.py:639} INFO - DAG(s) dict_keys(['latest_only']) retrieved from /home/airflow/.local/lib/python3.6/site-packages/airflow/example_dags/example_latest_only.py
[2021-03-15 17:28:06,886] {logging_mixin.py:104} INFO - [2021-03-15 17:28:06,886] {dag.py:1818} INFO - Sync 1 DAGs
[2021-03-15 17:28:06,902] {logging_mixin.py:104} INFO - [2021-03-15 17:28:06,902] {dag.py:2273} INFO - Setting next_dagrun for latest_only to 2021-03-13 00:00:00+00:00
[2021-03-15 17:28:06,912] {scheduler_job.py:190} INFO - Processing /home/airflow/.local/lib/python3.6/site-packages/airflow/example_dags/example_latest_only.py took 0.066 seconds
[2021-03-15 17:28:37,214] {scheduler_job.py:182} INFO - Started process (PID=87) to work on /home/airflow/.local/lib/python3.6/site-packages/airflow/example_dags/example_latest_only.py
[2021-03-15 17:28:37,216] {scheduler_job.py:629} INFO - Processing file /home/airflow/.local/lib/python3.6/site-packages/airflow/example_dags/example_latest_only.py for tasks to queue
[2021-03-15 17:28:37,218] {logging_mixin.py:104} INFO - [2021-03-15 17:28:37,217] {dagbag.py:448} INFO - Filling up the DagBag from /home/airflow/.local/lib/python3.6/site-packages/airflow/example_dags/example_latest_only.py
[2021-03-15 17:28:37,230] {scheduler_job.py:639} INFO - DAG(s) dict_keys(['latest_only']) retrieved from /home/airflow/.local/lib/python3.6/site-packages/airflow/example_dags/example_latest_only.py
[2021-03-15 17:28:37,255] {logging_mixin.py:104} INFO - [2021-03-15 17:28:37,255] {dag.py:1818} INFO - Sync 1 DAGs
[2021-03-15 17:28:37,274] {logging_mixin.py:104} INFO - [2021-03-15 17:28:37,274] {dag.py:2273} INFO - Setting next_dagrun for latest_only to 2021-03-13 00:00:00+00:00
[2021-03-15 17:28:37,283] {scheduler_job.py:190} INFO - Processing /home/airflow/.local/lib/python3.6/site-packages/airflow/example_dags/example_latest_only.py took 0.074 seconds
