[2021-03-15 17:27:38,198] {scheduler_job.py:182} INFO - Started process (PID=50) to work on /home/airflow/.local/lib/python3.6/site-packages/airflow/example_dags/example_kubernetes_executor_config.py
[2021-03-15 17:27:38,204] {scheduler_job.py:629} INFO - Processing file /home/airflow/.local/lib/python3.6/site-packages/airflow/example_dags/example_kubernetes_executor_config.py for tasks to queue
[2021-03-15 17:27:38,209] {logging_mixin.py:104} INFO - [2021-03-15 17:27:38,208] {dagbag.py:448} INFO - Filling up the DagBag from /home/airflow/.local/lib/python3.6/site-packages/airflow/example_dags/example_kubernetes_executor_config.py
[2021-03-15 17:27:38,244] {scheduler_job.py:639} INFO - DAG(s) dict_keys(['example_kubernetes_executor_config']) retrieved from /home/airflow/.local/lib/python3.6/site-packages/airflow/example_dags/example_kubernetes_executor_config.py
[2021-03-15 17:27:38,305] {logging_mixin.py:104} INFO - [2021-03-15 17:27:38,304] {dag.py:1818} INFO - Sync 1 DAGs
[2021-03-15 17:27:38,337] {logging_mixin.py:104} INFO - [2021-03-15 17:27:38,337] {dag.py:1837} INFO - Creating ORM DAG for example_kubernetes_executor_config
[2021-03-15 17:27:38,348] {logging_mixin.py:104} INFO - [2021-03-15 17:27:38,348] {dag.py:2273} INFO - Setting next_dagrun for example_kubernetes_executor_config to None
[2021-03-15 17:27:38,377] {scheduler_job.py:190} INFO - Processing /home/airflow/.local/lib/python3.6/site-packages/airflow/example_dags/example_kubernetes_executor_config.py took 0.188 seconds
[2021-03-15 17:28:08,972] {scheduler_job.py:182} INFO - Started process (PID=77) to work on /home/airflow/.local/lib/python3.6/site-packages/airflow/example_dags/example_kubernetes_executor_config.py
[2021-03-15 17:28:08,974] {scheduler_job.py:629} INFO - Processing file /home/airflow/.local/lib/python3.6/site-packages/airflow/example_dags/example_kubernetes_executor_config.py for tasks to queue
[2021-03-15 17:28:08,976] {logging_mixin.py:104} INFO - [2021-03-15 17:28:08,976] {dagbag.py:448} INFO - Filling up the DagBag from /home/airflow/.local/lib/python3.6/site-packages/airflow/example_dags/example_kubernetes_executor_config.py
[2021-03-15 17:28:08,994] {scheduler_job.py:639} INFO - DAG(s) dict_keys(['example_kubernetes_executor_config']) retrieved from /home/airflow/.local/lib/python3.6/site-packages/airflow/example_dags/example_kubernetes_executor_config.py
[2021-03-15 17:28:09,024] {logging_mixin.py:104} INFO - [2021-03-15 17:28:09,024] {dag.py:1818} INFO - Sync 1 DAGs
[2021-03-15 17:28:09,045] {logging_mixin.py:104} INFO - [2021-03-15 17:28:09,045] {dag.py:2273} INFO - Setting next_dagrun for example_kubernetes_executor_config to None
[2021-03-15 17:28:09,059] {scheduler_job.py:190} INFO - Processing /home/airflow/.local/lib/python3.6/site-packages/airflow/example_dags/example_kubernetes_executor_config.py took 0.091 seconds
[2021-03-15 17:28:39,389] {scheduler_job.py:182} INFO - Started process (PID=109) to work on /home/airflow/.local/lib/python3.6/site-packages/airflow/example_dags/example_kubernetes_executor_config.py
[2021-03-15 17:28:39,391] {scheduler_job.py:629} INFO - Processing file /home/airflow/.local/lib/python3.6/site-packages/airflow/example_dags/example_kubernetes_executor_config.py for tasks to queue
[2021-03-15 17:28:39,392] {logging_mixin.py:104} INFO - [2021-03-15 17:28:39,392] {dagbag.py:448} INFO - Filling up the DagBag from /home/airflow/.local/lib/python3.6/site-packages/airflow/example_dags/example_kubernetes_executor_config.py
[2021-03-15 17:28:39,408] {scheduler_job.py:639} INFO - DAG(s) dict_keys(['example_kubernetes_executor_config']) retrieved from /home/airflow/.local/lib/python3.6/site-packages/airflow/example_dags/example_kubernetes_executor_config.py
[2021-03-15 17:28:39,432] {logging_mixin.py:104} INFO - [2021-03-15 17:28:39,432] {dag.py:1818} INFO - Sync 1 DAGs
[2021-03-15 17:28:39,448] {logging_mixin.py:104} INFO - [2021-03-15 17:28:39,448] {dag.py:2273} INFO - Setting next_dagrun for example_kubernetes_executor_config to None
[2021-03-15 17:28:39,458] {scheduler_job.py:190} INFO - Processing /home/airflow/.local/lib/python3.6/site-packages/airflow/example_dags/example_kubernetes_executor_config.py took 0.073 seconds
