[2021-03-15 17:27:37,264] {scheduler_job.py:182} INFO - Started process (PID=41) to work on /home/airflow/.local/lib/python3.6/site-packages/airflow/example_dags/example_kubernetes_executor.py
[2021-03-15 17:27:37,268] {scheduler_job.py:629} INFO - Processing file /home/airflow/.local/lib/python3.6/site-packages/airflow/example_dags/example_kubernetes_executor.py for tasks to queue
[2021-03-15 17:27:37,270] {logging_mixin.py:104} INFO - [2021-03-15 17:27:37,270] {dagbag.py:448} INFO - Filling up the DagBag from /home/airflow/.local/lib/python3.6/site-packages/airflow/example_dags/example_kubernetes_executor.py
[2021-03-15 17:27:37,307] {scheduler_job.py:639} INFO - DAG(s) dict_keys(['example_kubernetes_executor']) retrieved from /home/airflow/.local/lib/python3.6/site-packages/airflow/example_dags/example_kubernetes_executor.py
[2021-03-15 17:27:37,360] {logging_mixin.py:104} INFO - [2021-03-15 17:27:37,360] {dag.py:1818} INFO - Sync 1 DAGs
[2021-03-15 17:27:37,380] {logging_mixin.py:104} INFO - [2021-03-15 17:27:37,380] {dag.py:1837} INFO - Creating ORM DAG for example_kubernetes_executor
[2021-03-15 17:27:37,392] {logging_mixin.py:104} INFO - [2021-03-15 17:27:37,392] {dag.py:2273} INFO - Setting next_dagrun for example_kubernetes_executor to None
[2021-03-15 17:27:37,425] {scheduler_job.py:190} INFO - Processing /home/airflow/.local/lib/python3.6/site-packages/airflow/example_dags/example_kubernetes_executor.py took 0.166 seconds
[2021-03-15 17:28:07,467] {scheduler_job.py:182} INFO - Started process (PID=68) to work on /home/airflow/.local/lib/python3.6/site-packages/airflow/example_dags/example_kubernetes_executor.py
[2021-03-15 17:28:07,469] {scheduler_job.py:629} INFO - Processing file /home/airflow/.local/lib/python3.6/site-packages/airflow/example_dags/example_kubernetes_executor.py for tasks to queue
[2021-03-15 17:28:07,471] {logging_mixin.py:104} INFO - [2021-03-15 17:28:07,470] {dagbag.py:448} INFO - Filling up the DagBag from /home/airflow/.local/lib/python3.6/site-packages/airflow/example_dags/example_kubernetes_executor.py
[2021-03-15 17:28:07,491] {scheduler_job.py:639} INFO - DAG(s) dict_keys(['example_kubernetes_executor']) retrieved from /home/airflow/.local/lib/python3.6/site-packages/airflow/example_dags/example_kubernetes_executor.py
[2021-03-15 17:28:07,514] {logging_mixin.py:104} INFO - [2021-03-15 17:28:07,514] {dag.py:1818} INFO - Sync 1 DAGs
[2021-03-15 17:28:07,533] {logging_mixin.py:104} INFO - [2021-03-15 17:28:07,533] {dag.py:2273} INFO - Setting next_dagrun for example_kubernetes_executor to None
[2021-03-15 17:28:07,546] {scheduler_job.py:190} INFO - Processing /home/airflow/.local/lib/python3.6/site-packages/airflow/example_dags/example_kubernetes_executor.py took 0.084 seconds
[2021-03-15 17:28:37,579] {scheduler_job.py:182} INFO - Started process (PID=93) to work on /home/airflow/.local/lib/python3.6/site-packages/airflow/example_dags/example_kubernetes_executor.py
[2021-03-15 17:28:37,581] {scheduler_job.py:629} INFO - Processing file /home/airflow/.local/lib/python3.6/site-packages/airflow/example_dags/example_kubernetes_executor.py for tasks to queue
[2021-03-15 17:28:37,582] {logging_mixin.py:104} INFO - [2021-03-15 17:28:37,582] {dagbag.py:448} INFO - Filling up the DagBag from /home/airflow/.local/lib/python3.6/site-packages/airflow/example_dags/example_kubernetes_executor.py
[2021-03-15 17:28:37,598] {scheduler_job.py:639} INFO - DAG(s) dict_keys(['example_kubernetes_executor']) retrieved from /home/airflow/.local/lib/python3.6/site-packages/airflow/example_dags/example_kubernetes_executor.py
[2021-03-15 17:28:37,627] {logging_mixin.py:104} INFO - [2021-03-15 17:28:37,627] {dag.py:1818} INFO - Sync 1 DAGs
[2021-03-15 17:28:37,647] {logging_mixin.py:104} INFO - [2021-03-15 17:28:37,647] {dag.py:2273} INFO - Setting next_dagrun for example_kubernetes_executor to None
[2021-03-15 17:28:37,659] {scheduler_job.py:190} INFO - Processing /home/airflow/.local/lib/python3.6/site-packages/airflow/example_dags/example_kubernetes_executor.py took 0.084 seconds
