[2021-03-15 17:27:38,122] {scheduler_job.py:182} INFO - Started process (PID=49) to work on /home/airflow/.local/lib/python3.6/site-packages/airflow/example_dags/example_complex.py
[2021-03-15 17:27:38,130] {scheduler_job.py:629} INFO - Processing file /home/airflow/.local/lib/python3.6/site-packages/airflow/example_dags/example_complex.py for tasks to queue
[2021-03-15 17:27:38,132] {logging_mixin.py:104} INFO - [2021-03-15 17:27:38,132] {dagbag.py:448} INFO - Filling up the DagBag from /home/airflow/.local/lib/python3.6/site-packages/airflow/example_dags/example_complex.py
[2021-03-15 17:27:38,173] {scheduler_job.py:639} INFO - DAG(s) dict_keys(['example_complex']) retrieved from /home/airflow/.local/lib/python3.6/site-packages/airflow/example_dags/example_complex.py
[2021-03-15 17:27:38,251] {logging_mixin.py:104} INFO - [2021-03-15 17:27:38,251] {dag.py:1818} INFO - Sync 1 DAGs
[2021-03-15 17:27:38,271] {logging_mixin.py:104} INFO - [2021-03-15 17:27:38,271] {dag.py:1837} INFO - Creating ORM DAG for example_complex
[2021-03-15 17:27:38,281] {logging_mixin.py:104} INFO - [2021-03-15 17:27:38,281] {dag.py:2273} INFO - Setting next_dagrun for example_complex to None
[2021-03-15 17:27:38,328] {scheduler_job.py:190} INFO - Processing /home/airflow/.local/lib/python3.6/site-packages/airflow/example_dags/example_complex.py took 0.212 seconds
[2021-03-15 17:28:08,939] {scheduler_job.py:182} INFO - Started process (PID=76) to work on /home/airflow/.local/lib/python3.6/site-packages/airflow/example_dags/example_complex.py
[2021-03-15 17:28:08,941] {scheduler_job.py:629} INFO - Processing file /home/airflow/.local/lib/python3.6/site-packages/airflow/example_dags/example_complex.py for tasks to queue
[2021-03-15 17:28:08,943] {logging_mixin.py:104} INFO - [2021-03-15 17:28:08,943] {dagbag.py:448} INFO - Filling up the DagBag from /home/airflow/.local/lib/python3.6/site-packages/airflow/example_dags/example_complex.py
[2021-03-15 17:28:08,971] {scheduler_job.py:639} INFO - DAG(s) dict_keys(['example_complex']) retrieved from /home/airflow/.local/lib/python3.6/site-packages/airflow/example_dags/example_complex.py
[2021-03-15 17:28:09,005] {logging_mixin.py:104} INFO - [2021-03-15 17:28:09,005] {dag.py:1818} INFO - Sync 1 DAGs
[2021-03-15 17:28:09,026] {logging_mixin.py:104} INFO - [2021-03-15 17:28:09,026] {dag.py:2273} INFO - Setting next_dagrun for example_complex to None
[2021-03-15 17:28:09,038] {scheduler_job.py:190} INFO - Processing /home/airflow/.local/lib/python3.6/site-packages/airflow/example_dags/example_complex.py took 0.103 seconds
[2021-03-15 17:28:39,371] {scheduler_job.py:182} INFO - Started process (PID=108) to work on /home/airflow/.local/lib/python3.6/site-packages/airflow/example_dags/example_complex.py
[2021-03-15 17:28:39,373] {scheduler_job.py:629} INFO - Processing file /home/airflow/.local/lib/python3.6/site-packages/airflow/example_dags/example_complex.py for tasks to queue
[2021-03-15 17:28:39,375] {logging_mixin.py:104} INFO - [2021-03-15 17:28:39,375] {dagbag.py:448} INFO - Filling up the DagBag from /home/airflow/.local/lib/python3.6/site-packages/airflow/example_dags/example_complex.py
[2021-03-15 17:28:39,396] {scheduler_job.py:639} INFO - DAG(s) dict_keys(['example_complex']) retrieved from /home/airflow/.local/lib/python3.6/site-packages/airflow/example_dags/example_complex.py
[2021-03-15 17:28:39,423] {logging_mixin.py:104} INFO - [2021-03-15 17:28:39,423] {dag.py:1818} INFO - Sync 1 DAGs
[2021-03-15 17:28:39,440] {logging_mixin.py:104} INFO - [2021-03-15 17:28:39,439] {dag.py:2273} INFO - Setting next_dagrun for example_complex to None
[2021-03-15 17:28:39,449] {scheduler_job.py:190} INFO - Processing /home/airflow/.local/lib/python3.6/site-packages/airflow/example_dags/example_complex.py took 0.082 seconds
