[2021-03-15 17:27:36,200] {scheduler_job.py:182} INFO - Started process (PID=32) to work on /home/airflow/.local/lib/python3.6/site-packages/airflow/example_dags/example_xcom.py
[2021-03-15 17:27:36,203] {scheduler_job.py:629} INFO - Processing file /home/airflow/.local/lib/python3.6/site-packages/airflow/example_dags/example_xcom.py for tasks to queue
[2021-03-15 17:27:36,205] {logging_mixin.py:104} INFO - [2021-03-15 17:27:36,205] {dagbag.py:448} INFO - Filling up the DagBag from /home/airflow/.local/lib/python3.6/site-packages/airflow/example_dags/example_xcom.py
[2021-03-15 17:27:36,229] {scheduler_job.py:639} INFO - DAG(s) dict_keys(['example_xcom']) retrieved from /home/airflow/.local/lib/python3.6/site-packages/airflow/example_dags/example_xcom.py
[2021-03-15 17:27:36,284] {logging_mixin.py:104} INFO - [2021-03-15 17:27:36,284] {dag.py:1818} INFO - Sync 1 DAGs
[2021-03-15 17:27:36,315] {logging_mixin.py:104} INFO - [2021-03-15 17:27:36,314] {dag.py:1837} INFO - Creating ORM DAG for example_xcom
[2021-03-15 17:27:36,324] {logging_mixin.py:104} INFO - [2021-03-15 17:27:36,324] {dag.py:2273} INFO - Setting next_dagrun for example_xcom to 2021-03-13 00:00:00+00:00
[2021-03-15 17:27:36,347] {scheduler_job.py:190} INFO - Processing /home/airflow/.local/lib/python3.6/site-packages/airflow/example_dags/example_xcom.py took 0.151 seconds
[2021-03-15 17:28:07,026] {scheduler_job.py:182} INFO - Started process (PID=59) to work on /home/airflow/.local/lib/python3.6/site-packages/airflow/example_dags/example_xcom.py
[2021-03-15 17:28:07,029] {scheduler_job.py:629} INFO - Processing file /home/airflow/.local/lib/python3.6/site-packages/airflow/example_dags/example_xcom.py for tasks to queue
[2021-03-15 17:28:07,030] {logging_mixin.py:104} INFO - [2021-03-15 17:28:07,030] {dagbag.py:448} INFO - Filling up the DagBag from /home/airflow/.local/lib/python3.6/site-packages/airflow/example_dags/example_xcom.py
[2021-03-15 17:28:07,045] {scheduler_job.py:639} INFO - DAG(s) dict_keys(['example_xcom']) retrieved from /home/airflow/.local/lib/python3.6/site-packages/airflow/example_dags/example_xcom.py
[2021-03-15 17:28:07,070] {logging_mixin.py:104} INFO - [2021-03-15 17:28:07,070] {dag.py:1818} INFO - Sync 1 DAGs
[2021-03-15 17:28:07,087] {logging_mixin.py:104} INFO - [2021-03-15 17:28:07,087] {dag.py:2273} INFO - Setting next_dagrun for example_xcom to 2021-03-13 00:00:00+00:00
[2021-03-15 17:28:07,096] {scheduler_job.py:190} INFO - Processing /home/airflow/.local/lib/python3.6/site-packages/airflow/example_dags/example_xcom.py took 0.075 seconds
[2021-03-15 17:28:37,401] {scheduler_job.py:182} INFO - Started process (PID=90) to work on /home/airflow/.local/lib/python3.6/site-packages/airflow/example_dags/example_xcom.py
[2021-03-15 17:28:37,403] {scheduler_job.py:629} INFO - Processing file /home/airflow/.local/lib/python3.6/site-packages/airflow/example_dags/example_xcom.py for tasks to queue
[2021-03-15 17:28:37,404] {logging_mixin.py:104} INFO - [2021-03-15 17:28:37,404] {dagbag.py:448} INFO - Filling up the DagBag from /home/airflow/.local/lib/python3.6/site-packages/airflow/example_dags/example_xcom.py
[2021-03-15 17:28:37,418] {scheduler_job.py:639} INFO - DAG(s) dict_keys(['example_xcom']) retrieved from /home/airflow/.local/lib/python3.6/site-packages/airflow/example_dags/example_xcom.py
[2021-03-15 17:28:37,441] {logging_mixin.py:104} INFO - [2021-03-15 17:28:37,441] {dag.py:1818} INFO - Sync 1 DAGs
[2021-03-15 17:28:37,459] {logging_mixin.py:104} INFO - [2021-03-15 17:28:37,459] {dag.py:2273} INFO - Setting next_dagrun for example_xcom to 2021-03-13 00:00:00+00:00
[2021-03-15 17:28:37,469] {scheduler_job.py:190} INFO - Processing /home/airflow/.local/lib/python3.6/site-packages/airflow/example_dags/example_xcom.py took 0.073 seconds
