[2021-03-15 17:27:36,385] {scheduler_job.py:182} INFO - Started process (PID=34) to work on /home/airflow/.local/lib/python3.6/site-packages/airflow/example_dags/example_subdag_operator.py
[2021-03-15 17:27:36,387] {scheduler_job.py:629} INFO - Processing file /home/airflow/.local/lib/python3.6/site-packages/airflow/example_dags/example_subdag_operator.py for tasks to queue
[2021-03-15 17:27:36,389] {logging_mixin.py:104} INFO - [2021-03-15 17:27:36,389] {dagbag.py:448} INFO - Filling up the DagBag from /home/airflow/.local/lib/python3.6/site-packages/airflow/example_dags/example_subdag_operator.py
[2021-03-15 17:27:36,460] {scheduler_job.py:639} INFO - DAG(s) dict_keys(['example_subdag_operator.section-1', 'example_subdag_operator.section-2', 'example_subdag_operator']) retrieved from /home/airflow/.local/lib/python3.6/site-packages/airflow/example_dags/example_subdag_operator.py
[2021-03-15 17:27:36,486] {logging_mixin.py:104} INFO - [2021-03-15 17:27:36,485] {dag.py:1818} INFO - Sync 3 DAGs
[2021-03-15 17:27:36,507] {logging_mixin.py:104} INFO - [2021-03-15 17:27:36,507] {dag.py:1837} INFO - Creating ORM DAG for example_subdag_operator
[2021-03-15 17:27:36,510] {logging_mixin.py:104} INFO - [2021-03-15 17:27:36,510] {dag.py:1837} INFO - Creating ORM DAG for example_subdag_operator.section-1
[2021-03-15 17:27:36,512] {logging_mixin.py:104} INFO - [2021-03-15 17:27:36,512] {dag.py:1837} INFO - Creating ORM DAG for example_subdag_operator.section-2
[2021-03-15 17:27:36,521] {logging_mixin.py:104} INFO - [2021-03-15 17:27:36,521] {dag.py:2273} INFO - Setting next_dagrun for example_subdag_operator to 2021-03-13 00:00:00+00:00
[2021-03-15 17:27:36,523] {logging_mixin.py:104} INFO - [2021-03-15 17:27:36,523] {dag.py:2273} INFO - Setting next_dagrun for example_subdag_operator.section-1 to None
[2021-03-15 17:27:36,524] {logging_mixin.py:104} INFO - [2021-03-15 17:27:36,524] {dag.py:2273} INFO - Setting next_dagrun for example_subdag_operator.section-2 to None
[2021-03-15 17:27:36,543] {logging_mixin.py:104} INFO - [2021-03-15 17:27:36,543] {dag.py:1818} INFO - Sync 2 DAGs
[2021-03-15 17:27:36,560] {logging_mixin.py:104} INFO - [2021-03-15 17:27:36,560] {dag.py:2273} INFO - Setting next_dagrun for example_subdag_operator.section-1 to None
[2021-03-15 17:27:36,562] {logging_mixin.py:104} INFO - [2021-03-15 17:27:36,561] {dag.py:2273} INFO - Setting next_dagrun for example_subdag_operator.section-2 to None
[2021-03-15 17:27:36,579] {scheduler_job.py:190} INFO - Processing /home/airflow/.local/lib/python3.6/site-packages/airflow/example_dags/example_subdag_operator.py took 0.199 seconds
[2021-03-15 17:28:07,123] {scheduler_job.py:182} INFO - Started process (PID=61) to work on /home/airflow/.local/lib/python3.6/site-packages/airflow/example_dags/example_subdag_operator.py
[2021-03-15 17:28:07,125] {scheduler_job.py:629} INFO - Processing file /home/airflow/.local/lib/python3.6/site-packages/airflow/example_dags/example_subdag_operator.py for tasks to queue
[2021-03-15 17:28:07,126] {logging_mixin.py:104} INFO - [2021-03-15 17:28:07,126] {dagbag.py:448} INFO - Filling up the DagBag from /home/airflow/.local/lib/python3.6/site-packages/airflow/example_dags/example_subdag_operator.py
[2021-03-15 17:28:07,158] {scheduler_job.py:639} INFO - DAG(s) dict_keys(['example_subdag_operator.section-1', 'example_subdag_operator.section-2', 'example_subdag_operator']) retrieved from /home/airflow/.local/lib/python3.6/site-packages/airflow/example_dags/example_subdag_operator.py
[2021-03-15 17:28:07,170] {logging_mixin.py:104} INFO - [2021-03-15 17:28:07,170] {dag.py:1818} INFO - Sync 3 DAGs
[2021-03-15 17:28:07,188] {logging_mixin.py:104} INFO - [2021-03-15 17:28:07,187] {dag.py:2273} INFO - Setting next_dagrun for example_subdag_operator to 2021-03-13 00:00:00+00:00
[2021-03-15 17:28:07,189] {logging_mixin.py:104} INFO - [2021-03-15 17:28:07,189] {dag.py:2273} INFO - Setting next_dagrun for example_subdag_operator.section-1 to None
[2021-03-15 17:28:07,190] {logging_mixin.py:104} INFO - [2021-03-15 17:28:07,190] {dag.py:2273} INFO - Setting next_dagrun for example_subdag_operator.section-2 to None
[2021-03-15 17:28:07,197] {logging_mixin.py:104} INFO - [2021-03-15 17:28:07,197] {dag.py:1818} INFO - Sync 2 DAGs
[2021-03-15 17:28:07,206] {logging_mixin.py:104} INFO - [2021-03-15 17:28:07,206] {dag.py:2273} INFO - Setting next_dagrun for example_subdag_operator.section-1 to None
[2021-03-15 17:28:07,207] {logging_mixin.py:104} INFO - [2021-03-15 17:28:07,207] {dag.py:2273} INFO - Setting next_dagrun for example_subdag_operator.section-2 to None
[2021-03-15 17:28:07,214] {scheduler_job.py:190} INFO - Processing /home/airflow/.local/lib/python3.6/site-packages/airflow/example_dags/example_subdag_operator.py took 0.096 seconds
[2021-03-15 17:28:37,723] {scheduler_job.py:182} INFO - Started process (PID=96) to work on /home/airflow/.local/lib/python3.6/site-packages/airflow/example_dags/example_subdag_operator.py
[2021-03-15 17:28:37,726] {scheduler_job.py:629} INFO - Processing file /home/airflow/.local/lib/python3.6/site-packages/airflow/example_dags/example_subdag_operator.py for tasks to queue
[2021-03-15 17:28:37,727] {logging_mixin.py:104} INFO - [2021-03-15 17:28:37,727] {dagbag.py:448} INFO - Filling up the DagBag from /home/airflow/.local/lib/python3.6/site-packages/airflow/example_dags/example_subdag_operator.py
[2021-03-15 17:28:37,763] {scheduler_job.py:639} INFO - DAG(s) dict_keys(['example_subdag_operator.section-1', 'example_subdag_operator.section-2', 'example_subdag_operator']) retrieved from /home/airflow/.local/lib/python3.6/site-packages/airflow/example_dags/example_subdag_operator.py
[2021-03-15 17:28:37,779] {logging_mixin.py:104} INFO - [2021-03-15 17:28:37,779] {dag.py:1818} INFO - Sync 3 DAGs
[2021-03-15 17:28:37,803] {logging_mixin.py:104} INFO - [2021-03-15 17:28:37,803] {dag.py:2273} INFO - Setting next_dagrun for example_subdag_operator to 2021-03-13 00:00:00+00:00
[2021-03-15 17:28:37,805] {logging_mixin.py:104} INFO - [2021-03-15 17:28:37,805] {dag.py:2273} INFO - Setting next_dagrun for example_subdag_operator.section-1 to None
[2021-03-15 17:28:37,806] {logging_mixin.py:104} INFO - [2021-03-15 17:28:37,806] {dag.py:2273} INFO - Setting next_dagrun for example_subdag_operator.section-2 to None
[2021-03-15 17:28:37,814] {logging_mixin.py:104} INFO - [2021-03-15 17:28:37,814] {dag.py:1818} INFO - Sync 2 DAGs
[2021-03-15 17:28:37,824] {logging_mixin.py:104} INFO - [2021-03-15 17:28:37,823] {dag.py:2273} INFO - Setting next_dagrun for example_subdag_operator.section-1 to None
[2021-03-15 17:28:37,824] {logging_mixin.py:104} INFO - [2021-03-15 17:28:37,824] {dag.py:2273} INFO - Setting next_dagrun for example_subdag_operator.section-2 to None
[2021-03-15 17:28:37,832] {scheduler_job.py:190} INFO - Processing /home/airflow/.local/lib/python3.6/site-packages/airflow/example_dags/example_subdag_operator.py took 0.113 seconds
