[2021-03-15 17:27:37,480] {scheduler_job.py:182} INFO - Started process (PID=43) to work on /home/airflow/.local/lib/python3.6/site-packages/airflow/example_dags/example_nested_branch_dag.py
[2021-03-15 17:27:37,483] {scheduler_job.py:629} INFO - Processing file /home/airflow/.local/lib/python3.6/site-packages/airflow/example_dags/example_nested_branch_dag.py for tasks to queue
[2021-03-15 17:27:37,485] {logging_mixin.py:104} INFO - [2021-03-15 17:27:37,485] {dagbag.py:448} INFO - Filling up the DagBag from /home/airflow/.local/lib/python3.6/site-packages/airflow/example_dags/example_nested_branch_dag.py
[2021-03-15 17:27:37,530] {scheduler_job.py:639} INFO - DAG(s) dict_keys(['example_nested_branch_dag']) retrieved from /home/airflow/.local/lib/python3.6/site-packages/airflow/example_dags/example_nested_branch_dag.py
[2021-03-15 17:27:37,587] {logging_mixin.py:104} INFO - [2021-03-15 17:27:37,586] {dag.py:1818} INFO - Sync 1 DAGs
[2021-03-15 17:27:37,615] {logging_mixin.py:104} INFO - [2021-03-15 17:27:37,615] {dag.py:1837} INFO - Creating ORM DAG for example_nested_branch_dag
[2021-03-15 17:27:37,675] {logging_mixin.py:104} INFO - [2021-03-15 17:27:37,675] {dag.py:2273} INFO - Setting next_dagrun for example_nested_branch_dag to 2021-03-13 00:00:00+00:00
[2021-03-15 17:27:37,707] {scheduler_job.py:190} INFO - Processing /home/airflow/.local/lib/python3.6/site-packages/airflow/example_dags/example_nested_branch_dag.py took 0.235 seconds
[2021-03-15 17:28:08,573] {scheduler_job.py:182} INFO - Started process (PID=70) to work on /home/airflow/.local/lib/python3.6/site-packages/airflow/example_dags/example_nested_branch_dag.py
[2021-03-15 17:28:08,575] {scheduler_job.py:629} INFO - Processing file /home/airflow/.local/lib/python3.6/site-packages/airflow/example_dags/example_nested_branch_dag.py for tasks to queue
[2021-03-15 17:28:08,577] {logging_mixin.py:104} INFO - [2021-03-15 17:28:08,577] {dagbag.py:448} INFO - Filling up the DagBag from /home/airflow/.local/lib/python3.6/site-packages/airflow/example_dags/example_nested_branch_dag.py
[2021-03-15 17:28:08,601] {scheduler_job.py:639} INFO - DAG(s) dict_keys(['example_nested_branch_dag']) retrieved from /home/airflow/.local/lib/python3.6/site-packages/airflow/example_dags/example_nested_branch_dag.py
[2021-03-15 17:28:08,632] {logging_mixin.py:104} INFO - [2021-03-15 17:28:08,632] {dag.py:1818} INFO - Sync 1 DAGs
[2021-03-15 17:28:08,662] {logging_mixin.py:104} INFO - [2021-03-15 17:28:08,662] {dag.py:2273} INFO - Setting next_dagrun for example_nested_branch_dag to 2021-03-13 00:00:00+00:00
[2021-03-15 17:28:08,675] {scheduler_job.py:190} INFO - Processing /home/airflow/.local/lib/python3.6/site-packages/airflow/example_dags/example_nested_branch_dag.py took 0.106 seconds
[2021-03-15 17:28:39,069] {scheduler_job.py:182} INFO - Started process (PID=102) to work on /home/airflow/.local/lib/python3.6/site-packages/airflow/example_dags/example_nested_branch_dag.py
[2021-03-15 17:28:39,071] {scheduler_job.py:629} INFO - Processing file /home/airflow/.local/lib/python3.6/site-packages/airflow/example_dags/example_nested_branch_dag.py for tasks to queue
[2021-03-15 17:28:39,073] {logging_mixin.py:104} INFO - [2021-03-15 17:28:39,073] {dagbag.py:448} INFO - Filling up the DagBag from /home/airflow/.local/lib/python3.6/site-packages/airflow/example_dags/example_nested_branch_dag.py
[2021-03-15 17:28:39,092] {scheduler_job.py:639} INFO - DAG(s) dict_keys(['example_nested_branch_dag']) retrieved from /home/airflow/.local/lib/python3.6/site-packages/airflow/example_dags/example_nested_branch_dag.py
[2021-03-15 17:28:39,123] {logging_mixin.py:104} INFO - [2021-03-15 17:28:39,122] {dag.py:1818} INFO - Sync 1 DAGs
[2021-03-15 17:28:39,153] {logging_mixin.py:104} INFO - [2021-03-15 17:28:39,153] {dag.py:2273} INFO - Setting next_dagrun for example_nested_branch_dag to 2021-03-13 00:00:00+00:00
[2021-03-15 17:28:39,166] {scheduler_job.py:190} INFO - Processing /home/airflow/.local/lib/python3.6/site-packages/airflow/example_dags/example_nested_branch_dag.py took 0.100 seconds
