[2021-03-15 17:27:35,347] {scheduler_job.py:182} INFO - Started process (PID=25) to work on /home/airflow/.local/lib/python3.6/site-packages/airflow/example_dags/example_trigger_controller_dag.py
[2021-03-15 17:27:35,362] {scheduler_job.py:629} INFO - Processing file /home/airflow/.local/lib/python3.6/site-packages/airflow/example_dags/example_trigger_controller_dag.py for tasks to queue
[2021-03-15 17:27:35,365] {logging_mixin.py:104} INFO - [2021-03-15 17:27:35,365] {dagbag.py:448} INFO - Filling up the DagBag from /home/airflow/.local/lib/python3.6/site-packages/airflow/example_dags/example_trigger_controller_dag.py
[2021-03-15 17:27:35,439] {scheduler_job.py:639} INFO - DAG(s) dict_keys(['example_trigger_controller_dag']) retrieved from /home/airflow/.local/lib/python3.6/site-packages/airflow/example_dags/example_trigger_controller_dag.py
[2021-03-15 17:27:35,502] {logging_mixin.py:104} INFO - [2021-03-15 17:27:35,502] {dag.py:1818} INFO - Sync 1 DAGs
[2021-03-15 17:27:35,527] {logging_mixin.py:104} INFO - [2021-03-15 17:27:35,527] {dag.py:1837} INFO - Creating ORM DAG for example_trigger_controller_dag
[2021-03-15 17:27:35,551] {logging_mixin.py:104} INFO - [2021-03-15 17:27:35,551] {dag.py:2273} INFO - Setting next_dagrun for example_trigger_controller_dag to 2021-03-13 00:00:00+00:00
[2021-03-15 17:27:35,585] {scheduler_job.py:190} INFO - Processing /home/airflow/.local/lib/python3.6/site-packages/airflow/example_dags/example_trigger_controller_dag.py took 0.241 seconds
[2021-03-15 17:28:05,654] {scheduler_job.py:182} INFO - Started process (PID=52) to work on /home/airflow/.local/lib/python3.6/site-packages/airflow/example_dags/example_trigger_controller_dag.py
[2021-03-15 17:28:05,657] {scheduler_job.py:629} INFO - Processing file /home/airflow/.local/lib/python3.6/site-packages/airflow/example_dags/example_trigger_controller_dag.py for tasks to queue
[2021-03-15 17:28:05,658] {logging_mixin.py:104} INFO - [2021-03-15 17:28:05,658] {dagbag.py:448} INFO - Filling up the DagBag from /home/airflow/.local/lib/python3.6/site-packages/airflow/example_dags/example_trigger_controller_dag.py
[2021-03-15 17:28:05,671] {scheduler_job.py:639} INFO - DAG(s) dict_keys(['example_trigger_controller_dag']) retrieved from /home/airflow/.local/lib/python3.6/site-packages/airflow/example_dags/example_trigger_controller_dag.py
[2021-03-15 17:28:05,699] {logging_mixin.py:104} INFO - [2021-03-15 17:28:05,699] {dag.py:1818} INFO - Sync 1 DAGs
[2021-03-15 17:28:05,722] {logging_mixin.py:104} INFO - [2021-03-15 17:28:05,722] {dag.py:2273} INFO - Setting next_dagrun for example_trigger_controller_dag to 2021-03-13 00:00:00+00:00
[2021-03-15 17:28:05,734] {scheduler_job.py:190} INFO - Processing /home/airflow/.local/lib/python3.6/site-packages/airflow/example_dags/example_trigger_controller_dag.py took 0.084 seconds
[2021-03-15 17:28:36,180] {scheduler_job.py:182} INFO - Started process (PID=84) to work on /home/airflow/.local/lib/python3.6/site-packages/airflow/example_dags/example_trigger_controller_dag.py
[2021-03-15 17:28:36,183] {scheduler_job.py:629} INFO - Processing file /home/airflow/.local/lib/python3.6/site-packages/airflow/example_dags/example_trigger_controller_dag.py for tasks to queue
[2021-03-15 17:28:36,184] {logging_mixin.py:104} INFO - [2021-03-15 17:28:36,184] {dagbag.py:448} INFO - Filling up the DagBag from /home/airflow/.local/lib/python3.6/site-packages/airflow/example_dags/example_trigger_controller_dag.py
[2021-03-15 17:28:36,196] {scheduler_job.py:639} INFO - DAG(s) dict_keys(['example_trigger_controller_dag']) retrieved from /home/airflow/.local/lib/python3.6/site-packages/airflow/example_dags/example_trigger_controller_dag.py
[2021-03-15 17:28:36,219] {logging_mixin.py:104} INFO - [2021-03-15 17:28:36,219] {dag.py:1818} INFO - Sync 1 DAGs
[2021-03-15 17:28:36,238] {logging_mixin.py:104} INFO - [2021-03-15 17:28:36,238] {dag.py:2273} INFO - Setting next_dagrun for example_trigger_controller_dag to 2021-03-13 00:00:00+00:00
[2021-03-15 17:28:36,247] {scheduler_job.py:190} INFO - Processing /home/airflow/.local/lib/python3.6/site-packages/airflow/example_dags/example_trigger_controller_dag.py took 0.071 seconds
