[2021-03-15 17:27:36,930] {scheduler_job.py:182} INFO - Started process (PID=38) to work on /home/airflow/.local/lib/python3.6/site-packages/airflow/example_dags/example_xcomargs.py
[2021-03-15 17:27:36,933] {scheduler_job.py:629} INFO - Processing file /home/airflow/.local/lib/python3.6/site-packages/airflow/example_dags/example_xcomargs.py for tasks to queue
[2021-03-15 17:27:36,934] {logging_mixin.py:104} INFO - [2021-03-15 17:27:36,934] {dagbag.py:448} INFO - Filling up the DagBag from /home/airflow/.local/lib/python3.6/site-packages/airflow/example_dags/example_xcomargs.py
[2021-03-15 17:27:36,954] {scheduler_job.py:639} INFO - DAG(s) dict_keys(['example_xcom_args', 'example_xcom_args_with_operators']) retrieved from /home/airflow/.local/lib/python3.6/site-packages/airflow/example_dags/example_xcomargs.py
[2021-03-15 17:27:37,018] {logging_mixin.py:104} INFO - [2021-03-15 17:27:37,017] {dag.py:1818} INFO - Sync 2 DAGs
[2021-03-15 17:27:37,047] {logging_mixin.py:104} INFO - [2021-03-15 17:27:37,047] {dag.py:1837} INFO - Creating ORM DAG for example_xcom_args
[2021-03-15 17:27:37,048] {logging_mixin.py:104} INFO - [2021-03-15 17:27:37,048] {dag.py:1837} INFO - Creating ORM DAG for example_xcom_args_with_operators
[2021-03-15 17:27:37,058] {logging_mixin.py:104} INFO - [2021-03-15 17:27:37,058] {dag.py:2273} INFO - Setting next_dagrun for example_xcom_args to None
[2021-03-15 17:27:37,059] {logging_mixin.py:104} INFO - [2021-03-15 17:27:37,059] {dag.py:2273} INFO - Setting next_dagrun for example_xcom_args_with_operators to None
[2021-03-15 17:27:37,086] {scheduler_job.py:190} INFO - Processing /home/airflow/.local/lib/python3.6/site-packages/airflow/example_dags/example_xcomargs.py took 0.161 seconds
[2021-03-15 17:28:07,344] {scheduler_job.py:182} INFO - Started process (PID=65) to work on /home/airflow/.local/lib/python3.6/site-packages/airflow/example_dags/example_xcomargs.py
[2021-03-15 17:28:07,346] {scheduler_job.py:629} INFO - Processing file /home/airflow/.local/lib/python3.6/site-packages/airflow/example_dags/example_xcomargs.py for tasks to queue
[2021-03-15 17:28:07,348] {logging_mixin.py:104} INFO - [2021-03-15 17:28:07,348] {dagbag.py:448} INFO - Filling up the DagBag from /home/airflow/.local/lib/python3.6/site-packages/airflow/example_dags/example_xcomargs.py
[2021-03-15 17:28:07,368] {scheduler_job.py:639} INFO - DAG(s) dict_keys(['example_xcom_args', 'example_xcom_args_with_operators']) retrieved from /home/airflow/.local/lib/python3.6/site-packages/airflow/example_dags/example_xcomargs.py
[2021-03-15 17:28:07,396] {logging_mixin.py:104} INFO - [2021-03-15 17:28:07,396] {dag.py:1818} INFO - Sync 2 DAGs
[2021-03-15 17:28:07,413] {logging_mixin.py:104} INFO - [2021-03-15 17:28:07,413] {dag.py:2273} INFO - Setting next_dagrun for example_xcom_args to None
[2021-03-15 17:28:07,414] {logging_mixin.py:104} INFO - [2021-03-15 17:28:07,414] {dag.py:2273} INFO - Setting next_dagrun for example_xcom_args_with_operators to None
[2021-03-15 17:28:07,434] {scheduler_job.py:190} INFO - Processing /home/airflow/.local/lib/python3.6/site-packages/airflow/example_dags/example_xcomargs.py took 0.095 seconds
[2021-03-15 17:28:37,916] {scheduler_job.py:182} INFO - Started process (PID=99) to work on /home/airflow/.local/lib/python3.6/site-packages/airflow/example_dags/example_xcomargs.py
[2021-03-15 17:28:37,918] {scheduler_job.py:629} INFO - Processing file /home/airflow/.local/lib/python3.6/site-packages/airflow/example_dags/example_xcomargs.py for tasks to queue
[2021-03-15 17:28:37,919] {logging_mixin.py:104} INFO - [2021-03-15 17:28:37,919] {dagbag.py:448} INFO - Filling up the DagBag from /home/airflow/.local/lib/python3.6/site-packages/airflow/example_dags/example_xcomargs.py
[2021-03-15 17:28:37,937] {scheduler_job.py:639} INFO - DAG(s) dict_keys(['example_xcom_args', 'example_xcom_args_with_operators']) retrieved from /home/airflow/.local/lib/python3.6/site-packages/airflow/example_dags/example_xcomargs.py
[2021-03-15 17:28:37,970] {logging_mixin.py:104} INFO - [2021-03-15 17:28:37,970] {dag.py:1818} INFO - Sync 2 DAGs
[2021-03-15 17:28:37,990] {logging_mixin.py:104} INFO - [2021-03-15 17:28:37,990] {dag.py:2273} INFO - Setting next_dagrun for example_xcom_args to None
[2021-03-15 17:28:37,992] {logging_mixin.py:104} INFO - [2021-03-15 17:28:37,992] {dag.py:2273} INFO - Setting next_dagrun for example_xcom_args_with_operators to None
[2021-03-15 17:28:38,003] {scheduler_job.py:190} INFO - Processing /home/airflow/.local/lib/python3.6/site-packages/airflow/example_dags/example_xcomargs.py took 0.092 seconds
