[2021-03-15 17:27:36,167] {scheduler_job.py:182} INFO - Started process (PID=31) to work on /home/airflow/.local/lib/python3.6/site-packages/airflow/example_dags/example_task_group.py
[2021-03-15 17:27:36,169] {scheduler_job.py:629} INFO - Processing file /home/airflow/.local/lib/python3.6/site-packages/airflow/example_dags/example_task_group.py for tasks to queue
[2021-03-15 17:27:36,172] {logging_mixin.py:104} INFO - [2021-03-15 17:27:36,172] {dagbag.py:448} INFO - Filling up the DagBag from /home/airflow/.local/lib/python3.6/site-packages/airflow/example_dags/example_task_group.py
[2021-03-15 17:27:36,202] {scheduler_job.py:639} INFO - DAG(s) dict_keys(['example_task_group']) retrieved from /home/airflow/.local/lib/python3.6/site-packages/airflow/example_dags/example_task_group.py
[2021-03-15 17:27:36,255] {logging_mixin.py:104} INFO - [2021-03-15 17:27:36,255] {dag.py:1818} INFO - Sync 1 DAGs
[2021-03-15 17:27:36,277] {logging_mixin.py:104} INFO - [2021-03-15 17:27:36,276] {dag.py:1837} INFO - Creating ORM DAG for example_task_group
[2021-03-15 17:27:36,291] {logging_mixin.py:104} INFO - [2021-03-15 17:27:36,290] {dag.py:2273} INFO - Setting next_dagrun for example_task_group to 2021-03-13 00:00:00+00:00
[2021-03-15 17:27:36,325] {scheduler_job.py:190} INFO - Processing /home/airflow/.local/lib/python3.6/site-packages/airflow/example_dags/example_task_group.py took 0.164 seconds
[2021-03-15 17:28:06,938] {scheduler_job.py:182} INFO - Started process (PID=58) to work on /home/airflow/.local/lib/python3.6/site-packages/airflow/example_dags/example_task_group.py
[2021-03-15 17:28:06,940] {scheduler_job.py:629} INFO - Processing file /home/airflow/.local/lib/python3.6/site-packages/airflow/example_dags/example_task_group.py for tasks to queue
[2021-03-15 17:28:06,941] {logging_mixin.py:104} INFO - [2021-03-15 17:28:06,941] {dagbag.py:448} INFO - Filling up the DagBag from /home/airflow/.local/lib/python3.6/site-packages/airflow/example_dags/example_task_group.py
[2021-03-15 17:28:06,954] {scheduler_job.py:639} INFO - DAG(s) dict_keys(['example_task_group']) retrieved from /home/airflow/.local/lib/python3.6/site-packages/airflow/example_dags/example_task_group.py
[2021-03-15 17:28:06,978] {logging_mixin.py:104} INFO - [2021-03-15 17:28:06,978] {dag.py:1818} INFO - Sync 1 DAGs
[2021-03-15 17:28:06,995] {logging_mixin.py:104} INFO - [2021-03-15 17:28:06,995] {dag.py:2273} INFO - Setting next_dagrun for example_task_group to 2021-03-13 00:00:00+00:00
[2021-03-15 17:28:07,004] {scheduler_job.py:190} INFO - Processing /home/airflow/.local/lib/python3.6/site-packages/airflow/example_dags/example_task_group.py took 0.071 seconds
[2021-03-15 17:28:37,396] {scheduler_job.py:182} INFO - Started process (PID=89) to work on /home/airflow/.local/lib/python3.6/site-packages/airflow/example_dags/example_task_group.py
[2021-03-15 17:28:37,399] {scheduler_job.py:629} INFO - Processing file /home/airflow/.local/lib/python3.6/site-packages/airflow/example_dags/example_task_group.py for tasks to queue
[2021-03-15 17:28:37,400] {logging_mixin.py:104} INFO - [2021-03-15 17:28:37,400] {dagbag.py:448} INFO - Filling up the DagBag from /home/airflow/.local/lib/python3.6/site-packages/airflow/example_dags/example_task_group.py
[2021-03-15 17:28:37,413] {scheduler_job.py:639} INFO - DAG(s) dict_keys(['example_task_group']) retrieved from /home/airflow/.local/lib/python3.6/site-packages/airflow/example_dags/example_task_group.py
[2021-03-15 17:28:37,438] {logging_mixin.py:104} INFO - [2021-03-15 17:28:37,438] {dag.py:1818} INFO - Sync 1 DAGs
[2021-03-15 17:28:37,456] {logging_mixin.py:104} INFO - [2021-03-15 17:28:37,456] {dag.py:2273} INFO - Setting next_dagrun for example_task_group to 2021-03-13 00:00:00+00:00
[2021-03-15 17:28:37,465] {scheduler_job.py:190} INFO - Processing /home/airflow/.local/lib/python3.6/site-packages/airflow/example_dags/example_task_group.py took 0.073 seconds
