[2021-03-15 17:27:37,073] {scheduler_job.py:182} INFO - Started process (PID=39) to work on /home/airflow/.local/lib/python3.6/site-packages/airflow/example_dags/example_python_operator.py
[2021-03-15 17:27:37,075] {scheduler_job.py:629} INFO - Processing file /home/airflow/.local/lib/python3.6/site-packages/airflow/example_dags/example_python_operator.py for tasks to queue
[2021-03-15 17:27:37,077] {logging_mixin.py:104} INFO - [2021-03-15 17:27:37,077] {dagbag.py:448} INFO - Filling up the DagBag from /home/airflow/.local/lib/python3.6/site-packages/airflow/example_dags/example_python_operator.py
[2021-03-15 17:27:37,102] {scheduler_job.py:639} INFO - DAG(s) dict_keys(['example_python_operator']) retrieved from /home/airflow/.local/lib/python3.6/site-packages/airflow/example_dags/example_python_operator.py
[2021-03-15 17:27:37,146] {logging_mixin.py:104} INFO - [2021-03-15 17:27:37,145] {dag.py:1818} INFO - Sync 1 DAGs
[2021-03-15 17:27:37,168] {logging_mixin.py:104} INFO - [2021-03-15 17:27:37,168] {dag.py:1837} INFO - Creating ORM DAG for example_python_operator
[2021-03-15 17:27:37,181] {logging_mixin.py:104} INFO - [2021-03-15 17:27:37,181] {dag.py:2273} INFO - Setting next_dagrun for example_python_operator to None
[2021-03-15 17:27:37,213] {scheduler_job.py:190} INFO - Processing /home/airflow/.local/lib/python3.6/site-packages/airflow/example_dags/example_python_operator.py took 0.145 seconds
[2021-03-15 17:28:07,454] {scheduler_job.py:182} INFO - Started process (PID=67) to work on /home/airflow/.local/lib/python3.6/site-packages/airflow/example_dags/example_python_operator.py
[2021-03-15 17:28:07,456] {scheduler_job.py:629} INFO - Processing file /home/airflow/.local/lib/python3.6/site-packages/airflow/example_dags/example_python_operator.py for tasks to queue
[2021-03-15 17:28:07,458] {logging_mixin.py:104} INFO - [2021-03-15 17:28:07,458] {dagbag.py:448} INFO - Filling up the DagBag from /home/airflow/.local/lib/python3.6/site-packages/airflow/example_dags/example_python_operator.py
[2021-03-15 17:28:07,474] {scheduler_job.py:639} INFO - DAG(s) dict_keys(['example_python_operator']) retrieved from /home/airflow/.local/lib/python3.6/site-packages/airflow/example_dags/example_python_operator.py
[2021-03-15 17:28:07,500] {logging_mixin.py:104} INFO - [2021-03-15 17:28:07,500] {dag.py:1818} INFO - Sync 1 DAGs
[2021-03-15 17:28:07,517] {logging_mixin.py:104} INFO - [2021-03-15 17:28:07,516] {dag.py:2273} INFO - Setting next_dagrun for example_python_operator to None
[2021-03-15 17:28:07,526] {scheduler_job.py:190} INFO - Processing /home/airflow/.local/lib/python3.6/site-packages/airflow/example_dags/example_python_operator.py took 0.076 seconds
[2021-03-15 17:28:37,961] {scheduler_job.py:182} INFO - Started process (PID=100) to work on /home/airflow/.local/lib/python3.6/site-packages/airflow/example_dags/example_python_operator.py
[2021-03-15 17:28:37,963] {scheduler_job.py:629} INFO - Processing file /home/airflow/.local/lib/python3.6/site-packages/airflow/example_dags/example_python_operator.py for tasks to queue
[2021-03-15 17:28:37,964] {logging_mixin.py:104} INFO - [2021-03-15 17:28:37,964] {dagbag.py:448} INFO - Filling up the DagBag from /home/airflow/.local/lib/python3.6/site-packages/airflow/example_dags/example_python_operator.py
[2021-03-15 17:28:37,980] {scheduler_job.py:639} INFO - DAG(s) dict_keys(['example_python_operator']) retrieved from /home/airflow/.local/lib/python3.6/site-packages/airflow/example_dags/example_python_operator.py
[2021-03-15 17:28:38,007] {logging_mixin.py:104} INFO - [2021-03-15 17:28:38,007] {dag.py:1818} INFO - Sync 1 DAGs
[2021-03-15 17:28:38,030] {logging_mixin.py:104} INFO - [2021-03-15 17:28:38,030] {dag.py:2273} INFO - Setting next_dagrun for example_python_operator to None
[2021-03-15 17:28:38,042] {scheduler_job.py:190} INFO - Processing /home/airflow/.local/lib/python3.6/site-packages/airflow/example_dags/example_python_operator.py took 0.086 seconds
