[2021-03-15 17:27:37,949] {scheduler_job.py:182} INFO - Started process (PID=47) to work on /home/airflow/.local/lib/python3.6/site-packages/airflow/example_dags/example_branch_operator.py
[2021-03-15 17:27:37,951] {scheduler_job.py:629} INFO - Processing file /home/airflow/.local/lib/python3.6/site-packages/airflow/example_dags/example_branch_operator.py for tasks to queue
[2021-03-15 17:27:37,953] {logging_mixin.py:104} INFO - [2021-03-15 17:27:37,953] {dagbag.py:448} INFO - Filling up the DagBag from /home/airflow/.local/lib/python3.6/site-packages/airflow/example_dags/example_branch_operator.py
[2021-03-15 17:27:37,975] {scheduler_job.py:639} INFO - DAG(s) dict_keys(['example_branch_operator']) retrieved from /home/airflow/.local/lib/python3.6/site-packages/airflow/example_dags/example_branch_operator.py
[2021-03-15 17:27:38,012] {logging_mixin.py:104} INFO - [2021-03-15 17:27:38,012] {dag.py:1818} INFO - Sync 1 DAGs
[2021-03-15 17:27:38,028] {logging_mixin.py:104} INFO - [2021-03-15 17:27:38,028] {dag.py:1837} INFO - Creating ORM DAG for example_branch_operator
[2021-03-15 17:27:38,048] {logging_mixin.py:104} INFO - [2021-03-15 17:27:38,048] {dag.py:2273} INFO - Setting next_dagrun for example_branch_operator to 2021-03-13 00:00:00+00:00
[2021-03-15 17:27:38,082] {scheduler_job.py:190} INFO - Processing /home/airflow/.local/lib/python3.6/site-packages/airflow/example_dags/example_branch_operator.py took 0.138 seconds
[2021-03-15 17:28:08,808] {scheduler_job.py:182} INFO - Started process (PID=74) to work on /home/airflow/.local/lib/python3.6/site-packages/airflow/example_dags/example_branch_operator.py
[2021-03-15 17:28:08,811] {scheduler_job.py:629} INFO - Processing file /home/airflow/.local/lib/python3.6/site-packages/airflow/example_dags/example_branch_operator.py for tasks to queue
[2021-03-15 17:28:08,814] {logging_mixin.py:104} INFO - [2021-03-15 17:28:08,814] {dagbag.py:448} INFO - Filling up the DagBag from /home/airflow/.local/lib/python3.6/site-packages/airflow/example_dags/example_branch_operator.py
[2021-03-15 17:28:08,834] {scheduler_job.py:639} INFO - DAG(s) dict_keys(['example_branch_operator']) retrieved from /home/airflow/.local/lib/python3.6/site-packages/airflow/example_dags/example_branch_operator.py
[2021-03-15 17:28:08,869] {logging_mixin.py:104} INFO - [2021-03-15 17:28:08,868] {dag.py:1818} INFO - Sync 1 DAGs
[2021-03-15 17:28:08,898] {logging_mixin.py:104} INFO - [2021-03-15 17:28:08,898] {dag.py:2273} INFO - Setting next_dagrun for example_branch_operator to 2021-03-13 00:00:00+00:00
[2021-03-15 17:28:08,913] {scheduler_job.py:190} INFO - Processing /home/airflow/.local/lib/python3.6/site-packages/airflow/example_dags/example_branch_operator.py took 0.109 seconds
[2021-03-15 17:28:39,268] {scheduler_job.py:182} INFO - Started process (PID=106) to work on /home/airflow/.local/lib/python3.6/site-packages/airflow/example_dags/example_branch_operator.py
[2021-03-15 17:28:39,270] {scheduler_job.py:629} INFO - Processing file /home/airflow/.local/lib/python3.6/site-packages/airflow/example_dags/example_branch_operator.py for tasks to queue
[2021-03-15 17:28:39,272] {logging_mixin.py:104} INFO - [2021-03-15 17:28:39,272] {dagbag.py:448} INFO - Filling up the DagBag from /home/airflow/.local/lib/python3.6/site-packages/airflow/example_dags/example_branch_operator.py
[2021-03-15 17:28:39,294] {scheduler_job.py:639} INFO - DAG(s) dict_keys(['example_branch_operator']) retrieved from /home/airflow/.local/lib/python3.6/site-packages/airflow/example_dags/example_branch_operator.py
[2021-03-15 17:28:39,318] {logging_mixin.py:104} INFO - [2021-03-15 17:28:39,318] {dag.py:1818} INFO - Sync 1 DAGs
[2021-03-15 17:28:39,341] {logging_mixin.py:104} INFO - [2021-03-15 17:28:39,341] {dag.py:2273} INFO - Setting next_dagrun for example_branch_operator to 2021-03-13 00:00:00+00:00
[2021-03-15 17:28:39,350] {scheduler_job.py:190} INFO - Processing /home/airflow/.local/lib/python3.6/site-packages/airflow/example_dags/example_branch_operator.py took 0.085 seconds
