[2021-03-15 17:27:35,991] {scheduler_job.py:182} INFO - Started process (PID=30) to work on /home/airflow/.local/lib/python3.6/site-packages/airflow/example_dags/tutorial_taskflow_api_etl.py
[2021-03-15 17:27:35,997] {scheduler_job.py:629} INFO - Processing file /home/airflow/.local/lib/python3.6/site-packages/airflow/example_dags/tutorial_taskflow_api_etl.py for tasks to queue
[2021-03-15 17:27:36,001] {logging_mixin.py:104} INFO - [2021-03-15 17:27:36,001] {dagbag.py:448} INFO - Filling up the DagBag from /home/airflow/.local/lib/python3.6/site-packages/airflow/example_dags/tutorial_taskflow_api_etl.py
[2021-03-15 17:27:36,028] {scheduler_job.py:639} INFO - DAG(s) dict_keys(['tutorial_taskflow_api_etl']) retrieved from /home/airflow/.local/lib/python3.6/site-packages/airflow/example_dags/tutorial_taskflow_api_etl.py
[2021-03-15 17:27:36,102] {logging_mixin.py:104} INFO - [2021-03-15 17:27:36,102] {dag.py:1818} INFO - Sync 1 DAGs
[2021-03-15 17:27:36,129] {logging_mixin.py:104} INFO - [2021-03-15 17:27:36,128] {dag.py:1837} INFO - Creating ORM DAG for tutorial_taskflow_api_etl
[2021-03-15 17:27:36,139] {logging_mixin.py:104} INFO - [2021-03-15 17:27:36,139] {dag.py:2273} INFO - Setting next_dagrun for tutorial_taskflow_api_etl to None
[2021-03-15 17:27:36,166] {scheduler_job.py:190} INFO - Processing /home/airflow/.local/lib/python3.6/site-packages/airflow/example_dags/tutorial_taskflow_api_etl.py took 0.185 seconds
[2021-03-15 17:28:06,932] {scheduler_job.py:182} INFO - Started process (PID=57) to work on /home/airflow/.local/lib/python3.6/site-packages/airflow/example_dags/tutorial_taskflow_api_etl.py
[2021-03-15 17:28:06,934] {scheduler_job.py:629} INFO - Processing file /home/airflow/.local/lib/python3.6/site-packages/airflow/example_dags/tutorial_taskflow_api_etl.py for tasks to queue
[2021-03-15 17:28:06,935] {logging_mixin.py:104} INFO - [2021-03-15 17:28:06,935] {dagbag.py:448} INFO - Filling up the DagBag from /home/airflow/.local/lib/python3.6/site-packages/airflow/example_dags/tutorial_taskflow_api_etl.py
[2021-03-15 17:28:06,949] {scheduler_job.py:639} INFO - DAG(s) dict_keys(['tutorial_taskflow_api_etl']) retrieved from /home/airflow/.local/lib/python3.6/site-packages/airflow/example_dags/tutorial_taskflow_api_etl.py
[2021-03-15 17:28:06,975] {logging_mixin.py:104} INFO - [2021-03-15 17:28:06,975] {dag.py:1818} INFO - Sync 1 DAGs
[2021-03-15 17:28:06,992] {logging_mixin.py:104} INFO - [2021-03-15 17:28:06,991] {dag.py:2273} INFO - Setting next_dagrun for tutorial_taskflow_api_etl to None
[2021-03-15 17:28:07,003] {scheduler_job.py:190} INFO - Processing /home/airflow/.local/lib/python3.6/site-packages/airflow/example_dags/tutorial_taskflow_api_etl.py took 0.075 seconds
[2021-03-15 17:28:37,306] {scheduler_job.py:182} INFO - Started process (PID=88) to work on /home/airflow/.local/lib/python3.6/site-packages/airflow/example_dags/tutorial_taskflow_api_etl.py
[2021-03-15 17:28:37,308] {scheduler_job.py:629} INFO - Processing file /home/airflow/.local/lib/python3.6/site-packages/airflow/example_dags/tutorial_taskflow_api_etl.py for tasks to queue
[2021-03-15 17:28:37,310] {logging_mixin.py:104} INFO - [2021-03-15 17:28:37,310] {dagbag.py:448} INFO - Filling up the DagBag from /home/airflow/.local/lib/python3.6/site-packages/airflow/example_dags/tutorial_taskflow_api_etl.py
[2021-03-15 17:28:37,324] {scheduler_job.py:639} INFO - DAG(s) dict_keys(['tutorial_taskflow_api_etl']) retrieved from /home/airflow/.local/lib/python3.6/site-packages/airflow/example_dags/tutorial_taskflow_api_etl.py
[2021-03-15 17:28:37,349] {logging_mixin.py:104} INFO - [2021-03-15 17:28:37,349] {dag.py:1818} INFO - Sync 1 DAGs
[2021-03-15 17:28:37,365] {logging_mixin.py:104} INFO - [2021-03-15 17:28:37,365] {dag.py:2273} INFO - Setting next_dagrun for tutorial_taskflow_api_etl to None
[2021-03-15 17:28:37,376] {scheduler_job.py:190} INFO - Processing /home/airflow/.local/lib/python3.6/site-packages/airflow/example_dags/tutorial_taskflow_api_etl.py took 0.074 seconds
