[2021-03-15 17:27:38,019] {scheduler_job.py:182} INFO - Started process (PID=48) to work on /home/airflow/.local/lib/python3.6/site-packages/airflow/example_dags/tutorial_etl_dag.py
[2021-03-15 17:27:38,021] {scheduler_job.py:629} INFO - Processing file /home/airflow/.local/lib/python3.6/site-packages/airflow/example_dags/tutorial_etl_dag.py for tasks to queue
[2021-03-15 17:27:38,023] {logging_mixin.py:104} INFO - [2021-03-15 17:27:38,023] {dagbag.py:448} INFO - Filling up the DagBag from /home/airflow/.local/lib/python3.6/site-packages/airflow/example_dags/tutorial_etl_dag.py
[2021-03-15 17:27:38,043] {scheduler_job.py:639} INFO - DAG(s) dict_keys(['tutorial_etl_dag']) retrieved from /home/airflow/.local/lib/python3.6/site-packages/airflow/example_dags/tutorial_etl_dag.py
[2021-03-15 17:27:38,088] {logging_mixin.py:104} INFO - [2021-03-15 17:27:38,088] {dag.py:1818} INFO - Sync 1 DAGs
[2021-03-15 17:27:38,114] {logging_mixin.py:104} INFO - [2021-03-15 17:27:38,114] {dag.py:1837} INFO - Creating ORM DAG for tutorial_etl_dag
[2021-03-15 17:27:38,123] {logging_mixin.py:104} INFO - [2021-03-15 17:27:38,123] {dag.py:2273} INFO - Setting next_dagrun for tutorial_etl_dag to None
[2021-03-15 17:27:38,149] {scheduler_job.py:190} INFO - Processing /home/airflow/.local/lib/python3.6/site-packages/airflow/example_dags/tutorial_etl_dag.py took 0.134 seconds
[2021-03-15 17:28:08,856] {scheduler_job.py:182} INFO - Started process (PID=75) to work on /home/airflow/.local/lib/python3.6/site-packages/airflow/example_dags/tutorial_etl_dag.py
[2021-03-15 17:28:08,859] {scheduler_job.py:629} INFO - Processing file /home/airflow/.local/lib/python3.6/site-packages/airflow/example_dags/tutorial_etl_dag.py for tasks to queue
[2021-03-15 17:28:08,860] {logging_mixin.py:104} INFO - [2021-03-15 17:28:08,860] {dagbag.py:448} INFO - Filling up the DagBag from /home/airflow/.local/lib/python3.6/site-packages/airflow/example_dags/tutorial_etl_dag.py
[2021-03-15 17:28:08,875] {scheduler_job.py:639} INFO - DAG(s) dict_keys(['tutorial_etl_dag']) retrieved from /home/airflow/.local/lib/python3.6/site-packages/airflow/example_dags/tutorial_etl_dag.py
[2021-03-15 17:28:08,905] {logging_mixin.py:104} INFO - [2021-03-15 17:28:08,905] {dag.py:1818} INFO - Sync 1 DAGs
[2021-03-15 17:28:08,928] {logging_mixin.py:104} INFO - [2021-03-15 17:28:08,928] {dag.py:2273} INFO - Setting next_dagrun for tutorial_etl_dag to None
[2021-03-15 17:28:08,944] {scheduler_job.py:190} INFO - Processing /home/airflow/.local/lib/python3.6/site-packages/airflow/example_dags/tutorial_etl_dag.py took 0.093 seconds
[2021-03-15 17:28:39,300] {scheduler_job.py:182} INFO - Started process (PID=107) to work on /home/airflow/.local/lib/python3.6/site-packages/airflow/example_dags/tutorial_etl_dag.py
[2021-03-15 17:28:39,302] {scheduler_job.py:629} INFO - Processing file /home/airflow/.local/lib/python3.6/site-packages/airflow/example_dags/tutorial_etl_dag.py for tasks to queue
[2021-03-15 17:28:39,303] {logging_mixin.py:104} INFO - [2021-03-15 17:28:39,303] {dagbag.py:448} INFO - Filling up the DagBag from /home/airflow/.local/lib/python3.6/site-packages/airflow/example_dags/tutorial_etl_dag.py
[2021-03-15 17:28:39,317] {scheduler_job.py:639} INFO - DAG(s) dict_keys(['tutorial_etl_dag']) retrieved from /home/airflow/.local/lib/python3.6/site-packages/airflow/example_dags/tutorial_etl_dag.py
[2021-03-15 17:28:39,339] {logging_mixin.py:104} INFO - [2021-03-15 17:28:39,339] {dag.py:1818} INFO - Sync 1 DAGs
[2021-03-15 17:28:39,356] {logging_mixin.py:104} INFO - [2021-03-15 17:28:39,356] {dag.py:2273} INFO - Setting next_dagrun for tutorial_etl_dag to None
[2021-03-15 17:28:39,366] {scheduler_job.py:190} INFO - Processing /home/airflow/.local/lib/python3.6/site-packages/airflow/example_dags/tutorial_etl_dag.py took 0.070 seconds
