[2021-03-15 17:27:37,128] {scheduler_job.py:182} INFO - Started process (PID=40) to work on /home/airflow/.local/lib/python3.6/site-packages/airflow/example_dags/tutorial.py
[2021-03-15 17:27:37,132] {scheduler_job.py:629} INFO - Processing file /home/airflow/.local/lib/python3.6/site-packages/airflow/example_dags/tutorial.py for tasks to queue
[2021-03-15 17:27:37,134] {logging_mixin.py:104} INFO - [2021-03-15 17:27:37,134] {dagbag.py:448} INFO - Filling up the DagBag from /home/airflow/.local/lib/python3.6/site-packages/airflow/example_dags/tutorial.py
[2021-03-15 17:27:37,169] {scheduler_job.py:639} INFO - DAG(s) dict_keys(['tutorial']) retrieved from /home/airflow/.local/lib/python3.6/site-packages/airflow/example_dags/tutorial.py
[2021-03-15 17:27:37,227] {logging_mixin.py:104} INFO - [2021-03-15 17:27:37,227] {dag.py:1818} INFO - Sync 1 DAGs
[2021-03-15 17:27:37,245] {logging_mixin.py:104} INFO - [2021-03-15 17:27:37,245] {dag.py:1837} INFO - Creating ORM DAG for tutorial
[2021-03-15 17:27:37,260] {logging_mixin.py:104} INFO - [2021-03-15 17:27:37,260] {dag.py:2273} INFO - Setting next_dagrun for tutorial to 2021-03-13 00:00:00+00:00
[2021-03-15 17:27:37,282] {scheduler_job.py:190} INFO - Processing /home/airflow/.local/lib/python3.6/site-packages/airflow/example_dags/tutorial.py took 0.161 seconds
[2021-03-15 17:28:07,364] {scheduler_job.py:182} INFO - Started process (PID=66) to work on /home/airflow/.local/lib/python3.6/site-packages/airflow/example_dags/tutorial.py
[2021-03-15 17:28:07,366] {scheduler_job.py:629} INFO - Processing file /home/airflow/.local/lib/python3.6/site-packages/airflow/example_dags/tutorial.py for tasks to queue
[2021-03-15 17:28:07,367] {logging_mixin.py:104} INFO - [2021-03-15 17:28:07,367] {dagbag.py:448} INFO - Filling up the DagBag from /home/airflow/.local/lib/python3.6/site-packages/airflow/example_dags/tutorial.py
[2021-03-15 17:28:07,378] {scheduler_job.py:639} INFO - DAG(s) dict_keys(['tutorial']) retrieved from /home/airflow/.local/lib/python3.6/site-packages/airflow/example_dags/tutorial.py
[2021-03-15 17:28:07,400] {logging_mixin.py:104} INFO - [2021-03-15 17:28:07,400] {dag.py:1818} INFO - Sync 1 DAGs
[2021-03-15 17:28:07,417] {logging_mixin.py:104} INFO - [2021-03-15 17:28:07,417] {dag.py:2273} INFO - Setting next_dagrun for tutorial to 2021-03-13 00:00:00+00:00
[2021-03-15 17:28:07,429] {scheduler_job.py:190} INFO - Processing /home/airflow/.local/lib/python3.6/site-packages/airflow/example_dags/tutorial.py took 0.069 seconds
[2021-03-15 17:28:37,575] {scheduler_job.py:182} INFO - Started process (PID=92) to work on /home/airflow/.local/lib/python3.6/site-packages/airflow/example_dags/tutorial.py
[2021-03-15 17:28:37,577] {scheduler_job.py:629} INFO - Processing file /home/airflow/.local/lib/python3.6/site-packages/airflow/example_dags/tutorial.py for tasks to queue
[2021-03-15 17:28:37,579] {logging_mixin.py:104} INFO - [2021-03-15 17:28:37,579] {dagbag.py:448} INFO - Filling up the DagBag from /home/airflow/.local/lib/python3.6/site-packages/airflow/example_dags/tutorial.py
[2021-03-15 17:28:37,591] {scheduler_job.py:639} INFO - DAG(s) dict_keys(['tutorial']) retrieved from /home/airflow/.local/lib/python3.6/site-packages/airflow/example_dags/tutorial.py
[2021-03-15 17:28:37,618] {logging_mixin.py:104} INFO - [2021-03-15 17:28:37,618] {dag.py:1818} INFO - Sync 1 DAGs
[2021-03-15 17:28:37,639] {logging_mixin.py:104} INFO - [2021-03-15 17:28:37,638] {dag.py:2273} INFO - Setting next_dagrun for tutorial to 2021-03-13 00:00:00+00:00
[2021-03-15 17:28:37,649] {scheduler_job.py:190} INFO - Processing /home/airflow/.local/lib/python3.6/site-packages/airflow/example_dags/tutorial.py took 0.078 seconds
