[2021-03-15 15:26:14,747] {scheduler_job.py:182} INFO - Started process (PID=25) to work on /opt/airflow/dags/first.py
[2021-03-15 15:26:14,751] {scheduler_job.py:629} INFO - Processing file /opt/airflow/dags/first.py for tasks to queue
[2021-03-15 15:26:14,752] {logging_mixin.py:104} INFO - [2021-03-15 15:26:14,752] {dagbag.py:448} INFO - Filling up the DagBag from /opt/airflow/dags/first.py
[2021-03-15 15:26:14,811] {scheduler_job.py:639} INFO - DAG(s) dict_keys(['PostgresOperator_dag']) retrieved from /opt/airflow/dags/first.py
[2021-03-15 15:26:14,848] {logging_mixin.py:104} INFO - [2021-03-15 15:26:14,847] {dag.py:1818} INFO - Sync 1 DAGs
[2021-03-15 15:26:14,859] {logging_mixin.py:104} INFO - [2021-03-15 15:26:14,859] {dag.py:1837} INFO - Creating ORM DAG for PostgresOperator_dag
[2021-03-15 15:26:14,867] {logging_mixin.py:104} INFO - [2021-03-15 15:26:14,867] {dag.py:2273} INFO - Setting next_dagrun for PostgresOperator_dag to None
[2021-03-15 15:26:14,882] {scheduler_job.py:190} INFO - Processing /opt/airflow/dags/first.py took 0.140 seconds
[2021-03-15 15:26:44,907] {scheduler_job.py:182} INFO - Started process (PID=26) to work on /opt/airflow/dags/first.py
[2021-03-15 15:26:44,908] {scheduler_job.py:629} INFO - Processing file /opt/airflow/dags/first.py for tasks to queue
[2021-03-15 15:26:44,909] {logging_mixin.py:104} INFO - [2021-03-15 15:26:44,909] {dagbag.py:448} INFO - Filling up the DagBag from /opt/airflow/dags/first.py
[2021-03-15 15:26:44,931] {scheduler_job.py:639} INFO - DAG(s) dict_keys(['PostgresOperator_dag']) retrieved from /opt/airflow/dags/first.py
[2021-03-15 15:26:44,953] {logging_mixin.py:104} INFO - [2021-03-15 15:26:44,953] {dag.py:1818} INFO - Sync 1 DAGs
[2021-03-15 15:26:44,967] {logging_mixin.py:104} INFO - [2021-03-15 15:26:44,967] {dag.py:2273} INFO - Setting next_dagrun for PostgresOperator_dag to None
[2021-03-15 15:26:44,975] {scheduler_job.py:190} INFO - Processing /opt/airflow/dags/first.py took 0.072 seconds
[2021-03-15 15:27:15,053] {scheduler_job.py:182} INFO - Started process (PID=27) to work on /opt/airflow/dags/first.py
[2021-03-15 15:27:15,055] {scheduler_job.py:629} INFO - Processing file /opt/airflow/dags/first.py for tasks to queue
[2021-03-15 15:27:15,056] {logging_mixin.py:104} INFO - [2021-03-15 15:27:15,056] {dagbag.py:448} INFO - Filling up the DagBag from /opt/airflow/dags/first.py
[2021-03-15 15:27:15,080] {scheduler_job.py:639} INFO - DAG(s) dict_keys(['PostgresOperator_dag']) retrieved from /opt/airflow/dags/first.py
[2021-03-15 15:27:15,101] {logging_mixin.py:104} INFO - [2021-03-15 15:27:15,101] {dag.py:1818} INFO - Sync 1 DAGs
[2021-03-15 15:27:15,115] {logging_mixin.py:104} INFO - [2021-03-15 15:27:15,115] {dag.py:2273} INFO - Setting next_dagrun for PostgresOperator_dag to None
[2021-03-15 15:27:15,122] {scheduler_job.py:190} INFO - Processing /opt/airflow/dags/first.py took 0.073 seconds
[2021-03-15 15:27:45,163] {scheduler_job.py:182} INFO - Started process (PID=28) to work on /opt/airflow/dags/first.py
[2021-03-15 15:27:45,165] {scheduler_job.py:629} INFO - Processing file /opt/airflow/dags/first.py for tasks to queue
[2021-03-15 15:27:45,166] {logging_mixin.py:104} INFO - [2021-03-15 15:27:45,166] {dagbag.py:448} INFO - Filling up the DagBag from /opt/airflow/dags/first.py
[2021-03-15 15:27:45,189] {scheduler_job.py:639} INFO - DAG(s) dict_keys(['PostgresOperator_dag']) retrieved from /opt/airflow/dags/first.py
[2021-03-15 15:27:45,210] {logging_mixin.py:104} INFO - [2021-03-15 15:27:45,210] {dag.py:1818} INFO - Sync 1 DAGs
[2021-03-15 15:27:45,224] {logging_mixin.py:104} INFO - [2021-03-15 15:27:45,224] {dag.py:2273} INFO - Setting next_dagrun for PostgresOperator_dag to None
[2021-03-15 15:27:45,231] {scheduler_job.py:190} INFO - Processing /opt/airflow/dags/first.py took 0.071 seconds
[2021-03-15 15:28:15,316] {scheduler_job.py:182} INFO - Started process (PID=29) to work on /opt/airflow/dags/first.py
[2021-03-15 15:28:15,318] {scheduler_job.py:629} INFO - Processing file /opt/airflow/dags/first.py for tasks to queue
[2021-03-15 15:28:15,319] {logging_mixin.py:104} INFO - [2021-03-15 15:28:15,319] {dagbag.py:448} INFO - Filling up the DagBag from /opt/airflow/dags/first.py
[2021-03-15 15:28:15,342] {scheduler_job.py:639} INFO - DAG(s) dict_keys(['PostgresOperator_dag']) retrieved from /opt/airflow/dags/first.py
[2021-03-15 15:28:15,363] {logging_mixin.py:104} INFO - [2021-03-15 15:28:15,363] {dag.py:1818} INFO - Sync 1 DAGs
[2021-03-15 15:28:15,378] {logging_mixin.py:104} INFO - [2021-03-15 15:28:15,378] {dag.py:2273} INFO - Setting next_dagrun for PostgresOperator_dag to None
[2021-03-15 15:28:15,385] {scheduler_job.py:190} INFO - Processing /opt/airflow/dags/first.py took 0.073 seconds
[2021-03-15 15:28:45,424] {scheduler_job.py:182} INFO - Started process (PID=30) to work on /opt/airflow/dags/first.py
[2021-03-15 15:28:45,425] {scheduler_job.py:629} INFO - Processing file /opt/airflow/dags/first.py for tasks to queue
[2021-03-15 15:28:45,426] {logging_mixin.py:104} INFO - [2021-03-15 15:28:45,426] {dagbag.py:448} INFO - Filling up the DagBag from /opt/airflow/dags/first.py
[2021-03-15 15:28:45,449] {scheduler_job.py:639} INFO - DAG(s) dict_keys(['PostgresOperator_dag']) retrieved from /opt/airflow/dags/first.py
[2021-03-15 15:28:45,469] {logging_mixin.py:104} INFO - [2021-03-15 15:28:45,469] {dag.py:1818} INFO - Sync 1 DAGs
[2021-03-15 15:28:45,482] {logging_mixin.py:104} INFO - [2021-03-15 15:28:45,482] {dag.py:2273} INFO - Setting next_dagrun for PostgresOperator_dag to None
[2021-03-15 15:28:45,489] {scheduler_job.py:190} INFO - Processing /opt/airflow/dags/first.py took 0.070 seconds
[2021-03-15 15:29:15,556] {scheduler_job.py:182} INFO - Started process (PID=31) to work on /opt/airflow/dags/first.py
[2021-03-15 15:29:15,558] {scheduler_job.py:629} INFO - Processing file /opt/airflow/dags/first.py for tasks to queue
[2021-03-15 15:29:15,559] {logging_mixin.py:104} INFO - [2021-03-15 15:29:15,559] {dagbag.py:448} INFO - Filling up the DagBag from /opt/airflow/dags/first.py
[2021-03-15 15:29:15,583] {scheduler_job.py:639} INFO - DAG(s) dict_keys(['PostgresOperator_dag']) retrieved from /opt/airflow/dags/first.py
[2021-03-15 15:29:15,606] {logging_mixin.py:104} INFO - [2021-03-15 15:29:15,606] {dag.py:1818} INFO - Sync 1 DAGs
[2021-03-15 15:29:15,621] {logging_mixin.py:104} INFO - [2021-03-15 15:29:15,621] {dag.py:2273} INFO - Setting next_dagrun for PostgresOperator_dag to None
[2021-03-15 15:29:15,629] {scheduler_job.py:190} INFO - Processing /opt/airflow/dags/first.py took 0.077 seconds
[2021-03-15 15:29:45,685] {scheduler_job.py:182} INFO - Started process (PID=32) to work on /opt/airflow/dags/first.py
[2021-03-15 15:29:45,687] {scheduler_job.py:629} INFO - Processing file /opt/airflow/dags/first.py for tasks to queue
[2021-03-15 15:29:45,688] {logging_mixin.py:104} INFO - [2021-03-15 15:29:45,688] {dagbag.py:448} INFO - Filling up the DagBag from /opt/airflow/dags/first.py
[2021-03-15 15:29:45,712] {scheduler_job.py:639} INFO - DAG(s) dict_keys(['PostgresOperator_dag']) retrieved from /opt/airflow/dags/first.py
[2021-03-15 15:29:45,733] {logging_mixin.py:104} INFO - [2021-03-15 15:29:45,733] {dag.py:1818} INFO - Sync 1 DAGs
[2021-03-15 15:29:45,747] {logging_mixin.py:104} INFO - [2021-03-15 15:29:45,747] {dag.py:2273} INFO - Setting next_dagrun for PostgresOperator_dag to None
[2021-03-15 15:29:45,754] {scheduler_job.py:190} INFO - Processing /opt/airflow/dags/first.py took 0.073 seconds
[2021-03-15 15:30:15,825] {scheduler_job.py:182} INFO - Started process (PID=33) to work on /opt/airflow/dags/first.py
[2021-03-15 15:30:15,827] {scheduler_job.py:629} INFO - Processing file /opt/airflow/dags/first.py for tasks to queue
[2021-03-15 15:30:15,828] {logging_mixin.py:104} INFO - [2021-03-15 15:30:15,828] {dagbag.py:448} INFO - Filling up the DagBag from /opt/airflow/dags/first.py
[2021-03-15 15:30:15,851] {scheduler_job.py:639} INFO - DAG(s) dict_keys(['PostgresOperator_dag']) retrieved from /opt/airflow/dags/first.py
[2021-03-15 15:30:15,872] {logging_mixin.py:104} INFO - [2021-03-15 15:30:15,872] {dag.py:1818} INFO - Sync 1 DAGs
[2021-03-15 15:30:15,886] {logging_mixin.py:104} INFO - [2021-03-15 15:30:15,886] {dag.py:2273} INFO - Setting next_dagrun for PostgresOperator_dag to None
[2021-03-15 15:30:15,893] {scheduler_job.py:190} INFO - Processing /opt/airflow/dags/first.py took 0.072 seconds
[2021-03-15 15:30:45,971] {scheduler_job.py:182} INFO - Started process (PID=34) to work on /opt/airflow/dags/first.py
[2021-03-15 15:30:45,973] {scheduler_job.py:629} INFO - Processing file /opt/airflow/dags/first.py for tasks to queue
[2021-03-15 15:30:45,974] {logging_mixin.py:104} INFO - [2021-03-15 15:30:45,974] {dagbag.py:448} INFO - Filling up the DagBag from /opt/airflow/dags/first.py
[2021-03-15 15:30:45,996] {scheduler_job.py:639} INFO - DAG(s) dict_keys(['PostgresOperator_dag']) retrieved from /opt/airflow/dags/first.py
[2021-03-15 15:30:46,017] {logging_mixin.py:104} INFO - [2021-03-15 15:30:46,017] {dag.py:1818} INFO - Sync 1 DAGs
[2021-03-15 15:30:46,031] {logging_mixin.py:104} INFO - [2021-03-15 15:30:46,031] {dag.py:2273} INFO - Setting next_dagrun for PostgresOperator_dag to None
[2021-03-15 15:30:46,038] {scheduler_job.py:190} INFO - Processing /opt/airflow/dags/first.py took 0.071 seconds
[2021-03-15 15:31:16,159] {scheduler_job.py:182} INFO - Started process (PID=35) to work on /opt/airflow/dags/first.py
[2021-03-15 15:31:16,161] {scheduler_job.py:629} INFO - Processing file /opt/airflow/dags/first.py for tasks to queue
[2021-03-15 15:31:16,162] {logging_mixin.py:104} INFO - [2021-03-15 15:31:16,162] {dagbag.py:448} INFO - Filling up the DagBag from /opt/airflow/dags/first.py
[2021-03-15 15:31:16,186] {scheduler_job.py:639} INFO - DAG(s) dict_keys(['PostgresOperator_dag']) retrieved from /opt/airflow/dags/first.py
[2021-03-15 15:31:16,207] {logging_mixin.py:104} INFO - [2021-03-15 15:31:16,207] {dag.py:1818} INFO - Sync 1 DAGs
[2021-03-15 15:31:16,222] {logging_mixin.py:104} INFO - [2021-03-15 15:31:16,222] {dag.py:2273} INFO - Setting next_dagrun for PostgresOperator_dag to None
[2021-03-15 15:31:16,229] {scheduler_job.py:190} INFO - Processing /opt/airflow/dags/first.py took 0.073 seconds
[2021-03-15 15:31:46,267] {scheduler_job.py:182} INFO - Started process (PID=41) to work on /opt/airflow/dags/first.py
[2021-03-15 15:31:46,269] {scheduler_job.py:629} INFO - Processing file /opt/airflow/dags/first.py for tasks to queue
[2021-03-15 15:31:46,270] {logging_mixin.py:104} INFO - [2021-03-15 15:31:46,270] {dagbag.py:448} INFO - Filling up the DagBag from /opt/airflow/dags/first.py
[2021-03-15 15:31:46,292] {scheduler_job.py:639} INFO - DAG(s) dict_keys(['PostgresOperator_dag']) retrieved from /opt/airflow/dags/first.py
[2021-03-15 15:31:46,313] {logging_mixin.py:104} INFO - [2021-03-15 15:31:46,313] {dag.py:1818} INFO - Sync 1 DAGs
[2021-03-15 15:31:46,328] {logging_mixin.py:104} INFO - [2021-03-15 15:31:46,328] {dag.py:2273} INFO - Setting next_dagrun for PostgresOperator_dag to None
[2021-03-15 15:31:46,336] {scheduler_job.py:190} INFO - Processing /opt/airflow/dags/first.py took 0.072 seconds
[2021-03-15 15:32:16,415] {scheduler_job.py:182} INFO - Started process (PID=42) to work on /opt/airflow/dags/first.py
[2021-03-15 15:32:16,417] {scheduler_job.py:629} INFO - Processing file /opt/airflow/dags/first.py for tasks to queue
[2021-03-15 15:32:16,417] {logging_mixin.py:104} INFO - [2021-03-15 15:32:16,417] {dagbag.py:448} INFO - Filling up the DagBag from /opt/airflow/dags/first.py
[2021-03-15 15:32:16,436] {scheduler_job.py:639} INFO - DAG(s) dict_keys(['PostgresOperator_dag']) retrieved from /opt/airflow/dags/first.py
[2021-03-15 15:32:16,455] {logging_mixin.py:104} INFO - [2021-03-15 15:32:16,455] {dag.py:1818} INFO - Sync 1 DAGs
[2021-03-15 15:32:16,469] {logging_mixin.py:104} INFO - [2021-03-15 15:32:16,469] {dag.py:2273} INFO - Setting next_dagrun for PostgresOperator_dag to None
[2021-03-15 15:32:16,476] {scheduler_job.py:190} INFO - Processing /opt/airflow/dags/first.py took 0.064 seconds
[2021-03-15 15:32:46,553] {scheduler_job.py:182} INFO - Started process (PID=43) to work on /opt/airflow/dags/first.py
[2021-03-15 15:32:46,555] {scheduler_job.py:629} INFO - Processing file /opt/airflow/dags/first.py for tasks to queue
[2021-03-15 15:32:46,556] {logging_mixin.py:104} INFO - [2021-03-15 15:32:46,556] {dagbag.py:448} INFO - Filling up the DagBag from /opt/airflow/dags/first.py
[2021-03-15 15:32:46,580] {scheduler_job.py:639} INFO - DAG(s) dict_keys(['PostgresOperator_dag']) retrieved from /opt/airflow/dags/first.py
[2021-03-15 15:32:46,601] {logging_mixin.py:104} INFO - [2021-03-15 15:32:46,601] {dag.py:1818} INFO - Sync 1 DAGs
[2021-03-15 15:32:46,616] {logging_mixin.py:104} INFO - [2021-03-15 15:32:46,616] {dag.py:2273} INFO - Setting next_dagrun for PostgresOperator_dag to None
[2021-03-15 15:32:46,624] {scheduler_job.py:190} INFO - Processing /opt/airflow/dags/first.py took 0.074 seconds
[2021-03-15 15:33:16,682] {scheduler_job.py:182} INFO - Started process (PID=44) to work on /opt/airflow/dags/first.py
[2021-03-15 15:33:16,684] {scheduler_job.py:629} INFO - Processing file /opt/airflow/dags/first.py for tasks to queue
[2021-03-15 15:33:16,686] {logging_mixin.py:104} INFO - [2021-03-15 15:33:16,686] {dagbag.py:448} INFO - Filling up the DagBag from /opt/airflow/dags/first.py
[2021-03-15 15:33:16,712] {scheduler_job.py:639} INFO - DAG(s) dict_keys(['PostgresOperator_dag']) retrieved from /opt/airflow/dags/first.py
[2021-03-15 15:33:16,738] {logging_mixin.py:104} INFO - [2021-03-15 15:33:16,738] {dag.py:1818} INFO - Sync 1 DAGs
[2021-03-15 15:33:16,764] {logging_mixin.py:104} INFO - [2021-03-15 15:33:16,764] {dag.py:2273} INFO - Setting next_dagrun for PostgresOperator_dag to None
[2021-03-15 15:33:16,773] {scheduler_job.py:190} INFO - Processing /opt/airflow/dags/first.py took 0.097 seconds
[2021-03-15 15:33:46,811] {scheduler_job.py:182} INFO - Started process (PID=45) to work on /opt/airflow/dags/first.py
[2021-03-15 15:33:46,813] {scheduler_job.py:629} INFO - Processing file /opt/airflow/dags/first.py for tasks to queue
[2021-03-15 15:33:46,814] {logging_mixin.py:104} INFO - [2021-03-15 15:33:46,814] {dagbag.py:448} INFO - Filling up the DagBag from /opt/airflow/dags/first.py
[2021-03-15 15:33:46,843] {scheduler_job.py:639} INFO - DAG(s) dict_keys(['PostgresOperator_dag']) retrieved from /opt/airflow/dags/first.py
[2021-03-15 15:33:46,863] {logging_mixin.py:104} INFO - [2021-03-15 15:33:46,863] {dag.py:1818} INFO - Sync 1 DAGs
[2021-03-15 15:33:46,881] {logging_mixin.py:104} INFO - [2021-03-15 15:33:46,881] {dag.py:2273} INFO - Setting next_dagrun for PostgresOperator_dag to None
[2021-03-15 15:33:46,891] {scheduler_job.py:190} INFO - Processing /opt/airflow/dags/first.py took 0.084 seconds
[2021-03-15 15:34:16,943] {scheduler_job.py:182} INFO - Started process (PID=51) to work on /opt/airflow/dags/first.py
[2021-03-15 15:34:16,945] {scheduler_job.py:629} INFO - Processing file /opt/airflow/dags/first.py for tasks to queue
[2021-03-15 15:34:16,946] {logging_mixin.py:104} INFO - [2021-03-15 15:34:16,946] {dagbag.py:448} INFO - Filling up the DagBag from /opt/airflow/dags/first.py
[2021-03-15 15:34:16,970] {scheduler_job.py:639} INFO - DAG(s) dict_keys(['PostgresOperator_dag']) retrieved from /opt/airflow/dags/first.py
[2021-03-15 15:34:16,991] {logging_mixin.py:104} INFO - [2021-03-15 15:34:16,991] {dag.py:1818} INFO - Sync 1 DAGs
[2021-03-15 15:34:17,013] {logging_mixin.py:104} INFO - [2021-03-15 15:34:17,013] {dag.py:2273} INFO - Setting next_dagrun for PostgresOperator_dag to None
[2021-03-15 15:34:17,021] {scheduler_job.py:190} INFO - Processing /opt/airflow/dags/first.py took 0.081 seconds
[2021-03-15 15:34:47,071] {scheduler_job.py:182} INFO - Started process (PID=52) to work on /opt/airflow/dags/first.py
[2021-03-15 15:34:47,073] {scheduler_job.py:629} INFO - Processing file /opt/airflow/dags/first.py for tasks to queue
[2021-03-15 15:34:47,075] {logging_mixin.py:104} INFO - [2021-03-15 15:34:47,075] {dagbag.py:448} INFO - Filling up the DagBag from /opt/airflow/dags/first.py
[2021-03-15 15:34:47,099] {scheduler_job.py:639} INFO - DAG(s) dict_keys(['PostgresOperator_dag']) retrieved from /opt/airflow/dags/first.py
[2021-03-15 15:34:47,122] {logging_mixin.py:104} INFO - [2021-03-15 15:34:47,122] {dag.py:1818} INFO - Sync 1 DAGs
[2021-03-15 15:34:47,138] {logging_mixin.py:104} INFO - [2021-03-15 15:34:47,138] {dag.py:2273} INFO - Setting next_dagrun for PostgresOperator_dag to None
[2021-03-15 15:34:47,146] {scheduler_job.py:190} INFO - Processing /opt/airflow/dags/first.py took 0.078 seconds
[2021-03-15 15:35:17,197] {scheduler_job.py:182} INFO - Started process (PID=53) to work on /opt/airflow/dags/first.py
[2021-03-15 15:35:17,198] {scheduler_job.py:629} INFO - Processing file /opt/airflow/dags/first.py for tasks to queue
[2021-03-15 15:35:17,200] {logging_mixin.py:104} INFO - [2021-03-15 15:35:17,199] {dagbag.py:448} INFO - Filling up the DagBag from /opt/airflow/dags/first.py
[2021-03-15 15:35:17,222] {scheduler_job.py:639} INFO - DAG(s) dict_keys(['PostgresOperator_dag']) retrieved from /opt/airflow/dags/first.py
[2021-03-15 15:35:17,244] {logging_mixin.py:104} INFO - [2021-03-15 15:35:17,243] {dag.py:1818} INFO - Sync 1 DAGs
[2021-03-15 15:35:17,261] {logging_mixin.py:104} INFO - [2021-03-15 15:35:17,261] {dag.py:2273} INFO - Setting next_dagrun for PostgresOperator_dag to None
[2021-03-15 15:35:17,268] {scheduler_job.py:190} INFO - Processing /opt/airflow/dags/first.py took 0.075 seconds
[2021-03-15 15:35:47,317] {scheduler_job.py:182} INFO - Started process (PID=54) to work on /opt/airflow/dags/first.py
[2021-03-15 15:35:47,319] {scheduler_job.py:629} INFO - Processing file /opt/airflow/dags/first.py for tasks to queue
[2021-03-15 15:35:47,320] {logging_mixin.py:104} INFO - [2021-03-15 15:35:47,320] {dagbag.py:448} INFO - Filling up the DagBag from /opt/airflow/dags/first.py
[2021-03-15 15:35:47,356] {scheduler_job.py:639} INFO - DAG(s) dict_keys(['PostgresOperator_dag']) retrieved from /opt/airflow/dags/first.py
[2021-03-15 15:35:47,383] {logging_mixin.py:104} INFO - [2021-03-15 15:35:47,383] {dag.py:1818} INFO - Sync 1 DAGs
[2021-03-15 15:35:47,399] {logging_mixin.py:104} INFO - [2021-03-15 15:35:47,399] {dag.py:2273} INFO - Setting next_dagrun for PostgresOperator_dag to None
[2021-03-15 15:35:47,407] {scheduler_job.py:190} INFO - Processing /opt/airflow/dags/first.py took 0.094 seconds
[2021-03-15 15:36:17,456] {scheduler_job.py:182} INFO - Started process (PID=55) to work on /opt/airflow/dags/first.py
[2021-03-15 15:36:17,458] {scheduler_job.py:629} INFO - Processing file /opt/airflow/dags/first.py for tasks to queue
[2021-03-15 15:36:17,459] {logging_mixin.py:104} INFO - [2021-03-15 15:36:17,459] {dagbag.py:448} INFO - Filling up the DagBag from /opt/airflow/dags/first.py
[2021-03-15 15:36:17,482] {scheduler_job.py:639} INFO - DAG(s) dict_keys(['PostgresOperator_dag']) retrieved from /opt/airflow/dags/first.py
[2021-03-15 15:36:17,503] {logging_mixin.py:104} INFO - [2021-03-15 15:36:17,503] {dag.py:1818} INFO - Sync 1 DAGs
[2021-03-15 15:36:17,520] {logging_mixin.py:104} INFO - [2021-03-15 15:36:17,520] {dag.py:2273} INFO - Setting next_dagrun for PostgresOperator_dag to None
[2021-03-15 15:36:17,529] {scheduler_job.py:190} INFO - Processing /opt/airflow/dags/first.py took 0.077 seconds
[2021-03-15 15:36:47,582] {scheduler_job.py:182} INFO - Started process (PID=61) to work on /opt/airflow/dags/first.py
[2021-03-15 15:36:47,584] {scheduler_job.py:629} INFO - Processing file /opt/airflow/dags/first.py for tasks to queue
[2021-03-15 15:36:47,585] {logging_mixin.py:104} INFO - [2021-03-15 15:36:47,585] {dagbag.py:448} INFO - Filling up the DagBag from /opt/airflow/dags/first.py
[2021-03-15 15:36:47,609] {scheduler_job.py:639} INFO - DAG(s) dict_keys(['PostgresOperator_dag']) retrieved from /opt/airflow/dags/first.py
[2021-03-15 15:36:47,636] {logging_mixin.py:104} INFO - [2021-03-15 15:36:47,636] {dag.py:1818} INFO - Sync 1 DAGs
[2021-03-15 15:36:47,653] {logging_mixin.py:104} INFO - [2021-03-15 15:36:47,653] {dag.py:2273} INFO - Setting next_dagrun for PostgresOperator_dag to None
[2021-03-15 15:36:47,660] {scheduler_job.py:190} INFO - Processing /opt/airflow/dags/first.py took 0.082 seconds
[2021-03-15 15:37:17,713] {scheduler_job.py:182} INFO - Started process (PID=62) to work on /opt/airflow/dags/first.py
[2021-03-15 15:37:17,716] {scheduler_job.py:629} INFO - Processing file /opt/airflow/dags/first.py for tasks to queue
[2021-03-15 15:37:17,717] {logging_mixin.py:104} INFO - [2021-03-15 15:37:17,717] {dagbag.py:448} INFO - Filling up the DagBag from /opt/airflow/dags/first.py
[2021-03-15 15:37:17,748] {scheduler_job.py:639} INFO - DAG(s) dict_keys(['PostgresOperator_dag']) retrieved from /opt/airflow/dags/first.py
[2021-03-15 15:37:17,774] {logging_mixin.py:104} INFO - [2021-03-15 15:37:17,774] {dag.py:1818} INFO - Sync 1 DAGs
[2021-03-15 15:37:17,794] {logging_mixin.py:104} INFO - [2021-03-15 15:37:17,794] {dag.py:2273} INFO - Setting next_dagrun for PostgresOperator_dag to None
[2021-03-15 15:37:17,801] {scheduler_job.py:190} INFO - Processing /opt/airflow/dags/first.py took 0.094 seconds
[2021-03-15 15:37:47,831] {scheduler_job.py:182} INFO - Started process (PID=63) to work on /opt/airflow/dags/first.py
[2021-03-15 15:37:47,835] {scheduler_job.py:629} INFO - Processing file /opt/airflow/dags/first.py for tasks to queue
[2021-03-15 15:37:47,837] {logging_mixin.py:104} INFO - [2021-03-15 15:37:47,837] {dagbag.py:448} INFO - Filling up the DagBag from /opt/airflow/dags/first.py
[2021-03-15 15:37:47,861] {scheduler_job.py:639} INFO - DAG(s) dict_keys(['PostgresOperator_dag']) retrieved from /opt/airflow/dags/first.py
[2021-03-15 15:37:47,885] {logging_mixin.py:104} INFO - [2021-03-15 15:37:47,885] {dag.py:1818} INFO - Sync 1 DAGs
[2021-03-15 15:37:47,901] {logging_mixin.py:104} INFO - [2021-03-15 15:37:47,901] {dag.py:2273} INFO - Setting next_dagrun for PostgresOperator_dag to None
[2021-03-15 15:37:47,909] {scheduler_job.py:190} INFO - Processing /opt/airflow/dags/first.py took 0.082 seconds
[2021-03-15 15:38:17,963] {scheduler_job.py:182} INFO - Started process (PID=64) to work on /opt/airflow/dags/first.py
[2021-03-15 15:38:17,965] {scheduler_job.py:629} INFO - Processing file /opt/airflow/dags/first.py for tasks to queue
[2021-03-15 15:38:17,966] {logging_mixin.py:104} INFO - [2021-03-15 15:38:17,965] {dagbag.py:448} INFO - Filling up the DagBag from /opt/airflow/dags/first.py
[2021-03-15 15:38:17,984] {scheduler_job.py:639} INFO - DAG(s) dict_keys(['PostgresOperator_dag']) retrieved from /opt/airflow/dags/first.py
[2021-03-15 15:38:18,005] {logging_mixin.py:104} INFO - [2021-03-15 15:38:18,004] {dag.py:1818} INFO - Sync 1 DAGs
[2021-03-15 15:38:18,017] {logging_mixin.py:104} INFO - [2021-03-15 15:38:18,017] {dag.py:2273} INFO - Setting next_dagrun for PostgresOperator_dag to None
[2021-03-15 15:38:18,024] {scheduler_job.py:190} INFO - Processing /opt/airflow/dags/first.py took 0.064 seconds
[2021-03-15 15:38:48,092] {scheduler_job.py:182} INFO - Started process (PID=65) to work on /opt/airflow/dags/first.py
[2021-03-15 15:38:48,094] {scheduler_job.py:629} INFO - Processing file /opt/airflow/dags/first.py for tasks to queue
[2021-03-15 15:38:48,095] {logging_mixin.py:104} INFO - [2021-03-15 15:38:48,095] {dagbag.py:448} INFO - Filling up the DagBag from /opt/airflow/dags/first.py
[2021-03-15 15:38:48,119] {scheduler_job.py:639} INFO - DAG(s) dict_keys(['PostgresOperator_dag']) retrieved from /opt/airflow/dags/first.py
[2021-03-15 15:38:48,145] {logging_mixin.py:104} INFO - [2021-03-15 15:38:48,145] {dag.py:1818} INFO - Sync 1 DAGs
[2021-03-15 15:38:48,161] {logging_mixin.py:104} INFO - [2021-03-15 15:38:48,161] {dag.py:2273} INFO - Setting next_dagrun for PostgresOperator_dag to None
[2021-03-15 15:38:48,169] {scheduler_job.py:190} INFO - Processing /opt/airflow/dags/first.py took 0.080 seconds
[2021-03-15 15:39:18,199] {scheduler_job.py:182} INFO - Started process (PID=66) to work on /opt/airflow/dags/first.py
[2021-03-15 15:39:18,200] {scheduler_job.py:629} INFO - Processing file /opt/airflow/dags/first.py for tasks to queue
[2021-03-15 15:39:18,201] {logging_mixin.py:104} INFO - [2021-03-15 15:39:18,201] {dagbag.py:448} INFO - Filling up the DagBag from /opt/airflow/dags/first.py
[2021-03-15 15:39:18,219] {scheduler_job.py:639} INFO - DAG(s) dict_keys(['PostgresOperator_dag']) retrieved from /opt/airflow/dags/first.py
[2021-03-15 15:39:18,245] {logging_mixin.py:104} INFO - [2021-03-15 15:39:18,245] {dag.py:1818} INFO - Sync 1 DAGs
[2021-03-15 15:39:18,259] {logging_mixin.py:104} INFO - [2021-03-15 15:39:18,259] {dag.py:2273} INFO - Setting next_dagrun for PostgresOperator_dag to None
[2021-03-15 15:39:18,267] {scheduler_job.py:190} INFO - Processing /opt/airflow/dags/first.py took 0.071 seconds
[2021-03-15 15:39:48,353] {scheduler_job.py:182} INFO - Started process (PID=67) to work on /opt/airflow/dags/first.py
[2021-03-15 15:39:48,354] {scheduler_job.py:629} INFO - Processing file /opt/airflow/dags/first.py for tasks to queue
[2021-03-15 15:39:48,356] {logging_mixin.py:104} INFO - [2021-03-15 15:39:48,355] {dagbag.py:448} INFO - Filling up the DagBag from /opt/airflow/dags/first.py
[2021-03-15 15:39:48,380] {scheduler_job.py:639} INFO - DAG(s) dict_keys(['PostgresOperator_dag']) retrieved from /opt/airflow/dags/first.py
[2021-03-15 15:39:48,400] {logging_mixin.py:104} INFO - [2021-03-15 15:39:48,400] {dag.py:1818} INFO - Sync 1 DAGs
[2021-03-15 15:39:48,413] {logging_mixin.py:104} INFO - [2021-03-15 15:39:48,413] {dag.py:2273} INFO - Setting next_dagrun for PostgresOperator_dag to None
[2021-03-15 15:39:48,420] {scheduler_job.py:190} INFO - Processing /opt/airflow/dags/first.py took 0.071 seconds
[2021-03-15 15:40:18,462] {scheduler_job.py:182} INFO - Started process (PID=68) to work on /opt/airflow/dags/first.py
[2021-03-15 15:40:18,464] {scheduler_job.py:629} INFO - Processing file /opt/airflow/dags/first.py for tasks to queue
[2021-03-15 15:40:18,465] {logging_mixin.py:104} INFO - [2021-03-15 15:40:18,465] {dagbag.py:448} INFO - Filling up the DagBag from /opt/airflow/dags/first.py
[2021-03-15 15:40:18,491] {scheduler_job.py:639} INFO - DAG(s) dict_keys(['PostgresOperator_dag']) retrieved from /opt/airflow/dags/first.py
[2021-03-15 15:40:18,513] {logging_mixin.py:104} INFO - [2021-03-15 15:40:18,513] {dag.py:1818} INFO - Sync 1 DAGs
[2021-03-15 15:40:18,527] {logging_mixin.py:104} INFO - [2021-03-15 15:40:18,527] {dag.py:2273} INFO - Setting next_dagrun for PostgresOperator_dag to None
[2021-03-15 15:40:18,541] {scheduler_job.py:190} INFO - Processing /opt/airflow/dags/first.py took 0.083 seconds
[2021-03-15 16:08:37,486] {scheduler_job.py:182} INFO - Started process (PID=24) to work on /opt/airflow/dags/first.py
[2021-03-15 16:08:37,488] {scheduler_job.py:629} INFO - Processing file /opt/airflow/dags/first.py for tasks to queue
[2021-03-15 16:08:37,491] {logging_mixin.py:104} INFO - [2021-03-15 16:08:37,490] {dagbag.py:448} INFO - Filling up the DagBag from /opt/airflow/dags/first.py
[2021-03-15 16:08:37,528] {scheduler_job.py:639} INFO - DAG(s) dict_keys(['PostgresOperator_dag']) retrieved from /opt/airflow/dags/first.py
[2021-03-15 16:08:37,550] {logging_mixin.py:104} INFO - [2021-03-15 16:08:37,550] {dag.py:1818} INFO - Sync 1 DAGs
[2021-03-15 16:08:37,566] {logging_mixin.py:104} INFO - [2021-03-15 16:08:37,566] {dag.py:2273} INFO - Setting next_dagrun for PostgresOperator_dag to None
[2021-03-15 16:08:37,574] {scheduler_job.py:190} INFO - Processing /opt/airflow/dags/first.py took 0.093 seconds
[2021-03-15 16:09:16,384] {scheduler_job.py:182} INFO - Started process (PID=25) to work on /opt/airflow/dags/first.py
[2021-03-15 16:09:16,386] {scheduler_job.py:629} INFO - Processing file /opt/airflow/dags/first.py for tasks to queue
[2021-03-15 16:09:16,387] {logging_mixin.py:104} INFO - [2021-03-15 16:09:16,387] {dagbag.py:448} INFO - Filling up the DagBag from /opt/airflow/dags/first.py
[2021-03-15 16:09:16,412] {scheduler_job.py:639} INFO - DAG(s) dict_keys(['PostgresOperator_dag']) retrieved from /opt/airflow/dags/first.py
[2021-03-15 16:09:16,434] {logging_mixin.py:104} INFO - [2021-03-15 16:09:16,434] {dag.py:1818} INFO - Sync 1 DAGs
[2021-03-15 16:09:16,448] {logging_mixin.py:104} INFO - [2021-03-15 16:09:16,448] {dag.py:2273} INFO - Setting next_dagrun for PostgresOperator_dag to None
[2021-03-15 16:09:16,455] {scheduler_job.py:190} INFO - Processing /opt/airflow/dags/first.py took 0.075 seconds
[2021-03-15 16:09:46,521] {scheduler_job.py:182} INFO - Started process (PID=26) to work on /opt/airflow/dags/first.py
[2021-03-15 16:09:46,523] {scheduler_job.py:629} INFO - Processing file /opt/airflow/dags/first.py for tasks to queue
[2021-03-15 16:09:46,524] {logging_mixin.py:104} INFO - [2021-03-15 16:09:46,524] {dagbag.py:448} INFO - Filling up the DagBag from /opt/airflow/dags/first.py
[2021-03-15 16:09:46,548] {scheduler_job.py:639} INFO - DAG(s) dict_keys(['PostgresOperator_dag']) retrieved from /opt/airflow/dags/first.py
[2021-03-15 16:09:46,568] {logging_mixin.py:104} INFO - [2021-03-15 16:09:46,568] {dag.py:1818} INFO - Sync 1 DAGs
[2021-03-15 16:09:46,582] {logging_mixin.py:104} INFO - [2021-03-15 16:09:46,582] {dag.py:2273} INFO - Setting next_dagrun for PostgresOperator_dag to None
[2021-03-15 16:09:46,589] {scheduler_job.py:190} INFO - Processing /opt/airflow/dags/first.py took 0.071 seconds
[2021-03-15 16:10:16,621] {scheduler_job.py:182} INFO - Started process (PID=27) to work on /opt/airflow/dags/first.py
[2021-03-15 16:10:16,624] {scheduler_job.py:629} INFO - Processing file /opt/airflow/dags/first.py for tasks to queue
[2021-03-15 16:10:16,625] {logging_mixin.py:104} INFO - [2021-03-15 16:10:16,625] {dagbag.py:448} INFO - Filling up the DagBag from /opt/airflow/dags/first.py
[2021-03-15 16:10:16,648] {scheduler_job.py:639} INFO - DAG(s) dict_keys(['PostgresOperator_dag']) retrieved from /opt/airflow/dags/first.py
[2021-03-15 16:10:16,668] {logging_mixin.py:104} INFO - [2021-03-15 16:10:16,668] {dag.py:1818} INFO - Sync 1 DAGs
[2021-03-15 16:10:16,682] {logging_mixin.py:104} INFO - [2021-03-15 16:10:16,681] {dag.py:2273} INFO - Setting next_dagrun for PostgresOperator_dag to None
[2021-03-15 16:10:16,688] {scheduler_job.py:190} INFO - Processing /opt/airflow/dags/first.py took 0.071 seconds
[2021-03-15 16:10:46,754] {scheduler_job.py:182} INFO - Started process (PID=28) to work on /opt/airflow/dags/first.py
[2021-03-15 16:10:46,756] {scheduler_job.py:629} INFO - Processing file /opt/airflow/dags/first.py for tasks to queue
[2021-03-15 16:10:46,757] {logging_mixin.py:104} INFO - [2021-03-15 16:10:46,757] {dagbag.py:448} INFO - Filling up the DagBag from /opt/airflow/dags/first.py
[2021-03-15 16:10:46,779] {scheduler_job.py:639} INFO - DAG(s) dict_keys(['PostgresOperator_dag']) retrieved from /opt/airflow/dags/first.py
[2021-03-15 16:10:46,799] {logging_mixin.py:104} INFO - [2021-03-15 16:10:46,799] {dag.py:1818} INFO - Sync 1 DAGs
[2021-03-15 16:10:46,812] {logging_mixin.py:104} INFO - [2021-03-15 16:10:46,812] {dag.py:2273} INFO - Setting next_dagrun for PostgresOperator_dag to None
[2021-03-15 16:10:46,819] {scheduler_job.py:190} INFO - Processing /opt/airflow/dags/first.py took 0.069 seconds
[2021-03-15 16:11:16,867] {scheduler_job.py:182} INFO - Started process (PID=29) to work on /opt/airflow/dags/first.py
[2021-03-15 16:11:16,868] {scheduler_job.py:629} INFO - Processing file /opt/airflow/dags/first.py for tasks to queue
[2021-03-15 16:11:16,870] {logging_mixin.py:104} INFO - [2021-03-15 16:11:16,870] {dagbag.py:448} INFO - Filling up the DagBag from /opt/airflow/dags/first.py
[2021-03-15 16:11:16,892] {scheduler_job.py:639} INFO - DAG(s) dict_keys(['PostgresOperator_dag']) retrieved from /opt/airflow/dags/first.py
[2021-03-15 16:11:16,912] {logging_mixin.py:104} INFO - [2021-03-15 16:11:16,912] {dag.py:1818} INFO - Sync 1 DAGs
[2021-03-15 16:11:16,925] {logging_mixin.py:104} INFO - [2021-03-15 16:11:16,925] {dag.py:2273} INFO - Setting next_dagrun for PostgresOperator_dag to None
[2021-03-15 16:11:16,931] {scheduler_job.py:190} INFO - Processing /opt/airflow/dags/first.py took 0.068 seconds
[2021-03-15 16:11:46,990] {scheduler_job.py:182} INFO - Started process (PID=30) to work on /opt/airflow/dags/first.py
[2021-03-15 16:11:46,993] {scheduler_job.py:629} INFO - Processing file /opt/airflow/dags/first.py for tasks to queue
[2021-03-15 16:11:46,994] {logging_mixin.py:104} INFO - [2021-03-15 16:11:46,994] {dagbag.py:448} INFO - Filling up the DagBag from /opt/airflow/dags/first.py
[2021-03-15 16:11:47,016] {scheduler_job.py:639} INFO - DAG(s) dict_keys(['PostgresOperator_dag']) retrieved from /opt/airflow/dags/first.py
[2021-03-15 16:11:47,036] {logging_mixin.py:104} INFO - [2021-03-15 16:11:47,036] {dag.py:1818} INFO - Sync 1 DAGs
[2021-03-15 16:11:47,050] {logging_mixin.py:104} INFO - [2021-03-15 16:11:47,050] {dag.py:2273} INFO - Setting next_dagrun for PostgresOperator_dag to None
[2021-03-15 16:11:47,059] {scheduler_job.py:190} INFO - Processing /opt/airflow/dags/first.py took 0.072 seconds
[2021-03-15 16:12:17,103] {scheduler_job.py:182} INFO - Started process (PID=31) to work on /opt/airflow/dags/first.py
[2021-03-15 16:12:17,104] {scheduler_job.py:629} INFO - Processing file /opt/airflow/dags/first.py for tasks to queue
[2021-03-15 16:12:17,106] {logging_mixin.py:104} INFO - [2021-03-15 16:12:17,106] {dagbag.py:448} INFO - Filling up the DagBag from /opt/airflow/dags/first.py
[2021-03-15 16:12:17,128] {scheduler_job.py:639} INFO - DAG(s) dict_keys(['PostgresOperator_dag']) retrieved from /opt/airflow/dags/first.py
[2021-03-15 16:12:17,147] {logging_mixin.py:104} INFO - [2021-03-15 16:12:17,147] {dag.py:1818} INFO - Sync 1 DAGs
[2021-03-15 16:12:17,161] {logging_mixin.py:104} INFO - [2021-03-15 16:12:17,161] {dag.py:2273} INFO - Setting next_dagrun for PostgresOperator_dag to None
[2021-03-15 16:12:17,168] {scheduler_job.py:190} INFO - Processing /opt/airflow/dags/first.py took 0.069 seconds
[2021-03-15 16:12:47,222] {scheduler_job.py:182} INFO - Started process (PID=32) to work on /opt/airflow/dags/first.py
[2021-03-15 16:12:47,223] {scheduler_job.py:629} INFO - Processing file /opt/airflow/dags/first.py for tasks to queue
[2021-03-15 16:12:47,224] {logging_mixin.py:104} INFO - [2021-03-15 16:12:47,224] {dagbag.py:448} INFO - Filling up the DagBag from /opt/airflow/dags/first.py
[2021-03-15 16:12:47,242] {scheduler_job.py:639} INFO - DAG(s) dict_keys(['PostgresOperator_dag']) retrieved from /opt/airflow/dags/first.py
[2021-03-15 16:12:47,259] {logging_mixin.py:104} INFO - [2021-03-15 16:12:47,259] {dag.py:1818} INFO - Sync 1 DAGs
[2021-03-15 16:12:47,270] {logging_mixin.py:104} INFO - [2021-03-15 16:12:47,270] {dag.py:2273} INFO - Setting next_dagrun for PostgresOperator_dag to None
[2021-03-15 16:12:47,277] {scheduler_job.py:190} INFO - Processing /opt/airflow/dags/first.py took 0.057 seconds
[2021-03-15 16:13:17,329] {scheduler_job.py:182} INFO - Started process (PID=33) to work on /opt/airflow/dags/first.py
[2021-03-15 16:13:17,330] {scheduler_job.py:629} INFO - Processing file /opt/airflow/dags/first.py for tasks to queue
[2021-03-15 16:13:17,331] {logging_mixin.py:104} INFO - [2021-03-15 16:13:17,331] {dagbag.py:448} INFO - Filling up the DagBag from /opt/airflow/dags/first.py
[2021-03-15 16:13:17,349] {scheduler_job.py:639} INFO - DAG(s) dict_keys(['PostgresOperator_dag']) retrieved from /opt/airflow/dags/first.py
[2021-03-15 16:13:17,367] {logging_mixin.py:104} INFO - [2021-03-15 16:13:17,367] {dag.py:1818} INFO - Sync 1 DAGs
[2021-03-15 16:13:17,379] {logging_mixin.py:104} INFO - [2021-03-15 16:13:17,379] {dag.py:2273} INFO - Setting next_dagrun for PostgresOperator_dag to None
[2021-03-15 16:13:17,385] {scheduler_job.py:190} INFO - Processing /opt/airflow/dags/first.py took 0.059 seconds
[2021-03-15 16:13:47,458] {scheduler_job.py:182} INFO - Started process (PID=34) to work on /opt/airflow/dags/first.py
[2021-03-15 16:13:47,460] {scheduler_job.py:629} INFO - Processing file /opt/airflow/dags/first.py for tasks to queue
[2021-03-15 16:13:47,461] {logging_mixin.py:104} INFO - [2021-03-15 16:13:47,461] {dagbag.py:448} INFO - Filling up the DagBag from /opt/airflow/dags/first.py
[2021-03-15 16:13:47,484] {scheduler_job.py:639} INFO - DAG(s) dict_keys(['PostgresOperator_dag']) retrieved from /opt/airflow/dags/first.py
[2021-03-15 16:13:47,504] {logging_mixin.py:104} INFO - [2021-03-15 16:13:47,504] {dag.py:1818} INFO - Sync 1 DAGs
[2021-03-15 16:13:47,518] {logging_mixin.py:104} INFO - [2021-03-15 16:13:47,518] {dag.py:2273} INFO - Setting next_dagrun for PostgresOperator_dag to None
[2021-03-15 16:13:47,525] {scheduler_job.py:190} INFO - Processing /opt/airflow/dags/first.py took 0.070 seconds
[2021-03-15 16:14:17,597] {scheduler_job.py:182} INFO - Started process (PID=35) to work on /opt/airflow/dags/first.py
[2021-03-15 16:14:17,600] {scheduler_job.py:629} INFO - Processing file /opt/airflow/dags/first.py for tasks to queue
[2021-03-15 16:14:17,601] {logging_mixin.py:104} INFO - [2021-03-15 16:14:17,600] {dagbag.py:448} INFO - Filling up the DagBag from /opt/airflow/dags/first.py
[2021-03-15 16:14:17,621] {scheduler_job.py:639} INFO - DAG(s) dict_keys(['PostgresOperator_dag']) retrieved from /opt/airflow/dags/first.py
[2021-03-15 16:14:17,645] {logging_mixin.py:104} INFO - [2021-03-15 16:14:17,645] {dag.py:1818} INFO - Sync 1 DAGs
[2021-03-15 16:14:17,658] {logging_mixin.py:104} INFO - [2021-03-15 16:14:17,658] {dag.py:2273} INFO - Setting next_dagrun for PostgresOperator_dag to None
[2021-03-15 16:14:17,664] {scheduler_job.py:190} INFO - Processing /opt/airflow/dags/first.py took 0.069 seconds
[2021-03-15 16:14:47,723] {scheduler_job.py:182} INFO - Started process (PID=36) to work on /opt/airflow/dags/first.py
[2021-03-15 16:14:47,726] {scheduler_job.py:629} INFO - Processing file /opt/airflow/dags/first.py for tasks to queue
[2021-03-15 16:14:47,727] {logging_mixin.py:104} INFO - [2021-03-15 16:14:47,727] {dagbag.py:448} INFO - Filling up the DagBag from /opt/airflow/dags/first.py
[2021-03-15 16:14:47,750] {scheduler_job.py:639} INFO - DAG(s) dict_keys(['PostgresOperator_dag']) retrieved from /opt/airflow/dags/first.py
[2021-03-15 16:14:47,772] {logging_mixin.py:104} INFO - [2021-03-15 16:14:47,772] {dag.py:1818} INFO - Sync 1 DAGs
[2021-03-15 16:14:47,786] {logging_mixin.py:104} INFO - [2021-03-15 16:14:47,786] {dag.py:2273} INFO - Setting next_dagrun for PostgresOperator_dag to None
[2021-03-15 16:14:47,798] {scheduler_job.py:190} INFO - Processing /opt/airflow/dags/first.py took 0.079 seconds
[2021-03-15 16:15:17,840] {scheduler_job.py:182} INFO - Started process (PID=37) to work on /opt/airflow/dags/first.py
[2021-03-15 16:15:17,842] {scheduler_job.py:629} INFO - Processing file /opt/airflow/dags/first.py for tasks to queue
[2021-03-15 16:15:17,843] {logging_mixin.py:104} INFO - [2021-03-15 16:15:17,843] {dagbag.py:448} INFO - Filling up the DagBag from /opt/airflow/dags/first.py
[2021-03-15 16:15:17,869] {scheduler_job.py:639} INFO - DAG(s) dict_keys(['PostgresOperator_dag']) retrieved from /opt/airflow/dags/first.py
[2021-03-15 16:15:17,898] {logging_mixin.py:104} INFO - [2021-03-15 16:15:17,898] {dag.py:1818} INFO - Sync 1 DAGs
[2021-03-15 16:15:17,914] {logging_mixin.py:104} INFO - [2021-03-15 16:15:17,914] {dag.py:2273} INFO - Setting next_dagrun for PostgresOperator_dag to None
[2021-03-15 16:15:17,921] {scheduler_job.py:190} INFO - Processing /opt/airflow/dags/first.py took 0.085 seconds
[2021-03-15 16:15:47,980] {scheduler_job.py:182} INFO - Started process (PID=38) to work on /opt/airflow/dags/first.py
[2021-03-15 16:15:47,983] {scheduler_job.py:629} INFO - Processing file /opt/airflow/dags/first.py for tasks to queue
[2021-03-15 16:15:47,984] {logging_mixin.py:104} INFO - [2021-03-15 16:15:47,984] {dagbag.py:448} INFO - Filling up the DagBag from /opt/airflow/dags/first.py
[2021-03-15 16:15:48,006] {scheduler_job.py:639} INFO - DAG(s) dict_keys(['PostgresOperator_dag']) retrieved from /opt/airflow/dags/first.py
[2021-03-15 16:15:48,027] {logging_mixin.py:104} INFO - [2021-03-15 16:15:48,026] {dag.py:1818} INFO - Sync 1 DAGs
[2021-03-15 16:15:48,040] {logging_mixin.py:104} INFO - [2021-03-15 16:15:48,040] {dag.py:2273} INFO - Setting next_dagrun for PostgresOperator_dag to None
[2021-03-15 16:15:48,048] {scheduler_job.py:190} INFO - Processing /opt/airflow/dags/first.py took 0.071 seconds
[2021-03-15 16:16:18,103] {scheduler_job.py:182} INFO - Started process (PID=39) to work on /opt/airflow/dags/first.py
[2021-03-15 16:16:18,106] {scheduler_job.py:629} INFO - Processing file /opt/airflow/dags/first.py for tasks to queue
[2021-03-15 16:16:18,107] {logging_mixin.py:104} INFO - [2021-03-15 16:16:18,107] {dagbag.py:448} INFO - Filling up the DagBag from /opt/airflow/dags/first.py
[2021-03-15 16:16:18,130] {scheduler_job.py:639} INFO - DAG(s) dict_keys(['PostgresOperator_dag']) retrieved from /opt/airflow/dags/first.py
[2021-03-15 16:16:18,151] {logging_mixin.py:104} INFO - [2021-03-15 16:16:18,151] {dag.py:1818} INFO - Sync 1 DAGs
[2021-03-15 16:16:18,165] {logging_mixin.py:104} INFO - [2021-03-15 16:16:18,165] {dag.py:2273} INFO - Setting next_dagrun for PostgresOperator_dag to None
[2021-03-15 16:16:18,171] {scheduler_job.py:190} INFO - Processing /opt/airflow/dags/first.py took 0.072 seconds
[2021-03-15 16:16:48,239] {scheduler_job.py:182} INFO - Started process (PID=40) to work on /opt/airflow/dags/first.py
[2021-03-15 16:16:48,241] {scheduler_job.py:629} INFO - Processing file /opt/airflow/dags/first.py for tasks to queue
[2021-03-15 16:16:48,242] {logging_mixin.py:104} INFO - [2021-03-15 16:16:48,242] {dagbag.py:448} INFO - Filling up the DagBag from /opt/airflow/dags/first.py
[2021-03-15 16:16:48,277] {scheduler_job.py:639} INFO - DAG(s) dict_keys(['PostgresOperator_dag']) retrieved from /opt/airflow/dags/first.py
[2021-03-15 16:16:48,304] {logging_mixin.py:104} INFO - [2021-03-15 16:16:48,303] {dag.py:1818} INFO - Sync 1 DAGs
[2021-03-15 16:16:48,323] {logging_mixin.py:104} INFO - [2021-03-15 16:16:48,323] {dag.py:2273} INFO - Setting next_dagrun for PostgresOperator_dag to None
[2021-03-15 16:16:48,332] {scheduler_job.py:190} INFO - Processing /opt/airflow/dags/first.py took 0.098 seconds
[2021-03-15 16:17:18,404] {scheduler_job.py:182} INFO - Started process (PID=41) to work on /opt/airflow/dags/first.py
[2021-03-15 16:17:18,406] {scheduler_job.py:629} INFO - Processing file /opt/airflow/dags/first.py for tasks to queue
[2021-03-15 16:17:18,407] {logging_mixin.py:104} INFO - [2021-03-15 16:17:18,407] {dagbag.py:448} INFO - Filling up the DagBag from /opt/airflow/dags/first.py
[2021-03-15 16:17:18,431] {scheduler_job.py:639} INFO - DAG(s) dict_keys(['PostgresOperator_dag']) retrieved from /opt/airflow/dags/first.py
[2021-03-15 16:17:18,452] {logging_mixin.py:104} INFO - [2021-03-15 16:17:18,452] {dag.py:1818} INFO - Sync 1 DAGs
[2021-03-15 16:17:18,468] {logging_mixin.py:104} INFO - [2021-03-15 16:17:18,468] {dag.py:2273} INFO - Setting next_dagrun for PostgresOperator_dag to None
[2021-03-15 16:17:18,476] {scheduler_job.py:190} INFO - Processing /opt/airflow/dags/first.py took 0.081 seconds
[2021-03-15 16:17:48,520] {scheduler_job.py:182} INFO - Started process (PID=42) to work on /opt/airflow/dags/first.py
[2021-03-15 16:17:48,522] {scheduler_job.py:629} INFO - Processing file /opt/airflow/dags/first.py for tasks to queue
[2021-03-15 16:17:48,523] {logging_mixin.py:104} INFO - [2021-03-15 16:17:48,523] {dagbag.py:448} INFO - Filling up the DagBag from /opt/airflow/dags/first.py
[2021-03-15 16:17:48,543] {scheduler_job.py:639} INFO - DAG(s) dict_keys(['PostgresOperator_dag']) retrieved from /opt/airflow/dags/first.py
[2021-03-15 16:17:48,565] {logging_mixin.py:104} INFO - [2021-03-15 16:17:48,565] {dag.py:1818} INFO - Sync 1 DAGs
[2021-03-15 16:17:48,577] {logging_mixin.py:104} INFO - [2021-03-15 16:17:48,577] {dag.py:2273} INFO - Setting next_dagrun for PostgresOperator_dag to None
[2021-03-15 16:17:48,585] {scheduler_job.py:190} INFO - Processing /opt/airflow/dags/first.py took 0.068 seconds
[2021-03-15 16:18:18,661] {scheduler_job.py:182} INFO - Started process (PID=43) to work on /opt/airflow/dags/first.py
[2021-03-15 16:18:18,663] {scheduler_job.py:629} INFO - Processing file /opt/airflow/dags/first.py for tasks to queue
[2021-03-15 16:18:18,665] {logging_mixin.py:104} INFO - [2021-03-15 16:18:18,665] {dagbag.py:448} INFO - Filling up the DagBag from /opt/airflow/dags/first.py
[2021-03-15 16:18:18,688] {scheduler_job.py:639} INFO - DAG(s) dict_keys(['PostgresOperator_dag']) retrieved from /opt/airflow/dags/first.py
[2021-03-15 16:18:18,709] {logging_mixin.py:104} INFO - [2021-03-15 16:18:18,709] {dag.py:1818} INFO - Sync 1 DAGs
[2021-03-15 16:18:18,724] {logging_mixin.py:104} INFO - [2021-03-15 16:18:18,724] {dag.py:2273} INFO - Setting next_dagrun for PostgresOperator_dag to None
[2021-03-15 16:18:18,731] {scheduler_job.py:190} INFO - Processing /opt/airflow/dags/first.py took 0.073 seconds
[2021-03-15 16:18:48,993] {scheduler_job.py:182} INFO - Started process (PID=44) to work on /opt/airflow/dags/first.py
[2021-03-15 16:18:48,994] {scheduler_job.py:629} INFO - Processing file /opt/airflow/dags/first.py for tasks to queue
[2021-03-15 16:18:48,995] {logging_mixin.py:104} INFO - [2021-03-15 16:18:48,995] {dagbag.py:448} INFO - Filling up the DagBag from /opt/airflow/dags/first.py
[2021-03-15 16:18:49,013] {scheduler_job.py:639} INFO - DAG(s) dict_keys(['PostgresOperator_dag']) retrieved from /opt/airflow/dags/first.py
[2021-03-15 16:18:49,030] {logging_mixin.py:104} INFO - [2021-03-15 16:18:49,030] {dag.py:1818} INFO - Sync 1 DAGs
[2021-03-15 16:18:49,042] {logging_mixin.py:104} INFO - [2021-03-15 16:18:49,042] {dag.py:2273} INFO - Setting next_dagrun for PostgresOperator_dag to None
[2021-03-15 16:18:49,048] {scheduler_job.py:190} INFO - Processing /opt/airflow/dags/first.py took 0.058 seconds
[2021-03-15 16:19:19,119] {scheduler_job.py:182} INFO - Started process (PID=45) to work on /opt/airflow/dags/first.py
[2021-03-15 16:19:19,120] {scheduler_job.py:629} INFO - Processing file /opt/airflow/dags/first.py for tasks to queue
[2021-03-15 16:19:19,121] {logging_mixin.py:104} INFO - [2021-03-15 16:19:19,121] {dagbag.py:448} INFO - Filling up the DagBag from /opt/airflow/dags/first.py
[2021-03-15 16:19:19,140] {scheduler_job.py:639} INFO - DAG(s) dict_keys(['PostgresOperator_dag']) retrieved from /opt/airflow/dags/first.py
[2021-03-15 16:19:19,157] {logging_mixin.py:104} INFO - [2021-03-15 16:19:19,157] {dag.py:1818} INFO - Sync 1 DAGs
[2021-03-15 16:19:19,170] {logging_mixin.py:104} INFO - [2021-03-15 16:19:19,170] {dag.py:2273} INFO - Setting next_dagrun for PostgresOperator_dag to None
[2021-03-15 16:19:19,177] {scheduler_job.py:190} INFO - Processing /opt/airflow/dags/first.py took 0.060 seconds
[2021-03-15 16:19:49,215] {scheduler_job.py:182} INFO - Started process (PID=46) to work on /opt/airflow/dags/first.py
[2021-03-15 16:19:49,217] {scheduler_job.py:629} INFO - Processing file /opt/airflow/dags/first.py for tasks to queue
[2021-03-15 16:19:49,218] {logging_mixin.py:104} INFO - [2021-03-15 16:19:49,218] {dagbag.py:448} INFO - Filling up the DagBag from /opt/airflow/dags/first.py
[2021-03-15 16:19:49,240] {scheduler_job.py:639} INFO - DAG(s) dict_keys(['PostgresOperator_dag']) retrieved from /opt/airflow/dags/first.py
[2021-03-15 16:19:49,261] {logging_mixin.py:104} INFO - [2021-03-15 16:19:49,261] {dag.py:1818} INFO - Sync 1 DAGs
[2021-03-15 16:19:49,275] {logging_mixin.py:104} INFO - [2021-03-15 16:19:49,275] {dag.py:2273} INFO - Setting next_dagrun for PostgresOperator_dag to None
[2021-03-15 16:19:49,281] {scheduler_job.py:190} INFO - Processing /opt/airflow/dags/first.py took 0.070 seconds
[2021-03-15 16:20:19,352] {scheduler_job.py:182} INFO - Started process (PID=47) to work on /opt/airflow/dags/first.py
[2021-03-15 16:20:19,354] {scheduler_job.py:629} INFO - Processing file /opt/airflow/dags/first.py for tasks to queue
[2021-03-15 16:20:19,355] {logging_mixin.py:104} INFO - [2021-03-15 16:20:19,355] {dagbag.py:448} INFO - Filling up the DagBag from /opt/airflow/dags/first.py
[2021-03-15 16:20:19,378] {scheduler_job.py:639} INFO - DAG(s) dict_keys(['PostgresOperator_dag']) retrieved from /opt/airflow/dags/first.py
[2021-03-15 16:20:19,398] {logging_mixin.py:104} INFO - [2021-03-15 16:20:19,398] {dag.py:1818} INFO - Sync 1 DAGs
[2021-03-15 16:20:19,413] {logging_mixin.py:104} INFO - [2021-03-15 16:20:19,413] {dag.py:2273} INFO - Setting next_dagrun for PostgresOperator_dag to None
[2021-03-15 16:20:19,421] {scheduler_job.py:190} INFO - Processing /opt/airflow/dags/first.py took 0.072 seconds
[2021-03-15 16:20:49,469] {scheduler_job.py:182} INFO - Started process (PID=48) to work on /opt/airflow/dags/first.py
[2021-03-15 16:20:49,471] {scheduler_job.py:629} INFO - Processing file /opt/airflow/dags/first.py for tasks to queue
[2021-03-15 16:20:49,472] {logging_mixin.py:104} INFO - [2021-03-15 16:20:49,472] {dagbag.py:448} INFO - Filling up the DagBag from /opt/airflow/dags/first.py
[2021-03-15 16:20:49,495] {scheduler_job.py:639} INFO - DAG(s) dict_keys(['PostgresOperator_dag']) retrieved from /opt/airflow/dags/first.py
[2021-03-15 16:20:49,515] {logging_mixin.py:104} INFO - [2021-03-15 16:20:49,515] {dag.py:1818} INFO - Sync 1 DAGs
[2021-03-15 16:20:49,530] {logging_mixin.py:104} INFO - [2021-03-15 16:20:49,530] {dag.py:2273} INFO - Setting next_dagrun for PostgresOperator_dag to None
[2021-03-15 16:20:49,537] {scheduler_job.py:190} INFO - Processing /opt/airflow/dags/first.py took 0.072 seconds
[2021-03-15 16:21:19,594] {scheduler_job.py:182} INFO - Started process (PID=49) to work on /opt/airflow/dags/first.py
[2021-03-15 16:21:19,596] {scheduler_job.py:629} INFO - Processing file /opt/airflow/dags/first.py for tasks to queue
[2021-03-15 16:21:19,597] {logging_mixin.py:104} INFO - [2021-03-15 16:21:19,597] {dagbag.py:448} INFO - Filling up the DagBag from /opt/airflow/dags/first.py
[2021-03-15 16:21:19,620] {scheduler_job.py:639} INFO - DAG(s) dict_keys(['PostgresOperator_dag']) retrieved from /opt/airflow/dags/first.py
[2021-03-15 16:21:19,641] {logging_mixin.py:104} INFO - [2021-03-15 16:21:19,641] {dag.py:1818} INFO - Sync 1 DAGs
[2021-03-15 16:21:19,656] {logging_mixin.py:104} INFO - [2021-03-15 16:21:19,656] {dag.py:2273} INFO - Setting next_dagrun for PostgresOperator_dag to None
[2021-03-15 16:21:19,663] {scheduler_job.py:190} INFO - Processing /opt/airflow/dags/first.py took 0.073 seconds
[2021-03-15 16:21:49,723] {scheduler_job.py:182} INFO - Started process (PID=50) to work on /opt/airflow/dags/first.py
[2021-03-15 16:21:49,724] {scheduler_job.py:629} INFO - Processing file /opt/airflow/dags/first.py for tasks to queue
[2021-03-15 16:21:49,726] {logging_mixin.py:104} INFO - [2021-03-15 16:21:49,725] {dagbag.py:448} INFO - Filling up the DagBag from /opt/airflow/dags/first.py
[2021-03-15 16:21:49,748] {scheduler_job.py:639} INFO - DAG(s) dict_keys(['PostgresOperator_dag']) retrieved from /opt/airflow/dags/first.py
[2021-03-15 16:21:49,773] {logging_mixin.py:104} INFO - [2021-03-15 16:21:49,772] {dag.py:1818} INFO - Sync 1 DAGs
[2021-03-15 16:21:49,786] {logging_mixin.py:104} INFO - [2021-03-15 16:21:49,786] {dag.py:2273} INFO - Setting next_dagrun for PostgresOperator_dag to None
[2021-03-15 16:21:49,794] {scheduler_job.py:190} INFO - Processing /opt/airflow/dags/first.py took 0.075 seconds
[2021-03-15 16:22:19,861] {scheduler_job.py:182} INFO - Started process (PID=51) to work on /opt/airflow/dags/first.py
[2021-03-15 16:22:19,863] {scheduler_job.py:629} INFO - Processing file /opt/airflow/dags/first.py for tasks to queue
[2021-03-15 16:22:19,864] {logging_mixin.py:104} INFO - [2021-03-15 16:22:19,864] {dagbag.py:448} INFO - Filling up the DagBag from /opt/airflow/dags/first.py
[2021-03-15 16:22:19,887] {scheduler_job.py:639} INFO - DAG(s) dict_keys(['PostgresOperator_dag']) retrieved from /opt/airflow/dags/first.py
[2021-03-15 16:22:19,909] {logging_mixin.py:104} INFO - [2021-03-15 16:22:19,908] {dag.py:1818} INFO - Sync 1 DAGs
[2021-03-15 16:22:19,922] {logging_mixin.py:104} INFO - [2021-03-15 16:22:19,922] {dag.py:2273} INFO - Setting next_dagrun for PostgresOperator_dag to None
[2021-03-15 16:22:19,929] {scheduler_job.py:190} INFO - Processing /opt/airflow/dags/first.py took 0.072 seconds
[2021-03-15 16:22:49,979] {scheduler_job.py:182} INFO - Started process (PID=52) to work on /opt/airflow/dags/first.py
[2021-03-15 16:22:49,981] {scheduler_job.py:629} INFO - Processing file /opt/airflow/dags/first.py for tasks to queue
[2021-03-15 16:22:49,982] {logging_mixin.py:104} INFO - [2021-03-15 16:22:49,982] {dagbag.py:448} INFO - Filling up the DagBag from /opt/airflow/dags/first.py
[2021-03-15 16:22:50,004] {scheduler_job.py:639} INFO - DAG(s) dict_keys(['PostgresOperator_dag']) retrieved from /opt/airflow/dags/first.py
[2021-03-15 16:22:50,025] {logging_mixin.py:104} INFO - [2021-03-15 16:22:50,024] {dag.py:1818} INFO - Sync 1 DAGs
[2021-03-15 16:22:50,038] {logging_mixin.py:104} INFO - [2021-03-15 16:22:50,037] {dag.py:2273} INFO - Setting next_dagrun for PostgresOperator_dag to None
[2021-03-15 16:22:50,044] {scheduler_job.py:190} INFO - Processing /opt/airflow/dags/first.py took 0.068 seconds
[2021-03-15 16:23:20,105] {scheduler_job.py:182} INFO - Started process (PID=53) to work on /opt/airflow/dags/first.py
[2021-03-15 16:23:20,107] {scheduler_job.py:629} INFO - Processing file /opt/airflow/dags/first.py for tasks to queue
[2021-03-15 16:23:20,108] {logging_mixin.py:104} INFO - [2021-03-15 16:23:20,108] {dagbag.py:448} INFO - Filling up the DagBag from /opt/airflow/dags/first.py
[2021-03-15 16:23:20,126] {scheduler_job.py:639} INFO - DAG(s) dict_keys(['PostgresOperator_dag']) retrieved from /opt/airflow/dags/first.py
[2021-03-15 16:23:20,144] {logging_mixin.py:104} INFO - [2021-03-15 16:23:20,144] {dag.py:1818} INFO - Sync 1 DAGs
[2021-03-15 16:23:20,156] {logging_mixin.py:104} INFO - [2021-03-15 16:23:20,156] {dag.py:2273} INFO - Setting next_dagrun for PostgresOperator_dag to None
[2021-03-15 16:23:20,162] {scheduler_job.py:190} INFO - Processing /opt/airflow/dags/first.py took 0.060 seconds
[2021-03-15 16:23:50,217] {scheduler_job.py:182} INFO - Started process (PID=54) to work on /opt/airflow/dags/first.py
[2021-03-15 16:23:50,219] {scheduler_job.py:629} INFO - Processing file /opt/airflow/dags/first.py for tasks to queue
[2021-03-15 16:23:50,220] {logging_mixin.py:104} INFO - [2021-03-15 16:23:50,220] {dagbag.py:448} INFO - Filling up the DagBag from /opt/airflow/dags/first.py
[2021-03-15 16:23:50,244] {scheduler_job.py:639} INFO - DAG(s) dict_keys(['PostgresOperator_dag']) retrieved from /opt/airflow/dags/first.py
[2021-03-15 16:23:50,265] {logging_mixin.py:104} INFO - [2021-03-15 16:23:50,265] {dag.py:1818} INFO - Sync 1 DAGs
[2021-03-15 16:23:50,279] {logging_mixin.py:104} INFO - [2021-03-15 16:23:50,279] {dag.py:2273} INFO - Setting next_dagrun for PostgresOperator_dag to None
[2021-03-15 16:23:50,286] {scheduler_job.py:190} INFO - Processing /opt/airflow/dags/first.py took 0.073 seconds
[2021-03-15 16:24:20,341] {scheduler_job.py:182} INFO - Started process (PID=55) to work on /opt/airflow/dags/first.py
[2021-03-15 16:24:20,343] {scheduler_job.py:629} INFO - Processing file /opt/airflow/dags/first.py for tasks to queue
[2021-03-15 16:24:20,344] {logging_mixin.py:104} INFO - [2021-03-15 16:24:20,344] {dagbag.py:448} INFO - Filling up the DagBag from /opt/airflow/dags/first.py
[2021-03-15 16:24:20,371] {scheduler_job.py:639} INFO - DAG(s) dict_keys(['PostgresOperator_dag']) retrieved from /opt/airflow/dags/first.py
[2021-03-15 16:24:20,391] {logging_mixin.py:104} INFO - [2021-03-15 16:24:20,391] {dag.py:1818} INFO - Sync 1 DAGs
[2021-03-15 16:24:20,407] {logging_mixin.py:104} INFO - [2021-03-15 16:24:20,407] {dag.py:2273} INFO - Setting next_dagrun for PostgresOperator_dag to None
[2021-03-15 16:24:20,415] {scheduler_job.py:190} INFO - Processing /opt/airflow/dags/first.py took 0.078 seconds
[2021-03-15 16:24:50,458] {scheduler_job.py:182} INFO - Started process (PID=56) to work on /opt/airflow/dags/first.py
[2021-03-15 16:24:50,460] {scheduler_job.py:629} INFO - Processing file /opt/airflow/dags/first.py for tasks to queue
[2021-03-15 16:24:50,461] {logging_mixin.py:104} INFO - [2021-03-15 16:24:50,461] {dagbag.py:448} INFO - Filling up the DagBag from /opt/airflow/dags/first.py
[2021-03-15 16:24:50,486] {scheduler_job.py:639} INFO - DAG(s) dict_keys(['PostgresOperator_dag']) retrieved from /opt/airflow/dags/first.py
[2021-03-15 16:24:50,506] {logging_mixin.py:104} INFO - [2021-03-15 16:24:50,506] {dag.py:1818} INFO - Sync 1 DAGs
[2021-03-15 16:24:50,520] {logging_mixin.py:104} INFO - [2021-03-15 16:24:50,520] {dag.py:2273} INFO - Setting next_dagrun for PostgresOperator_dag to None
[2021-03-15 16:24:50,527] {scheduler_job.py:190} INFO - Processing /opt/airflow/dags/first.py took 0.073 seconds
[2021-03-15 16:25:20,581] {scheduler_job.py:182} INFO - Started process (PID=57) to work on /opt/airflow/dags/first.py
[2021-03-15 16:25:20,582] {scheduler_job.py:629} INFO - Processing file /opt/airflow/dags/first.py for tasks to queue
[2021-03-15 16:25:20,584] {logging_mixin.py:104} INFO - [2021-03-15 16:25:20,584] {dagbag.py:448} INFO - Filling up the DagBag from /opt/airflow/dags/first.py
[2021-03-15 16:25:20,610] {scheduler_job.py:639} INFO - DAG(s) dict_keys(['PostgresOperator_dag']) retrieved from /opt/airflow/dags/first.py
[2021-03-15 16:25:20,631] {logging_mixin.py:104} INFO - [2021-03-15 16:25:20,631] {dag.py:1818} INFO - Sync 1 DAGs
[2021-03-15 16:25:20,645] {logging_mixin.py:104} INFO - [2021-03-15 16:25:20,644] {dag.py:2273} INFO - Setting next_dagrun for PostgresOperator_dag to None
[2021-03-15 16:25:20,651] {scheduler_job.py:190} INFO - Processing /opt/airflow/dags/first.py took 0.074 seconds
[2021-03-15 16:25:50,681] {scheduler_job.py:182} INFO - Started process (PID=58) to work on /opt/airflow/dags/first.py
[2021-03-15 16:25:50,683] {scheduler_job.py:629} INFO - Processing file /opt/airflow/dags/first.py for tasks to queue
[2021-03-15 16:25:50,684] {logging_mixin.py:104} INFO - [2021-03-15 16:25:50,684] {dagbag.py:448} INFO - Filling up the DagBag from /opt/airflow/dags/first.py
[2021-03-15 16:25:50,705] {scheduler_job.py:639} INFO - DAG(s) dict_keys(['PostgresOperator_dag']) retrieved from /opt/airflow/dags/first.py
[2021-03-15 16:25:50,723] {logging_mixin.py:104} INFO - [2021-03-15 16:25:50,723] {dag.py:1818} INFO - Sync 1 DAGs
[2021-03-15 16:25:50,735] {logging_mixin.py:104} INFO - [2021-03-15 16:25:50,735] {dag.py:2273} INFO - Setting next_dagrun for PostgresOperator_dag to None
[2021-03-15 16:25:50,741] {scheduler_job.py:190} INFO - Processing /opt/airflow/dags/first.py took 0.063 seconds
[2021-03-15 16:26:20,814] {scheduler_job.py:182} INFO - Started process (PID=59) to work on /opt/airflow/dags/first.py
[2021-03-15 16:26:20,816] {scheduler_job.py:629} INFO - Processing file /opt/airflow/dags/first.py for tasks to queue
[2021-03-15 16:26:20,817] {logging_mixin.py:104} INFO - [2021-03-15 16:26:20,817] {dagbag.py:448} INFO - Filling up the DagBag from /opt/airflow/dags/first.py
[2021-03-15 16:26:20,842] {scheduler_job.py:639} INFO - DAG(s) dict_keys(['PostgresOperator_dag']) retrieved from /opt/airflow/dags/first.py
[2021-03-15 16:26:20,862] {logging_mixin.py:104} INFO - [2021-03-15 16:26:20,862] {dag.py:1818} INFO - Sync 1 DAGs
[2021-03-15 16:26:20,875] {logging_mixin.py:104} INFO - [2021-03-15 16:26:20,875] {dag.py:2273} INFO - Setting next_dagrun for PostgresOperator_dag to None
[2021-03-15 16:26:20,882] {scheduler_job.py:190} INFO - Processing /opt/airflow/dags/first.py took 0.071 seconds
[2021-03-15 16:26:50,938] {scheduler_job.py:182} INFO - Started process (PID=60) to work on /opt/airflow/dags/first.py
[2021-03-15 16:26:50,940] {scheduler_job.py:629} INFO - Processing file /opt/airflow/dags/first.py for tasks to queue
[2021-03-15 16:26:50,942] {logging_mixin.py:104} INFO - [2021-03-15 16:26:50,941] {dagbag.py:448} INFO - Filling up the DagBag from /opt/airflow/dags/first.py
[2021-03-15 16:26:50,965] {scheduler_job.py:639} INFO - DAG(s) dict_keys(['PostgresOperator_dag']) retrieved from /opt/airflow/dags/first.py
[2021-03-15 16:26:50,984] {logging_mixin.py:104} INFO - [2021-03-15 16:26:50,983] {dag.py:1818} INFO - Sync 1 DAGs
[2021-03-15 16:26:50,996] {logging_mixin.py:104} INFO - [2021-03-15 16:26:50,996] {dag.py:2273} INFO - Setting next_dagrun for PostgresOperator_dag to None
[2021-03-15 16:26:51,003] {scheduler_job.py:190} INFO - Processing /opt/airflow/dags/first.py took 0.068 seconds
[2021-03-15 16:27:21,059] {scheduler_job.py:182} INFO - Started process (PID=61) to work on /opt/airflow/dags/first.py
[2021-03-15 16:27:21,062] {scheduler_job.py:629} INFO - Processing file /opt/airflow/dags/first.py for tasks to queue
[2021-03-15 16:27:21,063] {logging_mixin.py:104} INFO - [2021-03-15 16:27:21,063] {dagbag.py:448} INFO - Filling up the DagBag from /opt/airflow/dags/first.py
[2021-03-15 16:27:21,091] {scheduler_job.py:639} INFO - DAG(s) dict_keys(['PostgresOperator_dag']) retrieved from /opt/airflow/dags/first.py
[2021-03-15 16:27:21,111] {logging_mixin.py:104} INFO - [2021-03-15 16:27:21,111] {dag.py:1818} INFO - Sync 1 DAGs
[2021-03-15 16:27:21,125] {logging_mixin.py:104} INFO - [2021-03-15 16:27:21,125] {dag.py:2273} INFO - Setting next_dagrun for PostgresOperator_dag to None
[2021-03-15 16:27:21,132] {scheduler_job.py:190} INFO - Processing /opt/airflow/dags/first.py took 0.076 seconds
[2021-03-15 16:27:51,185] {scheduler_job.py:182} INFO - Started process (PID=62) to work on /opt/airflow/dags/first.py
[2021-03-15 16:27:51,190] {scheduler_job.py:629} INFO - Processing file /opt/airflow/dags/first.py for tasks to queue
[2021-03-15 16:27:51,191] {logging_mixin.py:104} INFO - [2021-03-15 16:27:51,191] {dagbag.py:448} INFO - Filling up the DagBag from /opt/airflow/dags/first.py
[2021-03-15 16:27:51,212] {scheduler_job.py:639} INFO - DAG(s) dict_keys(['PostgresOperator_dag']) retrieved from /opt/airflow/dags/first.py
[2021-03-15 16:27:51,237] {logging_mixin.py:104} INFO - [2021-03-15 16:27:51,237] {dag.py:1818} INFO - Sync 1 DAGs
[2021-03-15 16:27:51,251] {logging_mixin.py:104} INFO - [2021-03-15 16:27:51,251] {dag.py:2273} INFO - Setting next_dagrun for PostgresOperator_dag to None
[2021-03-15 16:27:51,258] {scheduler_job.py:190} INFO - Processing /opt/airflow/dags/first.py took 0.076 seconds
[2021-03-15 16:28:21,287] {scheduler_job.py:182} INFO - Started process (PID=63) to work on /opt/airflow/dags/first.py
[2021-03-15 16:28:21,289] {scheduler_job.py:629} INFO - Processing file /opt/airflow/dags/first.py for tasks to queue
[2021-03-15 16:28:21,290] {logging_mixin.py:104} INFO - [2021-03-15 16:28:21,289] {dagbag.py:448} INFO - Filling up the DagBag from /opt/airflow/dags/first.py
[2021-03-15 16:28:21,307] {scheduler_job.py:639} INFO - DAG(s) dict_keys(['PostgresOperator_dag']) retrieved from /opt/airflow/dags/first.py
[2021-03-15 16:28:21,323] {logging_mixin.py:104} INFO - [2021-03-15 16:28:21,323] {dag.py:1818} INFO - Sync 1 DAGs
[2021-03-15 16:28:21,335] {logging_mixin.py:104} INFO - [2021-03-15 16:28:21,334] {dag.py:2273} INFO - Setting next_dagrun for PostgresOperator_dag to None
[2021-03-15 16:28:21,340] {scheduler_job.py:190} INFO - Processing /opt/airflow/dags/first.py took 0.056 seconds
[2021-03-15 16:28:51,404] {scheduler_job.py:182} INFO - Started process (PID=64) to work on /opt/airflow/dags/first.py
[2021-03-15 16:28:51,407] {scheduler_job.py:629} INFO - Processing file /opt/airflow/dags/first.py for tasks to queue
[2021-03-15 16:28:51,409] {logging_mixin.py:104} INFO - [2021-03-15 16:28:51,408] {dagbag.py:448} INFO - Filling up the DagBag from /opt/airflow/dags/first.py
[2021-03-15 16:28:51,432] {scheduler_job.py:639} INFO - DAG(s) dict_keys(['PostgresOperator_dag']) retrieved from /opt/airflow/dags/first.py
[2021-03-15 16:28:51,455] {logging_mixin.py:104} INFO - [2021-03-15 16:28:51,455] {dag.py:1818} INFO - Sync 1 DAGs
[2021-03-15 16:28:51,474] {logging_mixin.py:104} INFO - [2021-03-15 16:28:51,474] {dag.py:2273} INFO - Setting next_dagrun for PostgresOperator_dag to None
[2021-03-15 16:28:51,486] {scheduler_job.py:190} INFO - Processing /opt/airflow/dags/first.py took 0.085 seconds
[2021-03-15 16:29:21,527] {scheduler_job.py:182} INFO - Started process (PID=65) to work on /opt/airflow/dags/first.py
[2021-03-15 16:29:21,529] {scheduler_job.py:629} INFO - Processing file /opt/airflow/dags/first.py for tasks to queue
[2021-03-15 16:29:21,530] {logging_mixin.py:104} INFO - [2021-03-15 16:29:21,530] {dagbag.py:448} INFO - Filling up the DagBag from /opt/airflow/dags/first.py
[2021-03-15 16:29:21,547] {scheduler_job.py:639} INFO - DAG(s) dict_keys(['PostgresOperator_dag']) retrieved from /opt/airflow/dags/first.py
[2021-03-15 16:29:21,564] {logging_mixin.py:104} INFO - [2021-03-15 16:29:21,564] {dag.py:1818} INFO - Sync 1 DAGs
[2021-03-15 16:29:21,575] {logging_mixin.py:104} INFO - [2021-03-15 16:29:21,575] {dag.py:2273} INFO - Setting next_dagrun for PostgresOperator_dag to None
[2021-03-15 16:29:21,581] {scheduler_job.py:190} INFO - Processing /opt/airflow/dags/first.py took 0.056 seconds
[2021-03-15 16:29:51,667] {scheduler_job.py:182} INFO - Started process (PID=66) to work on /opt/airflow/dags/first.py
[2021-03-15 16:29:51,669] {scheduler_job.py:629} INFO - Processing file /opt/airflow/dags/first.py for tasks to queue
[2021-03-15 16:29:51,670] {logging_mixin.py:104} INFO - [2021-03-15 16:29:51,670] {dagbag.py:448} INFO - Filling up the DagBag from /opt/airflow/dags/first.py
[2021-03-15 16:29:51,689] {scheduler_job.py:639} INFO - DAG(s) dict_keys(['PostgresOperator_dag']) retrieved from /opt/airflow/dags/first.py
[2021-03-15 16:29:51,706] {logging_mixin.py:104} INFO - [2021-03-15 16:29:51,705] {dag.py:1818} INFO - Sync 1 DAGs
[2021-03-15 16:29:51,717] {logging_mixin.py:104} INFO - [2021-03-15 16:29:51,717] {dag.py:2273} INFO - Setting next_dagrun for PostgresOperator_dag to None
[2021-03-15 16:29:51,724] {scheduler_job.py:190} INFO - Processing /opt/airflow/dags/first.py took 0.059 seconds
[2021-03-15 16:30:21,762] {scheduler_job.py:182} INFO - Started process (PID=67) to work on /opt/airflow/dags/first.py
[2021-03-15 16:30:21,764] {scheduler_job.py:629} INFO - Processing file /opt/airflow/dags/first.py for tasks to queue
[2021-03-15 16:30:21,765] {logging_mixin.py:104} INFO - [2021-03-15 16:30:21,765] {dagbag.py:448} INFO - Filling up the DagBag from /opt/airflow/dags/first.py
[2021-03-15 16:30:21,783] {scheduler_job.py:639} INFO - DAG(s) dict_keys(['PostgresOperator_dag']) retrieved from /opt/airflow/dags/first.py
[2021-03-15 16:30:21,801] {logging_mixin.py:104} INFO - [2021-03-15 16:30:21,801] {dag.py:1818} INFO - Sync 1 DAGs
[2021-03-15 16:30:21,814] {logging_mixin.py:104} INFO - [2021-03-15 16:30:21,813] {dag.py:2273} INFO - Setting next_dagrun for PostgresOperator_dag to None
[2021-03-15 16:30:21,821] {scheduler_job.py:190} INFO - Processing /opt/airflow/dags/first.py took 0.062 seconds
[2021-03-15 16:30:51,881] {scheduler_job.py:182} INFO - Started process (PID=68) to work on /opt/airflow/dags/first.py
[2021-03-15 16:30:51,884] {scheduler_job.py:629} INFO - Processing file /opt/airflow/dags/first.py for tasks to queue
[2021-03-15 16:30:51,885] {logging_mixin.py:104} INFO - [2021-03-15 16:30:51,885] {dagbag.py:448} INFO - Filling up the DagBag from /opt/airflow/dags/first.py
[2021-03-15 16:30:51,905] {scheduler_job.py:639} INFO - DAG(s) dict_keys(['PostgresOperator_dag']) retrieved from /opt/airflow/dags/first.py
[2021-03-15 16:30:51,924] {logging_mixin.py:104} INFO - [2021-03-15 16:30:51,924] {dag.py:1818} INFO - Sync 1 DAGs
[2021-03-15 16:30:51,937] {logging_mixin.py:104} INFO - [2021-03-15 16:30:51,937] {dag.py:2273} INFO - Setting next_dagrun for PostgresOperator_dag to None
[2021-03-15 16:30:51,943] {scheduler_job.py:190} INFO - Processing /opt/airflow/dags/first.py took 0.065 seconds
[2021-03-15 16:31:21,996] {scheduler_job.py:182} INFO - Started process (PID=69) to work on /opt/airflow/dags/first.py
[2021-03-15 16:31:21,998] {scheduler_job.py:629} INFO - Processing file /opt/airflow/dags/first.py for tasks to queue
[2021-03-15 16:31:21,998] {logging_mixin.py:104} INFO - [2021-03-15 16:31:21,998] {dagbag.py:448} INFO - Filling up the DagBag from /opt/airflow/dags/first.py
[2021-03-15 16:31:22,015] {scheduler_job.py:639} INFO - DAG(s) dict_keys(['PostgresOperator_dag']) retrieved from /opt/airflow/dags/first.py
[2021-03-15 16:31:22,032] {logging_mixin.py:104} INFO - [2021-03-15 16:31:22,032] {dag.py:1818} INFO - Sync 1 DAGs
[2021-03-15 16:31:22,043] {logging_mixin.py:104} INFO - [2021-03-15 16:31:22,043] {dag.py:2273} INFO - Setting next_dagrun for PostgresOperator_dag to None
[2021-03-15 16:31:22,049] {scheduler_job.py:190} INFO - Processing /opt/airflow/dags/first.py took 0.056 seconds
[2021-03-15 16:31:52,102] {scheduler_job.py:182} INFO - Started process (PID=70) to work on /opt/airflow/dags/first.py
[2021-03-15 16:31:52,104] {scheduler_job.py:629} INFO - Processing file /opt/airflow/dags/first.py for tasks to queue
[2021-03-15 16:31:52,105] {logging_mixin.py:104} INFO - [2021-03-15 16:31:52,105] {dagbag.py:448} INFO - Filling up the DagBag from /opt/airflow/dags/first.py
[2021-03-15 16:31:52,139] {scheduler_job.py:639} INFO - DAG(s) dict_keys(['PostgresOperator_dag']) retrieved from /opt/airflow/dags/first.py
[2021-03-15 16:31:52,157] {logging_mixin.py:104} INFO - [2021-03-15 16:31:52,157] {dag.py:1818} INFO - Sync 1 DAGs
[2021-03-15 16:31:52,169] {logging_mixin.py:104} INFO - [2021-03-15 16:31:52,169] {dag.py:2273} INFO - Setting next_dagrun for PostgresOperator_dag to None
[2021-03-15 16:31:52,175] {scheduler_job.py:190} INFO - Processing /opt/airflow/dags/first.py took 0.077 seconds
[2021-03-15 16:32:22,215] {scheduler_job.py:182} INFO - Started process (PID=71) to work on /opt/airflow/dags/first.py
[2021-03-15 16:32:22,217] {scheduler_job.py:629} INFO - Processing file /opt/airflow/dags/first.py for tasks to queue
[2021-03-15 16:32:22,219] {logging_mixin.py:104} INFO - [2021-03-15 16:32:22,218] {dagbag.py:448} INFO - Filling up the DagBag from /opt/airflow/dags/first.py
[2021-03-15 16:32:22,249] {scheduler_job.py:639} INFO - DAG(s) dict_keys(['PostgresOperator_dag']) retrieved from /opt/airflow/dags/first.py
[2021-03-15 16:32:22,271] {logging_mixin.py:104} INFO - [2021-03-15 16:32:22,271] {dag.py:1818} INFO - Sync 1 DAGs
[2021-03-15 16:32:22,286] {logging_mixin.py:104} INFO - [2021-03-15 16:32:22,286] {dag.py:2273} INFO - Setting next_dagrun for PostgresOperator_dag to None
[2021-03-15 16:32:22,294] {scheduler_job.py:190} INFO - Processing /opt/airflow/dags/first.py took 0.084 seconds
[2021-03-15 16:32:52,347] {scheduler_job.py:182} INFO - Started process (PID=72) to work on /opt/airflow/dags/first.py
[2021-03-15 16:32:52,349] {scheduler_job.py:629} INFO - Processing file /opt/airflow/dags/first.py for tasks to queue
[2021-03-15 16:32:52,350] {logging_mixin.py:104} INFO - [2021-03-15 16:32:52,350] {dagbag.py:448} INFO - Filling up the DagBag from /opt/airflow/dags/first.py
[2021-03-15 16:32:52,376] {scheduler_job.py:639} INFO - DAG(s) dict_keys(['PostgresOperator_dag']) retrieved from /opt/airflow/dags/first.py
[2021-03-15 16:32:52,396] {logging_mixin.py:104} INFO - [2021-03-15 16:32:52,395] {dag.py:1818} INFO - Sync 1 DAGs
[2021-03-15 16:32:52,409] {logging_mixin.py:104} INFO - [2021-03-15 16:32:52,409] {dag.py:2273} INFO - Setting next_dagrun for PostgresOperator_dag to None
[2021-03-15 16:32:52,417] {scheduler_job.py:190} INFO - Processing /opt/airflow/dags/first.py took 0.074 seconds
[2021-03-15 16:33:22,456] {scheduler_job.py:182} INFO - Started process (PID=73) to work on /opt/airflow/dags/first.py
[2021-03-15 16:33:22,458] {scheduler_job.py:629} INFO - Processing file /opt/airflow/dags/first.py for tasks to queue
[2021-03-15 16:33:22,459] {logging_mixin.py:104} INFO - [2021-03-15 16:33:22,459] {dagbag.py:448} INFO - Filling up the DagBag from /opt/airflow/dags/first.py
[2021-03-15 16:33:22,479] {scheduler_job.py:639} INFO - DAG(s) dict_keys(['PostgresOperator_dag']) retrieved from /opt/airflow/dags/first.py
[2021-03-15 16:33:22,498] {logging_mixin.py:104} INFO - [2021-03-15 16:33:22,498] {dag.py:1818} INFO - Sync 1 DAGs
[2021-03-15 16:33:22,511] {logging_mixin.py:104} INFO - [2021-03-15 16:33:22,511] {dag.py:2273} INFO - Setting next_dagrun for PostgresOperator_dag to None
[2021-03-15 16:33:22,517] {scheduler_job.py:190} INFO - Processing /opt/airflow/dags/first.py took 0.065 seconds
[2021-03-15 16:33:52,572] {scheduler_job.py:182} INFO - Started process (PID=74) to work on /opt/airflow/dags/first.py
[2021-03-15 16:33:52,575] {scheduler_job.py:629} INFO - Processing file /opt/airflow/dags/first.py for tasks to queue
[2021-03-15 16:33:52,576] {logging_mixin.py:104} INFO - [2021-03-15 16:33:52,576] {dagbag.py:448} INFO - Filling up the DagBag from /opt/airflow/dags/first.py
[2021-03-15 16:33:52,599] {scheduler_job.py:639} INFO - DAG(s) dict_keys(['PostgresOperator_dag']) retrieved from /opt/airflow/dags/first.py
[2021-03-15 16:33:52,621] {logging_mixin.py:104} INFO - [2021-03-15 16:33:52,620] {dag.py:1818} INFO - Sync 1 DAGs
[2021-03-15 16:33:52,635] {logging_mixin.py:104} INFO - [2021-03-15 16:33:52,635] {dag.py:2273} INFO - Setting next_dagrun for PostgresOperator_dag to None
[2021-03-15 16:33:52,642] {scheduler_job.py:190} INFO - Processing /opt/airflow/dags/first.py took 0.074 seconds
[2021-03-15 16:34:22,710] {scheduler_job.py:182} INFO - Started process (PID=75) to work on /opt/airflow/dags/first.py
[2021-03-15 16:34:22,713] {scheduler_job.py:629} INFO - Processing file /opt/airflow/dags/first.py for tasks to queue
[2021-03-15 16:34:22,714] {logging_mixin.py:104} INFO - [2021-03-15 16:34:22,714] {dagbag.py:448} INFO - Filling up the DagBag from /opt/airflow/dags/first.py
[2021-03-15 16:34:22,736] {scheduler_job.py:639} INFO - DAG(s) dict_keys(['PostgresOperator_dag']) retrieved from /opt/airflow/dags/first.py
[2021-03-15 16:34:22,758] {logging_mixin.py:104} INFO - [2021-03-15 16:34:22,757] {dag.py:1818} INFO - Sync 1 DAGs
[2021-03-15 16:34:22,771] {logging_mixin.py:104} INFO - [2021-03-15 16:34:22,771] {dag.py:2273} INFO - Setting next_dagrun for PostgresOperator_dag to None
[2021-03-15 16:34:22,779] {scheduler_job.py:190} INFO - Processing /opt/airflow/dags/first.py took 0.072 seconds
[2021-03-15 16:34:52,831] {scheduler_job.py:182} INFO - Started process (PID=76) to work on /opt/airflow/dags/first.py
[2021-03-15 16:34:52,833] {scheduler_job.py:629} INFO - Processing file /opt/airflow/dags/first.py for tasks to queue
[2021-03-15 16:34:52,834] {logging_mixin.py:104} INFO - [2021-03-15 16:34:52,834] {dagbag.py:448} INFO - Filling up the DagBag from /opt/airflow/dags/first.py
[2021-03-15 16:34:52,854] {scheduler_job.py:639} INFO - DAG(s) dict_keys(['PostgresOperator_dag']) retrieved from /opt/airflow/dags/first.py
[2021-03-15 16:34:52,872] {logging_mixin.py:104} INFO - [2021-03-15 16:34:52,872] {dag.py:1818} INFO - Sync 1 DAGs
[2021-03-15 16:34:52,883] {logging_mixin.py:104} INFO - [2021-03-15 16:34:52,883] {dag.py:2273} INFO - Setting next_dagrun for PostgresOperator_dag to None
[2021-03-15 16:34:52,889] {scheduler_job.py:190} INFO - Processing /opt/airflow/dags/first.py took 0.062 seconds
[2021-03-15 16:35:22,979] {scheduler_job.py:182} INFO - Started process (PID=77) to work on /opt/airflow/dags/first.py
[2021-03-15 16:35:22,981] {scheduler_job.py:629} INFO - Processing file /opt/airflow/dags/first.py for tasks to queue
[2021-03-15 16:35:22,982] {logging_mixin.py:104} INFO - [2021-03-15 16:35:22,982] {dagbag.py:448} INFO - Filling up the DagBag from /opt/airflow/dags/first.py
[2021-03-15 16:35:23,005] {scheduler_job.py:639} INFO - DAG(s) dict_keys(['PostgresOperator_dag']) retrieved from /opt/airflow/dags/first.py
[2021-03-15 16:35:23,028] {logging_mixin.py:104} INFO - [2021-03-15 16:35:23,028] {dag.py:1818} INFO - Sync 1 DAGs
[2021-03-15 16:35:23,042] {logging_mixin.py:104} INFO - [2021-03-15 16:35:23,042] {dag.py:2273} INFO - Setting next_dagrun for PostgresOperator_dag to None
[2021-03-15 16:35:23,054] {scheduler_job.py:190} INFO - Processing /opt/airflow/dags/first.py took 0.078 seconds
[2021-03-15 16:35:53,105] {scheduler_job.py:182} INFO - Started process (PID=78) to work on /opt/airflow/dags/first.py
[2021-03-15 16:35:53,107] {scheduler_job.py:629} INFO - Processing file /opt/airflow/dags/first.py for tasks to queue
[2021-03-15 16:35:53,108] {logging_mixin.py:104} INFO - [2021-03-15 16:35:53,108] {dagbag.py:448} INFO - Filling up the DagBag from /opt/airflow/dags/first.py
[2021-03-15 16:35:53,128] {scheduler_job.py:639} INFO - DAG(s) dict_keys(['PostgresOperator_dag']) retrieved from /opt/airflow/dags/first.py
[2021-03-15 16:35:53,145] {logging_mixin.py:104} INFO - [2021-03-15 16:35:53,145] {dag.py:1818} INFO - Sync 1 DAGs
[2021-03-15 16:35:53,157] {logging_mixin.py:104} INFO - [2021-03-15 16:35:53,156] {dag.py:2273} INFO - Setting next_dagrun for PostgresOperator_dag to None
[2021-03-15 16:35:53,163] {scheduler_job.py:190} INFO - Processing /opt/airflow/dags/first.py took 0.061 seconds
[2021-03-15 16:36:23,225] {scheduler_job.py:182} INFO - Started process (PID=79) to work on /opt/airflow/dags/first.py
[2021-03-15 16:36:23,226] {scheduler_job.py:629} INFO - Processing file /opt/airflow/dags/first.py for tasks to queue
[2021-03-15 16:36:23,229] {logging_mixin.py:104} INFO - [2021-03-15 16:36:23,229] {dagbag.py:448} INFO - Filling up the DagBag from /opt/airflow/dags/first.py
[2021-03-15 16:36:23,250] {scheduler_job.py:639} INFO - DAG(s) dict_keys(['PostgresOperator_dag']) retrieved from /opt/airflow/dags/first.py
[2021-03-15 16:36:23,268] {logging_mixin.py:104} INFO - [2021-03-15 16:36:23,268] {dag.py:1818} INFO - Sync 1 DAGs
[2021-03-15 16:36:23,279] {logging_mixin.py:104} INFO - [2021-03-15 16:36:23,279] {dag.py:2273} INFO - Setting next_dagrun for PostgresOperator_dag to None
[2021-03-15 16:36:23,286] {scheduler_job.py:190} INFO - Processing /opt/airflow/dags/first.py took 0.064 seconds
[2021-03-15 16:36:53,341] {scheduler_job.py:182} INFO - Started process (PID=80) to work on /opt/airflow/dags/first.py
[2021-03-15 16:36:53,343] {scheduler_job.py:629} INFO - Processing file /opt/airflow/dags/first.py for tasks to queue
[2021-03-15 16:36:53,344] {logging_mixin.py:104} INFO - [2021-03-15 16:36:53,344] {dagbag.py:448} INFO - Filling up the DagBag from /opt/airflow/dags/first.py
[2021-03-15 16:36:53,367] {scheduler_job.py:639} INFO - DAG(s) dict_keys(['PostgresOperator_dag']) retrieved from /opt/airflow/dags/first.py
[2021-03-15 16:36:53,397] {logging_mixin.py:104} INFO - [2021-03-15 16:36:53,397] {dag.py:1818} INFO - Sync 1 DAGs
[2021-03-15 16:36:53,411] {logging_mixin.py:104} INFO - [2021-03-15 16:36:53,411] {dag.py:2273} INFO - Setting next_dagrun for PostgresOperator_dag to None
[2021-03-15 16:36:53,419] {scheduler_job.py:190} INFO - Processing /opt/airflow/dags/first.py took 0.080 seconds
[2021-03-15 16:37:23,455] {scheduler_job.py:182} INFO - Started process (PID=81) to work on /opt/airflow/dags/first.py
[2021-03-15 16:37:23,457] {scheduler_job.py:629} INFO - Processing file /opt/airflow/dags/first.py for tasks to queue
[2021-03-15 16:37:23,459] {logging_mixin.py:104} INFO - [2021-03-15 16:37:23,458] {dagbag.py:448} INFO - Filling up the DagBag from /opt/airflow/dags/first.py
[2021-03-15 16:37:23,479] {scheduler_job.py:639} INFO - DAG(s) dict_keys(['PostgresOperator_dag']) retrieved from /opt/airflow/dags/first.py
[2021-03-15 16:37:23,500] {logging_mixin.py:104} INFO - [2021-03-15 16:37:23,499] {dag.py:1818} INFO - Sync 1 DAGs
[2021-03-15 16:37:23,512] {logging_mixin.py:104} INFO - [2021-03-15 16:37:23,512] {dag.py:2273} INFO - Setting next_dagrun for PostgresOperator_dag to None
[2021-03-15 16:37:23,518] {scheduler_job.py:190} INFO - Processing /opt/airflow/dags/first.py took 0.067 seconds
[2021-03-15 16:37:53,613] {scheduler_job.py:182} INFO - Started process (PID=82) to work on /opt/airflow/dags/first.py
[2021-03-15 16:37:53,615] {scheduler_job.py:629} INFO - Processing file /opt/airflow/dags/first.py for tasks to queue
[2021-03-15 16:37:53,616] {logging_mixin.py:104} INFO - [2021-03-15 16:37:53,616] {dagbag.py:448} INFO - Filling up the DagBag from /opt/airflow/dags/first.py
[2021-03-15 16:37:53,635] {scheduler_job.py:639} INFO - DAG(s) dict_keys(['PostgresOperator_dag']) retrieved from /opt/airflow/dags/first.py
[2021-03-15 16:37:53,653] {logging_mixin.py:104} INFO - [2021-03-15 16:37:53,653] {dag.py:1818} INFO - Sync 1 DAGs
[2021-03-15 16:37:53,665] {logging_mixin.py:104} INFO - [2021-03-15 16:37:53,665] {dag.py:2273} INFO - Setting next_dagrun for PostgresOperator_dag to None
[2021-03-15 16:37:53,672] {scheduler_job.py:190} INFO - Processing /opt/airflow/dags/first.py took 0.062 seconds
[2021-03-15 16:38:23,715] {scheduler_job.py:182} INFO - Started process (PID=83) to work on /opt/airflow/dags/first.py
[2021-03-15 16:38:23,717] {scheduler_job.py:629} INFO - Processing file /opt/airflow/dags/first.py for tasks to queue
[2021-03-15 16:38:23,718] {logging_mixin.py:104} INFO - [2021-03-15 16:38:23,718] {dagbag.py:448} INFO - Filling up the DagBag from /opt/airflow/dags/first.py
[2021-03-15 16:38:23,737] {scheduler_job.py:639} INFO - DAG(s) dict_keys(['PostgresOperator_dag']) retrieved from /opt/airflow/dags/first.py
[2021-03-15 16:38:23,754] {logging_mixin.py:104} INFO - [2021-03-15 16:38:23,754] {dag.py:1818} INFO - Sync 1 DAGs
[2021-03-15 16:38:23,767] {logging_mixin.py:104} INFO - [2021-03-15 16:38:23,766] {dag.py:2273} INFO - Setting next_dagrun for PostgresOperator_dag to None
[2021-03-15 16:38:23,773] {scheduler_job.py:190} INFO - Processing /opt/airflow/dags/first.py took 0.061 seconds
[2021-03-15 16:38:53,840] {scheduler_job.py:182} INFO - Started process (PID=84) to work on /opt/airflow/dags/first.py
[2021-03-15 16:38:53,841] {scheduler_job.py:629} INFO - Processing file /opt/airflow/dags/first.py for tasks to queue
[2021-03-15 16:38:53,842] {logging_mixin.py:104} INFO - [2021-03-15 16:38:53,842] {dagbag.py:448} INFO - Filling up the DagBag from /opt/airflow/dags/first.py
[2021-03-15 16:38:53,860] {scheduler_job.py:639} INFO - DAG(s) dict_keys(['PostgresOperator_dag']) retrieved from /opt/airflow/dags/first.py
[2021-03-15 16:38:53,877] {logging_mixin.py:104} INFO - [2021-03-15 16:38:53,877] {dag.py:1818} INFO - Sync 1 DAGs
[2021-03-15 16:38:53,889] {logging_mixin.py:104} INFO - [2021-03-15 16:38:53,889] {dag.py:2273} INFO - Setting next_dagrun for PostgresOperator_dag to None
[2021-03-15 16:38:53,899] {scheduler_job.py:190} INFO - Processing /opt/airflow/dags/first.py took 0.062 seconds
[2021-03-15 16:39:23,992] {scheduler_job.py:182} INFO - Started process (PID=85) to work on /opt/airflow/dags/first.py
[2021-03-15 16:39:23,994] {scheduler_job.py:629} INFO - Processing file /opt/airflow/dags/first.py for tasks to queue
[2021-03-15 16:39:23,995] {logging_mixin.py:104} INFO - [2021-03-15 16:39:23,995] {dagbag.py:448} INFO - Filling up the DagBag from /opt/airflow/dags/first.py
[2021-03-15 16:39:24,016] {scheduler_job.py:639} INFO - DAG(s) dict_keys(['PostgresOperator_dag']) retrieved from /opt/airflow/dags/first.py
[2021-03-15 16:39:24,035] {logging_mixin.py:104} INFO - [2021-03-15 16:39:24,035] {dag.py:1818} INFO - Sync 1 DAGs
[2021-03-15 16:39:24,048] {logging_mixin.py:104} INFO - [2021-03-15 16:39:24,048] {dag.py:2273} INFO - Setting next_dagrun for PostgresOperator_dag to None
[2021-03-15 16:39:24,054] {scheduler_job.py:190} INFO - Processing /opt/airflow/dags/first.py took 0.066 seconds
[2021-03-15 16:39:54,093] {scheduler_job.py:182} INFO - Started process (PID=86) to work on /opt/airflow/dags/first.py
[2021-03-15 16:39:54,095] {scheduler_job.py:629} INFO - Processing file /opt/airflow/dags/first.py for tasks to queue
[2021-03-15 16:39:54,096] {logging_mixin.py:104} INFO - [2021-03-15 16:39:54,096] {dagbag.py:448} INFO - Filling up the DagBag from /opt/airflow/dags/first.py
[2021-03-15 16:39:54,119] {scheduler_job.py:639} INFO - DAG(s) dict_keys(['PostgresOperator_dag']) retrieved from /opt/airflow/dags/first.py
[2021-03-15 16:39:54,139] {logging_mixin.py:104} INFO - [2021-03-15 16:39:54,139] {dag.py:1818} INFO - Sync 1 DAGs
[2021-03-15 16:39:54,153] {logging_mixin.py:104} INFO - [2021-03-15 16:39:54,153] {dag.py:2273} INFO - Setting next_dagrun for PostgresOperator_dag to None
[2021-03-15 16:39:54,159] {scheduler_job.py:190} INFO - Processing /opt/airflow/dags/first.py took 0.070 seconds
[2021-03-15 16:40:24,234] {scheduler_job.py:182} INFO - Started process (PID=87) to work on /opt/airflow/dags/first.py
[2021-03-15 16:40:24,236] {scheduler_job.py:629} INFO - Processing file /opt/airflow/dags/first.py for tasks to queue
[2021-03-15 16:40:24,237] {logging_mixin.py:104} INFO - [2021-03-15 16:40:24,237] {dagbag.py:448} INFO - Filling up the DagBag from /opt/airflow/dags/first.py
[2021-03-15 16:40:24,260] {scheduler_job.py:639} INFO - DAG(s) dict_keys(['PostgresOperator_dag']) retrieved from /opt/airflow/dags/first.py
[2021-03-15 16:40:24,280] {logging_mixin.py:104} INFO - [2021-03-15 16:40:24,280] {dag.py:1818} INFO - Sync 1 DAGs
[2021-03-15 16:40:24,293] {logging_mixin.py:104} INFO - [2021-03-15 16:40:24,293] {dag.py:2273} INFO - Setting next_dagrun for PostgresOperator_dag to None
[2021-03-15 16:40:24,300] {scheduler_job.py:190} INFO - Processing /opt/airflow/dags/first.py took 0.069 seconds
[2021-03-15 16:40:54,353] {scheduler_job.py:182} INFO - Started process (PID=88) to work on /opt/airflow/dags/first.py
[2021-03-15 16:40:54,354] {scheduler_job.py:629} INFO - Processing file /opt/airflow/dags/first.py for tasks to queue
[2021-03-15 16:40:54,356] {logging_mixin.py:104} INFO - [2021-03-15 16:40:54,356] {dagbag.py:448} INFO - Filling up the DagBag from /opt/airflow/dags/first.py
[2021-03-15 16:40:54,377] {scheduler_job.py:639} INFO - DAG(s) dict_keys(['PostgresOperator_dag']) retrieved from /opt/airflow/dags/first.py
[2021-03-15 16:40:54,397] {logging_mixin.py:104} INFO - [2021-03-15 16:40:54,397] {dag.py:1818} INFO - Sync 1 DAGs
[2021-03-15 16:40:54,413] {logging_mixin.py:104} INFO - [2021-03-15 16:40:54,413] {dag.py:2273} INFO - Setting next_dagrun for PostgresOperator_dag to None
[2021-03-15 16:40:54,423] {scheduler_job.py:190} INFO - Processing /opt/airflow/dags/first.py took 0.073 seconds
[2021-03-15 16:41:24,464] {scheduler_job.py:182} INFO - Started process (PID=89) to work on /opt/airflow/dags/first.py
[2021-03-15 16:41:24,466] {scheduler_job.py:629} INFO - Processing file /opt/airflow/dags/first.py for tasks to queue
[2021-03-15 16:41:24,467] {logging_mixin.py:104} INFO - [2021-03-15 16:41:24,467] {dagbag.py:448} INFO - Filling up the DagBag from /opt/airflow/dags/first.py
[2021-03-15 16:41:24,491] {scheduler_job.py:639} INFO - DAG(s) dict_keys(['PostgresOperator_dag']) retrieved from /opt/airflow/dags/first.py
[2021-03-15 16:41:24,513] {logging_mixin.py:104} INFO - [2021-03-15 16:41:24,513] {dag.py:1818} INFO - Sync 1 DAGs
[2021-03-15 16:41:24,526] {logging_mixin.py:104} INFO - [2021-03-15 16:41:24,526] {dag.py:2273} INFO - Setting next_dagrun for PostgresOperator_dag to None
[2021-03-15 16:41:24,533] {scheduler_job.py:190} INFO - Processing /opt/airflow/dags/first.py took 0.073 seconds
[2021-03-15 16:41:54,604] {scheduler_job.py:182} INFO - Started process (PID=90) to work on /opt/airflow/dags/first.py
[2021-03-15 16:41:54,606] {scheduler_job.py:629} INFO - Processing file /opt/airflow/dags/first.py for tasks to queue
[2021-03-15 16:41:54,607] {logging_mixin.py:104} INFO - [2021-03-15 16:41:54,607] {dagbag.py:448} INFO - Filling up the DagBag from /opt/airflow/dags/first.py
[2021-03-15 16:41:54,628] {scheduler_job.py:639} INFO - DAG(s) dict_keys(['PostgresOperator_dag']) retrieved from /opt/airflow/dags/first.py
[2021-03-15 16:41:54,647] {logging_mixin.py:104} INFO - [2021-03-15 16:41:54,647] {dag.py:1818} INFO - Sync 1 DAGs
[2021-03-15 16:41:54,661] {logging_mixin.py:104} INFO - [2021-03-15 16:41:54,661] {dag.py:2273} INFO - Setting next_dagrun for PostgresOperator_dag to None
[2021-03-15 16:41:54,668] {scheduler_job.py:190} INFO - Processing /opt/airflow/dags/first.py took 0.068 seconds
[2021-03-15 16:42:24,723] {scheduler_job.py:182} INFO - Started process (PID=91) to work on /opt/airflow/dags/first.py
[2021-03-15 16:42:24,726] {scheduler_job.py:629} INFO - Processing file /opt/airflow/dags/first.py for tasks to queue
[2021-03-15 16:42:24,727] {logging_mixin.py:104} INFO - [2021-03-15 16:42:24,727] {dagbag.py:448} INFO - Filling up the DagBag from /opt/airflow/dags/first.py
[2021-03-15 16:42:24,748] {scheduler_job.py:639} INFO - DAG(s) dict_keys(['PostgresOperator_dag']) retrieved from /opt/airflow/dags/first.py
[2021-03-15 16:42:24,768] {logging_mixin.py:104} INFO - [2021-03-15 16:42:24,768] {dag.py:1818} INFO - Sync 1 DAGs
[2021-03-15 16:42:24,782] {logging_mixin.py:104} INFO - [2021-03-15 16:42:24,782] {dag.py:2273} INFO - Setting next_dagrun for PostgresOperator_dag to None
[2021-03-15 16:42:24,788] {scheduler_job.py:190} INFO - Processing /opt/airflow/dags/first.py took 0.069 seconds
[2021-03-15 16:42:54,850] {scheduler_job.py:182} INFO - Started process (PID=92) to work on /opt/airflow/dags/first.py
[2021-03-15 16:42:54,852] {scheduler_job.py:629} INFO - Processing file /opt/airflow/dags/first.py for tasks to queue
[2021-03-15 16:42:54,853] {logging_mixin.py:104} INFO - [2021-03-15 16:42:54,853] {dagbag.py:448} INFO - Filling up the DagBag from /opt/airflow/dags/first.py
[2021-03-15 16:42:54,874] {scheduler_job.py:639} INFO - DAG(s) dict_keys(['PostgresOperator_dag']) retrieved from /opt/airflow/dags/first.py
[2021-03-15 16:42:54,894] {logging_mixin.py:104} INFO - [2021-03-15 16:42:54,893] {dag.py:1818} INFO - Sync 1 DAGs
[2021-03-15 16:42:54,905] {logging_mixin.py:104} INFO - [2021-03-15 16:42:54,905] {dag.py:2273} INFO - Setting next_dagrun for PostgresOperator_dag to None
[2021-03-15 16:42:54,911] {scheduler_job.py:190} INFO - Processing /opt/airflow/dags/first.py took 0.065 seconds
[2021-03-15 16:43:24,969] {scheduler_job.py:182} INFO - Started process (PID=93) to work on /opt/airflow/dags/first.py
[2021-03-15 16:43:24,971] {scheduler_job.py:629} INFO - Processing file /opt/airflow/dags/first.py for tasks to queue
[2021-03-15 16:43:24,972] {logging_mixin.py:104} INFO - [2021-03-15 16:43:24,972] {dagbag.py:448} INFO - Filling up the DagBag from /opt/airflow/dags/first.py
[2021-03-15 16:43:24,995] {scheduler_job.py:639} INFO - DAG(s) dict_keys(['PostgresOperator_dag']) retrieved from /opt/airflow/dags/first.py
[2021-03-15 16:43:25,018] {logging_mixin.py:104} INFO - [2021-03-15 16:43:25,018] {dag.py:1818} INFO - Sync 1 DAGs
[2021-03-15 16:43:25,032] {logging_mixin.py:104} INFO - [2021-03-15 16:43:25,032] {dag.py:2273} INFO - Setting next_dagrun for PostgresOperator_dag to None
[2021-03-15 16:43:25,039] {scheduler_job.py:190} INFO - Processing /opt/airflow/dags/first.py took 0.074 seconds
[2021-03-15 16:43:55,087] {scheduler_job.py:182} INFO - Started process (PID=94) to work on /opt/airflow/dags/first.py
[2021-03-15 16:43:55,088] {scheduler_job.py:629} INFO - Processing file /opt/airflow/dags/first.py for tasks to queue
[2021-03-15 16:43:55,089] {logging_mixin.py:104} INFO - [2021-03-15 16:43:55,089] {dagbag.py:448} INFO - Filling up the DagBag from /opt/airflow/dags/first.py
[2021-03-15 16:43:55,113] {scheduler_job.py:639} INFO - DAG(s) dict_keys(['PostgresOperator_dag']) retrieved from /opt/airflow/dags/first.py
[2021-03-15 16:43:55,135] {logging_mixin.py:104} INFO - [2021-03-15 16:43:55,135] {dag.py:1818} INFO - Sync 1 DAGs
[2021-03-15 16:43:55,151] {logging_mixin.py:104} INFO - [2021-03-15 16:43:55,150] {dag.py:2273} INFO - Setting next_dagrun for PostgresOperator_dag to None
[2021-03-15 16:43:55,158] {scheduler_job.py:190} INFO - Processing /opt/airflow/dags/first.py took 0.074 seconds
[2021-03-15 17:27:35,652] {scheduler_job.py:182} INFO - Started process (PID=28) to work on /opt/airflow/dags/first.py
[2021-03-15 17:27:35,655] {scheduler_job.py:629} INFO - Processing file /opt/airflow/dags/first.py for tasks to queue
[2021-03-15 17:27:35,656] {logging_mixin.py:104} INFO - [2021-03-15 17:27:35,656] {dagbag.py:448} INFO - Filling up the DagBag from /opt/airflow/dags/first.py
[2021-03-15 17:27:35,715] {scheduler_job.py:639} INFO - DAG(s) dict_keys(['PostgresOperator_dag']) retrieved from /opt/airflow/dags/first.py
[2021-03-15 17:27:35,756] {logging_mixin.py:104} INFO - [2021-03-15 17:27:35,756] {dag.py:1818} INFO - Sync 1 DAGs
[2021-03-15 17:27:35,784] {logging_mixin.py:104} INFO - [2021-03-15 17:27:35,784] {dag.py:2273} INFO - Setting next_dagrun for PostgresOperator_dag to None
[2021-03-15 17:27:35,824] {scheduler_job.py:190} INFO - Processing /opt/airflow/dags/first.py took 0.178 seconds
[2021-03-15 17:28:06,760] {scheduler_job.py:182} INFO - Started process (PID=55) to work on /opt/airflow/dags/first.py
[2021-03-15 17:28:06,762] {scheduler_job.py:629} INFO - Processing file /opt/airflow/dags/first.py for tasks to queue
[2021-03-15 17:28:06,763] {logging_mixin.py:104} INFO - [2021-03-15 17:28:06,763] {dagbag.py:448} INFO - Filling up the DagBag from /opt/airflow/dags/first.py
[2021-03-15 17:28:06,787] {scheduler_job.py:639} INFO - DAG(s) dict_keys(['PostgresOperator_dag']) retrieved from /opt/airflow/dags/first.py
[2021-03-15 17:28:06,809] {logging_mixin.py:104} INFO - [2021-03-15 17:28:06,809] {dag.py:1818} INFO - Sync 1 DAGs
[2021-03-15 17:28:06,823] {logging_mixin.py:104} INFO - [2021-03-15 17:28:06,823] {dag.py:2273} INFO - Setting next_dagrun for PostgresOperator_dag to None
[2021-03-15 17:28:06,831] {scheduler_job.py:190} INFO - Processing /opt/airflow/dags/first.py took 0.075 seconds
[2021-03-15 17:28:37,210] {scheduler_job.py:182} INFO - Started process (PID=86) to work on /opt/airflow/dags/first.py
[2021-03-15 17:28:37,213] {scheduler_job.py:629} INFO - Processing file /opt/airflow/dags/first.py for tasks to queue
[2021-03-15 17:28:37,214] {logging_mixin.py:104} INFO - [2021-03-15 17:28:37,214] {dagbag.py:448} INFO - Filling up the DagBag from /opt/airflow/dags/first.py
[2021-03-15 17:28:37,238] {scheduler_job.py:639} INFO - DAG(s) dict_keys(['PostgresOperator_dag']) retrieved from /opt/airflow/dags/first.py
[2021-03-15 17:28:37,262] {logging_mixin.py:104} INFO - [2021-03-15 17:28:37,262] {dag.py:1818} INFO - Sync 1 DAGs
[2021-03-15 17:28:37,277] {logging_mixin.py:104} INFO - [2021-03-15 17:28:37,277] {dag.py:2273} INFO - Setting next_dagrun for PostgresOperator_dag to None
[2021-03-15 17:28:37,285] {scheduler_job.py:190} INFO - Processing /opt/airflow/dags/first.py took 0.079 seconds
