[2021-03-15 17:28:12,525] {taskinstance.py:851} INFO - Dependencies all met for <TaskInstance: PostgresOperator_dag.insert_row 2021-03-15T17:28:10.945605+00:00 [queued]>
[2021-03-15 17:28:12,538] {taskinstance.py:851} INFO - Dependencies all met for <TaskInstance: PostgresOperator_dag.insert_row 2021-03-15T17:28:10.945605+00:00 [queued]>
[2021-03-15 17:28:12,540] {taskinstance.py:1042} INFO - 
--------------------------------------------------------------------------------
[2021-03-15 17:28:12,541] {taskinstance.py:1043} INFO - Starting attempt 1 of 1
[2021-03-15 17:28:12,542] {taskinstance.py:1044} INFO - 
--------------------------------------------------------------------------------
[2021-03-15 17:28:12,558] {taskinstance.py:1063} INFO - Executing <Task(PostgresOperator): insert_row> on 2021-03-15T17:28:10.945605+00:00
[2021-03-15 17:28:12,568] {standard_task_runner.py:76} INFO - Running: ['airflow', 'tasks', 'run', 'PostgresOperator_dag', 'insert_row', '2021-03-15T17:28:10.945605+00:00', '--job-id', '11', '--pool', 'default_pool', '--raw', '--subdir', 'DAGS_FOLDER/first.py', '--cfg-path', '/tmp/tmps6hxdn1g', '--error-file', '/tmp/tmpq1vr951_']
[2021-03-15 17:28:12,563] {standard_task_runner.py:52} INFO - Started process 43 to run task
[2021-03-15 17:28:12,570] {standard_task_runner.py:77} INFO - Job 11: Subtask insert_row
[2021-03-15 17:28:12,630] {logging_mixin.py:104} INFO - Running <TaskInstance: PostgresOperator_dag.insert_row 2021-03-15T17:28:10.945605+00:00 [running]> on host 802d9e669445
[2021-03-15 17:28:12,680] {taskinstance.py:1257} INFO - Exporting the following env vars:
AIRFLOW_CTX_DAG_OWNER=airflow
AIRFLOW_CTX_DAG_ID=PostgresOperator_dag
AIRFLOW_CTX_TASK_ID=insert_row
AIRFLOW_CTX_EXECUTION_DATE=2021-03-15T17:28:10.945605+00:00
AIRFLOW_CTX_DAG_RUN_ID=manual__2021-03-15T17:28:10.945605+00:00
[2021-03-15 17:28:12,681] {postgres.py:69} INFO - Executing: INSERT INTO user_table VALUES(%s, %s, %s)
[2021-03-15 17:28:12,693] {base.py:74} INFO - Using connection to: id: postgresql. Host: db, Port: 5432, Schema: airflow, Login: postgres, Password: XXXXXXXX, extra: None
[2021-03-15 17:28:12,697] {dbapi.py:180} INFO - Running statement: INSERT INTO user_table VALUES(%s, %s, %s), parameters: (77250157, 'felix_airflow@works.com', True)
[2021-03-15 17:28:12,699] {dbapi.py:186} INFO - Rows affected: 1
[2021-03-15 17:28:12,712] {taskinstance.py:1166} INFO - Marking task as SUCCESS. dag_id=PostgresOperator_dag, task_id=insert_row, execution_date=20210315T172810, start_date=20210315T172812, end_date=20210315T172812
[2021-03-15 17:28:12,740] {taskinstance.py:1220} INFO - 0 downstream tasks scheduled from follow-on schedule check
[2021-03-15 17:28:12,787] {local_task_job.py:146} INFO - Task exited with return code 0
