[2021-03-16 11:44:39,480] {scheduler_job.py:182} INFO - Started process (PID=45) to work on /home/airflow/.local/lib/python3.6/site-packages/airflow/example_dags/example_branch_python_dop_operator_3.py
[2021-03-16 11:44:39,495] {scheduler_job.py:629} INFO - Processing file /home/airflow/.local/lib/python3.6/site-packages/airflow/example_dags/example_branch_python_dop_operator_3.py for tasks to queue
[2021-03-16 11:44:39,504] {logging_mixin.py:104} INFO - [2021-03-16 11:44:39,502] {dagbag.py:448} INFO - Filling up the DagBag from /home/airflow/.local/lib/python3.6/site-packages/airflow/example_dags/example_branch_python_dop_operator_3.py
[2021-03-16 11:44:39,639] {scheduler_job.py:639} INFO - DAG(s) dict_keys(['example_branch_dop_operator_v3']) retrieved from /home/airflow/.local/lib/python3.6/site-packages/airflow/example_dags/example_branch_python_dop_operator_3.py
[2021-03-16 11:44:39,842] {logging_mixin.py:104} INFO - [2021-03-16 11:44:39,799] {dag.py:1818} INFO - Sync 1 DAGs
[2021-03-16 11:44:40,295] {logging_mixin.py:104} INFO - [2021-03-16 11:44:40,294] {dag.py:2273} INFO - Setting next_dagrun for example_branch_dop_operator_v3 to 2021-03-14 00:00:00+00:00
[2021-03-16 11:44:40,416] {scheduler_job.py:190} INFO - Processing /home/airflow/.local/lib/python3.6/site-packages/airflow/example_dags/example_branch_python_dop_operator_3.py took 0.953 seconds
[2021-03-16 11:46:14,416] {scheduler_job.py:182} INFO - Started process (PID=36) to work on /home/airflow/.local/lib/python3.6/site-packages/airflow/example_dags/example_branch_python_dop_operator_3.py
[2021-03-16 11:46:14,422] {scheduler_job.py:629} INFO - Processing file /home/airflow/.local/lib/python3.6/site-packages/airflow/example_dags/example_branch_python_dop_operator_3.py for tasks to queue
[2021-03-16 11:46:14,431] {logging_mixin.py:104} INFO - [2021-03-16 11:46:14,431] {dagbag.py:448} INFO - Filling up the DagBag from /home/airflow/.local/lib/python3.6/site-packages/airflow/example_dags/example_branch_python_dop_operator_3.py
[2021-03-16 11:46:14,496] {scheduler_job.py:639} INFO - DAG(s) dict_keys(['example_branch_dop_operator_v3']) retrieved from /home/airflow/.local/lib/python3.6/site-packages/airflow/example_dags/example_branch_python_dop_operator_3.py
[2021-03-16 11:46:14,567] {logging_mixin.py:104} INFO - [2021-03-16 11:46:14,567] {dag.py:1818} INFO - Sync 1 DAGs
[2021-03-16 11:46:14,655] {logging_mixin.py:104} INFO - [2021-03-16 11:46:14,655] {dag.py:2273} INFO - Setting next_dagrun for example_branch_dop_operator_v3 to 2021-03-14 00:00:00+00:00
[2021-03-16 11:46:14,696] {scheduler_job.py:190} INFO - Processing /home/airflow/.local/lib/python3.6/site-packages/airflow/example_dags/example_branch_python_dop_operator_3.py took 0.287 seconds
[2021-03-16 11:48:04,504] {scheduler_job.py:182} INFO - Started process (PID=42) to work on /home/airflow/.local/lib/python3.6/site-packages/airflow/example_dags/example_branch_python_dop_operator_3.py
[2021-03-16 11:48:04,509] {scheduler_job.py:629} INFO - Processing file /home/airflow/.local/lib/python3.6/site-packages/airflow/example_dags/example_branch_python_dop_operator_3.py for tasks to queue
[2021-03-16 11:48:04,520] {logging_mixin.py:104} INFO - [2021-03-16 11:48:04,519] {dagbag.py:448} INFO - Filling up the DagBag from /home/airflow/.local/lib/python3.6/site-packages/airflow/example_dags/example_branch_python_dop_operator_3.py
[2021-03-16 11:48:04,560] {scheduler_job.py:639} INFO - DAG(s) dict_keys(['example_branch_dop_operator_v3']) retrieved from /home/airflow/.local/lib/python3.6/site-packages/airflow/example_dags/example_branch_python_dop_operator_3.py
[2021-03-16 11:48:04,614] {logging_mixin.py:104} INFO - [2021-03-16 11:48:04,614] {dag.py:1818} INFO - Sync 1 DAGs
[2021-03-16 11:48:04,676] {logging_mixin.py:104} INFO - [2021-03-16 11:48:04,676] {dag.py:2273} INFO - Setting next_dagrun for example_branch_dop_operator_v3 to 2021-03-14 00:00:00+00:00
[2021-03-16 11:48:04,692] {scheduler_job.py:190} INFO - Processing /home/airflow/.local/lib/python3.6/site-packages/airflow/example_dags/example_branch_python_dop_operator_3.py took 0.210 seconds
[2021-03-16 11:48:36,140] {scheduler_job.py:182} INFO - Started process (PID=78) to work on /home/airflow/.local/lib/python3.6/site-packages/airflow/example_dags/example_branch_python_dop_operator_3.py
[2021-03-16 11:48:36,143] {scheduler_job.py:629} INFO - Processing file /home/airflow/.local/lib/python3.6/site-packages/airflow/example_dags/example_branch_python_dop_operator_3.py for tasks to queue
[2021-03-16 11:48:36,144] {logging_mixin.py:104} INFO - [2021-03-16 11:48:36,144] {dagbag.py:448} INFO - Filling up the DagBag from /home/airflow/.local/lib/python3.6/site-packages/airflow/example_dags/example_branch_python_dop_operator_3.py
[2021-03-16 11:48:36,165] {scheduler_job.py:639} INFO - DAG(s) dict_keys(['example_branch_dop_operator_v3']) retrieved from /home/airflow/.local/lib/python3.6/site-packages/airflow/example_dags/example_branch_python_dop_operator_3.py
[2021-03-16 11:48:36,193] {logging_mixin.py:104} INFO - [2021-03-16 11:48:36,193] {dag.py:1818} INFO - Sync 1 DAGs
[2021-03-16 11:48:36,231] {logging_mixin.py:104} INFO - [2021-03-16 11:48:36,231] {dag.py:2273} INFO - Setting next_dagrun for example_branch_dop_operator_v3 to 2021-03-14 00:00:00+00:00
[2021-03-16 11:48:36,242] {scheduler_job.py:190} INFO - Processing /home/airflow/.local/lib/python3.6/site-packages/airflow/example_dags/example_branch_python_dop_operator_3.py took 0.107 seconds
[2021-03-16 11:49:06,859] {scheduler_job.py:182} INFO - Started process (PID=105) to work on /home/airflow/.local/lib/python3.6/site-packages/airflow/example_dags/example_branch_python_dop_operator_3.py
[2021-03-16 11:49:06,861] {scheduler_job.py:629} INFO - Processing file /home/airflow/.local/lib/python3.6/site-packages/airflow/example_dags/example_branch_python_dop_operator_3.py for tasks to queue
[2021-03-16 11:49:06,863] {logging_mixin.py:104} INFO - [2021-03-16 11:49:06,863] {dagbag.py:448} INFO - Filling up the DagBag from /home/airflow/.local/lib/python3.6/site-packages/airflow/example_dags/example_branch_python_dop_operator_3.py
[2021-03-16 11:49:06,881] {scheduler_job.py:639} INFO - DAG(s) dict_keys(['example_branch_dop_operator_v3']) retrieved from /home/airflow/.local/lib/python3.6/site-packages/airflow/example_dags/example_branch_python_dop_operator_3.py
[2021-03-16 11:49:06,911] {logging_mixin.py:104} INFO - [2021-03-16 11:49:06,911] {dag.py:1818} INFO - Sync 1 DAGs
[2021-03-16 11:49:06,947] {logging_mixin.py:104} INFO - [2021-03-16 11:49:06,947] {dag.py:2273} INFO - Setting next_dagrun for example_branch_dop_operator_v3 to 2021-03-14 00:00:00+00:00
[2021-03-16 11:49:06,957] {scheduler_job.py:190} INFO - Processing /home/airflow/.local/lib/python3.6/site-packages/airflow/example_dags/example_branch_python_dop_operator_3.py took 0.103 seconds
[2021-03-16 11:49:37,601] {scheduler_job.py:182} INFO - Started process (PID=132) to work on /home/airflow/.local/lib/python3.6/site-packages/airflow/example_dags/example_branch_python_dop_operator_3.py
[2021-03-16 11:49:37,604] {scheduler_job.py:629} INFO - Processing file /home/airflow/.local/lib/python3.6/site-packages/airflow/example_dags/example_branch_python_dop_operator_3.py for tasks to queue
[2021-03-16 11:49:37,605] {logging_mixin.py:104} INFO - [2021-03-16 11:49:37,605] {dagbag.py:448} INFO - Filling up the DagBag from /home/airflow/.local/lib/python3.6/site-packages/airflow/example_dags/example_branch_python_dop_operator_3.py
[2021-03-16 11:49:37,621] {scheduler_job.py:639} INFO - DAG(s) dict_keys(['example_branch_dop_operator_v3']) retrieved from /home/airflow/.local/lib/python3.6/site-packages/airflow/example_dags/example_branch_python_dop_operator_3.py
[2021-03-16 11:49:37,645] {logging_mixin.py:104} INFO - [2021-03-16 11:49:37,645] {dag.py:1818} INFO - Sync 1 DAGs
[2021-03-16 11:49:37,680] {logging_mixin.py:104} INFO - [2021-03-16 11:49:37,680] {dag.py:2273} INFO - Setting next_dagrun for example_branch_dop_operator_v3 to 2021-03-14 00:00:00+00:00
[2021-03-16 11:49:37,690] {scheduler_job.py:190} INFO - Processing /home/airflow/.local/lib/python3.6/site-packages/airflow/example_dags/example_branch_python_dop_operator_3.py took 0.092 seconds
[2021-03-16 11:50:08,168] {scheduler_job.py:182} INFO - Started process (PID=159) to work on /home/airflow/.local/lib/python3.6/site-packages/airflow/example_dags/example_branch_python_dop_operator_3.py
[2021-03-16 11:50:08,171] {scheduler_job.py:629} INFO - Processing file /home/airflow/.local/lib/python3.6/site-packages/airflow/example_dags/example_branch_python_dop_operator_3.py for tasks to queue
[2021-03-16 11:50:08,172] {logging_mixin.py:104} INFO - [2021-03-16 11:50:08,172] {dagbag.py:448} INFO - Filling up the DagBag from /home/airflow/.local/lib/python3.6/site-packages/airflow/example_dags/example_branch_python_dop_operator_3.py
[2021-03-16 11:50:08,190] {scheduler_job.py:639} INFO - DAG(s) dict_keys(['example_branch_dop_operator_v3']) retrieved from /home/airflow/.local/lib/python3.6/site-packages/airflow/example_dags/example_branch_python_dop_operator_3.py
[2021-03-16 11:50:08,216] {logging_mixin.py:104} INFO - [2021-03-16 11:50:08,216] {dag.py:1818} INFO - Sync 1 DAGs
[2021-03-16 11:50:08,251] {logging_mixin.py:104} INFO - [2021-03-16 11:50:08,251] {dag.py:2273} INFO - Setting next_dagrun for example_branch_dop_operator_v3 to 2021-03-14 00:00:00+00:00
[2021-03-16 11:50:08,261] {scheduler_job.py:190} INFO - Processing /home/airflow/.local/lib/python3.6/site-packages/airflow/example_dags/example_branch_python_dop_operator_3.py took 0.097 seconds
[2021-03-16 11:50:38,811] {scheduler_job.py:182} INFO - Started process (PID=186) to work on /home/airflow/.local/lib/python3.6/site-packages/airflow/example_dags/example_branch_python_dop_operator_3.py
[2021-03-16 11:50:38,814] {scheduler_job.py:629} INFO - Processing file /home/airflow/.local/lib/python3.6/site-packages/airflow/example_dags/example_branch_python_dop_operator_3.py for tasks to queue
[2021-03-16 11:50:38,816] {logging_mixin.py:104} INFO - [2021-03-16 11:50:38,816] {dagbag.py:448} INFO - Filling up the DagBag from /home/airflow/.local/lib/python3.6/site-packages/airflow/example_dags/example_branch_python_dop_operator_3.py
[2021-03-16 11:50:38,833] {scheduler_job.py:639} INFO - DAG(s) dict_keys(['example_branch_dop_operator_v3']) retrieved from /home/airflow/.local/lib/python3.6/site-packages/airflow/example_dags/example_branch_python_dop_operator_3.py
[2021-03-16 11:50:38,859] {logging_mixin.py:104} INFO - [2021-03-16 11:50:38,859] {dag.py:1818} INFO - Sync 1 DAGs
[2021-03-16 11:50:38,891] {logging_mixin.py:104} INFO - [2021-03-16 11:50:38,891] {dag.py:2273} INFO - Setting next_dagrun for example_branch_dop_operator_v3 to 2021-03-14 00:00:00+00:00
[2021-03-16 11:50:38,902] {scheduler_job.py:190} INFO - Processing /home/airflow/.local/lib/python3.6/site-packages/airflow/example_dags/example_branch_python_dop_operator_3.py took 0.095 seconds
[2021-03-16 11:55:43,444] {scheduler_job.py:182} INFO - Started process (PID=41) to work on /home/airflow/.local/lib/python3.6/site-packages/airflow/example_dags/example_branch_python_dop_operator_3.py
[2021-03-16 11:55:43,452] {scheduler_job.py:629} INFO - Processing file /home/airflow/.local/lib/python3.6/site-packages/airflow/example_dags/example_branch_python_dop_operator_3.py for tasks to queue
[2021-03-16 11:55:43,457] {logging_mixin.py:104} INFO - [2021-03-16 11:55:43,457] {dagbag.py:448} INFO - Filling up the DagBag from /home/airflow/.local/lib/python3.6/site-packages/airflow/example_dags/example_branch_python_dop_operator_3.py
[2021-03-16 11:55:43,514] {scheduler_job.py:639} INFO - DAG(s) dict_keys(['example_branch_dop_operator_v3']) retrieved from /home/airflow/.local/lib/python3.6/site-packages/airflow/example_dags/example_branch_python_dop_operator_3.py
[2021-03-16 11:55:43,650] {logging_mixin.py:104} INFO - [2021-03-16 11:55:43,637] {dag.py:1818} INFO - Sync 1 DAGs
[2021-03-16 11:55:43,955] {logging_mixin.py:104} INFO - [2021-03-16 11:55:43,954] {dag.py:2273} INFO - Setting next_dagrun for example_branch_dop_operator_v3 to 2021-03-14 00:00:00+00:00
[2021-03-16 11:55:44,052] {scheduler_job.py:190} INFO - Processing /home/airflow/.local/lib/python3.6/site-packages/airflow/example_dags/example_branch_python_dop_operator_3.py took 0.614 seconds
[2021-03-16 13:40:14,937] {scheduler_job.py:182} INFO - Started process (PID=36) to work on /home/airflow/.local/lib/python3.6/site-packages/airflow/example_dags/example_branch_python_dop_operator_3.py
[2021-03-16 13:40:14,951] {scheduler_job.py:629} INFO - Processing file /home/airflow/.local/lib/python3.6/site-packages/airflow/example_dags/example_branch_python_dop_operator_3.py for tasks to queue
[2021-03-16 13:40:14,961] {logging_mixin.py:104} INFO - [2021-03-16 13:40:14,959] {dagbag.py:448} INFO - Filling up the DagBag from /home/airflow/.local/lib/python3.6/site-packages/airflow/example_dags/example_branch_python_dop_operator_3.py
[2021-03-16 13:40:15,043] {scheduler_job.py:639} INFO - DAG(s) dict_keys(['example_branch_dop_operator_v3']) retrieved from /home/airflow/.local/lib/python3.6/site-packages/airflow/example_dags/example_branch_python_dop_operator_3.py
[2021-03-16 13:40:15,118] {logging_mixin.py:104} INFO - [2021-03-16 13:40:15,118] {dag.py:1818} INFO - Sync 1 DAGs
[2021-03-16 13:40:15,272] {logging_mixin.py:104} INFO - [2021-03-16 13:40:15,272] {dag.py:2273} INFO - Setting next_dagrun for example_branch_dop_operator_v3 to 2021-03-14 00:00:00+00:00
[2021-03-16 13:40:15,359] {scheduler_job.py:190} INFO - Processing /home/airflow/.local/lib/python3.6/site-packages/airflow/example_dags/example_branch_python_dop_operator_3.py took 0.438 seconds
[2021-03-16 13:40:46,454] {scheduler_job.py:182} INFO - Started process (PID=67) to work on /home/airflow/.local/lib/python3.6/site-packages/airflow/example_dags/example_branch_python_dop_operator_3.py
[2021-03-16 13:40:46,456] {scheduler_job.py:629} INFO - Processing file /home/airflow/.local/lib/python3.6/site-packages/airflow/example_dags/example_branch_python_dop_operator_3.py for tasks to queue
[2021-03-16 13:40:46,458] {logging_mixin.py:104} INFO - [2021-03-16 13:40:46,458] {dagbag.py:448} INFO - Filling up the DagBag from /home/airflow/.local/lib/python3.6/site-packages/airflow/example_dags/example_branch_python_dop_operator_3.py
[2021-03-16 13:40:46,476] {scheduler_job.py:639} INFO - DAG(s) dict_keys(['example_branch_dop_operator_v3']) retrieved from /home/airflow/.local/lib/python3.6/site-packages/airflow/example_dags/example_branch_python_dop_operator_3.py
[2021-03-16 13:40:46,504] {logging_mixin.py:104} INFO - [2021-03-16 13:40:46,504] {dag.py:1818} INFO - Sync 1 DAGs
[2021-03-16 13:40:46,538] {logging_mixin.py:104} INFO - [2021-03-16 13:40:46,538] {dag.py:2273} INFO - Setting next_dagrun for example_branch_dop_operator_v3 to 2021-03-14 00:00:00+00:00
[2021-03-16 13:40:46,550] {scheduler_job.py:190} INFO - Processing /home/airflow/.local/lib/python3.6/site-packages/airflow/example_dags/example_branch_python_dop_operator_3.py took 0.101 seconds
[2021-03-16 13:41:16,889] {scheduler_job.py:182} INFO - Started process (PID=94) to work on /home/airflow/.local/lib/python3.6/site-packages/airflow/example_dags/example_branch_python_dop_operator_3.py
[2021-03-16 13:41:16,892] {scheduler_job.py:629} INFO - Processing file /home/airflow/.local/lib/python3.6/site-packages/airflow/example_dags/example_branch_python_dop_operator_3.py for tasks to queue
[2021-03-16 13:41:16,894] {logging_mixin.py:104} INFO - [2021-03-16 13:41:16,893] {dagbag.py:448} INFO - Filling up the DagBag from /home/airflow/.local/lib/python3.6/site-packages/airflow/example_dags/example_branch_python_dop_operator_3.py
[2021-03-16 13:41:16,914] {scheduler_job.py:639} INFO - DAG(s) dict_keys(['example_branch_dop_operator_v3']) retrieved from /home/airflow/.local/lib/python3.6/site-packages/airflow/example_dags/example_branch_python_dop_operator_3.py
[2021-03-16 13:41:16,949] {logging_mixin.py:104} INFO - [2021-03-16 13:41:16,949] {dag.py:1818} INFO - Sync 1 DAGs
[2021-03-16 13:41:16,982] {logging_mixin.py:104} INFO - [2021-03-16 13:41:16,982] {dag.py:2273} INFO - Setting next_dagrun for example_branch_dop_operator_v3 to 2021-03-14 00:00:00+00:00
[2021-03-16 13:41:16,994] {scheduler_job.py:190} INFO - Processing /home/airflow/.local/lib/python3.6/site-packages/airflow/example_dags/example_branch_python_dop_operator_3.py took 0.109 seconds
[2021-03-16 13:41:47,523] {scheduler_job.py:182} INFO - Started process (PID=122) to work on /home/airflow/.local/lib/python3.6/site-packages/airflow/example_dags/example_branch_python_dop_operator_3.py
[2021-03-16 13:41:47,525] {scheduler_job.py:629} INFO - Processing file /home/airflow/.local/lib/python3.6/site-packages/airflow/example_dags/example_branch_python_dop_operator_3.py for tasks to queue
[2021-03-16 13:41:47,527] {logging_mixin.py:104} INFO - [2021-03-16 13:41:47,527] {dagbag.py:448} INFO - Filling up the DagBag from /home/airflow/.local/lib/python3.6/site-packages/airflow/example_dags/example_branch_python_dop_operator_3.py
[2021-03-16 13:41:47,545] {scheduler_job.py:639} INFO - DAG(s) dict_keys(['example_branch_dop_operator_v3']) retrieved from /home/airflow/.local/lib/python3.6/site-packages/airflow/example_dags/example_branch_python_dop_operator_3.py
[2021-03-16 13:41:47,572] {logging_mixin.py:104} INFO - [2021-03-16 13:41:47,572] {dag.py:1818} INFO - Sync 1 DAGs
[2021-03-16 13:41:47,607] {logging_mixin.py:104} INFO - [2021-03-16 13:41:47,607] {dag.py:2273} INFO - Setting next_dagrun for example_branch_dop_operator_v3 to 2021-03-14 00:00:00+00:00
[2021-03-16 13:41:47,619] {scheduler_job.py:190} INFO - Processing /home/airflow/.local/lib/python3.6/site-packages/airflow/example_dags/example_branch_python_dop_operator_3.py took 0.100 seconds
[2021-03-16 13:42:56,822] {scheduler_job.py:182} INFO - Started process (PID=36) to work on /home/airflow/.local/lib/python3.6/site-packages/airflow/example_dags/example_branch_python_dop_operator_3.py
[2021-03-16 13:42:56,826] {scheduler_job.py:629} INFO - Processing file /home/airflow/.local/lib/python3.6/site-packages/airflow/example_dags/example_branch_python_dop_operator_3.py for tasks to queue
[2021-03-16 13:42:56,830] {logging_mixin.py:104} INFO - [2021-03-16 13:42:56,830] {dagbag.py:448} INFO - Filling up the DagBag from /home/airflow/.local/lib/python3.6/site-packages/airflow/example_dags/example_branch_python_dop_operator_3.py
[2021-03-16 13:42:56,894] {scheduler_job.py:639} INFO - DAG(s) dict_keys(['example_branch_dop_operator_v3']) retrieved from /home/airflow/.local/lib/python3.6/site-packages/airflow/example_dags/example_branch_python_dop_operator_3.py
[2021-03-16 13:42:56,951] {logging_mixin.py:104} INFO - [2021-03-16 13:42:56,950] {dag.py:1818} INFO - Sync 1 DAGs
[2021-03-16 13:42:57,093] {logging_mixin.py:104} INFO - [2021-03-16 13:42:57,093] {dag.py:2273} INFO - Setting next_dagrun for example_branch_dop_operator_v3 to 2021-03-14 00:00:00+00:00
[2021-03-16 13:42:57,115] {scheduler_job.py:190} INFO - Processing /home/airflow/.local/lib/python3.6/site-packages/airflow/example_dags/example_branch_python_dop_operator_3.py took 0.305 seconds
[2021-03-16 13:43:27,427] {scheduler_job.py:182} INFO - Started process (PID=64) to work on /home/airflow/.local/lib/python3.6/site-packages/airflow/example_dags/example_branch_python_dop_operator_3.py
[2021-03-16 13:43:27,429] {scheduler_job.py:629} INFO - Processing file /home/airflow/.local/lib/python3.6/site-packages/airflow/example_dags/example_branch_python_dop_operator_3.py for tasks to queue
[2021-03-16 13:43:27,431] {logging_mixin.py:104} INFO - [2021-03-16 13:43:27,431] {dagbag.py:448} INFO - Filling up the DagBag from /home/airflow/.local/lib/python3.6/site-packages/airflow/example_dags/example_branch_python_dop_operator_3.py
[2021-03-16 13:43:27,446] {scheduler_job.py:639} INFO - DAG(s) dict_keys(['example_branch_dop_operator_v3']) retrieved from /home/airflow/.local/lib/python3.6/site-packages/airflow/example_dags/example_branch_python_dop_operator_3.py
[2021-03-16 13:43:27,469] {logging_mixin.py:104} INFO - [2021-03-16 13:43:27,469] {dag.py:1818} INFO - Sync 1 DAGs
[2021-03-16 13:43:27,503] {logging_mixin.py:104} INFO - [2021-03-16 13:43:27,503] {dag.py:2273} INFO - Setting next_dagrun for example_branch_dop_operator_v3 to 2021-03-14 00:00:00+00:00
[2021-03-16 13:43:27,513] {scheduler_job.py:190} INFO - Processing /home/airflow/.local/lib/python3.6/site-packages/airflow/example_dags/example_branch_python_dop_operator_3.py took 0.090 seconds
[2021-03-16 13:44:48,302] {scheduler_job.py:182} INFO - Started process (PID=45) to work on /home/airflow/.local/lib/python3.6/site-packages/airflow/example_dags/example_branch_python_dop_operator_3.py
[2021-03-16 13:44:48,312] {scheduler_job.py:629} INFO - Processing file /home/airflow/.local/lib/python3.6/site-packages/airflow/example_dags/example_branch_python_dop_operator_3.py for tasks to queue
[2021-03-16 13:44:48,323] {logging_mixin.py:104} INFO - [2021-03-16 13:44:48,322] {dagbag.py:448} INFO - Filling up the DagBag from /home/airflow/.local/lib/python3.6/site-packages/airflow/example_dags/example_branch_python_dop_operator_3.py
[2021-03-16 13:44:48,411] {scheduler_job.py:639} INFO - DAG(s) dict_keys(['example_branch_dop_operator_v3']) retrieved from /home/airflow/.local/lib/python3.6/site-packages/airflow/example_dags/example_branch_python_dop_operator_3.py
[2021-03-16 13:44:48,489] {logging_mixin.py:104} INFO - [2021-03-16 13:44:48,488] {dag.py:1818} INFO - Sync 1 DAGs
[2021-03-16 13:44:48,598] {logging_mixin.py:104} INFO - [2021-03-16 13:44:48,598] {dag.py:2273} INFO - Setting next_dagrun for example_branch_dop_operator_v3 to 2021-03-14 00:00:00+00:00
[2021-03-16 13:44:48,650] {scheduler_job.py:190} INFO - Processing /home/airflow/.local/lib/python3.6/site-packages/airflow/example_dags/example_branch_python_dop_operator_3.py took 0.385 seconds
[2021-03-16 13:45:18,725] {scheduler_job.py:182} INFO - Started process (PID=72) to work on /home/airflow/.local/lib/python3.6/site-packages/airflow/example_dags/example_branch_python_dop_operator_3.py
[2021-03-16 13:45:18,727] {scheduler_job.py:629} INFO - Processing file /home/airflow/.local/lib/python3.6/site-packages/airflow/example_dags/example_branch_python_dop_operator_3.py for tasks to queue
[2021-03-16 13:45:18,728] {logging_mixin.py:104} INFO - [2021-03-16 13:45:18,728] {dagbag.py:448} INFO - Filling up the DagBag from /home/airflow/.local/lib/python3.6/site-packages/airflow/example_dags/example_branch_python_dop_operator_3.py
[2021-03-16 13:45:18,743] {scheduler_job.py:639} INFO - DAG(s) dict_keys(['example_branch_dop_operator_v3']) retrieved from /home/airflow/.local/lib/python3.6/site-packages/airflow/example_dags/example_branch_python_dop_operator_3.py
[2021-03-16 13:45:18,768] {logging_mixin.py:104} INFO - [2021-03-16 13:45:18,768] {dag.py:1818} INFO - Sync 1 DAGs
[2021-03-16 13:45:18,795] {logging_mixin.py:104} INFO - [2021-03-16 13:45:18,795] {dag.py:2273} INFO - Setting next_dagrun for example_branch_dop_operator_v3 to 2021-03-14 00:00:00+00:00
[2021-03-16 13:45:18,803] {scheduler_job.py:190} INFO - Processing /home/airflow/.local/lib/python3.6/site-packages/airflow/example_dags/example_branch_python_dop_operator_3.py took 0.082 seconds
[2021-03-16 13:45:49,359] {scheduler_job.py:182} INFO - Started process (PID=97) to work on /home/airflow/.local/lib/python3.6/site-packages/airflow/example_dags/example_branch_python_dop_operator_3.py
[2021-03-16 13:45:49,362] {scheduler_job.py:629} INFO - Processing file /home/airflow/.local/lib/python3.6/site-packages/airflow/example_dags/example_branch_python_dop_operator_3.py for tasks to queue
[2021-03-16 13:45:49,364] {logging_mixin.py:104} INFO - [2021-03-16 13:45:49,364] {dagbag.py:448} INFO - Filling up the DagBag from /home/airflow/.local/lib/python3.6/site-packages/airflow/example_dags/example_branch_python_dop_operator_3.py
[2021-03-16 13:45:49,386] {scheduler_job.py:639} INFO - DAG(s) dict_keys(['example_branch_dop_operator_v3']) retrieved from /home/airflow/.local/lib/python3.6/site-packages/airflow/example_dags/example_branch_python_dop_operator_3.py
[2021-03-16 13:45:49,417] {logging_mixin.py:104} INFO - [2021-03-16 13:45:49,417] {dag.py:1818} INFO - Sync 1 DAGs
[2021-03-16 13:45:49,463] {logging_mixin.py:104} INFO - [2021-03-16 13:45:49,463] {dag.py:2273} INFO - Setting next_dagrun for example_branch_dop_operator_v3 to 2021-03-14 00:00:00+00:00
[2021-03-16 13:45:49,479] {scheduler_job.py:190} INFO - Processing /home/airflow/.local/lib/python3.6/site-packages/airflow/example_dags/example_branch_python_dop_operator_3.py took 0.126 seconds
[2021-03-16 13:46:20,194] {scheduler_job.py:182} INFO - Started process (PID=124) to work on /home/airflow/.local/lib/python3.6/site-packages/airflow/example_dags/example_branch_python_dop_operator_3.py
[2021-03-16 13:46:20,197] {scheduler_job.py:629} INFO - Processing file /home/airflow/.local/lib/python3.6/site-packages/airflow/example_dags/example_branch_python_dop_operator_3.py for tasks to queue
[2021-03-16 13:46:20,199] {logging_mixin.py:104} INFO - [2021-03-16 13:46:20,198] {dagbag.py:448} INFO - Filling up the DagBag from /home/airflow/.local/lib/python3.6/site-packages/airflow/example_dags/example_branch_python_dop_operator_3.py
[2021-03-16 13:46:20,221] {scheduler_job.py:639} INFO - DAG(s) dict_keys(['example_branch_dop_operator_v3']) retrieved from /home/airflow/.local/lib/python3.6/site-packages/airflow/example_dags/example_branch_python_dop_operator_3.py
[2021-03-16 13:46:20,248] {logging_mixin.py:104} INFO - [2021-03-16 13:46:20,248] {dag.py:1818} INFO - Sync 1 DAGs
[2021-03-16 13:46:20,296] {logging_mixin.py:104} INFO - [2021-03-16 13:46:20,295] {dag.py:2273} INFO - Setting next_dagrun for example_branch_dop_operator_v3 to 2021-03-14 00:00:00+00:00
[2021-03-16 13:46:20,308] {scheduler_job.py:190} INFO - Processing /home/airflow/.local/lib/python3.6/site-packages/airflow/example_dags/example_branch_python_dop_operator_3.py took 0.121 seconds
[2021-03-16 13:46:51,130] {scheduler_job.py:182} INFO - Started process (PID=151) to work on /home/airflow/.local/lib/python3.6/site-packages/airflow/example_dags/example_branch_python_dop_operator_3.py
[2021-03-16 13:46:51,131] {scheduler_job.py:629} INFO - Processing file /home/airflow/.local/lib/python3.6/site-packages/airflow/example_dags/example_branch_python_dop_operator_3.py for tasks to queue
[2021-03-16 13:46:51,133] {logging_mixin.py:104} INFO - [2021-03-16 13:46:51,133] {dagbag.py:448} INFO - Filling up the DagBag from /home/airflow/.local/lib/python3.6/site-packages/airflow/example_dags/example_branch_python_dop_operator_3.py
[2021-03-16 13:46:51,149] {scheduler_job.py:639} INFO - DAG(s) dict_keys(['example_branch_dop_operator_v3']) retrieved from /home/airflow/.local/lib/python3.6/site-packages/airflow/example_dags/example_branch_python_dop_operator_3.py
[2021-03-16 13:46:51,172] {logging_mixin.py:104} INFO - [2021-03-16 13:46:51,172] {dag.py:1818} INFO - Sync 1 DAGs
[2021-03-16 13:46:51,199] {logging_mixin.py:104} INFO - [2021-03-16 13:46:51,199] {dag.py:2273} INFO - Setting next_dagrun for example_branch_dop_operator_v3 to 2021-03-14 00:00:00+00:00
[2021-03-16 13:46:51,216] {scheduler_job.py:190} INFO - Processing /home/airflow/.local/lib/python3.6/site-packages/airflow/example_dags/example_branch_python_dop_operator_3.py took 0.091 seconds
