[2021-03-16 11:44:37,491] {scheduler_job.py:182} INFO - Started process (PID=38) to work on /home/airflow/.local/lib/python3.6/site-packages/airflow/example_dags/example_complex.py
[2021-03-16 11:44:37,499] {scheduler_job.py:629} INFO - Processing file /home/airflow/.local/lib/python3.6/site-packages/airflow/example_dags/example_complex.py for tasks to queue
[2021-03-16 11:44:37,504] {logging_mixin.py:104} INFO - [2021-03-16 11:44:37,503] {dagbag.py:448} INFO - Filling up the DagBag from /home/airflow/.local/lib/python3.6/site-packages/airflow/example_dags/example_complex.py
[2021-03-16 11:44:37,734] {scheduler_job.py:639} INFO - DAG(s) dict_keys(['example_complex']) retrieved from /home/airflow/.local/lib/python3.6/site-packages/airflow/example_dags/example_complex.py
[2021-03-16 11:44:38,054] {logging_mixin.py:104} INFO - [2021-03-16 11:44:38,053] {dag.py:1818} INFO - Sync 1 DAGs
[2021-03-16 11:44:38,224] {logging_mixin.py:104} INFO - [2021-03-16 11:44:38,224] {dag.py:2273} INFO - Setting next_dagrun for example_complex to None
[2021-03-16 11:44:38,317] {scheduler_job.py:190} INFO - Processing /home/airflow/.local/lib/python3.6/site-packages/airflow/example_dags/example_complex.py took 0.834 seconds
[2021-03-16 11:46:16,327] {scheduler_job.py:182} INFO - Started process (PID=51) to work on /home/airflow/.local/lib/python3.6/site-packages/airflow/example_dags/example_complex.py
[2021-03-16 11:46:16,354] {scheduler_job.py:629} INFO - Processing file /home/airflow/.local/lib/python3.6/site-packages/airflow/example_dags/example_complex.py for tasks to queue
[2021-03-16 11:46:16,373] {logging_mixin.py:104} INFO - [2021-03-16 11:46:16,370] {dagbag.py:448} INFO - Filling up the DagBag from /home/airflow/.local/lib/python3.6/site-packages/airflow/example_dags/example_complex.py
[2021-03-16 11:46:16,465] {scheduler_job.py:639} INFO - DAG(s) dict_keys(['example_complex']) retrieved from /home/airflow/.local/lib/python3.6/site-packages/airflow/example_dags/example_complex.py
[2021-03-16 11:46:16,571] {logging_mixin.py:104} INFO - [2021-03-16 11:46:16,569] {dag.py:1818} INFO - Sync 1 DAGs
[2021-03-16 11:46:16,726] {logging_mixin.py:104} INFO - [2021-03-16 11:46:16,726] {dag.py:2273} INFO - Setting next_dagrun for example_complex to None
[2021-03-16 11:46:16,775] {scheduler_job.py:190} INFO - Processing /home/airflow/.local/lib/python3.6/site-packages/airflow/example_dags/example_complex.py took 0.457 seconds
[2021-03-16 11:48:04,551] {scheduler_job.py:182} INFO - Started process (PID=43) to work on /home/airflow/.local/lib/python3.6/site-packages/airflow/example_dags/example_complex.py
[2021-03-16 11:48:04,557] {scheduler_job.py:629} INFO - Processing file /home/airflow/.local/lib/python3.6/site-packages/airflow/example_dags/example_complex.py for tasks to queue
[2021-03-16 11:48:04,560] {logging_mixin.py:104} INFO - [2021-03-16 11:48:04,560] {dagbag.py:448} INFO - Filling up the DagBag from /home/airflow/.local/lib/python3.6/site-packages/airflow/example_dags/example_complex.py
[2021-03-16 11:48:04,596] {scheduler_job.py:639} INFO - DAG(s) dict_keys(['example_complex']) retrieved from /home/airflow/.local/lib/python3.6/site-packages/airflow/example_dags/example_complex.py
[2021-03-16 11:48:04,668] {logging_mixin.py:104} INFO - [2021-03-16 11:48:04,668] {dag.py:1818} INFO - Sync 1 DAGs
[2021-03-16 11:48:04,698] {logging_mixin.py:104} INFO - [2021-03-16 11:48:04,698] {dag.py:2273} INFO - Setting next_dagrun for example_complex to None
[2021-03-16 11:48:04,735] {scheduler_job.py:190} INFO - Processing /home/airflow/.local/lib/python3.6/site-packages/airflow/example_dags/example_complex.py took 0.195 seconds
[2021-03-16 11:48:35,676] {scheduler_job.py:182} INFO - Started process (PID=69) to work on /home/airflow/.local/lib/python3.6/site-packages/airflow/example_dags/example_complex.py
[2021-03-16 11:48:35,679] {scheduler_job.py:629} INFO - Processing file /home/airflow/.local/lib/python3.6/site-packages/airflow/example_dags/example_complex.py for tasks to queue
[2021-03-16 11:48:35,680] {logging_mixin.py:104} INFO - [2021-03-16 11:48:35,680] {dagbag.py:448} INFO - Filling up the DagBag from /home/airflow/.local/lib/python3.6/site-packages/airflow/example_dags/example_complex.py
[2021-03-16 11:48:35,700] {scheduler_job.py:639} INFO - DAG(s) dict_keys(['example_complex']) retrieved from /home/airflow/.local/lib/python3.6/site-packages/airflow/example_dags/example_complex.py
[2021-03-16 11:48:35,735] {logging_mixin.py:104} INFO - [2021-03-16 11:48:35,734] {dag.py:1818} INFO - Sync 1 DAGs
[2021-03-16 11:48:35,753] {logging_mixin.py:104} INFO - [2021-03-16 11:48:35,753] {dag.py:2273} INFO - Setting next_dagrun for example_complex to None
[2021-03-16 11:48:35,765] {scheduler_job.py:190} INFO - Processing /home/airflow/.local/lib/python3.6/site-packages/airflow/example_dags/example_complex.py took 0.092 seconds
[2021-03-16 11:49:06,259] {scheduler_job.py:182} INFO - Started process (PID=96) to work on /home/airflow/.local/lib/python3.6/site-packages/airflow/example_dags/example_complex.py
[2021-03-16 11:49:06,261] {scheduler_job.py:629} INFO - Processing file /home/airflow/.local/lib/python3.6/site-packages/airflow/example_dags/example_complex.py for tasks to queue
[2021-03-16 11:49:06,263] {logging_mixin.py:104} INFO - [2021-03-16 11:49:06,263] {dagbag.py:448} INFO - Filling up the DagBag from /home/airflow/.local/lib/python3.6/site-packages/airflow/example_dags/example_complex.py
[2021-03-16 11:49:06,282] {scheduler_job.py:639} INFO - DAG(s) dict_keys(['example_complex']) retrieved from /home/airflow/.local/lib/python3.6/site-packages/airflow/example_dags/example_complex.py
[2021-03-16 11:49:06,315] {logging_mixin.py:104} INFO - [2021-03-16 11:49:06,315] {dag.py:1818} INFO - Sync 1 DAGs
[2021-03-16 11:49:06,334] {logging_mixin.py:104} INFO - [2021-03-16 11:49:06,334] {dag.py:2273} INFO - Setting next_dagrun for example_complex to None
[2021-03-16 11:49:06,346] {scheduler_job.py:190} INFO - Processing /home/airflow/.local/lib/python3.6/site-packages/airflow/example_dags/example_complex.py took 0.091 seconds
[2021-03-16 11:49:37,135] {scheduler_job.py:182} INFO - Started process (PID=123) to work on /home/airflow/.local/lib/python3.6/site-packages/airflow/example_dags/example_complex.py
[2021-03-16 11:49:37,137] {scheduler_job.py:629} INFO - Processing file /home/airflow/.local/lib/python3.6/site-packages/airflow/example_dags/example_complex.py for tasks to queue
[2021-03-16 11:49:37,139] {logging_mixin.py:104} INFO - [2021-03-16 11:49:37,139] {dagbag.py:448} INFO - Filling up the DagBag from /home/airflow/.local/lib/python3.6/site-packages/airflow/example_dags/example_complex.py
[2021-03-16 11:49:37,165] {scheduler_job.py:639} INFO - DAG(s) dict_keys(['example_complex']) retrieved from /home/airflow/.local/lib/python3.6/site-packages/airflow/example_dags/example_complex.py
[2021-03-16 11:49:37,207] {logging_mixin.py:104} INFO - [2021-03-16 11:49:37,207] {dag.py:1818} INFO - Sync 1 DAGs
[2021-03-16 11:49:37,230] {logging_mixin.py:104} INFO - [2021-03-16 11:49:37,230] {dag.py:2273} INFO - Setting next_dagrun for example_complex to None
[2021-03-16 11:49:37,245] {scheduler_job.py:190} INFO - Processing /home/airflow/.local/lib/python3.6/site-packages/airflow/example_dags/example_complex.py took 0.117 seconds
[2021-03-16 11:50:07,725] {scheduler_job.py:182} INFO - Started process (PID=150) to work on /home/airflow/.local/lib/python3.6/site-packages/airflow/example_dags/example_complex.py
[2021-03-16 11:50:07,727] {scheduler_job.py:629} INFO - Processing file /home/airflow/.local/lib/python3.6/site-packages/airflow/example_dags/example_complex.py for tasks to queue
[2021-03-16 11:50:07,729] {logging_mixin.py:104} INFO - [2021-03-16 11:50:07,728] {dagbag.py:448} INFO - Filling up the DagBag from /home/airflow/.local/lib/python3.6/site-packages/airflow/example_dags/example_complex.py
[2021-03-16 11:50:07,750] {scheduler_job.py:639} INFO - DAG(s) dict_keys(['example_complex']) retrieved from /home/airflow/.local/lib/python3.6/site-packages/airflow/example_dags/example_complex.py
[2021-03-16 11:50:07,777] {logging_mixin.py:104} INFO - [2021-03-16 11:50:07,777] {dag.py:1818} INFO - Sync 1 DAGs
[2021-03-16 11:50:07,794] {logging_mixin.py:104} INFO - [2021-03-16 11:50:07,793] {dag.py:2273} INFO - Setting next_dagrun for example_complex to None
[2021-03-16 11:50:07,815] {scheduler_job.py:190} INFO - Processing /home/airflow/.local/lib/python3.6/site-packages/airflow/example_dags/example_complex.py took 0.093 seconds
[2021-03-16 11:50:38,297] {scheduler_job.py:182} INFO - Started process (PID=177) to work on /home/airflow/.local/lib/python3.6/site-packages/airflow/example_dags/example_complex.py
[2021-03-16 11:50:38,299] {scheduler_job.py:629} INFO - Processing file /home/airflow/.local/lib/python3.6/site-packages/airflow/example_dags/example_complex.py for tasks to queue
[2021-03-16 11:50:38,301] {logging_mixin.py:104} INFO - [2021-03-16 11:50:38,301] {dagbag.py:448} INFO - Filling up the DagBag from /home/airflow/.local/lib/python3.6/site-packages/airflow/example_dags/example_complex.py
[2021-03-16 11:50:38,321] {scheduler_job.py:639} INFO - DAG(s) dict_keys(['example_complex']) retrieved from /home/airflow/.local/lib/python3.6/site-packages/airflow/example_dags/example_complex.py
[2021-03-16 11:50:38,351] {logging_mixin.py:104} INFO - [2021-03-16 11:50:38,351] {dag.py:1818} INFO - Sync 1 DAGs
[2021-03-16 11:50:38,368] {logging_mixin.py:104} INFO - [2021-03-16 11:50:38,368] {dag.py:2273} INFO - Setting next_dagrun for example_complex to None
[2021-03-16 11:50:38,380] {scheduler_job.py:190} INFO - Processing /home/airflow/.local/lib/python3.6/site-packages/airflow/example_dags/example_complex.py took 0.088 seconds
[2021-03-16 11:55:43,670] {scheduler_job.py:182} INFO - Started process (PID=42) to work on /home/airflow/.local/lib/python3.6/site-packages/airflow/example_dags/example_complex.py
[2021-03-16 11:55:43,691] {scheduler_job.py:629} INFO - Processing file /home/airflow/.local/lib/python3.6/site-packages/airflow/example_dags/example_complex.py for tasks to queue
[2021-03-16 11:55:43,697] {logging_mixin.py:104} INFO - [2021-03-16 11:55:43,697] {dagbag.py:448} INFO - Filling up the DagBag from /home/airflow/.local/lib/python3.6/site-packages/airflow/example_dags/example_complex.py
[2021-03-16 11:55:43,955] {scheduler_job.py:639} INFO - DAG(s) dict_keys(['example_complex']) retrieved from /home/airflow/.local/lib/python3.6/site-packages/airflow/example_dags/example_complex.py
[2021-03-16 11:55:44,191] {logging_mixin.py:104} INFO - [2021-03-16 11:55:44,191] {dag.py:1818} INFO - Sync 1 DAGs
[2021-03-16 11:55:44,255] {logging_mixin.py:104} INFO - [2021-03-16 11:55:44,255] {dag.py:2273} INFO - Setting next_dagrun for example_complex to None
[2021-03-16 11:55:44,291] {scheduler_job.py:190} INFO - Processing /home/airflow/.local/lib/python3.6/site-packages/airflow/example_dags/example_complex.py took 0.627 seconds
[2021-03-16 13:40:14,180] {scheduler_job.py:182} INFO - Started process (PID=29) to work on /home/airflow/.local/lib/python3.6/site-packages/airflow/example_dags/example_complex.py
[2021-03-16 13:40:14,183] {scheduler_job.py:629} INFO - Processing file /home/airflow/.local/lib/python3.6/site-packages/airflow/example_dags/example_complex.py for tasks to queue
[2021-03-16 13:40:14,184] {logging_mixin.py:104} INFO - [2021-03-16 13:40:14,184] {dagbag.py:448} INFO - Filling up the DagBag from /home/airflow/.local/lib/python3.6/site-packages/airflow/example_dags/example_complex.py
[2021-03-16 13:40:14,217] {scheduler_job.py:639} INFO - DAG(s) dict_keys(['example_complex']) retrieved from /home/airflow/.local/lib/python3.6/site-packages/airflow/example_dags/example_complex.py
[2021-03-16 13:40:14,258] {logging_mixin.py:104} INFO - [2021-03-16 13:40:14,258] {dag.py:1818} INFO - Sync 1 DAGs
[2021-03-16 13:40:14,285] {logging_mixin.py:104} INFO - [2021-03-16 13:40:14,285] {dag.py:2273} INFO - Setting next_dagrun for example_complex to None
[2021-03-16 13:40:14,308] {scheduler_job.py:190} INFO - Processing /home/airflow/.local/lib/python3.6/site-packages/airflow/example_dags/example_complex.py took 0.134 seconds
[2021-03-16 13:40:44,821] {scheduler_job.py:182} INFO - Started process (PID=56) to work on /home/airflow/.local/lib/python3.6/site-packages/airflow/example_dags/example_complex.py
[2021-03-16 13:40:44,823] {scheduler_job.py:629} INFO - Processing file /home/airflow/.local/lib/python3.6/site-packages/airflow/example_dags/example_complex.py for tasks to queue
[2021-03-16 13:40:44,825] {logging_mixin.py:104} INFO - [2021-03-16 13:40:44,824] {dagbag.py:448} INFO - Filling up the DagBag from /home/airflow/.local/lib/python3.6/site-packages/airflow/example_dags/example_complex.py
[2021-03-16 13:40:44,845] {scheduler_job.py:639} INFO - DAG(s) dict_keys(['example_complex']) retrieved from /home/airflow/.local/lib/python3.6/site-packages/airflow/example_dags/example_complex.py
[2021-03-16 13:40:44,874] {logging_mixin.py:104} INFO - [2021-03-16 13:40:44,874] {dag.py:1818} INFO - Sync 1 DAGs
[2021-03-16 13:40:44,891] {logging_mixin.py:104} INFO - [2021-03-16 13:40:44,891] {dag.py:2273} INFO - Setting next_dagrun for example_complex to None
[2021-03-16 13:40:44,902] {scheduler_job.py:190} INFO - Processing /home/airflow/.local/lib/python3.6/site-packages/airflow/example_dags/example_complex.py took 0.086 seconds
[2021-03-16 13:41:15,246] {scheduler_job.py:182} INFO - Started process (PID=82) to work on /home/airflow/.local/lib/python3.6/site-packages/airflow/example_dags/example_complex.py
[2021-03-16 13:41:15,248] {scheduler_job.py:629} INFO - Processing file /home/airflow/.local/lib/python3.6/site-packages/airflow/example_dags/example_complex.py for tasks to queue
[2021-03-16 13:41:15,250] {logging_mixin.py:104} INFO - [2021-03-16 13:41:15,249] {dagbag.py:448} INFO - Filling up the DagBag from /home/airflow/.local/lib/python3.6/site-packages/airflow/example_dags/example_complex.py
[2021-03-16 13:41:15,270] {scheduler_job.py:639} INFO - DAG(s) dict_keys(['example_complex']) retrieved from /home/airflow/.local/lib/python3.6/site-packages/airflow/example_dags/example_complex.py
[2021-03-16 13:41:15,301] {logging_mixin.py:104} INFO - [2021-03-16 13:41:15,301] {dag.py:1818} INFO - Sync 1 DAGs
[2021-03-16 13:41:15,319] {logging_mixin.py:104} INFO - [2021-03-16 13:41:15,319] {dag.py:2273} INFO - Setting next_dagrun for example_complex to None
[2021-03-16 13:41:15,332] {scheduler_job.py:190} INFO - Processing /home/airflow/.local/lib/python3.6/site-packages/airflow/example_dags/example_complex.py took 0.090 seconds
[2021-03-16 13:41:45,813] {scheduler_job.py:182} INFO - Started process (PID=110) to work on /home/airflow/.local/lib/python3.6/site-packages/airflow/example_dags/example_complex.py
[2021-03-16 13:41:45,815] {scheduler_job.py:629} INFO - Processing file /home/airflow/.local/lib/python3.6/site-packages/airflow/example_dags/example_complex.py for tasks to queue
[2021-03-16 13:41:45,817] {logging_mixin.py:104} INFO - [2021-03-16 13:41:45,817] {dagbag.py:448} INFO - Filling up the DagBag from /home/airflow/.local/lib/python3.6/site-packages/airflow/example_dags/example_complex.py
[2021-03-16 13:41:45,840] {scheduler_job.py:639} INFO - DAG(s) dict_keys(['example_complex']) retrieved from /home/airflow/.local/lib/python3.6/site-packages/airflow/example_dags/example_complex.py
[2021-03-16 13:41:45,877] {logging_mixin.py:104} INFO - [2021-03-16 13:41:45,876] {dag.py:1818} INFO - Sync 1 DAGs
[2021-03-16 13:41:45,895] {logging_mixin.py:104} INFO - [2021-03-16 13:41:45,895] {dag.py:2273} INFO - Setting next_dagrun for example_complex to None
[2021-03-16 13:41:45,906] {scheduler_job.py:190} INFO - Processing /home/airflow/.local/lib/python3.6/site-packages/airflow/example_dags/example_complex.py took 0.096 seconds
[2021-03-16 13:42:55,828] {scheduler_job.py:182} INFO - Started process (PID=31) to work on /home/airflow/.local/lib/python3.6/site-packages/airflow/example_dags/example_complex.py
[2021-03-16 13:42:55,834] {scheduler_job.py:629} INFO - Processing file /home/airflow/.local/lib/python3.6/site-packages/airflow/example_dags/example_complex.py for tasks to queue
[2021-03-16 13:42:55,836] {logging_mixin.py:104} INFO - [2021-03-16 13:42:55,836] {dagbag.py:448} INFO - Filling up the DagBag from /home/airflow/.local/lib/python3.6/site-packages/airflow/example_dags/example_complex.py
[2021-03-16 13:42:55,891] {scheduler_job.py:639} INFO - DAG(s) dict_keys(['example_complex']) retrieved from /home/airflow/.local/lib/python3.6/site-packages/airflow/example_dags/example_complex.py
[2021-03-16 13:42:55,946] {logging_mixin.py:104} INFO - [2021-03-16 13:42:55,946] {dag.py:1818} INFO - Sync 1 DAGs
[2021-03-16 13:42:55,972] {logging_mixin.py:104} INFO - [2021-03-16 13:42:55,972] {dag.py:2273} INFO - Setting next_dagrun for example_complex to None
[2021-03-16 13:42:55,996] {scheduler_job.py:190} INFO - Processing /home/airflow/.local/lib/python3.6/site-packages/airflow/example_dags/example_complex.py took 0.179 seconds
[2021-03-16 13:43:27,117] {scheduler_job.py:182} INFO - Started process (PID=58) to work on /home/airflow/.local/lib/python3.6/site-packages/airflow/example_dags/example_complex.py
[2021-03-16 13:43:27,119] {scheduler_job.py:629} INFO - Processing file /home/airflow/.local/lib/python3.6/site-packages/airflow/example_dags/example_complex.py for tasks to queue
[2021-03-16 13:43:27,120] {logging_mixin.py:104} INFO - [2021-03-16 13:43:27,120] {dagbag.py:448} INFO - Filling up the DagBag from /home/airflow/.local/lib/python3.6/site-packages/airflow/example_dags/example_complex.py
[2021-03-16 13:43:27,140] {scheduler_job.py:639} INFO - DAG(s) dict_keys(['example_complex']) retrieved from /home/airflow/.local/lib/python3.6/site-packages/airflow/example_dags/example_complex.py
[2021-03-16 13:43:27,169] {logging_mixin.py:104} INFO - [2021-03-16 13:43:27,169] {dag.py:1818} INFO - Sync 1 DAGs
[2021-03-16 13:43:27,190] {logging_mixin.py:104} INFO - [2021-03-16 13:43:27,190] {dag.py:2273} INFO - Setting next_dagrun for example_complex to None
[2021-03-16 13:43:27,206] {scheduler_job.py:190} INFO - Processing /home/airflow/.local/lib/python3.6/site-packages/airflow/example_dags/example_complex.py took 0.093 seconds
[2021-03-16 13:44:46,158] {scheduler_job.py:182} INFO - Started process (PID=34) to work on /home/airflow/.local/lib/python3.6/site-packages/airflow/example_dags/example_complex.py
[2021-03-16 13:44:46,162] {scheduler_job.py:629} INFO - Processing file /home/airflow/.local/lib/python3.6/site-packages/airflow/example_dags/example_complex.py for tasks to queue
[2021-03-16 13:44:46,163] {logging_mixin.py:104} INFO - [2021-03-16 13:44:46,163] {dagbag.py:448} INFO - Filling up the DagBag from /home/airflow/.local/lib/python3.6/site-packages/airflow/example_dags/example_complex.py
[2021-03-16 13:44:46,197] {scheduler_job.py:639} INFO - DAG(s) dict_keys(['example_complex']) retrieved from /home/airflow/.local/lib/python3.6/site-packages/airflow/example_dags/example_complex.py
[2021-03-16 13:44:46,286] {logging_mixin.py:104} INFO - [2021-03-16 13:44:46,286] {dag.py:1818} INFO - Sync 1 DAGs
[2021-03-16 13:44:46,319] {logging_mixin.py:104} INFO - [2021-03-16 13:44:46,319] {dag.py:2273} INFO - Setting next_dagrun for example_complex to None
[2021-03-16 13:44:46,342] {scheduler_job.py:190} INFO - Processing /home/airflow/.local/lib/python3.6/site-packages/airflow/example_dags/example_complex.py took 0.190 seconds
[2021-03-16 13:45:16,985] {scheduler_job.py:182} INFO - Started process (PID=59) to work on /home/airflow/.local/lib/python3.6/site-packages/airflow/example_dags/example_complex.py
[2021-03-16 13:45:16,987] {scheduler_job.py:629} INFO - Processing file /home/airflow/.local/lib/python3.6/site-packages/airflow/example_dags/example_complex.py for tasks to queue
[2021-03-16 13:45:16,989] {logging_mixin.py:104} INFO - [2021-03-16 13:45:16,989] {dagbag.py:448} INFO - Filling up the DagBag from /home/airflow/.local/lib/python3.6/site-packages/airflow/example_dags/example_complex.py
[2021-03-16 13:45:17,014] {scheduler_job.py:639} INFO - DAG(s) dict_keys(['example_complex']) retrieved from /home/airflow/.local/lib/python3.6/site-packages/airflow/example_dags/example_complex.py
[2021-03-16 13:45:17,044] {logging_mixin.py:104} INFO - [2021-03-16 13:45:17,044] {dag.py:1818} INFO - Sync 1 DAGs
[2021-03-16 13:45:17,060] {logging_mixin.py:104} INFO - [2021-03-16 13:45:17,060] {dag.py:2273} INFO - Setting next_dagrun for example_complex to None
[2021-03-16 13:45:17,070] {scheduler_job.py:190} INFO - Processing /home/airflow/.local/lib/python3.6/site-packages/airflow/example_dags/example_complex.py took 0.089 seconds
[2021-03-16 13:45:47,684] {scheduler_job.py:182} INFO - Started process (PID=88) to work on /home/airflow/.local/lib/python3.6/site-packages/airflow/example_dags/example_complex.py
[2021-03-16 13:45:47,687] {scheduler_job.py:629} INFO - Processing file /home/airflow/.local/lib/python3.6/site-packages/airflow/example_dags/example_complex.py for tasks to queue
[2021-03-16 13:45:47,689] {logging_mixin.py:104} INFO - [2021-03-16 13:45:47,688] {dagbag.py:448} INFO - Filling up the DagBag from /home/airflow/.local/lib/python3.6/site-packages/airflow/example_dags/example_complex.py
[2021-03-16 13:45:47,714] {scheduler_job.py:639} INFO - DAG(s) dict_keys(['example_complex']) retrieved from /home/airflow/.local/lib/python3.6/site-packages/airflow/example_dags/example_complex.py
[2021-03-16 13:45:47,750] {logging_mixin.py:104} INFO - [2021-03-16 13:45:47,750] {dag.py:1818} INFO - Sync 1 DAGs
[2021-03-16 13:45:47,769] {logging_mixin.py:104} INFO - [2021-03-16 13:45:47,769] {dag.py:2273} INFO - Setting next_dagrun for example_complex to None
[2021-03-16 13:45:47,781] {scheduler_job.py:190} INFO - Processing /home/airflow/.local/lib/python3.6/site-packages/airflow/example_dags/example_complex.py took 0.101 seconds
[2021-03-16 13:46:18,464] {scheduler_job.py:182} INFO - Started process (PID=115) to work on /home/airflow/.local/lib/python3.6/site-packages/airflow/example_dags/example_complex.py
[2021-03-16 13:46:18,466] {scheduler_job.py:629} INFO - Processing file /home/airflow/.local/lib/python3.6/site-packages/airflow/example_dags/example_complex.py for tasks to queue
[2021-03-16 13:46:18,467] {logging_mixin.py:104} INFO - [2021-03-16 13:46:18,467] {dagbag.py:448} INFO - Filling up the DagBag from /home/airflow/.local/lib/python3.6/site-packages/airflow/example_dags/example_complex.py
[2021-03-16 13:46:18,495] {scheduler_job.py:639} INFO - DAG(s) dict_keys(['example_complex']) retrieved from /home/airflow/.local/lib/python3.6/site-packages/airflow/example_dags/example_complex.py
[2021-03-16 13:46:18,536] {logging_mixin.py:104} INFO - [2021-03-16 13:46:18,536] {dag.py:1818} INFO - Sync 1 DAGs
[2021-03-16 13:46:18,565] {logging_mixin.py:104} INFO - [2021-03-16 13:46:18,565] {dag.py:2273} INFO - Setting next_dagrun for example_complex to None
[2021-03-16 13:46:18,579] {scheduler_job.py:190} INFO - Processing /home/airflow/.local/lib/python3.6/site-packages/airflow/example_dags/example_complex.py took 0.120 seconds
[2021-03-16 13:46:49,481] {scheduler_job.py:182} INFO - Started process (PID=142) to work on /home/airflow/.local/lib/python3.6/site-packages/airflow/example_dags/example_complex.py
[2021-03-16 13:46:49,489] {scheduler_job.py:629} INFO - Processing file /home/airflow/.local/lib/python3.6/site-packages/airflow/example_dags/example_complex.py for tasks to queue
[2021-03-16 13:46:49,491] {logging_mixin.py:104} INFO - [2021-03-16 13:46:49,491] {dagbag.py:448} INFO - Filling up the DagBag from /home/airflow/.local/lib/python3.6/site-packages/airflow/example_dags/example_complex.py
[2021-03-16 13:46:49,525] {scheduler_job.py:639} INFO - DAG(s) dict_keys(['example_complex']) retrieved from /home/airflow/.local/lib/python3.6/site-packages/airflow/example_dags/example_complex.py
[2021-03-16 13:46:49,568] {logging_mixin.py:104} INFO - [2021-03-16 13:46:49,568] {dag.py:1818} INFO - Sync 1 DAGs
[2021-03-16 13:46:49,602] {logging_mixin.py:104} INFO - [2021-03-16 13:46:49,602] {dag.py:2273} INFO - Setting next_dagrun for example_complex to None
[2021-03-16 13:46:49,623] {scheduler_job.py:190} INFO - Processing /home/airflow/.local/lib/python3.6/site-packages/airflow/example_dags/example_complex.py took 0.148 seconds
