[2021-03-16 11:44:34,822] {scheduler_job.py:182} INFO - Started process (PID=29) to work on /home/airflow/.local/lib/python3.6/site-packages/airflow/example_dags/example_subdag_operator.py
[2021-03-16 11:44:34,828] {scheduler_job.py:629} INFO - Processing file /home/airflow/.local/lib/python3.6/site-packages/airflow/example_dags/example_subdag_operator.py for tasks to queue
[2021-03-16 11:44:34,831] {logging_mixin.py:104} INFO - [2021-03-16 11:44:34,831] {dagbag.py:448} INFO - Filling up the DagBag from /home/airflow/.local/lib/python3.6/site-packages/airflow/example_dags/example_subdag_operator.py
[2021-03-16 11:44:34,910] {scheduler_job.py:639} INFO - DAG(s) dict_keys(['example_subdag_operator.section-1', 'example_subdag_operator.section-2', 'example_subdag_operator']) retrieved from /home/airflow/.local/lib/python3.6/site-packages/airflow/example_dags/example_subdag_operator.py
[2021-03-16 11:44:34,978] {logging_mixin.py:104} INFO - [2021-03-16 11:44:34,978] {dag.py:1818} INFO - Sync 3 DAGs
[2021-03-16 11:44:35,119] {logging_mixin.py:104} INFO - [2021-03-16 11:44:35,118] {dag.py:2273} INFO - Setting next_dagrun for example_subdag_operator to 2021-03-14 00:00:00+00:00
[2021-03-16 11:44:35,124] {logging_mixin.py:104} INFO - [2021-03-16 11:44:35,123] {dag.py:2273} INFO - Setting next_dagrun for example_subdag_operator.section-1 to None
[2021-03-16 11:44:35,136] {logging_mixin.py:104} INFO - [2021-03-16 11:44:35,135] {dag.py:2273} INFO - Setting next_dagrun for example_subdag_operator.section-2 to None
[2021-03-16 11:44:35,202] {logging_mixin.py:104} INFO - [2021-03-16 11:44:35,201] {dag.py:1818} INFO - Sync 2 DAGs
[2021-03-16 11:44:35,250] {logging_mixin.py:104} INFO - [2021-03-16 11:44:35,248] {dag.py:2273} INFO - Setting next_dagrun for example_subdag_operator.section-1 to None
[2021-03-16 11:44:35,254] {logging_mixin.py:104} INFO - [2021-03-16 11:44:35,254] {dag.py:2273} INFO - Setting next_dagrun for example_subdag_operator.section-2 to None
[2021-03-16 11:44:35,282] {scheduler_job.py:190} INFO - Processing /home/airflow/.local/lib/python3.6/site-packages/airflow/example_dags/example_subdag_operator.py took 0.470 seconds
[2021-03-16 11:46:14,748] {scheduler_job.py:182} INFO - Started process (PID=38) to work on /home/airflow/.local/lib/python3.6/site-packages/airflow/example_dags/example_subdag_operator.py
[2021-03-16 11:46:14,751] {scheduler_job.py:629} INFO - Processing file /home/airflow/.local/lib/python3.6/site-packages/airflow/example_dags/example_subdag_operator.py for tasks to queue
[2021-03-16 11:46:14,754] {logging_mixin.py:104} INFO - [2021-03-16 11:46:14,754] {dagbag.py:448} INFO - Filling up the DagBag from /home/airflow/.local/lib/python3.6/site-packages/airflow/example_dags/example_subdag_operator.py
[2021-03-16 11:46:14,842] {scheduler_job.py:639} INFO - DAG(s) dict_keys(['example_subdag_operator.section-1', 'example_subdag_operator.section-2', 'example_subdag_operator']) retrieved from /home/airflow/.local/lib/python3.6/site-packages/airflow/example_dags/example_subdag_operator.py
[2021-03-16 11:46:14,889] {logging_mixin.py:104} INFO - [2021-03-16 11:46:14,889] {dag.py:1818} INFO - Sync 3 DAGs
[2021-03-16 11:46:14,941] {logging_mixin.py:104} INFO - [2021-03-16 11:46:14,941] {dag.py:2273} INFO - Setting next_dagrun for example_subdag_operator to 2021-03-14 00:00:00+00:00
[2021-03-16 11:46:14,944] {logging_mixin.py:104} INFO - [2021-03-16 11:46:14,944] {dag.py:2273} INFO - Setting next_dagrun for example_subdag_operator.section-1 to None
[2021-03-16 11:46:14,946] {logging_mixin.py:104} INFO - [2021-03-16 11:46:14,946] {dag.py:2273} INFO - Setting next_dagrun for example_subdag_operator.section-2 to None
[2021-03-16 11:46:14,956] {logging_mixin.py:104} INFO - [2021-03-16 11:46:14,956] {dag.py:1818} INFO - Sync 2 DAGs
[2021-03-16 11:46:14,976] {logging_mixin.py:104} INFO - [2021-03-16 11:46:14,976] {dag.py:2273} INFO - Setting next_dagrun for example_subdag_operator.section-1 to None
[2021-03-16 11:46:14,978] {logging_mixin.py:104} INFO - [2021-03-16 11:46:14,978] {dag.py:2273} INFO - Setting next_dagrun for example_subdag_operator.section-2 to None
[2021-03-16 11:46:14,989] {scheduler_job.py:190} INFO - Processing /home/airflow/.local/lib/python3.6/site-packages/airflow/example_dags/example_subdag_operator.py took 0.246 seconds
[2021-03-16 11:48:02,852] {scheduler_job.py:182} INFO - Started process (PID=31) to work on /home/airflow/.local/lib/python3.6/site-packages/airflow/example_dags/example_subdag_operator.py
[2021-03-16 11:48:02,854] {scheduler_job.py:629} INFO - Processing file /home/airflow/.local/lib/python3.6/site-packages/airflow/example_dags/example_subdag_operator.py for tasks to queue
[2021-03-16 11:48:02,856] {logging_mixin.py:104} INFO - [2021-03-16 11:48:02,856] {dagbag.py:448} INFO - Filling up the DagBag from /home/airflow/.local/lib/python3.6/site-packages/airflow/example_dags/example_subdag_operator.py
[2021-03-16 11:48:02,915] {scheduler_job.py:639} INFO - DAG(s) dict_keys(['example_subdag_operator.section-1', 'example_subdag_operator.section-2', 'example_subdag_operator']) retrieved from /home/airflow/.local/lib/python3.6/site-packages/airflow/example_dags/example_subdag_operator.py
[2021-03-16 11:48:02,935] {logging_mixin.py:104} INFO - [2021-03-16 11:48:02,935] {dag.py:1818} INFO - Sync 3 DAGs
[2021-03-16 11:48:02,995] {logging_mixin.py:104} INFO - [2021-03-16 11:48:02,995] {dag.py:2273} INFO - Setting next_dagrun for example_subdag_operator to 2021-03-14 00:00:00+00:00
[2021-03-16 11:48:03,001] {logging_mixin.py:104} INFO - [2021-03-16 11:48:03,001] {dag.py:2273} INFO - Setting next_dagrun for example_subdag_operator.section-1 to None
[2021-03-16 11:48:03,004] {logging_mixin.py:104} INFO - [2021-03-16 11:48:03,004] {dag.py:2273} INFO - Setting next_dagrun for example_subdag_operator.section-2 to None
[2021-03-16 11:48:03,023] {logging_mixin.py:104} INFO - [2021-03-16 11:48:03,019] {dag.py:1818} INFO - Sync 2 DAGs
[2021-03-16 11:48:03,043] {logging_mixin.py:104} INFO - [2021-03-16 11:48:03,043] {dag.py:2273} INFO - Setting next_dagrun for example_subdag_operator.section-1 to None
[2021-03-16 11:48:03,048] {logging_mixin.py:104} INFO - [2021-03-16 11:48:03,048] {dag.py:2273} INFO - Setting next_dagrun for example_subdag_operator.section-2 to None
[2021-03-16 11:48:03,062] {scheduler_job.py:190} INFO - Processing /home/airflow/.local/lib/python3.6/site-packages/airflow/example_dags/example_subdag_operator.py took 0.215 seconds
[2021-03-16 11:48:33,208] {scheduler_job.py:182} INFO - Started process (PID=59) to work on /home/airflow/.local/lib/python3.6/site-packages/airflow/example_dags/example_subdag_operator.py
[2021-03-16 11:48:33,210] {scheduler_job.py:629} INFO - Processing file /home/airflow/.local/lib/python3.6/site-packages/airflow/example_dags/example_subdag_operator.py for tasks to queue
[2021-03-16 11:48:33,212] {logging_mixin.py:104} INFO - [2021-03-16 11:48:33,212] {dagbag.py:448} INFO - Filling up the DagBag from /home/airflow/.local/lib/python3.6/site-packages/airflow/example_dags/example_subdag_operator.py
[2021-03-16 11:48:33,302] {scheduler_job.py:639} INFO - DAG(s) dict_keys(['example_subdag_operator.section-1', 'example_subdag_operator.section-2', 'example_subdag_operator']) retrieved from /home/airflow/.local/lib/python3.6/site-packages/airflow/example_dags/example_subdag_operator.py
[2021-03-16 11:48:33,317] {logging_mixin.py:104} INFO - [2021-03-16 11:48:33,316] {dag.py:1818} INFO - Sync 3 DAGs
[2021-03-16 11:48:33,337] {logging_mixin.py:104} INFO - [2021-03-16 11:48:33,337] {dag.py:2273} INFO - Setting next_dagrun for example_subdag_operator to 2021-03-14 00:00:00+00:00
[2021-03-16 11:48:33,339] {logging_mixin.py:104} INFO - [2021-03-16 11:48:33,339] {dag.py:2273} INFO - Setting next_dagrun for example_subdag_operator.section-1 to None
[2021-03-16 11:48:33,340] {logging_mixin.py:104} INFO - [2021-03-16 11:48:33,340] {dag.py:2273} INFO - Setting next_dagrun for example_subdag_operator.section-2 to None
[2021-03-16 11:48:33,348] {logging_mixin.py:104} INFO - [2021-03-16 11:48:33,348] {dag.py:1818} INFO - Sync 2 DAGs
[2021-03-16 11:48:33,359] {logging_mixin.py:104} INFO - [2021-03-16 11:48:33,359] {dag.py:2273} INFO - Setting next_dagrun for example_subdag_operator.section-1 to None
[2021-03-16 11:48:33,361] {logging_mixin.py:104} INFO - [2021-03-16 11:48:33,361] {dag.py:2273} INFO - Setting next_dagrun for example_subdag_operator.section-2 to None
[2021-03-16 11:48:33,373] {scheduler_job.py:190} INFO - Processing /home/airflow/.local/lib/python3.6/site-packages/airflow/example_dags/example_subdag_operator.py took 0.170 seconds
[2021-03-16 11:49:03,655] {scheduler_job.py:182} INFO - Started process (PID=86) to work on /home/airflow/.local/lib/python3.6/site-packages/airflow/example_dags/example_subdag_operator.py
[2021-03-16 11:49:03,657] {scheduler_job.py:629} INFO - Processing file /home/airflow/.local/lib/python3.6/site-packages/airflow/example_dags/example_subdag_operator.py for tasks to queue
[2021-03-16 11:49:03,659] {logging_mixin.py:104} INFO - [2021-03-16 11:49:03,659] {dagbag.py:448} INFO - Filling up the DagBag from /home/airflow/.local/lib/python3.6/site-packages/airflow/example_dags/example_subdag_operator.py
[2021-03-16 11:49:03,701] {scheduler_job.py:639} INFO - DAG(s) dict_keys(['example_subdag_operator.section-1', 'example_subdag_operator.section-2', 'example_subdag_operator']) retrieved from /home/airflow/.local/lib/python3.6/site-packages/airflow/example_dags/example_subdag_operator.py
[2021-03-16 11:49:03,724] {logging_mixin.py:104} INFO - [2021-03-16 11:49:03,724] {dag.py:1818} INFO - Sync 3 DAGs
[2021-03-16 11:49:03,744] {logging_mixin.py:104} INFO - [2021-03-16 11:49:03,744] {dag.py:2273} INFO - Setting next_dagrun for example_subdag_operator to 2021-03-14 00:00:00+00:00
[2021-03-16 11:49:03,746] {logging_mixin.py:104} INFO - [2021-03-16 11:49:03,746] {dag.py:2273} INFO - Setting next_dagrun for example_subdag_operator.section-1 to None
[2021-03-16 11:49:03,747] {logging_mixin.py:104} INFO - [2021-03-16 11:49:03,747] {dag.py:2273} INFO - Setting next_dagrun for example_subdag_operator.section-2 to None
[2021-03-16 11:49:03,753] {logging_mixin.py:104} INFO - [2021-03-16 11:49:03,753] {dag.py:1818} INFO - Sync 2 DAGs
[2021-03-16 11:49:03,761] {logging_mixin.py:104} INFO - [2021-03-16 11:49:03,761] {dag.py:2273} INFO - Setting next_dagrun for example_subdag_operator.section-1 to None
[2021-03-16 11:49:03,761] {logging_mixin.py:104} INFO - [2021-03-16 11:49:03,761] {dag.py:2273} INFO - Setting next_dagrun for example_subdag_operator.section-2 to None
[2021-03-16 11:49:03,767] {scheduler_job.py:190} INFO - Processing /home/airflow/.local/lib/python3.6/site-packages/airflow/example_dags/example_subdag_operator.py took 0.118 seconds
[2021-03-16 11:49:34,104] {scheduler_job.py:182} INFO - Started process (PID=110) to work on /home/airflow/.local/lib/python3.6/site-packages/airflow/example_dags/example_subdag_operator.py
[2021-03-16 11:49:34,108] {scheduler_job.py:629} INFO - Processing file /home/airflow/.local/lib/python3.6/site-packages/airflow/example_dags/example_subdag_operator.py for tasks to queue
[2021-03-16 11:49:34,110] {logging_mixin.py:104} INFO - [2021-03-16 11:49:34,110] {dagbag.py:448} INFO - Filling up the DagBag from /home/airflow/.local/lib/python3.6/site-packages/airflow/example_dags/example_subdag_operator.py
[2021-03-16 11:49:34,172] {scheduler_job.py:639} INFO - DAG(s) dict_keys(['example_subdag_operator.section-1', 'example_subdag_operator.section-2', 'example_subdag_operator']) retrieved from /home/airflow/.local/lib/python3.6/site-packages/airflow/example_dags/example_subdag_operator.py
[2021-03-16 11:49:34,197] {logging_mixin.py:104} INFO - [2021-03-16 11:49:34,197] {dag.py:1818} INFO - Sync 3 DAGs
[2021-03-16 11:49:34,224] {logging_mixin.py:104} INFO - [2021-03-16 11:49:34,223] {dag.py:2273} INFO - Setting next_dagrun for example_subdag_operator to 2021-03-14 00:00:00+00:00
[2021-03-16 11:49:34,227] {logging_mixin.py:104} INFO - [2021-03-16 11:49:34,226] {dag.py:2273} INFO - Setting next_dagrun for example_subdag_operator.section-1 to None
[2021-03-16 11:49:34,228] {logging_mixin.py:104} INFO - [2021-03-16 11:49:34,228] {dag.py:2273} INFO - Setting next_dagrun for example_subdag_operator.section-2 to None
[2021-03-16 11:49:34,238] {logging_mixin.py:104} INFO - [2021-03-16 11:49:34,238] {dag.py:1818} INFO - Sync 2 DAGs
[2021-03-16 11:49:34,252] {logging_mixin.py:104} INFO - [2021-03-16 11:49:34,252] {dag.py:2273} INFO - Setting next_dagrun for example_subdag_operator.section-1 to None
[2021-03-16 11:49:34,253] {logging_mixin.py:104} INFO - [2021-03-16 11:49:34,253] {dag.py:2273} INFO - Setting next_dagrun for example_subdag_operator.section-2 to None
[2021-03-16 11:49:34,266] {scheduler_job.py:190} INFO - Processing /home/airflow/.local/lib/python3.6/site-packages/airflow/example_dags/example_subdag_operator.py took 0.169 seconds
[2021-03-16 11:50:05,023] {scheduler_job.py:182} INFO - Started process (PID=137) to work on /home/airflow/.local/lib/python3.6/site-packages/airflow/example_dags/example_subdag_operator.py
[2021-03-16 11:50:05,026] {scheduler_job.py:629} INFO - Processing file /home/airflow/.local/lib/python3.6/site-packages/airflow/example_dags/example_subdag_operator.py for tasks to queue
[2021-03-16 11:50:05,028] {logging_mixin.py:104} INFO - [2021-03-16 11:50:05,028] {dagbag.py:448} INFO - Filling up the DagBag from /home/airflow/.local/lib/python3.6/site-packages/airflow/example_dags/example_subdag_operator.py
[2021-03-16 11:50:05,070] {scheduler_job.py:639} INFO - DAG(s) dict_keys(['example_subdag_operator.section-1', 'example_subdag_operator.section-2', 'example_subdag_operator']) retrieved from /home/airflow/.local/lib/python3.6/site-packages/airflow/example_dags/example_subdag_operator.py
[2021-03-16 11:50:05,085] {logging_mixin.py:104} INFO - [2021-03-16 11:50:05,085] {dag.py:1818} INFO - Sync 3 DAGs
[2021-03-16 11:50:05,104] {logging_mixin.py:104} INFO - [2021-03-16 11:50:05,104] {dag.py:2273} INFO - Setting next_dagrun for example_subdag_operator to 2021-03-14 00:00:00+00:00
[2021-03-16 11:50:05,106] {logging_mixin.py:104} INFO - [2021-03-16 11:50:05,106] {dag.py:2273} INFO - Setting next_dagrun for example_subdag_operator.section-1 to None
[2021-03-16 11:50:05,107] {logging_mixin.py:104} INFO - [2021-03-16 11:50:05,107] {dag.py:2273} INFO - Setting next_dagrun for example_subdag_operator.section-2 to None
[2021-03-16 11:50:05,114] {logging_mixin.py:104} INFO - [2021-03-16 11:50:05,114] {dag.py:1818} INFO - Sync 2 DAGs
[2021-03-16 11:50:05,125] {logging_mixin.py:104} INFO - [2021-03-16 11:50:05,125] {dag.py:2273} INFO - Setting next_dagrun for example_subdag_operator.section-1 to None
[2021-03-16 11:50:05,126] {logging_mixin.py:104} INFO - [2021-03-16 11:50:05,126] {dag.py:2273} INFO - Setting next_dagrun for example_subdag_operator.section-2 to None
[2021-03-16 11:50:05,134] {scheduler_job.py:190} INFO - Processing /home/airflow/.local/lib/python3.6/site-packages/airflow/example_dags/example_subdag_operator.py took 0.117 seconds
[2021-03-16 11:50:35,553] {scheduler_job.py:182} INFO - Started process (PID=164) to work on /home/airflow/.local/lib/python3.6/site-packages/airflow/example_dags/example_subdag_operator.py
[2021-03-16 11:50:35,556] {scheduler_job.py:629} INFO - Processing file /home/airflow/.local/lib/python3.6/site-packages/airflow/example_dags/example_subdag_operator.py for tasks to queue
[2021-03-16 11:50:35,558] {logging_mixin.py:104} INFO - [2021-03-16 11:50:35,558] {dagbag.py:448} INFO - Filling up the DagBag from /home/airflow/.local/lib/python3.6/site-packages/airflow/example_dags/example_subdag_operator.py
[2021-03-16 11:50:35,596] {scheduler_job.py:639} INFO - DAG(s) dict_keys(['example_subdag_operator.section-1', 'example_subdag_operator.section-2', 'example_subdag_operator']) retrieved from /home/airflow/.local/lib/python3.6/site-packages/airflow/example_dags/example_subdag_operator.py
[2021-03-16 11:50:35,612] {logging_mixin.py:104} INFO - [2021-03-16 11:50:35,612] {dag.py:1818} INFO - Sync 3 DAGs
[2021-03-16 11:50:35,631] {logging_mixin.py:104} INFO - [2021-03-16 11:50:35,631] {dag.py:2273} INFO - Setting next_dagrun for example_subdag_operator to 2021-03-14 00:00:00+00:00
[2021-03-16 11:50:35,634] {logging_mixin.py:104} INFO - [2021-03-16 11:50:35,633] {dag.py:2273} INFO - Setting next_dagrun for example_subdag_operator.section-1 to None
[2021-03-16 11:50:35,635] {logging_mixin.py:104} INFO - [2021-03-16 11:50:35,635] {dag.py:2273} INFO - Setting next_dagrun for example_subdag_operator.section-2 to None
[2021-03-16 11:50:35,642] {logging_mixin.py:104} INFO - [2021-03-16 11:50:35,642] {dag.py:1818} INFO - Sync 2 DAGs
[2021-03-16 11:50:35,652] {logging_mixin.py:104} INFO - [2021-03-16 11:50:35,652] {dag.py:2273} INFO - Setting next_dagrun for example_subdag_operator.section-1 to None
[2021-03-16 11:50:35,653] {logging_mixin.py:104} INFO - [2021-03-16 11:50:35,653] {dag.py:2273} INFO - Setting next_dagrun for example_subdag_operator.section-2 to None
[2021-03-16 11:50:35,663] {scheduler_job.py:190} INFO - Processing /home/airflow/.local/lib/python3.6/site-packages/airflow/example_dags/example_subdag_operator.py took 0.115 seconds
[2021-03-16 11:51:06,038] {scheduler_job.py:182} INFO - Started process (PID=191) to work on /home/airflow/.local/lib/python3.6/site-packages/airflow/example_dags/example_subdag_operator.py
[2021-03-16 11:51:06,041] {scheduler_job.py:629} INFO - Processing file /home/airflow/.local/lib/python3.6/site-packages/airflow/example_dags/example_subdag_operator.py for tasks to queue
[2021-03-16 11:51:06,043] {logging_mixin.py:104} INFO - [2021-03-16 11:51:06,043] {dagbag.py:448} INFO - Filling up the DagBag from /home/airflow/.local/lib/python3.6/site-packages/airflow/example_dags/example_subdag_operator.py
[2021-03-16 11:51:06,101] {scheduler_job.py:639} INFO - DAG(s) dict_keys(['example_subdag_operator.section-1', 'example_subdag_operator.section-2', 'example_subdag_operator']) retrieved from /home/airflow/.local/lib/python3.6/site-packages/airflow/example_dags/example_subdag_operator.py
[2021-03-16 11:51:06,125] {logging_mixin.py:104} INFO - [2021-03-16 11:51:06,124] {dag.py:1818} INFO - Sync 3 DAGs
[2021-03-16 11:51:06,153] {logging_mixin.py:104} INFO - [2021-03-16 11:51:06,152] {dag.py:2273} INFO - Setting next_dagrun for example_subdag_operator to 2021-03-14 00:00:00+00:00
[2021-03-16 11:51:06,156] {logging_mixin.py:104} INFO - [2021-03-16 11:51:06,156] {dag.py:2273} INFO - Setting next_dagrun for example_subdag_operator.section-1 to None
[2021-03-16 11:51:06,157] {logging_mixin.py:104} INFO - [2021-03-16 11:51:06,157] {dag.py:2273} INFO - Setting next_dagrun for example_subdag_operator.section-2 to None
[2021-03-16 11:51:06,166] {logging_mixin.py:104} INFO - [2021-03-16 11:51:06,166] {dag.py:1818} INFO - Sync 2 DAGs
[2021-03-16 11:51:06,179] {logging_mixin.py:104} INFO - [2021-03-16 11:51:06,179] {dag.py:2273} INFO - Setting next_dagrun for example_subdag_operator.section-1 to None
[2021-03-16 11:51:06,180] {logging_mixin.py:104} INFO - [2021-03-16 11:51:06,180] {dag.py:2273} INFO - Setting next_dagrun for example_subdag_operator.section-2 to None
[2021-03-16 11:51:06,190] {scheduler_job.py:190} INFO - Processing /home/airflow/.local/lib/python3.6/site-packages/airflow/example_dags/example_subdag_operator.py took 0.158 seconds
[2021-03-16 11:55:42,013] {scheduler_job.py:182} INFO - Started process (PID=33) to work on /home/airflow/.local/lib/python3.6/site-packages/airflow/example_dags/example_subdag_operator.py
[2021-03-16 11:55:42,018] {scheduler_job.py:629} INFO - Processing file /home/airflow/.local/lib/python3.6/site-packages/airflow/example_dags/example_subdag_operator.py for tasks to queue
[2021-03-16 11:55:42,023] {logging_mixin.py:104} INFO - [2021-03-16 11:55:42,022] {dagbag.py:448} INFO - Filling up the DagBag from /home/airflow/.local/lib/python3.6/site-packages/airflow/example_dags/example_subdag_operator.py
[2021-03-16 11:55:42,180] {scheduler_job.py:639} INFO - DAG(s) dict_keys(['example_subdag_operator.section-1', 'example_subdag_operator.section-2', 'example_subdag_operator']) retrieved from /home/airflow/.local/lib/python3.6/site-packages/airflow/example_dags/example_subdag_operator.py
[2021-03-16 11:55:42,274] {logging_mixin.py:104} INFO - [2021-03-16 11:55:42,274] {dag.py:1818} INFO - Sync 3 DAGs
[2021-03-16 11:55:42,338] {logging_mixin.py:104} INFO - [2021-03-16 11:55:42,338] {dag.py:2273} INFO - Setting next_dagrun for example_subdag_operator to 2021-03-14 00:00:00+00:00
[2021-03-16 11:55:42,341] {logging_mixin.py:104} INFO - [2021-03-16 11:55:42,341] {dag.py:2273} INFO - Setting next_dagrun for example_subdag_operator.section-1 to None
[2021-03-16 11:55:42,347] {logging_mixin.py:104} INFO - [2021-03-16 11:55:42,347] {dag.py:2273} INFO - Setting next_dagrun for example_subdag_operator.section-2 to None
[2021-03-16 11:55:42,371] {logging_mixin.py:104} INFO - [2021-03-16 11:55:42,371] {dag.py:1818} INFO - Sync 2 DAGs
[2021-03-16 11:55:42,428] {logging_mixin.py:104} INFO - [2021-03-16 11:55:42,428] {dag.py:2273} INFO - Setting next_dagrun for example_subdag_operator.section-1 to None
[2021-03-16 11:55:42,430] {logging_mixin.py:104} INFO - [2021-03-16 11:55:42,430] {dag.py:2273} INFO - Setting next_dagrun for example_subdag_operator.section-2 to None
[2021-03-16 11:55:42,443] {scheduler_job.py:190} INFO - Processing /home/airflow/.local/lib/python3.6/site-packages/airflow/example_dags/example_subdag_operator.py took 0.444 seconds
[2021-03-16 13:40:14,564] {scheduler_job.py:182} INFO - Started process (PID=33) to work on /home/airflow/.local/lib/python3.6/site-packages/airflow/example_dags/example_subdag_operator.py
[2021-03-16 13:40:14,569] {scheduler_job.py:629} INFO - Processing file /home/airflow/.local/lib/python3.6/site-packages/airflow/example_dags/example_subdag_operator.py for tasks to queue
[2021-03-16 13:40:14,582] {logging_mixin.py:104} INFO - [2021-03-16 13:40:14,572] {dagbag.py:448} INFO - Filling up the DagBag from /home/airflow/.local/lib/python3.6/site-packages/airflow/example_dags/example_subdag_operator.py
[2021-03-16 13:40:14,650] {scheduler_job.py:639} INFO - DAG(s) dict_keys(['example_subdag_operator.section-1', 'example_subdag_operator.section-2', 'example_subdag_operator']) retrieved from /home/airflow/.local/lib/python3.6/site-packages/airflow/example_dags/example_subdag_operator.py
[2021-03-16 13:40:14,670] {logging_mixin.py:104} INFO - [2021-03-16 13:40:14,670] {dag.py:1818} INFO - Sync 3 DAGs
[2021-03-16 13:40:14,712] {logging_mixin.py:104} INFO - [2021-03-16 13:40:14,712] {dag.py:2273} INFO - Setting next_dagrun for example_subdag_operator to 2021-03-14 00:00:00+00:00
[2021-03-16 13:40:14,716] {logging_mixin.py:104} INFO - [2021-03-16 13:40:14,716] {dag.py:2273} INFO - Setting next_dagrun for example_subdag_operator.section-1 to None
[2021-03-16 13:40:14,722] {logging_mixin.py:104} INFO - [2021-03-16 13:40:14,722] {dag.py:2273} INFO - Setting next_dagrun for example_subdag_operator.section-2 to None
[2021-03-16 13:40:14,744] {logging_mixin.py:104} INFO - [2021-03-16 13:40:14,744] {dag.py:1818} INFO - Sync 2 DAGs
[2021-03-16 13:40:14,786] {logging_mixin.py:104} INFO - [2021-03-16 13:40:14,783] {dag.py:2273} INFO - Setting next_dagrun for example_subdag_operator.section-1 to None
[2021-03-16 13:40:14,788] {logging_mixin.py:104} INFO - [2021-03-16 13:40:14,788] {dag.py:2273} INFO - Setting next_dagrun for example_subdag_operator.section-2 to None
[2021-03-16 13:40:14,803] {scheduler_job.py:190} INFO - Processing /home/airflow/.local/lib/python3.6/site-packages/airflow/example_dags/example_subdag_operator.py took 0.252 seconds
[2021-03-16 13:40:45,095] {scheduler_job.py:182} INFO - Started process (PID=60) to work on /home/airflow/.local/lib/python3.6/site-packages/airflow/example_dags/example_subdag_operator.py
[2021-03-16 13:40:45,097] {scheduler_job.py:629} INFO - Processing file /home/airflow/.local/lib/python3.6/site-packages/airflow/example_dags/example_subdag_operator.py for tasks to queue
[2021-03-16 13:40:45,101] {logging_mixin.py:104} INFO - [2021-03-16 13:40:45,101] {dagbag.py:448} INFO - Filling up the DagBag from /home/airflow/.local/lib/python3.6/site-packages/airflow/example_dags/example_subdag_operator.py
[2021-03-16 13:40:45,140] {scheduler_job.py:639} INFO - DAG(s) dict_keys(['example_subdag_operator.section-1', 'example_subdag_operator.section-2', 'example_subdag_operator']) retrieved from /home/airflow/.local/lib/python3.6/site-packages/airflow/example_dags/example_subdag_operator.py
[2021-03-16 13:40:45,156] {logging_mixin.py:104} INFO - [2021-03-16 13:40:45,155] {dag.py:1818} INFO - Sync 3 DAGs
[2021-03-16 13:40:45,175] {logging_mixin.py:104} INFO - [2021-03-16 13:40:45,175] {dag.py:2273} INFO - Setting next_dagrun for example_subdag_operator to 2021-03-14 00:00:00+00:00
[2021-03-16 13:40:45,177] {logging_mixin.py:104} INFO - [2021-03-16 13:40:45,177] {dag.py:2273} INFO - Setting next_dagrun for example_subdag_operator.section-1 to None
[2021-03-16 13:40:45,178] {logging_mixin.py:104} INFO - [2021-03-16 13:40:45,178] {dag.py:2273} INFO - Setting next_dagrun for example_subdag_operator.section-2 to None
[2021-03-16 13:40:45,185] {logging_mixin.py:104} INFO - [2021-03-16 13:40:45,185] {dag.py:1818} INFO - Sync 2 DAGs
[2021-03-16 13:40:45,193] {logging_mixin.py:104} INFO - [2021-03-16 13:40:45,193] {dag.py:2273} INFO - Setting next_dagrun for example_subdag_operator.section-1 to None
[2021-03-16 13:40:45,194] {logging_mixin.py:104} INFO - [2021-03-16 13:40:45,194] {dag.py:2273} INFO - Setting next_dagrun for example_subdag_operator.section-2 to None
[2021-03-16 13:40:45,201] {scheduler_job.py:190} INFO - Processing /home/airflow/.local/lib/python3.6/site-packages/airflow/example_dags/example_subdag_operator.py took 0.110 seconds
[2021-03-16 13:41:15,514] {scheduler_job.py:182} INFO - Started process (PID=87) to work on /home/airflow/.local/lib/python3.6/site-packages/airflow/example_dags/example_subdag_operator.py
[2021-03-16 13:41:15,516] {scheduler_job.py:629} INFO - Processing file /home/airflow/.local/lib/python3.6/site-packages/airflow/example_dags/example_subdag_operator.py for tasks to queue
[2021-03-16 13:41:15,517] {logging_mixin.py:104} INFO - [2021-03-16 13:41:15,517] {dagbag.py:448} INFO - Filling up the DagBag from /home/airflow/.local/lib/python3.6/site-packages/airflow/example_dags/example_subdag_operator.py
[2021-03-16 13:41:15,556] {scheduler_job.py:639} INFO - DAG(s) dict_keys(['example_subdag_operator.section-1', 'example_subdag_operator.section-2', 'example_subdag_operator']) retrieved from /home/airflow/.local/lib/python3.6/site-packages/airflow/example_dags/example_subdag_operator.py
[2021-03-16 13:41:15,570] {logging_mixin.py:104} INFO - [2021-03-16 13:41:15,570] {dag.py:1818} INFO - Sync 3 DAGs
[2021-03-16 13:41:15,590] {logging_mixin.py:104} INFO - [2021-03-16 13:41:15,590] {dag.py:2273} INFO - Setting next_dagrun for example_subdag_operator to 2021-03-14 00:00:00+00:00
[2021-03-16 13:41:15,592] {logging_mixin.py:104} INFO - [2021-03-16 13:41:15,592] {dag.py:2273} INFO - Setting next_dagrun for example_subdag_operator.section-1 to None
[2021-03-16 13:41:15,593] {logging_mixin.py:104} INFO - [2021-03-16 13:41:15,593] {dag.py:2273} INFO - Setting next_dagrun for example_subdag_operator.section-2 to None
[2021-03-16 13:41:15,610] {logging_mixin.py:104} INFO - [2021-03-16 13:41:15,610] {dag.py:1818} INFO - Sync 2 DAGs
[2021-03-16 13:41:15,618] {logging_mixin.py:104} INFO - [2021-03-16 13:41:15,618] {dag.py:2273} INFO - Setting next_dagrun for example_subdag_operator.section-1 to None
[2021-03-16 13:41:15,619] {logging_mixin.py:104} INFO - [2021-03-16 13:41:15,619] {dag.py:2273} INFO - Setting next_dagrun for example_subdag_operator.section-2 to None
[2021-03-16 13:41:15,630] {scheduler_job.py:190} INFO - Processing /home/airflow/.local/lib/python3.6/site-packages/airflow/example_dags/example_subdag_operator.py took 0.120 seconds
[2021-03-16 13:41:46,031] {scheduler_job.py:182} INFO - Started process (PID=114) to work on /home/airflow/.local/lib/python3.6/site-packages/airflow/example_dags/example_subdag_operator.py
[2021-03-16 13:41:46,032] {scheduler_job.py:629} INFO - Processing file /home/airflow/.local/lib/python3.6/site-packages/airflow/example_dags/example_subdag_operator.py for tasks to queue
[2021-03-16 13:41:46,035] {logging_mixin.py:104} INFO - [2021-03-16 13:41:46,035] {dagbag.py:448} INFO - Filling up the DagBag from /home/airflow/.local/lib/python3.6/site-packages/airflow/example_dags/example_subdag_operator.py
[2021-03-16 13:41:46,078] {scheduler_job.py:639} INFO - DAG(s) dict_keys(['example_subdag_operator.section-1', 'example_subdag_operator.section-2', 'example_subdag_operator']) retrieved from /home/airflow/.local/lib/python3.6/site-packages/airflow/example_dags/example_subdag_operator.py
[2021-03-16 13:41:46,091] {logging_mixin.py:104} INFO - [2021-03-16 13:41:46,091] {dag.py:1818} INFO - Sync 3 DAGs
[2021-03-16 13:41:46,112] {logging_mixin.py:104} INFO - [2021-03-16 13:41:46,112] {dag.py:2273} INFO - Setting next_dagrun for example_subdag_operator to 2021-03-14 00:00:00+00:00
[2021-03-16 13:41:46,116] {logging_mixin.py:104} INFO - [2021-03-16 13:41:46,116] {dag.py:2273} INFO - Setting next_dagrun for example_subdag_operator.section-1 to None
[2021-03-16 13:41:46,118] {logging_mixin.py:104} INFO - [2021-03-16 13:41:46,118] {dag.py:2273} INFO - Setting next_dagrun for example_subdag_operator.section-2 to None
[2021-03-16 13:41:46,126] {logging_mixin.py:104} INFO - [2021-03-16 13:41:46,125] {dag.py:1818} INFO - Sync 2 DAGs
[2021-03-16 13:41:46,134] {logging_mixin.py:104} INFO - [2021-03-16 13:41:46,134] {dag.py:2273} INFO - Setting next_dagrun for example_subdag_operator.section-1 to None
[2021-03-16 13:41:46,135] {logging_mixin.py:104} INFO - [2021-03-16 13:41:46,135] {dag.py:2273} INFO - Setting next_dagrun for example_subdag_operator.section-2 to None
[2021-03-16 13:41:46,147] {scheduler_job.py:190} INFO - Processing /home/airflow/.local/lib/python3.6/site-packages/airflow/example_dags/example_subdag_operator.py took 0.121 seconds
[2021-03-16 13:42:57,209] {scheduler_job.py:182} INFO - Started process (PID=38) to work on /home/airflow/.local/lib/python3.6/site-packages/airflow/example_dags/example_subdag_operator.py
[2021-03-16 13:42:57,218] {scheduler_job.py:629} INFO - Processing file /home/airflow/.local/lib/python3.6/site-packages/airflow/example_dags/example_subdag_operator.py for tasks to queue
[2021-03-16 13:42:57,221] {logging_mixin.py:104} INFO - [2021-03-16 13:42:57,220] {dagbag.py:448} INFO - Filling up the DagBag from /home/airflow/.local/lib/python3.6/site-packages/airflow/example_dags/example_subdag_operator.py
[2021-03-16 13:42:57,362] {scheduler_job.py:639} INFO - DAG(s) dict_keys(['example_subdag_operator.section-1', 'example_subdag_operator.section-2', 'example_subdag_operator']) retrieved from /home/airflow/.local/lib/python3.6/site-packages/airflow/example_dags/example_subdag_operator.py
[2021-03-16 13:42:57,434] {logging_mixin.py:104} INFO - [2021-03-16 13:42:57,434] {dag.py:1818} INFO - Sync 3 DAGs
[2021-03-16 13:42:57,487] {logging_mixin.py:104} INFO - [2021-03-16 13:42:57,486] {dag.py:2273} INFO - Setting next_dagrun for example_subdag_operator to 2021-03-14 00:00:00+00:00
[2021-03-16 13:42:57,494] {logging_mixin.py:104} INFO - [2021-03-16 13:42:57,494] {dag.py:2273} INFO - Setting next_dagrun for example_subdag_operator.section-1 to None
[2021-03-16 13:42:57,497] {logging_mixin.py:104} INFO - [2021-03-16 13:42:57,497] {dag.py:2273} INFO - Setting next_dagrun for example_subdag_operator.section-2 to None
[2021-03-16 13:42:57,513] {logging_mixin.py:104} INFO - [2021-03-16 13:42:57,513] {dag.py:1818} INFO - Sync 2 DAGs
[2021-03-16 13:42:57,542] {logging_mixin.py:104} INFO - [2021-03-16 13:42:57,542] {dag.py:2273} INFO - Setting next_dagrun for example_subdag_operator.section-1 to None
[2021-03-16 13:42:57,548] {logging_mixin.py:104} INFO - [2021-03-16 13:42:57,548] {dag.py:2273} INFO - Setting next_dagrun for example_subdag_operator.section-2 to None
[2021-03-16 13:42:57,574] {scheduler_job.py:190} INFO - Processing /home/airflow/.local/lib/python3.6/site-packages/airflow/example_dags/example_subdag_operator.py took 0.396 seconds
[2021-03-16 13:43:28,514] {scheduler_job.py:182} INFO - Started process (PID=65) to work on /home/airflow/.local/lib/python3.6/site-packages/airflow/example_dags/example_subdag_operator.py
[2021-03-16 13:43:28,515] {scheduler_job.py:629} INFO - Processing file /home/airflow/.local/lib/python3.6/site-packages/airflow/example_dags/example_subdag_operator.py for tasks to queue
[2021-03-16 13:43:28,517] {logging_mixin.py:104} INFO - [2021-03-16 13:43:28,517] {dagbag.py:448} INFO - Filling up the DagBag from /home/airflow/.local/lib/python3.6/site-packages/airflow/example_dags/example_subdag_operator.py
[2021-03-16 13:43:28,547] {scheduler_job.py:639} INFO - DAG(s) dict_keys(['example_subdag_operator.section-1', 'example_subdag_operator.section-2', 'example_subdag_operator']) retrieved from /home/airflow/.local/lib/python3.6/site-packages/airflow/example_dags/example_subdag_operator.py
[2021-03-16 13:43:28,558] {logging_mixin.py:104} INFO - [2021-03-16 13:43:28,558] {dag.py:1818} INFO - Sync 3 DAGs
[2021-03-16 13:43:28,574] {logging_mixin.py:104} INFO - [2021-03-16 13:43:28,574] {dag.py:2273} INFO - Setting next_dagrun for example_subdag_operator to 2021-03-14 00:00:00+00:00
[2021-03-16 13:43:28,576] {logging_mixin.py:104} INFO - [2021-03-16 13:43:28,576] {dag.py:2273} INFO - Setting next_dagrun for example_subdag_operator.section-1 to None
[2021-03-16 13:43:28,576] {logging_mixin.py:104} INFO - [2021-03-16 13:43:28,576] {dag.py:2273} INFO - Setting next_dagrun for example_subdag_operator.section-2 to None
[2021-03-16 13:43:28,582] {logging_mixin.py:104} INFO - [2021-03-16 13:43:28,582] {dag.py:1818} INFO - Sync 2 DAGs
[2021-03-16 13:43:28,589] {logging_mixin.py:104} INFO - [2021-03-16 13:43:28,589] {dag.py:2273} INFO - Setting next_dagrun for example_subdag_operator.section-1 to None
[2021-03-16 13:43:28,590] {logging_mixin.py:104} INFO - [2021-03-16 13:43:28,590] {dag.py:2273} INFO - Setting next_dagrun for example_subdag_operator.section-2 to None
[2021-03-16 13:43:28,598] {scheduler_job.py:190} INFO - Processing /home/airflow/.local/lib/python3.6/site-packages/airflow/example_dags/example_subdag_operator.py took 0.089 seconds
[2021-03-16 13:44:47,003] {scheduler_job.py:182} INFO - Started process (PID=38) to work on /home/airflow/.local/lib/python3.6/site-packages/airflow/example_dags/example_subdag_operator.py
[2021-03-16 13:44:47,010] {scheduler_job.py:629} INFO - Processing file /home/airflow/.local/lib/python3.6/site-packages/airflow/example_dags/example_subdag_operator.py for tasks to queue
[2021-03-16 13:44:47,019] {logging_mixin.py:104} INFO - [2021-03-16 13:44:47,019] {dagbag.py:448} INFO - Filling up the DagBag from /home/airflow/.local/lib/python3.6/site-packages/airflow/example_dags/example_subdag_operator.py
[2021-03-16 13:44:47,206] {scheduler_job.py:639} INFO - DAG(s) dict_keys(['example_subdag_operator.section-1', 'example_subdag_operator.section-2', 'example_subdag_operator']) retrieved from /home/airflow/.local/lib/python3.6/site-packages/airflow/example_dags/example_subdag_operator.py
[2021-03-16 13:44:47,269] {logging_mixin.py:104} INFO - [2021-03-16 13:44:47,269] {dag.py:1818} INFO - Sync 3 DAGs
[2021-03-16 13:44:47,307] {logging_mixin.py:104} INFO - [2021-03-16 13:44:47,307] {dag.py:2273} INFO - Setting next_dagrun for example_subdag_operator to 2021-03-14 00:00:00+00:00
[2021-03-16 13:44:47,310] {logging_mixin.py:104} INFO - [2021-03-16 13:44:47,310] {dag.py:2273} INFO - Setting next_dagrun for example_subdag_operator.section-1 to None
[2021-03-16 13:44:47,313] {logging_mixin.py:104} INFO - [2021-03-16 13:44:47,312] {dag.py:2273} INFO - Setting next_dagrun for example_subdag_operator.section-2 to None
[2021-03-16 13:44:47,329] {logging_mixin.py:104} INFO - [2021-03-16 13:44:47,328] {dag.py:1818} INFO - Sync 2 DAGs
[2021-03-16 13:44:47,356] {logging_mixin.py:104} INFO - [2021-03-16 13:44:47,355] {dag.py:2273} INFO - Setting next_dagrun for example_subdag_operator.section-1 to None
[2021-03-16 13:44:47,358] {logging_mixin.py:104} INFO - [2021-03-16 13:44:47,358] {dag.py:2273} INFO - Setting next_dagrun for example_subdag_operator.section-2 to None
[2021-03-16 13:44:47,375] {scheduler_job.py:190} INFO - Processing /home/airflow/.local/lib/python3.6/site-packages/airflow/example_dags/example_subdag_operator.py took 0.388 seconds
[2021-03-16 13:45:18,484] {scheduler_job.py:182} INFO - Started process (PID=69) to work on /home/airflow/.local/lib/python3.6/site-packages/airflow/example_dags/example_subdag_operator.py
[2021-03-16 13:45:18,486] {scheduler_job.py:629} INFO - Processing file /home/airflow/.local/lib/python3.6/site-packages/airflow/example_dags/example_subdag_operator.py for tasks to queue
[2021-03-16 13:45:18,487] {logging_mixin.py:104} INFO - [2021-03-16 13:45:18,487] {dagbag.py:448} INFO - Filling up the DagBag from /home/airflow/.local/lib/python3.6/site-packages/airflow/example_dags/example_subdag_operator.py
[2021-03-16 13:45:18,523] {scheduler_job.py:639} INFO - DAG(s) dict_keys(['example_subdag_operator.section-1', 'example_subdag_operator.section-2', 'example_subdag_operator']) retrieved from /home/airflow/.local/lib/python3.6/site-packages/airflow/example_dags/example_subdag_operator.py
[2021-03-16 13:45:18,535] {logging_mixin.py:104} INFO - [2021-03-16 13:45:18,535] {dag.py:1818} INFO - Sync 3 DAGs
[2021-03-16 13:45:18,553] {logging_mixin.py:104} INFO - [2021-03-16 13:45:18,553] {dag.py:2273} INFO - Setting next_dagrun for example_subdag_operator to 2021-03-14 00:00:00+00:00
[2021-03-16 13:45:18,556] {logging_mixin.py:104} INFO - [2021-03-16 13:45:18,556] {dag.py:2273} INFO - Setting next_dagrun for example_subdag_operator.section-1 to None
[2021-03-16 13:45:18,557] {logging_mixin.py:104} INFO - [2021-03-16 13:45:18,557] {dag.py:2273} INFO - Setting next_dagrun for example_subdag_operator.section-2 to None
[2021-03-16 13:45:18,566] {logging_mixin.py:104} INFO - [2021-03-16 13:45:18,566] {dag.py:1818} INFO - Sync 2 DAGs
[2021-03-16 13:45:18,573] {logging_mixin.py:104} INFO - [2021-03-16 13:45:18,573] {dag.py:2273} INFO - Setting next_dagrun for example_subdag_operator.section-1 to None
[2021-03-16 13:45:18,574] {logging_mixin.py:104} INFO - [2021-03-16 13:45:18,574] {dag.py:2273} INFO - Setting next_dagrun for example_subdag_operator.section-2 to None
[2021-03-16 13:45:18,579] {scheduler_job.py:190} INFO - Processing /home/airflow/.local/lib/python3.6/site-packages/airflow/example_dags/example_subdag_operator.py took 0.099 seconds
[2021-03-16 13:45:48,944] {scheduler_job.py:182} INFO - Started process (PID=93) to work on /home/airflow/.local/lib/python3.6/site-packages/airflow/example_dags/example_subdag_operator.py
[2021-03-16 13:45:48,948] {scheduler_job.py:629} INFO - Processing file /home/airflow/.local/lib/python3.6/site-packages/airflow/example_dags/example_subdag_operator.py for tasks to queue
[2021-03-16 13:45:48,950] {logging_mixin.py:104} INFO - [2021-03-16 13:45:48,950] {dagbag.py:448} INFO - Filling up the DagBag from /home/airflow/.local/lib/python3.6/site-packages/airflow/example_dags/example_subdag_operator.py
[2021-03-16 13:45:48,986] {scheduler_job.py:639} INFO - DAG(s) dict_keys(['example_subdag_operator.section-1', 'example_subdag_operator.section-2', 'example_subdag_operator']) retrieved from /home/airflow/.local/lib/python3.6/site-packages/airflow/example_dags/example_subdag_operator.py
[2021-03-16 13:45:49,002] {logging_mixin.py:104} INFO - [2021-03-16 13:45:49,002] {dag.py:1818} INFO - Sync 3 DAGs
[2021-03-16 13:45:49,028] {logging_mixin.py:104} INFO - [2021-03-16 13:45:49,028] {dag.py:2273} INFO - Setting next_dagrun for example_subdag_operator to 2021-03-14 00:00:00+00:00
[2021-03-16 13:45:49,030] {logging_mixin.py:104} INFO - [2021-03-16 13:45:49,030] {dag.py:2273} INFO - Setting next_dagrun for example_subdag_operator.section-1 to None
[2021-03-16 13:45:49,031] {logging_mixin.py:104} INFO - [2021-03-16 13:45:49,031] {dag.py:2273} INFO - Setting next_dagrun for example_subdag_operator.section-2 to None
[2021-03-16 13:45:49,039] {logging_mixin.py:104} INFO - [2021-03-16 13:45:49,039] {dag.py:1818} INFO - Sync 2 DAGs
[2021-03-16 13:45:49,051] {logging_mixin.py:104} INFO - [2021-03-16 13:45:49,050] {dag.py:2273} INFO - Setting next_dagrun for example_subdag_operator.section-1 to None
[2021-03-16 13:45:49,053] {logging_mixin.py:104} INFO - [2021-03-16 13:45:49,053] {dag.py:2273} INFO - Setting next_dagrun for example_subdag_operator.section-2 to None
[2021-03-16 13:45:49,062] {scheduler_job.py:190} INFO - Processing /home/airflow/.local/lib/python3.6/site-packages/airflow/example_dags/example_subdag_operator.py took 0.126 seconds
[2021-03-16 13:46:19,898] {scheduler_job.py:182} INFO - Started process (PID=120) to work on /home/airflow/.local/lib/python3.6/site-packages/airflow/example_dags/example_subdag_operator.py
[2021-03-16 13:46:19,900] {scheduler_job.py:629} INFO - Processing file /home/airflow/.local/lib/python3.6/site-packages/airflow/example_dags/example_subdag_operator.py for tasks to queue
[2021-03-16 13:46:19,902] {logging_mixin.py:104} INFO - [2021-03-16 13:46:19,901] {dagbag.py:448} INFO - Filling up the DagBag from /home/airflow/.local/lib/python3.6/site-packages/airflow/example_dags/example_subdag_operator.py
[2021-03-16 13:46:19,948] {scheduler_job.py:639} INFO - DAG(s) dict_keys(['example_subdag_operator.section-1', 'example_subdag_operator.section-2', 'example_subdag_operator']) retrieved from /home/airflow/.local/lib/python3.6/site-packages/airflow/example_dags/example_subdag_operator.py
[2021-03-16 13:46:19,964] {logging_mixin.py:104} INFO - [2021-03-16 13:46:19,963] {dag.py:1818} INFO - Sync 3 DAGs
[2021-03-16 13:46:19,984] {logging_mixin.py:104} INFO - [2021-03-16 13:46:19,984] {dag.py:2273} INFO - Setting next_dagrun for example_subdag_operator to 2021-03-14 00:00:00+00:00
[2021-03-16 13:46:19,986] {logging_mixin.py:104} INFO - [2021-03-16 13:46:19,986] {dag.py:2273} INFO - Setting next_dagrun for example_subdag_operator.section-1 to None
[2021-03-16 13:46:19,987] {logging_mixin.py:104} INFO - [2021-03-16 13:46:19,987] {dag.py:2273} INFO - Setting next_dagrun for example_subdag_operator.section-2 to None
[2021-03-16 13:46:19,999] {logging_mixin.py:104} INFO - [2021-03-16 13:46:19,999] {dag.py:1818} INFO - Sync 2 DAGs
[2021-03-16 13:46:20,017] {logging_mixin.py:104} INFO - [2021-03-16 13:46:20,017] {dag.py:2273} INFO - Setting next_dagrun for example_subdag_operator.section-1 to None
[2021-03-16 13:46:20,019] {logging_mixin.py:104} INFO - [2021-03-16 13:46:20,018] {dag.py:2273} INFO - Setting next_dagrun for example_subdag_operator.section-2 to None
[2021-03-16 13:46:20,031] {scheduler_job.py:190} INFO - Processing /home/airflow/.local/lib/python3.6/site-packages/airflow/example_dags/example_subdag_operator.py took 0.138 seconds
[2021-03-16 13:46:50,790] {scheduler_job.py:182} INFO - Started process (PID=147) to work on /home/airflow/.local/lib/python3.6/site-packages/airflow/example_dags/example_subdag_operator.py
[2021-03-16 13:46:50,792] {scheduler_job.py:629} INFO - Processing file /home/airflow/.local/lib/python3.6/site-packages/airflow/example_dags/example_subdag_operator.py for tasks to queue
[2021-03-16 13:46:50,794] {logging_mixin.py:104} INFO - [2021-03-16 13:46:50,793] {dagbag.py:448} INFO - Filling up the DagBag from /home/airflow/.local/lib/python3.6/site-packages/airflow/example_dags/example_subdag_operator.py
[2021-03-16 13:46:50,834] {scheduler_job.py:639} INFO - DAG(s) dict_keys(['example_subdag_operator.section-1', 'example_subdag_operator.section-2', 'example_subdag_operator']) retrieved from /home/airflow/.local/lib/python3.6/site-packages/airflow/example_dags/example_subdag_operator.py
[2021-03-16 13:46:50,859] {logging_mixin.py:104} INFO - [2021-03-16 13:46:50,859] {dag.py:1818} INFO - Sync 3 DAGs
[2021-03-16 13:46:50,876] {logging_mixin.py:104} INFO - [2021-03-16 13:46:50,875] {dag.py:2273} INFO - Setting next_dagrun for example_subdag_operator to 2021-03-14 00:00:00+00:00
[2021-03-16 13:46:50,877] {logging_mixin.py:104} INFO - [2021-03-16 13:46:50,877] {dag.py:2273} INFO - Setting next_dagrun for example_subdag_operator.section-1 to None
[2021-03-16 13:46:50,878] {logging_mixin.py:104} INFO - [2021-03-16 13:46:50,878] {dag.py:2273} INFO - Setting next_dagrun for example_subdag_operator.section-2 to None
[2021-03-16 13:46:50,884] {logging_mixin.py:104} INFO - [2021-03-16 13:46:50,884] {dag.py:1818} INFO - Sync 2 DAGs
[2021-03-16 13:46:50,894] {logging_mixin.py:104} INFO - [2021-03-16 13:46:50,894] {dag.py:2273} INFO - Setting next_dagrun for example_subdag_operator.section-1 to None
[2021-03-16 13:46:50,895] {logging_mixin.py:104} INFO - [2021-03-16 13:46:50,895] {dag.py:2273} INFO - Setting next_dagrun for example_subdag_operator.section-2 to None
[2021-03-16 13:46:50,906] {scheduler_job.py:190} INFO - Processing /home/airflow/.local/lib/python3.6/site-packages/airflow/example_dags/example_subdag_operator.py took 0.120 seconds
