[2021-03-16 11:44:38,811] {scheduler_job.py:182} INFO - Started process (PID=42) to work on /home/airflow/.local/lib/python3.6/site-packages/airflow/example_dags/example_external_task_marker_dag.py
[2021-03-16 11:44:38,819] {scheduler_job.py:629} INFO - Processing file /home/airflow/.local/lib/python3.6/site-packages/airflow/example_dags/example_external_task_marker_dag.py for tasks to queue
[2021-03-16 11:44:38,824] {logging_mixin.py:104} INFO - [2021-03-16 11:44:38,823] {dagbag.py:448} INFO - Filling up the DagBag from /home/airflow/.local/lib/python3.6/site-packages/airflow/example_dags/example_external_task_marker_dag.py
[2021-03-16 11:44:38,900] {scheduler_job.py:639} INFO - DAG(s) dict_keys(['example_external_task_marker_parent', 'example_external_task_marker_child']) retrieved from /home/airflow/.local/lib/python3.6/site-packages/airflow/example_dags/example_external_task_marker_dag.py
[2021-03-16 11:44:39,020] {logging_mixin.py:104} INFO - [2021-03-16 11:44:39,019] {dag.py:1818} INFO - Sync 2 DAGs
[2021-03-16 11:44:39,094] {logging_mixin.py:104} INFO - [2021-03-16 11:44:39,093] {dag.py:2273} INFO - Setting next_dagrun for example_external_task_marker_child to None
[2021-03-16 11:44:39,098] {logging_mixin.py:104} INFO - [2021-03-16 11:44:39,098] {dag.py:2273} INFO - Setting next_dagrun for example_external_task_marker_parent to None
[2021-03-16 11:44:39,141] {scheduler_job.py:190} INFO - Processing /home/airflow/.local/lib/python3.6/site-packages/airflow/example_dags/example_external_task_marker_dag.py took 0.344 seconds
[2021-03-16 11:46:13,509] {scheduler_job.py:182} INFO - Started process (PID=30) to work on /home/airflow/.local/lib/python3.6/site-packages/airflow/example_dags/example_external_task_marker_dag.py
[2021-03-16 11:46:13,514] {scheduler_job.py:629} INFO - Processing file /home/airflow/.local/lib/python3.6/site-packages/airflow/example_dags/example_external_task_marker_dag.py for tasks to queue
[2021-03-16 11:46:13,516] {logging_mixin.py:104} INFO - [2021-03-16 11:46:13,516] {dagbag.py:448} INFO - Filling up the DagBag from /home/airflow/.local/lib/python3.6/site-packages/airflow/example_dags/example_external_task_marker_dag.py
[2021-03-16 11:46:13,558] {scheduler_job.py:639} INFO - DAG(s) dict_keys(['example_external_task_marker_parent', 'example_external_task_marker_child']) retrieved from /home/airflow/.local/lib/python3.6/site-packages/airflow/example_dags/example_external_task_marker_dag.py
[2021-03-16 11:46:13,610] {logging_mixin.py:104} INFO - [2021-03-16 11:46:13,610] {dag.py:1818} INFO - Sync 2 DAGs
[2021-03-16 11:46:13,651] {logging_mixin.py:104} INFO - [2021-03-16 11:46:13,651] {dag.py:2273} INFO - Setting next_dagrun for example_external_task_marker_child to None
[2021-03-16 11:46:13,657] {logging_mixin.py:104} INFO - [2021-03-16 11:46:13,657] {dag.py:2273} INFO - Setting next_dagrun for example_external_task_marker_parent to None
[2021-03-16 11:46:13,695] {scheduler_job.py:190} INFO - Processing /home/airflow/.local/lib/python3.6/site-packages/airflow/example_dags/example_external_task_marker_dag.py took 0.193 seconds
[2021-03-16 11:48:04,737] {scheduler_job.py:182} INFO - Started process (PID=44) to work on /home/airflow/.local/lib/python3.6/site-packages/airflow/example_dags/example_external_task_marker_dag.py
[2021-03-16 11:48:04,748] {scheduler_job.py:629} INFO - Processing file /home/airflow/.local/lib/python3.6/site-packages/airflow/example_dags/example_external_task_marker_dag.py for tasks to queue
[2021-03-16 11:48:04,751] {logging_mixin.py:104} INFO - [2021-03-16 11:48:04,751] {dagbag.py:448} INFO - Filling up the DagBag from /home/airflow/.local/lib/python3.6/site-packages/airflow/example_dags/example_external_task_marker_dag.py
[2021-03-16 11:48:04,781] {scheduler_job.py:639} INFO - DAG(s) dict_keys(['example_external_task_marker_parent', 'example_external_task_marker_child']) retrieved from /home/airflow/.local/lib/python3.6/site-packages/airflow/example_dags/example_external_task_marker_dag.py
[2021-03-16 11:48:04,839] {logging_mixin.py:104} INFO - [2021-03-16 11:48:04,839] {dag.py:1818} INFO - Sync 2 DAGs
[2021-03-16 11:48:04,862] {logging_mixin.py:104} INFO - [2021-03-16 11:48:04,861] {dag.py:2273} INFO - Setting next_dagrun for example_external_task_marker_child to None
[2021-03-16 11:48:04,864] {logging_mixin.py:104} INFO - [2021-03-16 11:48:04,864] {dag.py:2273} INFO - Setting next_dagrun for example_external_task_marker_parent to None
[2021-03-16 11:48:04,878] {scheduler_job.py:190} INFO - Processing /home/airflow/.local/lib/python3.6/site-packages/airflow/example_dags/example_external_task_marker_dag.py took 0.148 seconds
[2021-03-16 11:48:35,676] {scheduler_job.py:182} INFO - Started process (PID=70) to work on /home/airflow/.local/lib/python3.6/site-packages/airflow/example_dags/example_external_task_marker_dag.py
[2021-03-16 11:48:35,679] {scheduler_job.py:629} INFO - Processing file /home/airflow/.local/lib/python3.6/site-packages/airflow/example_dags/example_external_task_marker_dag.py for tasks to queue
[2021-03-16 11:48:35,680] {logging_mixin.py:104} INFO - [2021-03-16 11:48:35,680] {dagbag.py:448} INFO - Filling up the DagBag from /home/airflow/.local/lib/python3.6/site-packages/airflow/example_dags/example_external_task_marker_dag.py
[2021-03-16 11:48:35,695] {scheduler_job.py:639} INFO - DAG(s) dict_keys(['example_external_task_marker_parent', 'example_external_task_marker_child']) retrieved from /home/airflow/.local/lib/python3.6/site-packages/airflow/example_dags/example_external_task_marker_dag.py
[2021-03-16 11:48:35,727] {logging_mixin.py:104} INFO - [2021-03-16 11:48:35,727] {dag.py:1818} INFO - Sync 2 DAGs
[2021-03-16 11:48:35,747] {logging_mixin.py:104} INFO - [2021-03-16 11:48:35,747] {dag.py:2273} INFO - Setting next_dagrun for example_external_task_marker_child to None
[2021-03-16 11:48:35,749] {logging_mixin.py:104} INFO - [2021-03-16 11:48:35,749] {dag.py:2273} INFO - Setting next_dagrun for example_external_task_marker_parent to None
[2021-03-16 11:48:35,767] {scheduler_job.py:190} INFO - Processing /home/airflow/.local/lib/python3.6/site-packages/airflow/example_dags/example_external_task_marker_dag.py took 0.095 seconds
[2021-03-16 11:49:06,263] {scheduler_job.py:182} INFO - Started process (PID=97) to work on /home/airflow/.local/lib/python3.6/site-packages/airflow/example_dags/example_external_task_marker_dag.py
[2021-03-16 11:49:06,265] {scheduler_job.py:629} INFO - Processing file /home/airflow/.local/lib/python3.6/site-packages/airflow/example_dags/example_external_task_marker_dag.py for tasks to queue
[2021-03-16 11:49:06,267] {logging_mixin.py:104} INFO - [2021-03-16 11:49:06,266] {dagbag.py:448} INFO - Filling up the DagBag from /home/airflow/.local/lib/python3.6/site-packages/airflow/example_dags/example_external_task_marker_dag.py
[2021-03-16 11:49:06,280] {scheduler_job.py:639} INFO - DAG(s) dict_keys(['example_external_task_marker_parent', 'example_external_task_marker_child']) retrieved from /home/airflow/.local/lib/python3.6/site-packages/airflow/example_dags/example_external_task_marker_dag.py
[2021-03-16 11:49:06,308] {logging_mixin.py:104} INFO - [2021-03-16 11:49:06,308] {dag.py:1818} INFO - Sync 2 DAGs
[2021-03-16 11:49:06,327] {logging_mixin.py:104} INFO - [2021-03-16 11:49:06,327] {dag.py:2273} INFO - Setting next_dagrun for example_external_task_marker_child to None
[2021-03-16 11:49:06,329] {logging_mixin.py:104} INFO - [2021-03-16 11:49:06,329] {dag.py:2273} INFO - Setting next_dagrun for example_external_task_marker_parent to None
[2021-03-16 11:49:06,339] {scheduler_job.py:190} INFO - Processing /home/airflow/.local/lib/python3.6/site-packages/airflow/example_dags/example_external_task_marker_dag.py took 0.080 seconds
[2021-03-16 11:49:37,140] {scheduler_job.py:182} INFO - Started process (PID=124) to work on /home/airflow/.local/lib/python3.6/site-packages/airflow/example_dags/example_external_task_marker_dag.py
[2021-03-16 11:49:37,143] {scheduler_job.py:629} INFO - Processing file /home/airflow/.local/lib/python3.6/site-packages/airflow/example_dags/example_external_task_marker_dag.py for tasks to queue
[2021-03-16 11:49:37,145] {logging_mixin.py:104} INFO - [2021-03-16 11:49:37,144] {dagbag.py:448} INFO - Filling up the DagBag from /home/airflow/.local/lib/python3.6/site-packages/airflow/example_dags/example_external_task_marker_dag.py
[2021-03-16 11:49:37,158] {scheduler_job.py:639} INFO - DAG(s) dict_keys(['example_external_task_marker_parent', 'example_external_task_marker_child']) retrieved from /home/airflow/.local/lib/python3.6/site-packages/airflow/example_dags/example_external_task_marker_dag.py
[2021-03-16 11:49:37,192] {logging_mixin.py:104} INFO - [2021-03-16 11:49:37,192] {dag.py:1818} INFO - Sync 2 DAGs
[2021-03-16 11:49:37,218] {logging_mixin.py:104} INFO - [2021-03-16 11:49:37,218] {dag.py:2273} INFO - Setting next_dagrun for example_external_task_marker_child to None
[2021-03-16 11:49:37,220] {logging_mixin.py:104} INFO - [2021-03-16 11:49:37,220] {dag.py:2273} INFO - Setting next_dagrun for example_external_task_marker_parent to None
[2021-03-16 11:49:37,232] {scheduler_job.py:190} INFO - Processing /home/airflow/.local/lib/python3.6/site-packages/airflow/example_dags/example_external_task_marker_dag.py took 0.097 seconds
[2021-03-16 11:50:07,731] {scheduler_job.py:182} INFO - Started process (PID=151) to work on /home/airflow/.local/lib/python3.6/site-packages/airflow/example_dags/example_external_task_marker_dag.py
[2021-03-16 11:50:07,732] {scheduler_job.py:629} INFO - Processing file /home/airflow/.local/lib/python3.6/site-packages/airflow/example_dags/example_external_task_marker_dag.py for tasks to queue
[2021-03-16 11:50:07,734] {logging_mixin.py:104} INFO - [2021-03-16 11:50:07,734] {dagbag.py:448} INFO - Filling up the DagBag from /home/airflow/.local/lib/python3.6/site-packages/airflow/example_dags/example_external_task_marker_dag.py
[2021-03-16 11:50:07,746] {scheduler_job.py:639} INFO - DAG(s) dict_keys(['example_external_task_marker_parent', 'example_external_task_marker_child']) retrieved from /home/airflow/.local/lib/python3.6/site-packages/airflow/example_dags/example_external_task_marker_dag.py
[2021-03-16 11:50:07,775] {logging_mixin.py:104} INFO - [2021-03-16 11:50:07,775] {dag.py:1818} INFO - Sync 2 DAGs
[2021-03-16 11:50:07,794] {logging_mixin.py:104} INFO - [2021-03-16 11:50:07,794] {dag.py:2273} INFO - Setting next_dagrun for example_external_task_marker_child to None
[2021-03-16 11:50:07,795] {logging_mixin.py:104} INFO - [2021-03-16 11:50:07,795] {dag.py:2273} INFO - Setting next_dagrun for example_external_task_marker_parent to None
[2021-03-16 11:50:07,805] {scheduler_job.py:190} INFO - Processing /home/airflow/.local/lib/python3.6/site-packages/airflow/example_dags/example_external_task_marker_dag.py took 0.079 seconds
[2021-03-16 11:50:38,299] {scheduler_job.py:182} INFO - Started process (PID=178) to work on /home/airflow/.local/lib/python3.6/site-packages/airflow/example_dags/example_external_task_marker_dag.py
[2021-03-16 11:50:38,302] {scheduler_job.py:629} INFO - Processing file /home/airflow/.local/lib/python3.6/site-packages/airflow/example_dags/example_external_task_marker_dag.py for tasks to queue
[2021-03-16 11:50:38,303] {logging_mixin.py:104} INFO - [2021-03-16 11:50:38,303] {dagbag.py:448} INFO - Filling up the DagBag from /home/airflow/.local/lib/python3.6/site-packages/airflow/example_dags/example_external_task_marker_dag.py
[2021-03-16 11:50:38,317] {scheduler_job.py:639} INFO - DAG(s) dict_keys(['example_external_task_marker_parent', 'example_external_task_marker_child']) retrieved from /home/airflow/.local/lib/python3.6/site-packages/airflow/example_dags/example_external_task_marker_dag.py
[2021-03-16 11:50:38,349] {logging_mixin.py:104} INFO - [2021-03-16 11:50:38,349] {dag.py:1818} INFO - Sync 2 DAGs
[2021-03-16 11:50:38,369] {logging_mixin.py:104} INFO - [2021-03-16 11:50:38,369] {dag.py:2273} INFO - Setting next_dagrun for example_external_task_marker_child to None
[2021-03-16 11:50:38,371] {logging_mixin.py:104} INFO - [2021-03-16 11:50:38,371] {dag.py:2273} INFO - Setting next_dagrun for example_external_task_marker_parent to None
[2021-03-16 11:50:38,383] {scheduler_job.py:190} INFO - Processing /home/airflow/.local/lib/python3.6/site-packages/airflow/example_dags/example_external_task_marker_dag.py took 0.088 seconds
[2021-03-16 11:55:45,383] {scheduler_job.py:182} INFO - Started process (PID=50) to work on /home/airflow/.local/lib/python3.6/site-packages/airflow/example_dags/example_external_task_marker_dag.py
[2021-03-16 11:55:45,387] {scheduler_job.py:629} INFO - Processing file /home/airflow/.local/lib/python3.6/site-packages/airflow/example_dags/example_external_task_marker_dag.py for tasks to queue
[2021-03-16 11:55:45,390] {logging_mixin.py:104} INFO - [2021-03-16 11:55:45,390] {dagbag.py:448} INFO - Filling up the DagBag from /home/airflow/.local/lib/python3.6/site-packages/airflow/example_dags/example_external_task_marker_dag.py
[2021-03-16 11:55:45,431] {scheduler_job.py:639} INFO - DAG(s) dict_keys(['example_external_task_marker_parent', 'example_external_task_marker_child']) retrieved from /home/airflow/.local/lib/python3.6/site-packages/airflow/example_dags/example_external_task_marker_dag.py
[2021-03-16 11:55:45,489] {logging_mixin.py:104} INFO - [2021-03-16 11:55:45,489] {dag.py:1818} INFO - Sync 2 DAGs
[2021-03-16 11:55:45,522] {logging_mixin.py:104} INFO - [2021-03-16 11:55:45,522] {dag.py:2273} INFO - Setting next_dagrun for example_external_task_marker_child to None
[2021-03-16 11:55:45,524] {logging_mixin.py:104} INFO - [2021-03-16 11:55:45,524] {dag.py:2273} INFO - Setting next_dagrun for example_external_task_marker_parent to None
[2021-03-16 11:55:45,549] {scheduler_job.py:190} INFO - Processing /home/airflow/.local/lib/python3.6/site-packages/airflow/example_dags/example_external_task_marker_dag.py took 0.178 seconds
[2021-03-16 13:40:13,764] {scheduler_job.py:182} INFO - Started process (PID=26) to work on /home/airflow/.local/lib/python3.6/site-packages/airflow/example_dags/example_external_task_marker_dag.py
[2021-03-16 13:40:13,770] {scheduler_job.py:629} INFO - Processing file /home/airflow/.local/lib/python3.6/site-packages/airflow/example_dags/example_external_task_marker_dag.py for tasks to queue
[2021-03-16 13:40:13,778] {logging_mixin.py:104} INFO - [2021-03-16 13:40:13,777] {dagbag.py:448} INFO - Filling up the DagBag from /home/airflow/.local/lib/python3.6/site-packages/airflow/example_dags/example_external_task_marker_dag.py
[2021-03-16 13:40:13,846] {scheduler_job.py:639} INFO - DAG(s) dict_keys(['example_external_task_marker_parent', 'example_external_task_marker_child']) retrieved from /home/airflow/.local/lib/python3.6/site-packages/airflow/example_dags/example_external_task_marker_dag.py
[2021-03-16 13:40:13,927] {logging_mixin.py:104} INFO - [2021-03-16 13:40:13,927] {dag.py:1818} INFO - Sync 2 DAGs
[2021-03-16 13:40:13,972] {logging_mixin.py:104} INFO - [2021-03-16 13:40:13,972] {dag.py:2273} INFO - Setting next_dagrun for example_external_task_marker_child to None
[2021-03-16 13:40:13,976] {logging_mixin.py:104} INFO - [2021-03-16 13:40:13,976] {dag.py:2273} INFO - Setting next_dagrun for example_external_task_marker_parent to None
[2021-03-16 13:40:14,000] {scheduler_job.py:190} INFO - Processing /home/airflow/.local/lib/python3.6/site-packages/airflow/example_dags/example_external_task_marker_dag.py took 0.254 seconds
[2021-03-16 13:40:44,610] {scheduler_job.py:182} INFO - Started process (PID=53) to work on /home/airflow/.local/lib/python3.6/site-packages/airflow/example_dags/example_external_task_marker_dag.py
[2021-03-16 13:40:44,612] {scheduler_job.py:629} INFO - Processing file /home/airflow/.local/lib/python3.6/site-packages/airflow/example_dags/example_external_task_marker_dag.py for tasks to queue
[2021-03-16 13:40:44,613] {logging_mixin.py:104} INFO - [2021-03-16 13:40:44,613] {dagbag.py:448} INFO - Filling up the DagBag from /home/airflow/.local/lib/python3.6/site-packages/airflow/example_dags/example_external_task_marker_dag.py
[2021-03-16 13:40:44,625] {scheduler_job.py:639} INFO - DAG(s) dict_keys(['example_external_task_marker_parent', 'example_external_task_marker_child']) retrieved from /home/airflow/.local/lib/python3.6/site-packages/airflow/example_dags/example_external_task_marker_dag.py
[2021-03-16 13:40:44,653] {logging_mixin.py:104} INFO - [2021-03-16 13:40:44,653] {dag.py:1818} INFO - Sync 2 DAGs
[2021-03-16 13:40:44,670] {logging_mixin.py:104} INFO - [2021-03-16 13:40:44,670] {dag.py:2273} INFO - Setting next_dagrun for example_external_task_marker_child to None
[2021-03-16 13:40:44,672] {logging_mixin.py:104} INFO - [2021-03-16 13:40:44,672] {dag.py:2273} INFO - Setting next_dagrun for example_external_task_marker_parent to None
[2021-03-16 13:40:44,685] {scheduler_job.py:190} INFO - Processing /home/airflow/.local/lib/python3.6/site-packages/airflow/example_dags/example_external_task_marker_dag.py took 0.078 seconds
[2021-03-16 13:41:15,155] {scheduler_job.py:182} INFO - Started process (PID=80) to work on /home/airflow/.local/lib/python3.6/site-packages/airflow/example_dags/example_external_task_marker_dag.py
[2021-03-16 13:41:15,157] {scheduler_job.py:629} INFO - Processing file /home/airflow/.local/lib/python3.6/site-packages/airflow/example_dags/example_external_task_marker_dag.py for tasks to queue
[2021-03-16 13:41:15,159] {logging_mixin.py:104} INFO - [2021-03-16 13:41:15,158] {dagbag.py:448} INFO - Filling up the DagBag from /home/airflow/.local/lib/python3.6/site-packages/airflow/example_dags/example_external_task_marker_dag.py
[2021-03-16 13:41:15,170] {scheduler_job.py:639} INFO - DAG(s) dict_keys(['example_external_task_marker_parent', 'example_external_task_marker_child']) retrieved from /home/airflow/.local/lib/python3.6/site-packages/airflow/example_dags/example_external_task_marker_dag.py
[2021-03-16 13:41:15,196] {logging_mixin.py:104} INFO - [2021-03-16 13:41:15,196] {dag.py:1818} INFO - Sync 2 DAGs
[2021-03-16 13:41:15,212] {logging_mixin.py:104} INFO - [2021-03-16 13:41:15,211] {dag.py:2273} INFO - Setting next_dagrun for example_external_task_marker_child to None
[2021-03-16 13:41:15,213] {logging_mixin.py:104} INFO - [2021-03-16 13:41:15,213] {dag.py:2273} INFO - Setting next_dagrun for example_external_task_marker_parent to None
[2021-03-16 13:41:15,222] {scheduler_job.py:190} INFO - Processing /home/airflow/.local/lib/python3.6/site-packages/airflow/example_dags/example_external_task_marker_dag.py took 0.072 seconds
[2021-03-16 13:41:45,591] {scheduler_job.py:182} INFO - Started process (PID=107) to work on /home/airflow/.local/lib/python3.6/site-packages/airflow/example_dags/example_external_task_marker_dag.py
[2021-03-16 13:41:45,600] {scheduler_job.py:629} INFO - Processing file /home/airflow/.local/lib/python3.6/site-packages/airflow/example_dags/example_external_task_marker_dag.py for tasks to queue
[2021-03-16 13:41:45,605] {logging_mixin.py:104} INFO - [2021-03-16 13:41:45,605] {dagbag.py:448} INFO - Filling up the DagBag from /home/airflow/.local/lib/python3.6/site-packages/airflow/example_dags/example_external_task_marker_dag.py
[2021-03-16 13:41:45,624] {scheduler_job.py:639} INFO - DAG(s) dict_keys(['example_external_task_marker_parent', 'example_external_task_marker_child']) retrieved from /home/airflow/.local/lib/python3.6/site-packages/airflow/example_dags/example_external_task_marker_dag.py
[2021-03-16 13:41:45,662] {logging_mixin.py:104} INFO - [2021-03-16 13:41:45,661] {dag.py:1818} INFO - Sync 2 DAGs
[2021-03-16 13:41:45,680] {logging_mixin.py:104} INFO - [2021-03-16 13:41:45,680] {dag.py:2273} INFO - Setting next_dagrun for example_external_task_marker_child to None
[2021-03-16 13:41:45,682] {logging_mixin.py:104} INFO - [2021-03-16 13:41:45,682] {dag.py:2273} INFO - Setting next_dagrun for example_external_task_marker_parent to None
[2021-03-16 13:41:45,701] {scheduler_job.py:190} INFO - Processing /home/airflow/.local/lib/python3.6/site-packages/airflow/example_dags/example_external_task_marker_dag.py took 0.116 seconds
[2021-03-16 13:42:57,296] {scheduler_job.py:182} INFO - Started process (PID=39) to work on /home/airflow/.local/lib/python3.6/site-packages/airflow/example_dags/example_external_task_marker_dag.py
[2021-03-16 13:42:57,300] {scheduler_job.py:629} INFO - Processing file /home/airflow/.local/lib/python3.6/site-packages/airflow/example_dags/example_external_task_marker_dag.py for tasks to queue
[2021-03-16 13:42:57,304] {logging_mixin.py:104} INFO - [2021-03-16 13:42:57,302] {dagbag.py:448} INFO - Filling up the DagBag from /home/airflow/.local/lib/python3.6/site-packages/airflow/example_dags/example_external_task_marker_dag.py
[2021-03-16 13:42:57,359] {scheduler_job.py:639} INFO - DAG(s) dict_keys(['example_external_task_marker_parent', 'example_external_task_marker_child']) retrieved from /home/airflow/.local/lib/python3.6/site-packages/airflow/example_dags/example_external_task_marker_dag.py
[2021-03-16 13:42:57,445] {logging_mixin.py:104} INFO - [2021-03-16 13:42:57,445] {dag.py:1818} INFO - Sync 2 DAGs
[2021-03-16 13:42:57,487] {logging_mixin.py:104} INFO - [2021-03-16 13:42:57,487] {dag.py:2273} INFO - Setting next_dagrun for example_external_task_marker_child to None
[2021-03-16 13:42:57,500] {logging_mixin.py:104} INFO - [2021-03-16 13:42:57,500] {dag.py:2273} INFO - Setting next_dagrun for example_external_task_marker_parent to None
[2021-03-16 13:42:57,530] {scheduler_job.py:190} INFO - Processing /home/airflow/.local/lib/python3.6/site-packages/airflow/example_dags/example_external_task_marker_dag.py took 0.250 seconds
[2021-03-16 13:43:28,517] {scheduler_job.py:182} INFO - Started process (PID=66) to work on /home/airflow/.local/lib/python3.6/site-packages/airflow/example_dags/example_external_task_marker_dag.py
[2021-03-16 13:43:28,519] {scheduler_job.py:629} INFO - Processing file /home/airflow/.local/lib/python3.6/site-packages/airflow/example_dags/example_external_task_marker_dag.py for tasks to queue
[2021-03-16 13:43:28,520] {logging_mixin.py:104} INFO - [2021-03-16 13:43:28,520] {dagbag.py:448} INFO - Filling up the DagBag from /home/airflow/.local/lib/python3.6/site-packages/airflow/example_dags/example_external_task_marker_dag.py
[2021-03-16 13:43:28,531] {scheduler_job.py:639} INFO - DAG(s) dict_keys(['example_external_task_marker_parent', 'example_external_task_marker_child']) retrieved from /home/airflow/.local/lib/python3.6/site-packages/airflow/example_dags/example_external_task_marker_dag.py
[2021-03-16 13:43:28,558] {logging_mixin.py:104} INFO - [2021-03-16 13:43:28,558] {dag.py:1818} INFO - Sync 2 DAGs
[2021-03-16 13:43:28,574] {logging_mixin.py:104} INFO - [2021-03-16 13:43:28,574] {dag.py:2273} INFO - Setting next_dagrun for example_external_task_marker_child to None
[2021-03-16 13:43:28,576] {logging_mixin.py:104} INFO - [2021-03-16 13:43:28,576] {dag.py:2273} INFO - Setting next_dagrun for example_external_task_marker_parent to None
[2021-03-16 13:43:28,585] {scheduler_job.py:190} INFO - Processing /home/airflow/.local/lib/python3.6/site-packages/airflow/example_dags/example_external_task_marker_dag.py took 0.072 seconds
[2021-03-16 13:44:49,300] {scheduler_job.py:182} INFO - Started process (PID=50) to work on /home/airflow/.local/lib/python3.6/site-packages/airflow/example_dags/example_external_task_marker_dag.py
[2021-03-16 13:44:49,307] {scheduler_job.py:629} INFO - Processing file /home/airflow/.local/lib/python3.6/site-packages/airflow/example_dags/example_external_task_marker_dag.py for tasks to queue
[2021-03-16 13:44:49,312] {logging_mixin.py:104} INFO - [2021-03-16 13:44:49,311] {dagbag.py:448} INFO - Filling up the DagBag from /home/airflow/.local/lib/python3.6/site-packages/airflow/example_dags/example_external_task_marker_dag.py
[2021-03-16 13:44:49,366] {scheduler_job.py:639} INFO - DAG(s) dict_keys(['example_external_task_marker_parent', 'example_external_task_marker_child']) retrieved from /home/airflow/.local/lib/python3.6/site-packages/airflow/example_dags/example_external_task_marker_dag.py
[2021-03-16 13:44:49,453] {logging_mixin.py:104} INFO - [2021-03-16 13:44:49,453] {dag.py:1818} INFO - Sync 2 DAGs
[2021-03-16 13:44:49,507] {logging_mixin.py:104} INFO - [2021-03-16 13:44:49,507] {dag.py:2273} INFO - Setting next_dagrun for example_external_task_marker_child to None
[2021-03-16 13:44:49,510] {logging_mixin.py:104} INFO - [2021-03-16 13:44:49,510] {dag.py:2273} INFO - Setting next_dagrun for example_external_task_marker_parent to None
[2021-03-16 13:44:49,533] {scheduler_job.py:190} INFO - Processing /home/airflow/.local/lib/python3.6/site-packages/airflow/example_dags/example_external_task_marker_dag.py took 0.243 seconds
[2021-03-16 13:45:19,740] {scheduler_job.py:182} INFO - Started process (PID=73) to work on /home/airflow/.local/lib/python3.6/site-packages/airflow/example_dags/example_external_task_marker_dag.py
[2021-03-16 13:45:19,743] {scheduler_job.py:629} INFO - Processing file /home/airflow/.local/lib/python3.6/site-packages/airflow/example_dags/example_external_task_marker_dag.py for tasks to queue
[2021-03-16 13:45:19,745] {logging_mixin.py:104} INFO - [2021-03-16 13:45:19,744] {dagbag.py:448} INFO - Filling up the DagBag from /home/airflow/.local/lib/python3.6/site-packages/airflow/example_dags/example_external_task_marker_dag.py
[2021-03-16 13:45:19,765] {scheduler_job.py:639} INFO - DAG(s) dict_keys(['example_external_task_marker_parent', 'example_external_task_marker_child']) retrieved from /home/airflow/.local/lib/python3.6/site-packages/airflow/example_dags/example_external_task_marker_dag.py
[2021-03-16 13:45:19,804] {logging_mixin.py:104} INFO - [2021-03-16 13:45:19,804] {dag.py:1818} INFO - Sync 2 DAGs
[2021-03-16 13:45:19,825] {logging_mixin.py:104} INFO - [2021-03-16 13:45:19,825] {dag.py:2273} INFO - Setting next_dagrun for example_external_task_marker_child to None
[2021-03-16 13:45:19,827] {logging_mixin.py:104} INFO - [2021-03-16 13:45:19,827] {dag.py:2273} INFO - Setting next_dagrun for example_external_task_marker_parent to None
[2021-03-16 13:45:19,848] {scheduler_job.py:190} INFO - Processing /home/airflow/.local/lib/python3.6/site-packages/airflow/example_dags/example_external_task_marker_dag.py took 0.114 seconds
[2021-03-16 13:45:50,513] {scheduler_job.py:182} INFO - Started process (PID=100) to work on /home/airflow/.local/lib/python3.6/site-packages/airflow/example_dags/example_external_task_marker_dag.py
[2021-03-16 13:45:50,515] {scheduler_job.py:629} INFO - Processing file /home/airflow/.local/lib/python3.6/site-packages/airflow/example_dags/example_external_task_marker_dag.py for tasks to queue
[2021-03-16 13:45:50,517] {logging_mixin.py:104} INFO - [2021-03-16 13:45:50,517] {dagbag.py:448} INFO - Filling up the DagBag from /home/airflow/.local/lib/python3.6/site-packages/airflow/example_dags/example_external_task_marker_dag.py
[2021-03-16 13:45:50,534] {scheduler_job.py:639} INFO - DAG(s) dict_keys(['example_external_task_marker_parent', 'example_external_task_marker_child']) retrieved from /home/airflow/.local/lib/python3.6/site-packages/airflow/example_dags/example_external_task_marker_dag.py
[2021-03-16 13:45:50,574] {logging_mixin.py:104} INFO - [2021-03-16 13:45:50,574] {dag.py:1818} INFO - Sync 2 DAGs
[2021-03-16 13:45:50,598] {logging_mixin.py:104} INFO - [2021-03-16 13:45:50,598] {dag.py:2273} INFO - Setting next_dagrun for example_external_task_marker_child to None
[2021-03-16 13:45:50,600] {logging_mixin.py:104} INFO - [2021-03-16 13:45:50,600] {dag.py:2273} INFO - Setting next_dagrun for example_external_task_marker_parent to None
[2021-03-16 13:45:50,616] {scheduler_job.py:190} INFO - Processing /home/airflow/.local/lib/python3.6/site-packages/airflow/example_dags/example_external_task_marker_dag.py took 0.107 seconds
[2021-03-16 13:46:21,395] {scheduler_job.py:182} INFO - Started process (PID=127) to work on /home/airflow/.local/lib/python3.6/site-packages/airflow/example_dags/example_external_task_marker_dag.py
[2021-03-16 13:46:21,402] {scheduler_job.py:629} INFO - Processing file /home/airflow/.local/lib/python3.6/site-packages/airflow/example_dags/example_external_task_marker_dag.py for tasks to queue
[2021-03-16 13:46:21,404] {logging_mixin.py:104} INFO - [2021-03-16 13:46:21,404] {dagbag.py:448} INFO - Filling up the DagBag from /home/airflow/.local/lib/python3.6/site-packages/airflow/example_dags/example_external_task_marker_dag.py
[2021-03-16 13:46:21,420] {scheduler_job.py:639} INFO - DAG(s) dict_keys(['example_external_task_marker_parent', 'example_external_task_marker_child']) retrieved from /home/airflow/.local/lib/python3.6/site-packages/airflow/example_dags/example_external_task_marker_dag.py
[2021-03-16 13:46:21,455] {logging_mixin.py:104} INFO - [2021-03-16 13:46:21,454] {dag.py:1818} INFO - Sync 2 DAGs
[2021-03-16 13:46:21,478] {logging_mixin.py:104} INFO - [2021-03-16 13:46:21,478] {dag.py:2273} INFO - Setting next_dagrun for example_external_task_marker_child to None
[2021-03-16 13:46:21,480] {logging_mixin.py:104} INFO - [2021-03-16 13:46:21,480] {dag.py:2273} INFO - Setting next_dagrun for example_external_task_marker_parent to None
[2021-03-16 13:46:21,490] {scheduler_job.py:190} INFO - Processing /home/airflow/.local/lib/python3.6/site-packages/airflow/example_dags/example_external_task_marker_dag.py took 0.100 seconds
[2021-03-16 13:46:52,247] {scheduler_job.py:182} INFO - Started process (PID=154) to work on /home/airflow/.local/lib/python3.6/site-packages/airflow/example_dags/example_external_task_marker_dag.py
[2021-03-16 13:46:52,249] {scheduler_job.py:629} INFO - Processing file /home/airflow/.local/lib/python3.6/site-packages/airflow/example_dags/example_external_task_marker_dag.py for tasks to queue
[2021-03-16 13:46:52,251] {logging_mixin.py:104} INFO - [2021-03-16 13:46:52,251] {dagbag.py:448} INFO - Filling up the DagBag from /home/airflow/.local/lib/python3.6/site-packages/airflow/example_dags/example_external_task_marker_dag.py
[2021-03-16 13:46:52,267] {scheduler_job.py:639} INFO - DAG(s) dict_keys(['example_external_task_marker_parent', 'example_external_task_marker_child']) retrieved from /home/airflow/.local/lib/python3.6/site-packages/airflow/example_dags/example_external_task_marker_dag.py
[2021-03-16 13:46:52,294] {logging_mixin.py:104} INFO - [2021-03-16 13:46:52,294] {dag.py:1818} INFO - Sync 2 DAGs
[2021-03-16 13:46:52,313] {logging_mixin.py:104} INFO - [2021-03-16 13:46:52,313] {dag.py:2273} INFO - Setting next_dagrun for example_external_task_marker_child to None
[2021-03-16 13:46:52,315] {logging_mixin.py:104} INFO - [2021-03-16 13:46:52,315] {dag.py:2273} INFO - Setting next_dagrun for example_external_task_marker_parent to None
[2021-03-16 13:46:52,324] {scheduler_job.py:190} INFO - Processing /home/airflow/.local/lib/python3.6/site-packages/airflow/example_dags/example_external_task_marker_dag.py took 0.082 seconds
