[2021-03-16 11:44:38,363] {scheduler_job.py:182} INFO - Started process (PID=40) to work on /home/airflow/.local/lib/python3.6/site-packages/airflow/example_dags/example_latest_only.py
[2021-03-16 11:44:38,368] {scheduler_job.py:629} INFO - Processing file /home/airflow/.local/lib/python3.6/site-packages/airflow/example_dags/example_latest_only.py for tasks to queue
[2021-03-16 11:44:38,373] {logging_mixin.py:104} INFO - [2021-03-16 11:44:38,372] {dagbag.py:448} INFO - Filling up the DagBag from /home/airflow/.local/lib/python3.6/site-packages/airflow/example_dags/example_latest_only.py
[2021-03-16 11:44:38,446] {scheduler_job.py:639} INFO - DAG(s) dict_keys(['latest_only']) retrieved from /home/airflow/.local/lib/python3.6/site-packages/airflow/example_dags/example_latest_only.py
[2021-03-16 11:44:38,604] {logging_mixin.py:104} INFO - [2021-03-16 11:44:38,604] {dag.py:1818} INFO - Sync 1 DAGs
[2021-03-16 11:44:38,673] {logging_mixin.py:104} INFO - [2021-03-16 11:44:38,673] {dag.py:2273} INFO - Setting next_dagrun for latest_only to 2021-03-14 00:00:00+00:00
[2021-03-16 11:44:38,705] {scheduler_job.py:190} INFO - Processing /home/airflow/.local/lib/python3.6/site-packages/airflow/example_dags/example_latest_only.py took 0.359 seconds
[2021-03-16 11:46:15,015] {scheduler_job.py:182} INFO - Started process (PID=40) to work on /home/airflow/.local/lib/python3.6/site-packages/airflow/example_dags/example_latest_only.py
[2021-03-16 11:46:15,019] {scheduler_job.py:629} INFO - Processing file /home/airflow/.local/lib/python3.6/site-packages/airflow/example_dags/example_latest_only.py for tasks to queue
[2021-03-16 11:46:15,024] {logging_mixin.py:104} INFO - [2021-03-16 11:46:15,024] {dagbag.py:448} INFO - Filling up the DagBag from /home/airflow/.local/lib/python3.6/site-packages/airflow/example_dags/example_latest_only.py
[2021-03-16 11:46:15,069] {scheduler_job.py:639} INFO - DAG(s) dict_keys(['latest_only']) retrieved from /home/airflow/.local/lib/python3.6/site-packages/airflow/example_dags/example_latest_only.py
[2021-03-16 11:46:15,103] {logging_mixin.py:104} INFO - [2021-03-16 11:46:15,103] {dag.py:1818} INFO - Sync 1 DAGs
[2021-03-16 11:46:15,142] {logging_mixin.py:104} INFO - [2021-03-16 11:46:15,142] {dag.py:2273} INFO - Setting next_dagrun for latest_only to 2021-03-14 00:00:00+00:00
[2021-03-16 11:46:15,173] {scheduler_job.py:190} INFO - Processing /home/airflow/.local/lib/python3.6/site-packages/airflow/example_dags/example_latest_only.py took 0.169 seconds
[2021-03-16 11:48:05,088] {scheduler_job.py:182} INFO - Started process (PID=48) to work on /home/airflow/.local/lib/python3.6/site-packages/airflow/example_dags/example_latest_only.py
[2021-03-16 11:48:05,098] {scheduler_job.py:629} INFO - Processing file /home/airflow/.local/lib/python3.6/site-packages/airflow/example_dags/example_latest_only.py for tasks to queue
[2021-03-16 11:48:05,102] {logging_mixin.py:104} INFO - [2021-03-16 11:48:05,102] {dagbag.py:448} INFO - Filling up the DagBag from /home/airflow/.local/lib/python3.6/site-packages/airflow/example_dags/example_latest_only.py
[2021-03-16 11:48:05,125] {scheduler_job.py:639} INFO - DAG(s) dict_keys(['latest_only']) retrieved from /home/airflow/.local/lib/python3.6/site-packages/airflow/example_dags/example_latest_only.py
[2021-03-16 11:48:05,168] {logging_mixin.py:104} INFO - [2021-03-16 11:48:05,168] {dag.py:1818} INFO - Sync 1 DAGs
[2021-03-16 11:48:05,192] {logging_mixin.py:104} INFO - [2021-03-16 11:48:05,192] {dag.py:2273} INFO - Setting next_dagrun for latest_only to 2021-03-14 00:00:00+00:00
[2021-03-16 11:48:05,205] {scheduler_job.py:190} INFO - Processing /home/airflow/.local/lib/python3.6/site-packages/airflow/example_dags/example_latest_only.py took 0.123 seconds
[2021-03-16 11:48:35,897] {scheduler_job.py:182} INFO - Started process (PID=74) to work on /home/airflow/.local/lib/python3.6/site-packages/airflow/example_dags/example_latest_only.py
[2021-03-16 11:48:35,900] {scheduler_job.py:629} INFO - Processing file /home/airflow/.local/lib/python3.6/site-packages/airflow/example_dags/example_latest_only.py for tasks to queue
[2021-03-16 11:48:35,901] {logging_mixin.py:104} INFO - [2021-03-16 11:48:35,901] {dagbag.py:448} INFO - Filling up the DagBag from /home/airflow/.local/lib/python3.6/site-packages/airflow/example_dags/example_latest_only.py
[2021-03-16 11:48:35,915] {scheduler_job.py:639} INFO - DAG(s) dict_keys(['latest_only']) retrieved from /home/airflow/.local/lib/python3.6/site-packages/airflow/example_dags/example_latest_only.py
[2021-03-16 11:48:35,943] {logging_mixin.py:104} INFO - [2021-03-16 11:48:35,943] {dag.py:1818} INFO - Sync 1 DAGs
[2021-03-16 11:48:35,964] {logging_mixin.py:104} INFO - [2021-03-16 11:48:35,964] {dag.py:2273} INFO - Setting next_dagrun for latest_only to 2021-03-14 00:00:00+00:00
[2021-03-16 11:48:35,976] {scheduler_job.py:190} INFO - Processing /home/airflow/.local/lib/python3.6/site-packages/airflow/example_dags/example_latest_only.py took 0.082 seconds
[2021-03-16 11:49:06,498] {scheduler_job.py:182} INFO - Started process (PID=101) to work on /home/airflow/.local/lib/python3.6/site-packages/airflow/example_dags/example_latest_only.py
[2021-03-16 11:49:06,500] {scheduler_job.py:629} INFO - Processing file /home/airflow/.local/lib/python3.6/site-packages/airflow/example_dags/example_latest_only.py for tasks to queue
[2021-03-16 11:49:06,503] {logging_mixin.py:104} INFO - [2021-03-16 11:49:06,503] {dagbag.py:448} INFO - Filling up the DagBag from /home/airflow/.local/lib/python3.6/site-packages/airflow/example_dags/example_latest_only.py
[2021-03-16 11:49:06,524] {scheduler_job.py:639} INFO - DAG(s) dict_keys(['latest_only']) retrieved from /home/airflow/.local/lib/python3.6/site-packages/airflow/example_dags/example_latest_only.py
[2021-03-16 11:49:06,563] {logging_mixin.py:104} INFO - [2021-03-16 11:49:06,563] {dag.py:1818} INFO - Sync 1 DAGs
[2021-03-16 11:49:06,587] {logging_mixin.py:104} INFO - [2021-03-16 11:49:06,587] {dag.py:2273} INFO - Setting next_dagrun for latest_only to 2021-03-14 00:00:00+00:00
[2021-03-16 11:49:06,602] {scheduler_job.py:190} INFO - Processing /home/airflow/.local/lib/python3.6/site-packages/airflow/example_dags/example_latest_only.py took 0.108 seconds
[2021-03-16 11:49:37,398] {scheduler_job.py:182} INFO - Started process (PID=128) to work on /home/airflow/.local/lib/python3.6/site-packages/airflow/example_dags/example_latest_only.py
[2021-03-16 11:49:37,400] {scheduler_job.py:629} INFO - Processing file /home/airflow/.local/lib/python3.6/site-packages/airflow/example_dags/example_latest_only.py for tasks to queue
[2021-03-16 11:49:37,402] {logging_mixin.py:104} INFO - [2021-03-16 11:49:37,401] {dagbag.py:448} INFO - Filling up the DagBag from /home/airflow/.local/lib/python3.6/site-packages/airflow/example_dags/example_latest_only.py
[2021-03-16 11:49:37,415] {scheduler_job.py:639} INFO - DAG(s) dict_keys(['latest_only']) retrieved from /home/airflow/.local/lib/python3.6/site-packages/airflow/example_dags/example_latest_only.py
[2021-03-16 11:49:37,445] {logging_mixin.py:104} INFO - [2021-03-16 11:49:37,445] {dag.py:1818} INFO - Sync 1 DAGs
[2021-03-16 11:49:37,461] {logging_mixin.py:104} INFO - [2021-03-16 11:49:37,461] {dag.py:2273} INFO - Setting next_dagrun for latest_only to 2021-03-14 00:00:00+00:00
[2021-03-16 11:49:37,472] {scheduler_job.py:190} INFO - Processing /home/airflow/.local/lib/python3.6/site-packages/airflow/example_dags/example_latest_only.py took 0.078 seconds
[2021-03-16 11:50:07,942] {scheduler_job.py:182} INFO - Started process (PID=155) to work on /home/airflow/.local/lib/python3.6/site-packages/airflow/example_dags/example_latest_only.py
[2021-03-16 11:50:07,945] {scheduler_job.py:629} INFO - Processing file /home/airflow/.local/lib/python3.6/site-packages/airflow/example_dags/example_latest_only.py for tasks to queue
[2021-03-16 11:50:07,947] {logging_mixin.py:104} INFO - [2021-03-16 11:50:07,946] {dagbag.py:448} INFO - Filling up the DagBag from /home/airflow/.local/lib/python3.6/site-packages/airflow/example_dags/example_latest_only.py
[2021-03-16 11:50:07,961] {scheduler_job.py:639} INFO - DAG(s) dict_keys(['latest_only']) retrieved from /home/airflow/.local/lib/python3.6/site-packages/airflow/example_dags/example_latest_only.py
[2021-03-16 11:50:07,985] {logging_mixin.py:104} INFO - [2021-03-16 11:50:07,985] {dag.py:1818} INFO - Sync 1 DAGs
[2021-03-16 11:50:08,005] {logging_mixin.py:104} INFO - [2021-03-16 11:50:08,004] {dag.py:2273} INFO - Setting next_dagrun for latest_only to 2021-03-14 00:00:00+00:00
[2021-03-16 11:50:08,015] {scheduler_job.py:190} INFO - Processing /home/airflow/.local/lib/python3.6/site-packages/airflow/example_dags/example_latest_only.py took 0.077 seconds
[2021-03-16 11:50:38,602] {scheduler_job.py:182} INFO - Started process (PID=182) to work on /home/airflow/.local/lib/python3.6/site-packages/airflow/example_dags/example_latest_only.py
[2021-03-16 11:50:38,605] {scheduler_job.py:629} INFO - Processing file /home/airflow/.local/lib/python3.6/site-packages/airflow/example_dags/example_latest_only.py for tasks to queue
[2021-03-16 11:50:38,607] {logging_mixin.py:104} INFO - [2021-03-16 11:50:38,606] {dagbag.py:448} INFO - Filling up the DagBag from /home/airflow/.local/lib/python3.6/site-packages/airflow/example_dags/example_latest_only.py
[2021-03-16 11:50:38,619] {scheduler_job.py:639} INFO - DAG(s) dict_keys(['latest_only']) retrieved from /home/airflow/.local/lib/python3.6/site-packages/airflow/example_dags/example_latest_only.py
[2021-03-16 11:50:38,649] {logging_mixin.py:104} INFO - [2021-03-16 11:50:38,649] {dag.py:1818} INFO - Sync 1 DAGs
[2021-03-16 11:50:38,669] {logging_mixin.py:104} INFO - [2021-03-16 11:50:38,669] {dag.py:2273} INFO - Setting next_dagrun for latest_only to 2021-03-14 00:00:00+00:00
[2021-03-16 11:50:38,680] {scheduler_job.py:190} INFO - Processing /home/airflow/.local/lib/python3.6/site-packages/airflow/example_dags/example_latest_only.py took 0.082 seconds
[2021-03-16 11:55:42,726] {scheduler_job.py:182} INFO - Started process (PID=36) to work on /home/airflow/.local/lib/python3.6/site-packages/airflow/example_dags/example_latest_only.py
[2021-03-16 11:55:42,734] {scheduler_job.py:629} INFO - Processing file /home/airflow/.local/lib/python3.6/site-packages/airflow/example_dags/example_latest_only.py for tasks to queue
[2021-03-16 11:55:42,741] {logging_mixin.py:104} INFO - [2021-03-16 11:55:42,740] {dagbag.py:448} INFO - Filling up the DagBag from /home/airflow/.local/lib/python3.6/site-packages/airflow/example_dags/example_latest_only.py
[2021-03-16 11:55:42,788] {scheduler_job.py:639} INFO - DAG(s) dict_keys(['latest_only']) retrieved from /home/airflow/.local/lib/python3.6/site-packages/airflow/example_dags/example_latest_only.py
[2021-03-16 11:55:42,835] {logging_mixin.py:104} INFO - [2021-03-16 11:55:42,835] {dag.py:1818} INFO - Sync 1 DAGs
[2021-03-16 11:55:42,874] {logging_mixin.py:104} INFO - [2021-03-16 11:55:42,874] {dag.py:2273} INFO - Setting next_dagrun for latest_only to 2021-03-14 00:00:00+00:00
[2021-03-16 11:55:42,913] {scheduler_job.py:190} INFO - Processing /home/airflow/.local/lib/python3.6/site-packages/airflow/example_dags/example_latest_only.py took 0.213 seconds
[2021-03-16 13:40:15,424] {scheduler_job.py:182} INFO - Started process (PID=38) to work on /home/airflow/.local/lib/python3.6/site-packages/airflow/example_dags/example_latest_only.py
[2021-03-16 13:40:15,432] {scheduler_job.py:629} INFO - Processing file /home/airflow/.local/lib/python3.6/site-packages/airflow/example_dags/example_latest_only.py for tasks to queue
[2021-03-16 13:40:15,438] {logging_mixin.py:104} INFO - [2021-03-16 13:40:15,438] {dagbag.py:448} INFO - Filling up the DagBag from /home/airflow/.local/lib/python3.6/site-packages/airflow/example_dags/example_latest_only.py
[2021-03-16 13:40:15,480] {scheduler_job.py:639} INFO - DAG(s) dict_keys(['latest_only']) retrieved from /home/airflow/.local/lib/python3.6/site-packages/airflow/example_dags/example_latest_only.py
[2021-03-16 13:40:15,568] {logging_mixin.py:104} INFO - [2021-03-16 13:40:15,568] {dag.py:1818} INFO - Sync 1 DAGs
[2021-03-16 13:40:15,640] {logging_mixin.py:104} INFO - [2021-03-16 13:40:15,640] {dag.py:2273} INFO - Setting next_dagrun for latest_only to 2021-03-14 00:00:00+00:00
[2021-03-16 13:40:15,667] {scheduler_job.py:190} INFO - Processing /home/airflow/.local/lib/python3.6/site-packages/airflow/example_dags/example_latest_only.py took 0.251 seconds
[2021-03-16 13:40:46,228] {scheduler_job.py:182} INFO - Started process (PID=62) to work on /home/airflow/.local/lib/python3.6/site-packages/airflow/example_dags/example_latest_only.py
[2021-03-16 13:40:46,230] {scheduler_job.py:629} INFO - Processing file /home/airflow/.local/lib/python3.6/site-packages/airflow/example_dags/example_latest_only.py for tasks to queue
[2021-03-16 13:40:46,232] {logging_mixin.py:104} INFO - [2021-03-16 13:40:46,231] {dagbag.py:448} INFO - Filling up the DagBag from /home/airflow/.local/lib/python3.6/site-packages/airflow/example_dags/example_latest_only.py
[2021-03-16 13:40:46,244] {scheduler_job.py:639} INFO - DAG(s) dict_keys(['latest_only']) retrieved from /home/airflow/.local/lib/python3.6/site-packages/airflow/example_dags/example_latest_only.py
[2021-03-16 13:40:46,273] {logging_mixin.py:104} INFO - [2021-03-16 13:40:46,273] {dag.py:1818} INFO - Sync 1 DAGs
[2021-03-16 13:40:46,291] {logging_mixin.py:104} INFO - [2021-03-16 13:40:46,291] {dag.py:2273} INFO - Setting next_dagrun for latest_only to 2021-03-14 00:00:00+00:00
[2021-03-16 13:40:46,304] {scheduler_job.py:190} INFO - Processing /home/airflow/.local/lib/python3.6/site-packages/airflow/example_dags/example_latest_only.py took 0.081 seconds
[2021-03-16 13:41:16,657] {scheduler_job.py:182} INFO - Started process (PID=89) to work on /home/airflow/.local/lib/python3.6/site-packages/airflow/example_dags/example_latest_only.py
[2021-03-16 13:41:16,660] {scheduler_job.py:629} INFO - Processing file /home/airflow/.local/lib/python3.6/site-packages/airflow/example_dags/example_latest_only.py for tasks to queue
[2021-03-16 13:41:16,662] {logging_mixin.py:104} INFO - [2021-03-16 13:41:16,662] {dagbag.py:448} INFO - Filling up the DagBag from /home/airflow/.local/lib/python3.6/site-packages/airflow/example_dags/example_latest_only.py
[2021-03-16 13:41:16,677] {scheduler_job.py:639} INFO - DAG(s) dict_keys(['latest_only']) retrieved from /home/airflow/.local/lib/python3.6/site-packages/airflow/example_dags/example_latest_only.py
[2021-03-16 13:41:16,704] {logging_mixin.py:104} INFO - [2021-03-16 13:41:16,703] {dag.py:1818} INFO - Sync 1 DAGs
[2021-03-16 13:41:16,728] {logging_mixin.py:104} INFO - [2021-03-16 13:41:16,728] {dag.py:2273} INFO - Setting next_dagrun for latest_only to 2021-03-14 00:00:00+00:00
[2021-03-16 13:41:16,738] {scheduler_job.py:190} INFO - Processing /home/airflow/.local/lib/python3.6/site-packages/airflow/example_dags/example_latest_only.py took 0.085 seconds
[2021-03-16 13:41:47,160] {scheduler_job.py:182} INFO - Started process (PID=116) to work on /home/airflow/.local/lib/python3.6/site-packages/airflow/example_dags/example_latest_only.py
[2021-03-16 13:41:47,164] {scheduler_job.py:629} INFO - Processing file /home/airflow/.local/lib/python3.6/site-packages/airflow/example_dags/example_latest_only.py for tasks to queue
[2021-03-16 13:41:47,166] {logging_mixin.py:104} INFO - [2021-03-16 13:41:47,166] {dagbag.py:448} INFO - Filling up the DagBag from /home/airflow/.local/lib/python3.6/site-packages/airflow/example_dags/example_latest_only.py
[2021-03-16 13:41:47,179] {scheduler_job.py:639} INFO - DAG(s) dict_keys(['latest_only']) retrieved from /home/airflow/.local/lib/python3.6/site-packages/airflow/example_dags/example_latest_only.py
[2021-03-16 13:41:47,203] {logging_mixin.py:104} INFO - [2021-03-16 13:41:47,203] {dag.py:1818} INFO - Sync 1 DAGs
[2021-03-16 13:41:47,221] {logging_mixin.py:104} INFO - [2021-03-16 13:41:47,220] {dag.py:2273} INFO - Setting next_dagrun for latest_only to 2021-03-14 00:00:00+00:00
[2021-03-16 13:41:47,231] {scheduler_job.py:190} INFO - Processing /home/airflow/.local/lib/python3.6/site-packages/airflow/example_dags/example_latest_only.py took 0.075 seconds
[2021-03-16 13:42:57,811] {scheduler_job.py:182} INFO - Started process (PID=42) to work on /home/airflow/.local/lib/python3.6/site-packages/airflow/example_dags/example_latest_only.py
[2021-03-16 13:42:57,815] {scheduler_job.py:629} INFO - Processing file /home/airflow/.local/lib/python3.6/site-packages/airflow/example_dags/example_latest_only.py for tasks to queue
[2021-03-16 13:42:57,818] {logging_mixin.py:104} INFO - [2021-03-16 13:42:57,818] {dagbag.py:448} INFO - Filling up the DagBag from /home/airflow/.local/lib/python3.6/site-packages/airflow/example_dags/example_latest_only.py
[2021-03-16 13:42:57,864] {scheduler_job.py:639} INFO - DAG(s) dict_keys(['latest_only']) retrieved from /home/airflow/.local/lib/python3.6/site-packages/airflow/example_dags/example_latest_only.py
[2021-03-16 13:42:57,938] {logging_mixin.py:104} INFO - [2021-03-16 13:42:57,936] {dag.py:1818} INFO - Sync 1 DAGs
[2021-03-16 13:42:57,977] {logging_mixin.py:104} INFO - [2021-03-16 13:42:57,976] {dag.py:2273} INFO - Setting next_dagrun for latest_only to 2021-03-14 00:00:00+00:00
[2021-03-16 13:42:58,001] {scheduler_job.py:190} INFO - Processing /home/airflow/.local/lib/python3.6/site-packages/airflow/example_dags/example_latest_only.py took 0.199 seconds
[2021-03-16 13:43:28,882] {scheduler_job.py:182} INFO - Started process (PID=73) to work on /home/airflow/.local/lib/python3.6/site-packages/airflow/example_dags/example_latest_only.py
[2021-03-16 13:43:28,884] {scheduler_job.py:629} INFO - Processing file /home/airflow/.local/lib/python3.6/site-packages/airflow/example_dags/example_latest_only.py for tasks to queue
[2021-03-16 13:43:28,886] {logging_mixin.py:104} INFO - [2021-03-16 13:43:28,885] {dagbag.py:448} INFO - Filling up the DagBag from /home/airflow/.local/lib/python3.6/site-packages/airflow/example_dags/example_latest_only.py
[2021-03-16 13:43:28,901] {scheduler_job.py:639} INFO - DAG(s) dict_keys(['latest_only']) retrieved from /home/airflow/.local/lib/python3.6/site-packages/airflow/example_dags/example_latest_only.py
[2021-03-16 13:43:28,927] {logging_mixin.py:104} INFO - [2021-03-16 13:43:28,927] {dag.py:1818} INFO - Sync 1 DAGs
[2021-03-16 13:43:28,946] {logging_mixin.py:104} INFO - [2021-03-16 13:43:28,946] {dag.py:2273} INFO - Setting next_dagrun for latest_only to 2021-03-14 00:00:00+00:00
[2021-03-16 13:43:28,957] {scheduler_job.py:190} INFO - Processing /home/airflow/.local/lib/python3.6/site-packages/airflow/example_dags/example_latest_only.py took 0.079 seconds
[2021-03-16 13:44:48,621] {scheduler_job.py:182} INFO - Started process (PID=46) to work on /home/airflow/.local/lib/python3.6/site-packages/airflow/example_dags/example_latest_only.py
[2021-03-16 13:44:48,627] {scheduler_job.py:629} INFO - Processing file /home/airflow/.local/lib/python3.6/site-packages/airflow/example_dags/example_latest_only.py for tasks to queue
[2021-03-16 13:44:48,632] {logging_mixin.py:104} INFO - [2021-03-16 13:44:48,632] {dagbag.py:448} INFO - Filling up the DagBag from /home/airflow/.local/lib/python3.6/site-packages/airflow/example_dags/example_latest_only.py
[2021-03-16 13:44:48,713] {scheduler_job.py:639} INFO - DAG(s) dict_keys(['latest_only']) retrieved from /home/airflow/.local/lib/python3.6/site-packages/airflow/example_dags/example_latest_only.py
[2021-03-16 13:44:48,849] {logging_mixin.py:104} INFO - [2021-03-16 13:44:48,848] {dag.py:1818} INFO - Sync 1 DAGs
[2021-03-16 13:44:48,936] {logging_mixin.py:104} INFO - [2021-03-16 13:44:48,936] {dag.py:2273} INFO - Setting next_dagrun for latest_only to 2021-03-14 00:00:00+00:00
[2021-03-16 13:44:48,962] {scheduler_job.py:190} INFO - Processing /home/airflow/.local/lib/python3.6/site-packages/airflow/example_dags/example_latest_only.py took 0.364 seconds
[2021-03-16 13:45:19,879] {scheduler_job.py:182} INFO - Started process (PID=76) to work on /home/airflow/.local/lib/python3.6/site-packages/airflow/example_dags/example_latest_only.py
[2021-03-16 13:45:19,881] {scheduler_job.py:629} INFO - Processing file /home/airflow/.local/lib/python3.6/site-packages/airflow/example_dags/example_latest_only.py for tasks to queue
[2021-03-16 13:45:19,888] {logging_mixin.py:104} INFO - [2021-03-16 13:45:19,888] {dagbag.py:448} INFO - Filling up the DagBag from /home/airflow/.local/lib/python3.6/site-packages/airflow/example_dags/example_latest_only.py
[2021-03-16 13:45:19,903] {scheduler_job.py:639} INFO - DAG(s) dict_keys(['latest_only']) retrieved from /home/airflow/.local/lib/python3.6/site-packages/airflow/example_dags/example_latest_only.py
[2021-03-16 13:45:19,930] {logging_mixin.py:104} INFO - [2021-03-16 13:45:19,930] {dag.py:1818} INFO - Sync 1 DAGs
[2021-03-16 13:45:19,962] {logging_mixin.py:104} INFO - [2021-03-16 13:45:19,962] {dag.py:2273} INFO - Setting next_dagrun for latest_only to 2021-03-14 00:00:00+00:00
[2021-03-16 13:45:19,973] {scheduler_job.py:190} INFO - Processing /home/airflow/.local/lib/python3.6/site-packages/airflow/example_dags/example_latest_only.py took 0.099 seconds
[2021-03-16 13:45:50,649] {scheduler_job.py:182} INFO - Started process (PID=103) to work on /home/airflow/.local/lib/python3.6/site-packages/airflow/example_dags/example_latest_only.py
[2021-03-16 13:45:50,652] {scheduler_job.py:629} INFO - Processing file /home/airflow/.local/lib/python3.6/site-packages/airflow/example_dags/example_latest_only.py for tasks to queue
[2021-03-16 13:45:50,654] {logging_mixin.py:104} INFO - [2021-03-16 13:45:50,654] {dagbag.py:448} INFO - Filling up the DagBag from /home/airflow/.local/lib/python3.6/site-packages/airflow/example_dags/example_latest_only.py
[2021-03-16 13:45:50,668] {scheduler_job.py:639} INFO - DAG(s) dict_keys(['latest_only']) retrieved from /home/airflow/.local/lib/python3.6/site-packages/airflow/example_dags/example_latest_only.py
[2021-03-16 13:45:50,700] {logging_mixin.py:104} INFO - [2021-03-16 13:45:50,700] {dag.py:1818} INFO - Sync 1 DAGs
[2021-03-16 13:45:50,722] {logging_mixin.py:104} INFO - [2021-03-16 13:45:50,722] {dag.py:2273} INFO - Setting next_dagrun for latest_only to 2021-03-14 00:00:00+00:00
[2021-03-16 13:45:50,737] {scheduler_job.py:190} INFO - Processing /home/airflow/.local/lib/python3.6/site-packages/airflow/example_dags/example_latest_only.py took 0.093 seconds
[2021-03-16 13:46:21,540] {scheduler_job.py:182} INFO - Started process (PID=130) to work on /home/airflow/.local/lib/python3.6/site-packages/airflow/example_dags/example_latest_only.py
[2021-03-16 13:46:21,544] {scheduler_job.py:629} INFO - Processing file /home/airflow/.local/lib/python3.6/site-packages/airflow/example_dags/example_latest_only.py for tasks to queue
[2021-03-16 13:46:21,546] {logging_mixin.py:104} INFO - [2021-03-16 13:46:21,546] {dagbag.py:448} INFO - Filling up the DagBag from /home/airflow/.local/lib/python3.6/site-packages/airflow/example_dags/example_latest_only.py
[2021-03-16 13:46:21,566] {scheduler_job.py:639} INFO - DAG(s) dict_keys(['latest_only']) retrieved from /home/airflow/.local/lib/python3.6/site-packages/airflow/example_dags/example_latest_only.py
[2021-03-16 13:46:21,604] {logging_mixin.py:104} INFO - [2021-03-16 13:46:21,604] {dag.py:1818} INFO - Sync 1 DAGs
[2021-03-16 13:46:21,637] {logging_mixin.py:104} INFO - [2021-03-16 13:46:21,637] {dag.py:2273} INFO - Setting next_dagrun for latest_only to 2021-03-14 00:00:00+00:00
[2021-03-16 13:46:21,660] {scheduler_job.py:190} INFO - Processing /home/airflow/.local/lib/python3.6/site-packages/airflow/example_dags/example_latest_only.py took 0.125 seconds
[2021-03-16 13:46:52,442] {scheduler_job.py:182} INFO - Started process (PID=157) to work on /home/airflow/.local/lib/python3.6/site-packages/airflow/example_dags/example_latest_only.py
[2021-03-16 13:46:52,444] {scheduler_job.py:629} INFO - Processing file /home/airflow/.local/lib/python3.6/site-packages/airflow/example_dags/example_latest_only.py for tasks to queue
[2021-03-16 13:46:52,446] {logging_mixin.py:104} INFO - [2021-03-16 13:46:52,446] {dagbag.py:448} INFO - Filling up the DagBag from /home/airflow/.local/lib/python3.6/site-packages/airflow/example_dags/example_latest_only.py
[2021-03-16 13:46:52,461] {scheduler_job.py:639} INFO - DAG(s) dict_keys(['latest_only']) retrieved from /home/airflow/.local/lib/python3.6/site-packages/airflow/example_dags/example_latest_only.py
[2021-03-16 13:46:52,491] {logging_mixin.py:104} INFO - [2021-03-16 13:46:52,491] {dag.py:1818} INFO - Sync 1 DAGs
[2021-03-16 13:46:52,510] {logging_mixin.py:104} INFO - [2021-03-16 13:46:52,510] {dag.py:2273} INFO - Setting next_dagrun for latest_only to 2021-03-14 00:00:00+00:00
[2021-03-16 13:46:52,529] {scheduler_job.py:190} INFO - Processing /home/airflow/.local/lib/python3.6/site-packages/airflow/example_dags/example_latest_only.py took 0.092 seconds
