[2021-03-16 11:44:40,816] {scheduler_job.py:182} INFO - Started process (PID=48) to work on /home/airflow/.local/lib/python3.6/site-packages/airflow/example_dags/example_trigger_target_dag.py
[2021-03-16 11:44:40,823] {scheduler_job.py:629} INFO - Processing file /home/airflow/.local/lib/python3.6/site-packages/airflow/example_dags/example_trigger_target_dag.py for tasks to queue
[2021-03-16 11:44:40,829] {logging_mixin.py:104} INFO - [2021-03-16 11:44:40,829] {dagbag.py:448} INFO - Filling up the DagBag from /home/airflow/.local/lib/python3.6/site-packages/airflow/example_dags/example_trigger_target_dag.py
[2021-03-16 11:44:40,855] {scheduler_job.py:639} INFO - DAG(s) dict_keys(['example_trigger_target_dag']) retrieved from /home/airflow/.local/lib/python3.6/site-packages/airflow/example_dags/example_trigger_target_dag.py
[2021-03-16 11:44:40,956] {logging_mixin.py:104} INFO - [2021-03-16 11:44:40,956] {dag.py:1818} INFO - Sync 1 DAGs
[2021-03-16 11:44:41,034] {logging_mixin.py:104} INFO - [2021-03-16 11:44:41,034] {dag.py:2273} INFO - Setting next_dagrun for example_trigger_target_dag to None
[2021-03-16 11:44:41,062] {scheduler_job.py:190} INFO - Processing /home/airflow/.local/lib/python3.6/site-packages/airflow/example_dags/example_trigger_target_dag.py took 0.254 seconds
[2021-03-16 11:46:15,511] {scheduler_job.py:182} INFO - Started process (PID=44) to work on /home/airflow/.local/lib/python3.6/site-packages/airflow/example_dags/example_trigger_target_dag.py
[2021-03-16 11:46:15,514] {scheduler_job.py:629} INFO - Processing file /home/airflow/.local/lib/python3.6/site-packages/airflow/example_dags/example_trigger_target_dag.py for tasks to queue
[2021-03-16 11:46:15,515] {logging_mixin.py:104} INFO - [2021-03-16 11:46:15,515] {dagbag.py:448} INFO - Filling up the DagBag from /home/airflow/.local/lib/python3.6/site-packages/airflow/example_dags/example_trigger_target_dag.py
[2021-03-16 11:46:15,537] {scheduler_job.py:639} INFO - DAG(s) dict_keys(['example_trigger_target_dag']) retrieved from /home/airflow/.local/lib/python3.6/site-packages/airflow/example_dags/example_trigger_target_dag.py
[2021-03-16 11:46:15,584] {logging_mixin.py:104} INFO - [2021-03-16 11:46:15,584] {dag.py:1818} INFO - Sync 1 DAGs
[2021-03-16 11:46:15,618] {logging_mixin.py:104} INFO - [2021-03-16 11:46:15,618] {dag.py:2273} INFO - Setting next_dagrun for example_trigger_target_dag to None
[2021-03-16 11:46:15,648] {scheduler_job.py:190} INFO - Processing /home/airflow/.local/lib/python3.6/site-packages/airflow/example_dags/example_trigger_target_dag.py took 0.144 seconds
[2021-03-16 11:48:02,692] {scheduler_job.py:182} INFO - Started process (PID=29) to work on /home/airflow/.local/lib/python3.6/site-packages/airflow/example_dags/example_trigger_target_dag.py
[2021-03-16 11:48:02,695] {scheduler_job.py:629} INFO - Processing file /home/airflow/.local/lib/python3.6/site-packages/airflow/example_dags/example_trigger_target_dag.py for tasks to queue
[2021-03-16 11:48:02,696] {logging_mixin.py:104} INFO - [2021-03-16 11:48:02,696] {dagbag.py:448} INFO - Filling up the DagBag from /home/airflow/.local/lib/python3.6/site-packages/airflow/example_dags/example_trigger_target_dag.py
[2021-03-16 11:48:02,718] {scheduler_job.py:639} INFO - DAG(s) dict_keys(['example_trigger_target_dag']) retrieved from /home/airflow/.local/lib/python3.6/site-packages/airflow/example_dags/example_trigger_target_dag.py
[2021-03-16 11:48:02,753] {logging_mixin.py:104} INFO - [2021-03-16 11:48:02,753] {dag.py:1818} INFO - Sync 1 DAGs
[2021-03-16 11:48:02,779] {logging_mixin.py:104} INFO - [2021-03-16 11:48:02,779] {dag.py:2273} INFO - Setting next_dagrun for example_trigger_target_dag to None
[2021-03-16 11:48:02,794] {scheduler_job.py:190} INFO - Processing /home/airflow/.local/lib/python3.6/site-packages/airflow/example_dags/example_trigger_target_dag.py took 0.107 seconds
[2021-03-16 11:48:32,946] {scheduler_job.py:182} INFO - Started process (PID=56) to work on /home/airflow/.local/lib/python3.6/site-packages/airflow/example_dags/example_trigger_target_dag.py
[2021-03-16 11:48:32,950] {scheduler_job.py:629} INFO - Processing file /home/airflow/.local/lib/python3.6/site-packages/airflow/example_dags/example_trigger_target_dag.py for tasks to queue
[2021-03-16 11:48:32,958] {logging_mixin.py:104} INFO - [2021-03-16 11:48:32,957] {dagbag.py:448} INFO - Filling up the DagBag from /home/airflow/.local/lib/python3.6/site-packages/airflow/example_dags/example_trigger_target_dag.py
[2021-03-16 11:48:32,977] {scheduler_job.py:639} INFO - DAG(s) dict_keys(['example_trigger_target_dag']) retrieved from /home/airflow/.local/lib/python3.6/site-packages/airflow/example_dags/example_trigger_target_dag.py
[2021-03-16 11:48:33,012] {logging_mixin.py:104} INFO - [2021-03-16 11:48:33,012] {dag.py:1818} INFO - Sync 1 DAGs
[2021-03-16 11:48:33,031] {logging_mixin.py:104} INFO - [2021-03-16 11:48:33,031] {dag.py:2273} INFO - Setting next_dagrun for example_trigger_target_dag to None
[2021-03-16 11:48:33,044] {scheduler_job.py:190} INFO - Processing /home/airflow/.local/lib/python3.6/site-packages/airflow/example_dags/example_trigger_target_dag.py took 0.103 seconds
[2021-03-16 11:49:03,541] {scheduler_job.py:182} INFO - Started process (PID=83) to work on /home/airflow/.local/lib/python3.6/site-packages/airflow/example_dags/example_trigger_target_dag.py
[2021-03-16 11:49:03,543] {scheduler_job.py:629} INFO - Processing file /home/airflow/.local/lib/python3.6/site-packages/airflow/example_dags/example_trigger_target_dag.py for tasks to queue
[2021-03-16 11:49:03,545] {logging_mixin.py:104} INFO - [2021-03-16 11:49:03,545] {dagbag.py:448} INFO - Filling up the DagBag from /home/airflow/.local/lib/python3.6/site-packages/airflow/example_dags/example_trigger_target_dag.py
[2021-03-16 11:49:03,562] {scheduler_job.py:639} INFO - DAG(s) dict_keys(['example_trigger_target_dag']) retrieved from /home/airflow/.local/lib/python3.6/site-packages/airflow/example_dags/example_trigger_target_dag.py
[2021-03-16 11:49:03,587] {logging_mixin.py:104} INFO - [2021-03-16 11:49:03,587] {dag.py:1818} INFO - Sync 1 DAGs
[2021-03-16 11:49:03,602] {logging_mixin.py:104} INFO - [2021-03-16 11:49:03,602] {dag.py:2273} INFO - Setting next_dagrun for example_trigger_target_dag to None
[2021-03-16 11:49:03,610] {scheduler_job.py:190} INFO - Processing /home/airflow/.local/lib/python3.6/site-packages/airflow/example_dags/example_trigger_target_dag.py took 0.075 seconds
[2021-03-16 11:49:34,271] {scheduler_job.py:182} INFO - Started process (PID=111) to work on /home/airflow/.local/lib/python3.6/site-packages/airflow/example_dags/example_trigger_target_dag.py
[2021-03-16 11:49:34,273] {scheduler_job.py:629} INFO - Processing file /home/airflow/.local/lib/python3.6/site-packages/airflow/example_dags/example_trigger_target_dag.py for tasks to queue
[2021-03-16 11:49:34,275] {logging_mixin.py:104} INFO - [2021-03-16 11:49:34,275] {dagbag.py:448} INFO - Filling up the DagBag from /home/airflow/.local/lib/python3.6/site-packages/airflow/example_dags/example_trigger_target_dag.py
[2021-03-16 11:49:34,298] {scheduler_job.py:639} INFO - DAG(s) dict_keys(['example_trigger_target_dag']) retrieved from /home/airflow/.local/lib/python3.6/site-packages/airflow/example_dags/example_trigger_target_dag.py
[2021-03-16 11:49:34,339] {logging_mixin.py:104} INFO - [2021-03-16 11:49:34,339] {dag.py:1818} INFO - Sync 1 DAGs
[2021-03-16 11:49:34,367] {logging_mixin.py:104} INFO - [2021-03-16 11:49:34,367] {dag.py:2273} INFO - Setting next_dagrun for example_trigger_target_dag to None
[2021-03-16 11:49:34,383] {scheduler_job.py:190} INFO - Processing /home/airflow/.local/lib/python3.6/site-packages/airflow/example_dags/example_trigger_target_dag.py took 0.120 seconds
[2021-03-16 11:50:05,028] {scheduler_job.py:182} INFO - Started process (PID=138) to work on /home/airflow/.local/lib/python3.6/site-packages/airflow/example_dags/example_trigger_target_dag.py
[2021-03-16 11:50:05,031] {scheduler_job.py:629} INFO - Processing file /home/airflow/.local/lib/python3.6/site-packages/airflow/example_dags/example_trigger_target_dag.py for tasks to queue
[2021-03-16 11:50:05,034] {logging_mixin.py:104} INFO - [2021-03-16 11:50:05,033] {dagbag.py:448} INFO - Filling up the DagBag from /home/airflow/.local/lib/python3.6/site-packages/airflow/example_dags/example_trigger_target_dag.py
[2021-03-16 11:50:05,051] {scheduler_job.py:639} INFO - DAG(s) dict_keys(['example_trigger_target_dag']) retrieved from /home/airflow/.local/lib/python3.6/site-packages/airflow/example_dags/example_trigger_target_dag.py
[2021-03-16 11:50:05,081] {logging_mixin.py:104} INFO - [2021-03-16 11:50:05,080] {dag.py:1818} INFO - Sync 1 DAGs
[2021-03-16 11:50:05,099] {logging_mixin.py:104} INFO - [2021-03-16 11:50:05,099] {dag.py:2273} INFO - Setting next_dagrun for example_trigger_target_dag to None
[2021-03-16 11:50:05,109] {scheduler_job.py:190} INFO - Processing /home/airflow/.local/lib/python3.6/site-packages/airflow/example_dags/example_trigger_target_dag.py took 0.085 seconds
[2021-03-16 11:50:35,559] {scheduler_job.py:182} INFO - Started process (PID=165) to work on /home/airflow/.local/lib/python3.6/site-packages/airflow/example_dags/example_trigger_target_dag.py
[2021-03-16 11:50:35,562] {scheduler_job.py:629} INFO - Processing file /home/airflow/.local/lib/python3.6/site-packages/airflow/example_dags/example_trigger_target_dag.py for tasks to queue
[2021-03-16 11:50:35,564] {logging_mixin.py:104} INFO - [2021-03-16 11:50:35,564] {dagbag.py:448} INFO - Filling up the DagBag from /home/airflow/.local/lib/python3.6/site-packages/airflow/example_dags/example_trigger_target_dag.py
[2021-03-16 11:50:35,578] {scheduler_job.py:639} INFO - DAG(s) dict_keys(['example_trigger_target_dag']) retrieved from /home/airflow/.local/lib/python3.6/site-packages/airflow/example_dags/example_trigger_target_dag.py
[2021-03-16 11:50:35,604] {logging_mixin.py:104} INFO - [2021-03-16 11:50:35,604] {dag.py:1818} INFO - Sync 1 DAGs
[2021-03-16 11:50:35,622] {logging_mixin.py:104} INFO - [2021-03-16 11:50:35,622] {dag.py:2273} INFO - Setting next_dagrun for example_trigger_target_dag to None
[2021-03-16 11:50:35,634] {scheduler_job.py:190} INFO - Processing /home/airflow/.local/lib/python3.6/site-packages/airflow/example_dags/example_trigger_target_dag.py took 0.079 seconds
[2021-03-16 11:51:06,179] {scheduler_job.py:182} INFO - Started process (PID=192) to work on /home/airflow/.local/lib/python3.6/site-packages/airflow/example_dags/example_trigger_target_dag.py
[2021-03-16 11:51:06,182] {scheduler_job.py:629} INFO - Processing file /home/airflow/.local/lib/python3.6/site-packages/airflow/example_dags/example_trigger_target_dag.py for tasks to queue
[2021-03-16 11:51:06,185] {logging_mixin.py:104} INFO - [2021-03-16 11:51:06,185] {dagbag.py:448} INFO - Filling up the DagBag from /home/airflow/.local/lib/python3.6/site-packages/airflow/example_dags/example_trigger_target_dag.py
[2021-03-16 11:51:06,215] {scheduler_job.py:639} INFO - DAG(s) dict_keys(['example_trigger_target_dag']) retrieved from /home/airflow/.local/lib/python3.6/site-packages/airflow/example_dags/example_trigger_target_dag.py
[2021-03-16 11:51:06,258] {logging_mixin.py:104} INFO - [2021-03-16 11:51:06,258] {dag.py:1818} INFO - Sync 1 DAGs
[2021-03-16 11:51:06,283] {logging_mixin.py:104} INFO - [2021-03-16 11:51:06,283] {dag.py:2273} INFO - Setting next_dagrun for example_trigger_target_dag to None
[2021-03-16 11:51:06,298] {scheduler_job.py:190} INFO - Processing /home/airflow/.local/lib/python3.6/site-packages/airflow/example_dags/example_trigger_target_dag.py took 0.125 seconds
[2021-03-16 11:55:45,206] {scheduler_job.py:182} INFO - Started process (PID=49) to work on /home/airflow/.local/lib/python3.6/site-packages/airflow/example_dags/example_trigger_target_dag.py
[2021-03-16 11:55:45,211] {scheduler_job.py:629} INFO - Processing file /home/airflow/.local/lib/python3.6/site-packages/airflow/example_dags/example_trigger_target_dag.py for tasks to queue
[2021-03-16 11:55:45,214] {logging_mixin.py:104} INFO - [2021-03-16 11:55:45,213] {dagbag.py:448} INFO - Filling up the DagBag from /home/airflow/.local/lib/python3.6/site-packages/airflow/example_dags/example_trigger_target_dag.py
[2021-03-16 11:55:45,300] {scheduler_job.py:639} INFO - DAG(s) dict_keys(['example_trigger_target_dag']) retrieved from /home/airflow/.local/lib/python3.6/site-packages/airflow/example_dags/example_trigger_target_dag.py
[2021-03-16 11:55:45,386] {logging_mixin.py:104} INFO - [2021-03-16 11:55:45,386] {dag.py:1818} INFO - Sync 1 DAGs
[2021-03-16 11:55:45,428] {logging_mixin.py:104} INFO - [2021-03-16 11:55:45,428] {dag.py:2273} INFO - Setting next_dagrun for example_trigger_target_dag to None
[2021-03-16 11:55:45,452] {scheduler_job.py:190} INFO - Processing /home/airflow/.local/lib/python3.6/site-packages/airflow/example_dags/example_trigger_target_dag.py took 0.261 seconds
[2021-03-16 13:40:14,032] {scheduler_job.py:182} INFO - Started process (PID=27) to work on /home/airflow/.local/lib/python3.6/site-packages/airflow/example_dags/example_trigger_target_dag.py
[2021-03-16 13:40:14,039] {scheduler_job.py:629} INFO - Processing file /home/airflow/.local/lib/python3.6/site-packages/airflow/example_dags/example_trigger_target_dag.py for tasks to queue
[2021-03-16 13:40:14,043] {logging_mixin.py:104} INFO - [2021-03-16 13:40:14,043] {dagbag.py:448} INFO - Filling up the DagBag from /home/airflow/.local/lib/python3.6/site-packages/airflow/example_dags/example_trigger_target_dag.py
[2021-03-16 13:40:14,077] {scheduler_job.py:639} INFO - DAG(s) dict_keys(['example_trigger_target_dag']) retrieved from /home/airflow/.local/lib/python3.6/site-packages/airflow/example_dags/example_trigger_target_dag.py
[2021-03-16 13:40:14,108] {logging_mixin.py:104} INFO - [2021-03-16 13:40:14,108] {dag.py:1818} INFO - Sync 1 DAGs
[2021-03-16 13:40:14,132] {logging_mixin.py:104} INFO - [2021-03-16 13:40:14,132] {dag.py:2273} INFO - Setting next_dagrun for example_trigger_target_dag to None
[2021-03-16 13:40:14,145] {scheduler_job.py:190} INFO - Processing /home/airflow/.local/lib/python3.6/site-packages/airflow/example_dags/example_trigger_target_dag.py took 0.128 seconds
[2021-03-16 13:40:44,709] {scheduler_job.py:182} INFO - Started process (PID=54) to work on /home/airflow/.local/lib/python3.6/site-packages/airflow/example_dags/example_trigger_target_dag.py
[2021-03-16 13:40:44,710] {scheduler_job.py:629} INFO - Processing file /home/airflow/.local/lib/python3.6/site-packages/airflow/example_dags/example_trigger_target_dag.py for tasks to queue
[2021-03-16 13:40:44,712] {logging_mixin.py:104} INFO - [2021-03-16 13:40:44,712] {dagbag.py:448} INFO - Filling up the DagBag from /home/airflow/.local/lib/python3.6/site-packages/airflow/example_dags/example_trigger_target_dag.py
[2021-03-16 13:40:44,732] {scheduler_job.py:639} INFO - DAG(s) dict_keys(['example_trigger_target_dag']) retrieved from /home/airflow/.local/lib/python3.6/site-packages/airflow/example_dags/example_trigger_target_dag.py
[2021-03-16 13:40:44,760] {logging_mixin.py:104} INFO - [2021-03-16 13:40:44,759] {dag.py:1818} INFO - Sync 1 DAGs
[2021-03-16 13:40:44,780] {logging_mixin.py:104} INFO - [2021-03-16 13:40:44,780] {dag.py:2273} INFO - Setting next_dagrun for example_trigger_target_dag to None
[2021-03-16 13:40:44,792] {scheduler_job.py:190} INFO - Processing /home/airflow/.local/lib/python3.6/site-packages/airflow/example_dags/example_trigger_target_dag.py took 0.087 seconds
[2021-03-16 13:41:15,237] {scheduler_job.py:182} INFO - Started process (PID=81) to work on /home/airflow/.local/lib/python3.6/site-packages/airflow/example_dags/example_trigger_target_dag.py
[2021-03-16 13:41:15,239] {scheduler_job.py:629} INFO - Processing file /home/airflow/.local/lib/python3.6/site-packages/airflow/example_dags/example_trigger_target_dag.py for tasks to queue
[2021-03-16 13:41:15,241] {logging_mixin.py:104} INFO - [2021-03-16 13:41:15,241] {dagbag.py:448} INFO - Filling up the DagBag from /home/airflow/.local/lib/python3.6/site-packages/airflow/example_dags/example_trigger_target_dag.py
[2021-03-16 13:41:15,256] {scheduler_job.py:639} INFO - DAG(s) dict_keys(['example_trigger_target_dag']) retrieved from /home/airflow/.local/lib/python3.6/site-packages/airflow/example_dags/example_trigger_target_dag.py
[2021-03-16 13:41:15,280] {logging_mixin.py:104} INFO - [2021-03-16 13:41:15,280] {dag.py:1818} INFO - Sync 1 DAGs
[2021-03-16 13:41:15,299] {logging_mixin.py:104} INFO - [2021-03-16 13:41:15,299] {dag.py:2273} INFO - Setting next_dagrun for example_trigger_target_dag to None
[2021-03-16 13:41:15,310] {scheduler_job.py:190} INFO - Processing /home/airflow/.local/lib/python3.6/site-packages/airflow/example_dags/example_trigger_target_dag.py took 0.076 seconds
[2021-03-16 13:41:45,701] {scheduler_job.py:182} INFO - Started process (PID=108) to work on /home/airflow/.local/lib/python3.6/site-packages/airflow/example_dags/example_trigger_target_dag.py
[2021-03-16 13:41:45,703] {scheduler_job.py:629} INFO - Processing file /home/airflow/.local/lib/python3.6/site-packages/airflow/example_dags/example_trigger_target_dag.py for tasks to queue
[2021-03-16 13:41:45,704] {logging_mixin.py:104} INFO - [2021-03-16 13:41:45,704] {dagbag.py:448} INFO - Filling up the DagBag from /home/airflow/.local/lib/python3.6/site-packages/airflow/example_dags/example_trigger_target_dag.py
[2021-03-16 13:41:45,721] {scheduler_job.py:639} INFO - DAG(s) dict_keys(['example_trigger_target_dag']) retrieved from /home/airflow/.local/lib/python3.6/site-packages/airflow/example_dags/example_trigger_target_dag.py
[2021-03-16 13:41:45,746] {logging_mixin.py:104} INFO - [2021-03-16 13:41:45,745] {dag.py:1818} INFO - Sync 1 DAGs
[2021-03-16 13:41:45,774] {logging_mixin.py:104} INFO - [2021-03-16 13:41:45,774] {dag.py:2273} INFO - Setting next_dagrun for example_trigger_target_dag to None
[2021-03-16 13:41:45,786] {scheduler_job.py:190} INFO - Processing /home/airflow/.local/lib/python3.6/site-packages/airflow/example_dags/example_trigger_target_dag.py took 0.089 seconds
[2021-03-16 13:42:55,580] {scheduler_job.py:182} INFO - Started process (PID=29) to work on /home/airflow/.local/lib/python3.6/site-packages/airflow/example_dags/example_trigger_target_dag.py
[2021-03-16 13:42:55,592] {scheduler_job.py:629} INFO - Processing file /home/airflow/.local/lib/python3.6/site-packages/airflow/example_dags/example_trigger_target_dag.py for tasks to queue
[2021-03-16 13:42:55,596] {logging_mixin.py:104} INFO - [2021-03-16 13:42:55,596] {dagbag.py:448} INFO - Filling up the DagBag from /home/airflow/.local/lib/python3.6/site-packages/airflow/example_dags/example_trigger_target_dag.py
[2021-03-16 13:42:55,633] {scheduler_job.py:639} INFO - DAG(s) dict_keys(['example_trigger_target_dag']) retrieved from /home/airflow/.local/lib/python3.6/site-packages/airflow/example_dags/example_trigger_target_dag.py
[2021-03-16 13:42:55,690] {logging_mixin.py:104} INFO - [2021-03-16 13:42:55,690] {dag.py:1818} INFO - Sync 1 DAGs
[2021-03-16 13:42:55,738] {logging_mixin.py:104} INFO - [2021-03-16 13:42:55,738] {dag.py:2273} INFO - Setting next_dagrun for example_trigger_target_dag to None
[2021-03-16 13:42:55,765] {scheduler_job.py:190} INFO - Processing /home/airflow/.local/lib/python3.6/site-packages/airflow/example_dags/example_trigger_target_dag.py took 0.190 seconds
[2021-03-16 13:43:25,976] {scheduler_job.py:182} INFO - Started process (PID=53) to work on /home/airflow/.local/lib/python3.6/site-packages/airflow/example_dags/example_trigger_target_dag.py
[2021-03-16 13:43:25,977] {scheduler_job.py:629} INFO - Processing file /home/airflow/.local/lib/python3.6/site-packages/airflow/example_dags/example_trigger_target_dag.py for tasks to queue
[2021-03-16 13:43:25,978] {logging_mixin.py:104} INFO - [2021-03-16 13:43:25,978] {dagbag.py:448} INFO - Filling up the DagBag from /home/airflow/.local/lib/python3.6/site-packages/airflow/example_dags/example_trigger_target_dag.py
[2021-03-16 13:43:25,990] {scheduler_job.py:639} INFO - DAG(s) dict_keys(['example_trigger_target_dag']) retrieved from /home/airflow/.local/lib/python3.6/site-packages/airflow/example_dags/example_trigger_target_dag.py
[2021-03-16 13:43:26,016] {logging_mixin.py:104} INFO - [2021-03-16 13:43:26,016] {dag.py:1818} INFO - Sync 1 DAGs
[2021-03-16 13:43:26,046] {logging_mixin.py:104} INFO - [2021-03-16 13:43:26,046] {dag.py:2273} INFO - Setting next_dagrun for example_trigger_target_dag to None
[2021-03-16 13:43:26,056] {scheduler_job.py:190} INFO - Processing /home/airflow/.local/lib/python3.6/site-packages/airflow/example_dags/example_trigger_target_dag.py took 0.086 seconds
[2021-03-16 13:44:48,005] {scheduler_job.py:182} INFO - Started process (PID=43) to work on /home/airflow/.local/lib/python3.6/site-packages/airflow/example_dags/example_trigger_target_dag.py
[2021-03-16 13:44:48,018] {scheduler_job.py:629} INFO - Processing file /home/airflow/.local/lib/python3.6/site-packages/airflow/example_dags/example_trigger_target_dag.py for tasks to queue
[2021-03-16 13:44:48,022] {logging_mixin.py:104} INFO - [2021-03-16 13:44:48,022] {dagbag.py:448} INFO - Filling up the DagBag from /home/airflow/.local/lib/python3.6/site-packages/airflow/example_dags/example_trigger_target_dag.py
[2021-03-16 13:44:48,064] {scheduler_job.py:639} INFO - DAG(s) dict_keys(['example_trigger_target_dag']) retrieved from /home/airflow/.local/lib/python3.6/site-packages/airflow/example_dags/example_trigger_target_dag.py
[2021-03-16 13:44:48,112] {logging_mixin.py:104} INFO - [2021-03-16 13:44:48,112] {dag.py:1818} INFO - Sync 1 DAGs
[2021-03-16 13:44:48,167] {logging_mixin.py:104} INFO - [2021-03-16 13:44:48,167] {dag.py:2273} INFO - Setting next_dagrun for example_trigger_target_dag to None
[2021-03-16 13:44:48,191] {scheduler_job.py:190} INFO - Processing /home/airflow/.local/lib/python3.6/site-packages/airflow/example_dags/example_trigger_target_dag.py took 0.193 seconds
[2021-03-16 13:45:18,386] {scheduler_job.py:182} INFO - Started process (PID=67) to work on /home/airflow/.local/lib/python3.6/site-packages/airflow/example_dags/example_trigger_target_dag.py
[2021-03-16 13:45:18,389] {scheduler_job.py:629} INFO - Processing file /home/airflow/.local/lib/python3.6/site-packages/airflow/example_dags/example_trigger_target_dag.py for tasks to queue
[2021-03-16 13:45:18,390] {logging_mixin.py:104} INFO - [2021-03-16 13:45:18,390] {dagbag.py:448} INFO - Filling up the DagBag from /home/airflow/.local/lib/python3.6/site-packages/airflow/example_dags/example_trigger_target_dag.py
[2021-03-16 13:45:18,404] {scheduler_job.py:639} INFO - DAG(s) dict_keys(['example_trigger_target_dag']) retrieved from /home/airflow/.local/lib/python3.6/site-packages/airflow/example_dags/example_trigger_target_dag.py
[2021-03-16 13:45:18,428] {logging_mixin.py:104} INFO - [2021-03-16 13:45:18,428] {dag.py:1818} INFO - Sync 1 DAGs
[2021-03-16 13:45:18,449] {logging_mixin.py:104} INFO - [2021-03-16 13:45:18,449] {dag.py:2273} INFO - Setting next_dagrun for example_trigger_target_dag to None
[2021-03-16 13:45:18,459] {scheduler_job.py:190} INFO - Processing /home/airflow/.local/lib/python3.6/site-packages/airflow/example_dags/example_trigger_target_dag.py took 0.077 seconds
[2021-03-16 13:45:49,092] {scheduler_job.py:182} INFO - Started process (PID=95) to work on /home/airflow/.local/lib/python3.6/site-packages/airflow/example_dags/example_trigger_target_dag.py
[2021-03-16 13:45:49,095] {scheduler_job.py:629} INFO - Processing file /home/airflow/.local/lib/python3.6/site-packages/airflow/example_dags/example_trigger_target_dag.py for tasks to queue
[2021-03-16 13:45:49,096] {logging_mixin.py:104} INFO - [2021-03-16 13:45:49,096] {dagbag.py:448} INFO - Filling up the DagBag from /home/airflow/.local/lib/python3.6/site-packages/airflow/example_dags/example_trigger_target_dag.py
[2021-03-16 13:45:49,113] {scheduler_job.py:639} INFO - DAG(s) dict_keys(['example_trigger_target_dag']) retrieved from /home/airflow/.local/lib/python3.6/site-packages/airflow/example_dags/example_trigger_target_dag.py
[2021-03-16 13:45:49,142] {logging_mixin.py:104} INFO - [2021-03-16 13:45:49,142] {dag.py:1818} INFO - Sync 1 DAGs
[2021-03-16 13:45:49,168] {logging_mixin.py:104} INFO - [2021-03-16 13:45:49,168] {dag.py:2273} INFO - Setting next_dagrun for example_trigger_target_dag to None
[2021-03-16 13:45:49,181] {scheduler_job.py:190} INFO - Processing /home/airflow/.local/lib/python3.6/site-packages/airflow/example_dags/example_trigger_target_dag.py took 0.094 seconds
[2021-03-16 13:46:20,067] {scheduler_job.py:182} INFO - Started process (PID=122) to work on /home/airflow/.local/lib/python3.6/site-packages/airflow/example_dags/example_trigger_target_dag.py
[2021-03-16 13:46:20,069] {scheduler_job.py:629} INFO - Processing file /home/airflow/.local/lib/python3.6/site-packages/airflow/example_dags/example_trigger_target_dag.py for tasks to queue
[2021-03-16 13:46:20,071] {logging_mixin.py:104} INFO - [2021-03-16 13:46:20,071] {dagbag.py:448} INFO - Filling up the DagBag from /home/airflow/.local/lib/python3.6/site-packages/airflow/example_dags/example_trigger_target_dag.py
[2021-03-16 13:46:20,088] {scheduler_job.py:639} INFO - DAG(s) dict_keys(['example_trigger_target_dag']) retrieved from /home/airflow/.local/lib/python3.6/site-packages/airflow/example_dags/example_trigger_target_dag.py
[2021-03-16 13:46:20,117] {logging_mixin.py:104} INFO - [2021-03-16 13:46:20,116] {dag.py:1818} INFO - Sync 1 DAGs
[2021-03-16 13:46:20,141] {logging_mixin.py:104} INFO - [2021-03-16 13:46:20,141] {dag.py:2273} INFO - Setting next_dagrun for example_trigger_target_dag to None
[2021-03-16 13:46:20,153] {scheduler_job.py:190} INFO - Processing /home/airflow/.local/lib/python3.6/site-packages/airflow/example_dags/example_trigger_target_dag.py took 0.094 seconds
[2021-03-16 13:46:50,931] {scheduler_job.py:182} INFO - Started process (PID=149) to work on /home/airflow/.local/lib/python3.6/site-packages/airflow/example_dags/example_trigger_target_dag.py
[2021-03-16 13:46:50,934] {scheduler_job.py:629} INFO - Processing file /home/airflow/.local/lib/python3.6/site-packages/airflow/example_dags/example_trigger_target_dag.py for tasks to queue
[2021-03-16 13:46:50,935] {logging_mixin.py:104} INFO - [2021-03-16 13:46:50,935] {dagbag.py:448} INFO - Filling up the DagBag from /home/airflow/.local/lib/python3.6/site-packages/airflow/example_dags/example_trigger_target_dag.py
[2021-03-16 13:46:50,952] {scheduler_job.py:639} INFO - DAG(s) dict_keys(['example_trigger_target_dag']) retrieved from /home/airflow/.local/lib/python3.6/site-packages/airflow/example_dags/example_trigger_target_dag.py
[2021-03-16 13:46:50,983] {logging_mixin.py:104} INFO - [2021-03-16 13:46:50,983] {dag.py:1818} INFO - Sync 1 DAGs
[2021-03-16 13:46:51,001] {logging_mixin.py:104} INFO - [2021-03-16 13:46:51,001] {dag.py:2273} INFO - Setting next_dagrun for example_trigger_target_dag to None
[2021-03-16 13:46:51,012] {scheduler_job.py:190} INFO - Processing /home/airflow/.local/lib/python3.6/site-packages/airflow/example_dags/example_trigger_target_dag.py took 0.085 seconds
