[2021-03-16 11:44:39,202] {scheduler_job.py:182} INFO - Started process (PID=44) to work on /home/airflow/.local/lib/python3.6/site-packages/airflow/example_dags/example_short_circuit_operator.py
[2021-03-16 11:44:39,205] {scheduler_job.py:629} INFO - Processing file /home/airflow/.local/lib/python3.6/site-packages/airflow/example_dags/example_short_circuit_operator.py for tasks to queue
[2021-03-16 11:44:39,208] {logging_mixin.py:104} INFO - [2021-03-16 11:44:39,208] {dagbag.py:448} INFO - Filling up the DagBag from /home/airflow/.local/lib/python3.6/site-packages/airflow/example_dags/example_short_circuit_operator.py
[2021-03-16 11:44:39,236] {scheduler_job.py:639} INFO - DAG(s) dict_keys(['example_short_circuit_operator']) retrieved from /home/airflow/.local/lib/python3.6/site-packages/airflow/example_dags/example_short_circuit_operator.py
[2021-03-16 11:44:39,318] {logging_mixin.py:104} INFO - [2021-03-16 11:44:39,318] {dag.py:1818} INFO - Sync 1 DAGs
[2021-03-16 11:44:39,360] {logging_mixin.py:104} INFO - [2021-03-16 11:44:39,360] {dag.py:2273} INFO - Setting next_dagrun for example_short_circuit_operator to 2021-03-14 00:00:00+00:00
[2021-03-16 11:44:39,385] {scheduler_job.py:190} INFO - Processing /home/airflow/.local/lib/python3.6/site-packages/airflow/example_dags/example_short_circuit_operator.py took 0.194 seconds
[2021-03-16 11:46:16,024] {scheduler_job.py:182} INFO - Started process (PID=49) to work on /home/airflow/.local/lib/python3.6/site-packages/airflow/example_dags/example_short_circuit_operator.py
[2021-03-16 11:46:16,033] {scheduler_job.py:629} INFO - Processing file /home/airflow/.local/lib/python3.6/site-packages/airflow/example_dags/example_short_circuit_operator.py for tasks to queue
[2021-03-16 11:46:16,036] {logging_mixin.py:104} INFO - [2021-03-16 11:46:16,036] {dagbag.py:448} INFO - Filling up the DagBag from /home/airflow/.local/lib/python3.6/site-packages/airflow/example_dags/example_short_circuit_operator.py
[2021-03-16 11:46:16,076] {scheduler_job.py:639} INFO - DAG(s) dict_keys(['example_short_circuit_operator']) retrieved from /home/airflow/.local/lib/python3.6/site-packages/airflow/example_dags/example_short_circuit_operator.py
[2021-03-16 11:46:16,142] {logging_mixin.py:104} INFO - [2021-03-16 11:46:16,142] {dag.py:1818} INFO - Sync 1 DAGs
[2021-03-16 11:46:16,190] {logging_mixin.py:104} INFO - [2021-03-16 11:46:16,190] {dag.py:2273} INFO - Setting next_dagrun for example_short_circuit_operator to 2021-03-14 00:00:00+00:00
[2021-03-16 11:46:16,216] {scheduler_job.py:190} INFO - Processing /home/airflow/.local/lib/python3.6/site-packages/airflow/example_dags/example_short_circuit_operator.py took 0.200 seconds
[2021-03-16 11:48:02,863] {scheduler_job.py:182} INFO - Started process (PID=32) to work on /home/airflow/.local/lib/python3.6/site-packages/airflow/example_dags/example_short_circuit_operator.py
[2021-03-16 11:48:02,867] {scheduler_job.py:629} INFO - Processing file /home/airflow/.local/lib/python3.6/site-packages/airflow/example_dags/example_short_circuit_operator.py for tasks to queue
[2021-03-16 11:48:02,869] {logging_mixin.py:104} INFO - [2021-03-16 11:48:02,868] {dagbag.py:448} INFO - Filling up the DagBag from /home/airflow/.local/lib/python3.6/site-packages/airflow/example_dags/example_short_circuit_operator.py
[2021-03-16 11:48:02,887] {scheduler_job.py:639} INFO - DAG(s) dict_keys(['example_short_circuit_operator']) retrieved from /home/airflow/.local/lib/python3.6/site-packages/airflow/example_dags/example_short_circuit_operator.py
[2021-03-16 11:48:02,934] {logging_mixin.py:104} INFO - [2021-03-16 11:48:02,934] {dag.py:1818} INFO - Sync 1 DAGs
[2021-03-16 11:48:02,971] {logging_mixin.py:104} INFO - [2021-03-16 11:48:02,971] {dag.py:2273} INFO - Setting next_dagrun for example_short_circuit_operator to 2021-03-14 00:00:00+00:00
[2021-03-16 11:48:02,991] {scheduler_job.py:190} INFO - Processing /home/airflow/.local/lib/python3.6/site-packages/airflow/example_dags/example_short_circuit_operator.py took 0.135 seconds
[2021-03-16 11:48:33,072] {scheduler_job.py:182} INFO - Started process (PID=58) to work on /home/airflow/.local/lib/python3.6/site-packages/airflow/example_dags/example_short_circuit_operator.py
[2021-03-16 11:48:33,074] {scheduler_job.py:629} INFO - Processing file /home/airflow/.local/lib/python3.6/site-packages/airflow/example_dags/example_short_circuit_operator.py for tasks to queue
[2021-03-16 11:48:33,077] {logging_mixin.py:104} INFO - [2021-03-16 11:48:33,077] {dagbag.py:448} INFO - Filling up the DagBag from /home/airflow/.local/lib/python3.6/site-packages/airflow/example_dags/example_short_circuit_operator.py
[2021-03-16 11:48:33,093] {scheduler_job.py:639} INFO - DAG(s) dict_keys(['example_short_circuit_operator']) retrieved from /home/airflow/.local/lib/python3.6/site-packages/airflow/example_dags/example_short_circuit_operator.py
[2021-03-16 11:48:33,125] {logging_mixin.py:104} INFO - [2021-03-16 11:48:33,125] {dag.py:1818} INFO - Sync 1 DAGs
[2021-03-16 11:48:33,151] {logging_mixin.py:104} INFO - [2021-03-16 11:48:33,151] {dag.py:2273} INFO - Setting next_dagrun for example_short_circuit_operator to 2021-03-14 00:00:00+00:00
[2021-03-16 11:48:33,169] {scheduler_job.py:190} INFO - Processing /home/airflow/.local/lib/python3.6/site-packages/airflow/example_dags/example_short_circuit_operator.py took 0.101 seconds
[2021-03-16 11:49:03,636] {scheduler_job.py:182} INFO - Started process (PID=85) to work on /home/airflow/.local/lib/python3.6/site-packages/airflow/example_dags/example_short_circuit_operator.py
[2021-03-16 11:49:03,639] {scheduler_job.py:629} INFO - Processing file /home/airflow/.local/lib/python3.6/site-packages/airflow/example_dags/example_short_circuit_operator.py for tasks to queue
[2021-03-16 11:49:03,641] {logging_mixin.py:104} INFO - [2021-03-16 11:49:03,641] {dagbag.py:448} INFO - Filling up the DagBag from /home/airflow/.local/lib/python3.6/site-packages/airflow/example_dags/example_short_circuit_operator.py
[2021-03-16 11:49:03,664] {scheduler_job.py:639} INFO - DAG(s) dict_keys(['example_short_circuit_operator']) retrieved from /home/airflow/.local/lib/python3.6/site-packages/airflow/example_dags/example_short_circuit_operator.py
[2021-03-16 11:49:03,694] {logging_mixin.py:104} INFO - [2021-03-16 11:49:03,694] {dag.py:1818} INFO - Sync 1 DAGs
[2021-03-16 11:49:03,714] {logging_mixin.py:104} INFO - [2021-03-16 11:49:03,714] {dag.py:2273} INFO - Setting next_dagrun for example_short_circuit_operator to 2021-03-14 00:00:00+00:00
[2021-03-16 11:49:03,725] {scheduler_job.py:190} INFO - Processing /home/airflow/.local/lib/python3.6/site-packages/airflow/example_dags/example_short_circuit_operator.py took 0.095 seconds
[2021-03-16 11:49:34,429] {scheduler_job.py:182} INFO - Started process (PID=113) to work on /home/airflow/.local/lib/python3.6/site-packages/airflow/example_dags/example_short_circuit_operator.py
[2021-03-16 11:49:34,433] {scheduler_job.py:629} INFO - Processing file /home/airflow/.local/lib/python3.6/site-packages/airflow/example_dags/example_short_circuit_operator.py for tasks to queue
[2021-03-16 11:49:34,436] {logging_mixin.py:104} INFO - [2021-03-16 11:49:34,436] {dagbag.py:448} INFO - Filling up the DagBag from /home/airflow/.local/lib/python3.6/site-packages/airflow/example_dags/example_short_circuit_operator.py
[2021-03-16 11:49:34,465] {scheduler_job.py:639} INFO - DAG(s) dict_keys(['example_short_circuit_operator']) retrieved from /home/airflow/.local/lib/python3.6/site-packages/airflow/example_dags/example_short_circuit_operator.py
[2021-03-16 11:49:34,499] {logging_mixin.py:104} INFO - [2021-03-16 11:49:34,499] {dag.py:1818} INFO - Sync 1 DAGs
[2021-03-16 11:49:34,518] {logging_mixin.py:104} INFO - [2021-03-16 11:49:34,518] {dag.py:2273} INFO - Setting next_dagrun for example_short_circuit_operator to 2021-03-14 00:00:00+00:00
[2021-03-16 11:49:34,532] {scheduler_job.py:190} INFO - Processing /home/airflow/.local/lib/python3.6/site-packages/airflow/example_dags/example_short_circuit_operator.py took 0.112 seconds
[2021-03-16 11:50:05,164] {scheduler_job.py:182} INFO - Started process (PID=140) to work on /home/airflow/.local/lib/python3.6/site-packages/airflow/example_dags/example_short_circuit_operator.py
[2021-03-16 11:50:05,166] {scheduler_job.py:629} INFO - Processing file /home/airflow/.local/lib/python3.6/site-packages/airflow/example_dags/example_short_circuit_operator.py for tasks to queue
[2021-03-16 11:50:05,167] {logging_mixin.py:104} INFO - [2021-03-16 11:50:05,167] {dagbag.py:448} INFO - Filling up the DagBag from /home/airflow/.local/lib/python3.6/site-packages/airflow/example_dags/example_short_circuit_operator.py
[2021-03-16 11:50:05,184] {scheduler_job.py:639} INFO - DAG(s) dict_keys(['example_short_circuit_operator']) retrieved from /home/airflow/.local/lib/python3.6/site-packages/airflow/example_dags/example_short_circuit_operator.py
[2021-03-16 11:50:05,212] {logging_mixin.py:104} INFO - [2021-03-16 11:50:05,212] {dag.py:1818} INFO - Sync 1 DAGs
[2021-03-16 11:50:05,230] {logging_mixin.py:104} INFO - [2021-03-16 11:50:05,230] {dag.py:2273} INFO - Setting next_dagrun for example_short_circuit_operator to 2021-03-14 00:00:00+00:00
[2021-03-16 11:50:05,243] {scheduler_job.py:190} INFO - Processing /home/airflow/.local/lib/python3.6/site-packages/airflow/example_dags/example_short_circuit_operator.py took 0.084 seconds
[2021-03-16 11:50:35,688] {scheduler_job.py:182} INFO - Started process (PID=167) to work on /home/airflow/.local/lib/python3.6/site-packages/airflow/example_dags/example_short_circuit_operator.py
[2021-03-16 11:50:35,691] {scheduler_job.py:629} INFO - Processing file /home/airflow/.local/lib/python3.6/site-packages/airflow/example_dags/example_short_circuit_operator.py for tasks to queue
[2021-03-16 11:50:35,693] {logging_mixin.py:104} INFO - [2021-03-16 11:50:35,693] {dagbag.py:448} INFO - Filling up the DagBag from /home/airflow/.local/lib/python3.6/site-packages/airflow/example_dags/example_short_circuit_operator.py
[2021-03-16 11:50:35,707] {scheduler_job.py:639} INFO - DAG(s) dict_keys(['example_short_circuit_operator']) retrieved from /home/airflow/.local/lib/python3.6/site-packages/airflow/example_dags/example_short_circuit_operator.py
[2021-03-16 11:50:35,737] {logging_mixin.py:104} INFO - [2021-03-16 11:50:35,737] {dag.py:1818} INFO - Sync 1 DAGs
[2021-03-16 11:50:35,760] {logging_mixin.py:104} INFO - [2021-03-16 11:50:35,759] {dag.py:2273} INFO - Setting next_dagrun for example_short_circuit_operator to 2021-03-14 00:00:00+00:00
[2021-03-16 11:50:35,772] {scheduler_job.py:190} INFO - Processing /home/airflow/.local/lib/python3.6/site-packages/airflow/example_dags/example_short_circuit_operator.py took 0.087 seconds
[2021-03-16 11:51:06,324] {scheduler_job.py:182} INFO - Started process (PID=194) to work on /home/airflow/.local/lib/python3.6/site-packages/airflow/example_dags/example_short_circuit_operator.py
[2021-03-16 11:51:06,326] {scheduler_job.py:629} INFO - Processing file /home/airflow/.local/lib/python3.6/site-packages/airflow/example_dags/example_short_circuit_operator.py for tasks to queue
[2021-03-16 11:51:06,328] {logging_mixin.py:104} INFO - [2021-03-16 11:51:06,328] {dagbag.py:448} INFO - Filling up the DagBag from /home/airflow/.local/lib/python3.6/site-packages/airflow/example_dags/example_short_circuit_operator.py
[2021-03-16 11:51:06,343] {scheduler_job.py:639} INFO - DAG(s) dict_keys(['example_short_circuit_operator']) retrieved from /home/airflow/.local/lib/python3.6/site-packages/airflow/example_dags/example_short_circuit_operator.py
[2021-03-16 11:51:06,373] {logging_mixin.py:104} INFO - [2021-03-16 11:51:06,373] {dag.py:1818} INFO - Sync 1 DAGs
[2021-03-16 11:51:06,392] {logging_mixin.py:104} INFO - [2021-03-16 11:51:06,392] {dag.py:2273} INFO - Setting next_dagrun for example_short_circuit_operator to 2021-03-14 00:00:00+00:00
[2021-03-16 11:51:06,403] {scheduler_job.py:190} INFO - Processing /home/airflow/.local/lib/python3.6/site-packages/airflow/example_dags/example_short_circuit_operator.py took 0.082 seconds
[2021-03-16 11:55:40,955] {scheduler_job.py:182} INFO - Started process (PID=26) to work on /home/airflow/.local/lib/python3.6/site-packages/airflow/example_dags/example_short_circuit_operator.py
[2021-03-16 11:55:40,962] {scheduler_job.py:629} INFO - Processing file /home/airflow/.local/lib/python3.6/site-packages/airflow/example_dags/example_short_circuit_operator.py for tasks to queue
[2021-03-16 11:55:40,966] {logging_mixin.py:104} INFO - [2021-03-16 11:55:40,964] {dagbag.py:448} INFO - Filling up the DagBag from /home/airflow/.local/lib/python3.6/site-packages/airflow/example_dags/example_short_circuit_operator.py
[2021-03-16 11:55:40,999] {scheduler_job.py:639} INFO - DAG(s) dict_keys(['example_short_circuit_operator']) retrieved from /home/airflow/.local/lib/python3.6/site-packages/airflow/example_dags/example_short_circuit_operator.py
[2021-03-16 11:55:41,121] {logging_mixin.py:104} INFO - [2021-03-16 11:55:41,121] {dag.py:1818} INFO - Sync 1 DAGs
[2021-03-16 11:55:41,169] {logging_mixin.py:104} INFO - [2021-03-16 11:55:41,169] {dag.py:2273} INFO - Setting next_dagrun for example_short_circuit_operator to 2021-03-14 00:00:00+00:00
[2021-03-16 11:55:41,188] {scheduler_job.py:190} INFO - Processing /home/airflow/.local/lib/python3.6/site-packages/airflow/example_dags/example_short_circuit_operator.py took 0.238 seconds
[2021-03-16 13:40:16,313] {scheduler_job.py:182} INFO - Started process (PID=44) to work on /home/airflow/.local/lib/python3.6/site-packages/airflow/example_dags/example_short_circuit_operator.py
[2021-03-16 13:40:16,318] {scheduler_job.py:629} INFO - Processing file /home/airflow/.local/lib/python3.6/site-packages/airflow/example_dags/example_short_circuit_operator.py for tasks to queue
[2021-03-16 13:40:16,322] {logging_mixin.py:104} INFO - [2021-03-16 13:40:16,322] {dagbag.py:448} INFO - Filling up the DagBag from /home/airflow/.local/lib/python3.6/site-packages/airflow/example_dags/example_short_circuit_operator.py
[2021-03-16 13:40:16,372] {scheduler_job.py:639} INFO - DAG(s) dict_keys(['example_short_circuit_operator']) retrieved from /home/airflow/.local/lib/python3.6/site-packages/airflow/example_dags/example_short_circuit_operator.py
[2021-03-16 13:40:16,448] {logging_mixin.py:104} INFO - [2021-03-16 13:40:16,448] {dag.py:1818} INFO - Sync 1 DAGs
[2021-03-16 13:40:16,485] {logging_mixin.py:104} INFO - [2021-03-16 13:40:16,485] {dag.py:2273} INFO - Setting next_dagrun for example_short_circuit_operator to 2021-03-14 00:00:00+00:00
[2021-03-16 13:40:16,523] {scheduler_job.py:190} INFO - Processing /home/airflow/.local/lib/python3.6/site-packages/airflow/example_dags/example_short_circuit_operator.py took 0.220 seconds
[2021-03-16 13:40:46,679] {scheduler_job.py:182} INFO - Started process (PID=71) to work on /home/airflow/.local/lib/python3.6/site-packages/airflow/example_dags/example_short_circuit_operator.py
[2021-03-16 13:40:46,682] {scheduler_job.py:629} INFO - Processing file /home/airflow/.local/lib/python3.6/site-packages/airflow/example_dags/example_short_circuit_operator.py for tasks to queue
[2021-03-16 13:40:46,683] {logging_mixin.py:104} INFO - [2021-03-16 13:40:46,683] {dagbag.py:448} INFO - Filling up the DagBag from /home/airflow/.local/lib/python3.6/site-packages/airflow/example_dags/example_short_circuit_operator.py
[2021-03-16 13:40:46,699] {scheduler_job.py:639} INFO - DAG(s) dict_keys(['example_short_circuit_operator']) retrieved from /home/airflow/.local/lib/python3.6/site-packages/airflow/example_dags/example_short_circuit_operator.py
[2021-03-16 13:40:46,724] {logging_mixin.py:104} INFO - [2021-03-16 13:40:46,724] {dag.py:1818} INFO - Sync 1 DAGs
[2021-03-16 13:40:46,743] {logging_mixin.py:104} INFO - [2021-03-16 13:40:46,743] {dag.py:2273} INFO - Setting next_dagrun for example_short_circuit_operator to 2021-03-14 00:00:00+00:00
[2021-03-16 13:40:46,755] {scheduler_job.py:190} INFO - Processing /home/airflow/.local/lib/python3.6/site-packages/airflow/example_dags/example_short_circuit_operator.py took 0.080 seconds
[2021-03-16 13:41:17,128] {scheduler_job.py:182} INFO - Started process (PID=98) to work on /home/airflow/.local/lib/python3.6/site-packages/airflow/example_dags/example_short_circuit_operator.py
[2021-03-16 13:41:17,130] {scheduler_job.py:629} INFO - Processing file /home/airflow/.local/lib/python3.6/site-packages/airflow/example_dags/example_short_circuit_operator.py for tasks to queue
[2021-03-16 13:41:17,132] {logging_mixin.py:104} INFO - [2021-03-16 13:41:17,132] {dagbag.py:448} INFO - Filling up the DagBag from /home/airflow/.local/lib/python3.6/site-packages/airflow/example_dags/example_short_circuit_operator.py
[2021-03-16 13:41:17,151] {scheduler_job.py:639} INFO - DAG(s) dict_keys(['example_short_circuit_operator']) retrieved from /home/airflow/.local/lib/python3.6/site-packages/airflow/example_dags/example_short_circuit_operator.py
[2021-03-16 13:41:17,176] {logging_mixin.py:104} INFO - [2021-03-16 13:41:17,176] {dag.py:1818} INFO - Sync 1 DAGs
[2021-03-16 13:41:17,199] {logging_mixin.py:104} INFO - [2021-03-16 13:41:17,199] {dag.py:2273} INFO - Setting next_dagrun for example_short_circuit_operator to 2021-03-14 00:00:00+00:00
[2021-03-16 13:41:17,209] {scheduler_job.py:190} INFO - Processing /home/airflow/.local/lib/python3.6/site-packages/airflow/example_dags/example_short_circuit_operator.py took 0.086 seconds
[2021-03-16 13:41:47,744] {scheduler_job.py:182} INFO - Started process (PID=125) to work on /home/airflow/.local/lib/python3.6/site-packages/airflow/example_dags/example_short_circuit_operator.py
[2021-03-16 13:41:47,746] {scheduler_job.py:629} INFO - Processing file /home/airflow/.local/lib/python3.6/site-packages/airflow/example_dags/example_short_circuit_operator.py for tasks to queue
[2021-03-16 13:41:47,747] {logging_mixin.py:104} INFO - [2021-03-16 13:41:47,747] {dagbag.py:448} INFO - Filling up the DagBag from /home/airflow/.local/lib/python3.6/site-packages/airflow/example_dags/example_short_circuit_operator.py
[2021-03-16 13:41:47,761] {scheduler_job.py:639} INFO - DAG(s) dict_keys(['example_short_circuit_operator']) retrieved from /home/airflow/.local/lib/python3.6/site-packages/airflow/example_dags/example_short_circuit_operator.py
[2021-03-16 13:41:47,786] {logging_mixin.py:104} INFO - [2021-03-16 13:41:47,786] {dag.py:1818} INFO - Sync 1 DAGs
[2021-03-16 13:41:47,806] {logging_mixin.py:104} INFO - [2021-03-16 13:41:47,806] {dag.py:2273} INFO - Setting next_dagrun for example_short_circuit_operator to 2021-03-14 00:00:00+00:00
[2021-03-16 13:41:47,820] {scheduler_job.py:190} INFO - Processing /home/airflow/.local/lib/python3.6/site-packages/airflow/example_dags/example_short_circuit_operator.py took 0.080 seconds
[2021-03-16 13:42:58,699] {scheduler_job.py:182} INFO - Started process (PID=50) to work on /home/airflow/.local/lib/python3.6/site-packages/airflow/example_dags/example_short_circuit_operator.py
[2021-03-16 13:42:58,704] {scheduler_job.py:629} INFO - Processing file /home/airflow/.local/lib/python3.6/site-packages/airflow/example_dags/example_short_circuit_operator.py for tasks to queue
[2021-03-16 13:42:58,706] {logging_mixin.py:104} INFO - [2021-03-16 13:42:58,706] {dagbag.py:448} INFO - Filling up the DagBag from /home/airflow/.local/lib/python3.6/site-packages/airflow/example_dags/example_short_circuit_operator.py
[2021-03-16 13:42:58,733] {scheduler_job.py:639} INFO - DAG(s) dict_keys(['example_short_circuit_operator']) retrieved from /home/airflow/.local/lib/python3.6/site-packages/airflow/example_dags/example_short_circuit_operator.py
[2021-03-16 13:42:58,795] {logging_mixin.py:104} INFO - [2021-03-16 13:42:58,795] {dag.py:1818} INFO - Sync 1 DAGs
[2021-03-16 13:42:58,833] {logging_mixin.py:104} INFO - [2021-03-16 13:42:58,833] {dag.py:2273} INFO - Setting next_dagrun for example_short_circuit_operator to 2021-03-14 00:00:00+00:00
[2021-03-16 13:42:58,857] {scheduler_job.py:190} INFO - Processing /home/airflow/.local/lib/python3.6/site-packages/airflow/example_dags/example_short_circuit_operator.py took 0.167 seconds
[2021-03-16 13:43:29,030] {scheduler_job.py:182} INFO - Started process (PID=76) to work on /home/airflow/.local/lib/python3.6/site-packages/airflow/example_dags/example_short_circuit_operator.py
[2021-03-16 13:43:29,032] {scheduler_job.py:629} INFO - Processing file /home/airflow/.local/lib/python3.6/site-packages/airflow/example_dags/example_short_circuit_operator.py for tasks to queue
[2021-03-16 13:43:29,033] {logging_mixin.py:104} INFO - [2021-03-16 13:43:29,033] {dagbag.py:448} INFO - Filling up the DagBag from /home/airflow/.local/lib/python3.6/site-packages/airflow/example_dags/example_short_circuit_operator.py
[2021-03-16 13:43:29,047] {scheduler_job.py:639} INFO - DAG(s) dict_keys(['example_short_circuit_operator']) retrieved from /home/airflow/.local/lib/python3.6/site-packages/airflow/example_dags/example_short_circuit_operator.py
[2021-03-16 13:43:29,074] {logging_mixin.py:104} INFO - [2021-03-16 13:43:29,074] {dag.py:1818} INFO - Sync 1 DAGs
[2021-03-16 13:43:29,091] {logging_mixin.py:104} INFO - [2021-03-16 13:43:29,091] {dag.py:2273} INFO - Setting next_dagrun for example_short_circuit_operator to 2021-03-14 00:00:00+00:00
[2021-03-16 13:43:29,101] {scheduler_job.py:190} INFO - Processing /home/airflow/.local/lib/python3.6/site-packages/airflow/example_dags/example_short_circuit_operator.py took 0.075 seconds
[2021-03-16 13:44:45,540] {scheduler_job.py:182} INFO - Started process (PID=28) to work on /home/airflow/.local/lib/python3.6/site-packages/airflow/example_dags/example_short_circuit_operator.py
[2021-03-16 13:44:45,543] {scheduler_job.py:629} INFO - Processing file /home/airflow/.local/lib/python3.6/site-packages/airflow/example_dags/example_short_circuit_operator.py for tasks to queue
[2021-03-16 13:44:45,544] {logging_mixin.py:104} INFO - [2021-03-16 13:44:45,544] {dagbag.py:448} INFO - Filling up the DagBag from /home/airflow/.local/lib/python3.6/site-packages/airflow/example_dags/example_short_circuit_operator.py
[2021-03-16 13:44:45,572] {scheduler_job.py:639} INFO - DAG(s) dict_keys(['example_short_circuit_operator']) retrieved from /home/airflow/.local/lib/python3.6/site-packages/airflow/example_dags/example_short_circuit_operator.py
[2021-03-16 13:44:45,608] {logging_mixin.py:104} INFO - [2021-03-16 13:44:45,608] {dag.py:1818} INFO - Sync 1 DAGs
[2021-03-16 13:44:45,634] {logging_mixin.py:104} INFO - [2021-03-16 13:44:45,634] {dag.py:2273} INFO - Setting next_dagrun for example_short_circuit_operator to 2021-03-14 00:00:00+00:00
[2021-03-16 13:44:45,649] {scheduler_job.py:190} INFO - Processing /home/airflow/.local/lib/python3.6/site-packages/airflow/example_dags/example_short_circuit_operator.py took 0.117 seconds
[2021-03-16 13:45:15,731] {scheduler_job.py:182} INFO - Started process (PID=54) to work on /home/airflow/.local/lib/python3.6/site-packages/airflow/example_dags/example_short_circuit_operator.py
[2021-03-16 13:45:15,733] {scheduler_job.py:629} INFO - Processing file /home/airflow/.local/lib/python3.6/site-packages/airflow/example_dags/example_short_circuit_operator.py for tasks to queue
[2021-03-16 13:45:15,734] {logging_mixin.py:104} INFO - [2021-03-16 13:45:15,734] {dagbag.py:448} INFO - Filling up the DagBag from /home/airflow/.local/lib/python3.6/site-packages/airflow/example_dags/example_short_circuit_operator.py
[2021-03-16 13:45:15,748] {scheduler_job.py:639} INFO - DAG(s) dict_keys(['example_short_circuit_operator']) retrieved from /home/airflow/.local/lib/python3.6/site-packages/airflow/example_dags/example_short_circuit_operator.py
[2021-03-16 13:45:15,773] {logging_mixin.py:104} INFO - [2021-03-16 13:45:15,773] {dag.py:1818} INFO - Sync 1 DAGs
[2021-03-16 13:45:15,790] {logging_mixin.py:104} INFO - [2021-03-16 13:45:15,790] {dag.py:2273} INFO - Setting next_dagrun for example_short_circuit_operator to 2021-03-14 00:00:00+00:00
[2021-03-16 13:45:15,800] {scheduler_job.py:190} INFO - Processing /home/airflow/.local/lib/python3.6/site-packages/airflow/example_dags/example_short_circuit_operator.py took 0.073 seconds
[2021-03-16 13:45:46,322] {scheduler_job.py:182} INFO - Started process (PID=82) to work on /home/airflow/.local/lib/python3.6/site-packages/airflow/example_dags/example_short_circuit_operator.py
[2021-03-16 13:45:46,327] {scheduler_job.py:629} INFO - Processing file /home/airflow/.local/lib/python3.6/site-packages/airflow/example_dags/example_short_circuit_operator.py for tasks to queue
[2021-03-16 13:45:46,330] {logging_mixin.py:104} INFO - [2021-03-16 13:45:46,330] {dagbag.py:448} INFO - Filling up the DagBag from /home/airflow/.local/lib/python3.6/site-packages/airflow/example_dags/example_short_circuit_operator.py
[2021-03-16 13:45:46,351] {scheduler_job.py:639} INFO - DAG(s) dict_keys(['example_short_circuit_operator']) retrieved from /home/airflow/.local/lib/python3.6/site-packages/airflow/example_dags/example_short_circuit_operator.py
[2021-03-16 13:45:46,390] {logging_mixin.py:104} INFO - [2021-03-16 13:45:46,390] {dag.py:1818} INFO - Sync 1 DAGs
[2021-03-16 13:45:46,415] {logging_mixin.py:104} INFO - [2021-03-16 13:45:46,415] {dag.py:2273} INFO - Setting next_dagrun for example_short_circuit_operator to 2021-03-14 00:00:00+00:00
[2021-03-16 13:45:46,437] {scheduler_job.py:190} INFO - Processing /home/airflow/.local/lib/python3.6/site-packages/airflow/example_dags/example_short_circuit_operator.py took 0.121 seconds
[2021-03-16 13:46:17,165] {scheduler_job.py:182} INFO - Started process (PID=109) to work on /home/airflow/.local/lib/python3.6/site-packages/airflow/example_dags/example_short_circuit_operator.py
[2021-03-16 13:46:17,169] {scheduler_job.py:629} INFO - Processing file /home/airflow/.local/lib/python3.6/site-packages/airflow/example_dags/example_short_circuit_operator.py for tasks to queue
[2021-03-16 13:46:17,170] {logging_mixin.py:104} INFO - [2021-03-16 13:46:17,170] {dagbag.py:448} INFO - Filling up the DagBag from /home/airflow/.local/lib/python3.6/site-packages/airflow/example_dags/example_short_circuit_operator.py
[2021-03-16 13:46:17,186] {scheduler_job.py:639} INFO - DAG(s) dict_keys(['example_short_circuit_operator']) retrieved from /home/airflow/.local/lib/python3.6/site-packages/airflow/example_dags/example_short_circuit_operator.py
[2021-03-16 13:46:17,211] {logging_mixin.py:104} INFO - [2021-03-16 13:46:17,211] {dag.py:1818} INFO - Sync 1 DAGs
[2021-03-16 13:46:17,229] {logging_mixin.py:104} INFO - [2021-03-16 13:46:17,229] {dag.py:2273} INFO - Setting next_dagrun for example_short_circuit_operator to 2021-03-14 00:00:00+00:00
[2021-03-16 13:46:17,239] {scheduler_job.py:190} INFO - Processing /home/airflow/.local/lib/python3.6/site-packages/airflow/example_dags/example_short_circuit_operator.py took 0.078 seconds
[2021-03-16 13:46:48,031] {scheduler_job.py:182} INFO - Started process (PID=136) to work on /home/airflow/.local/lib/python3.6/site-packages/airflow/example_dags/example_short_circuit_operator.py
[2021-03-16 13:46:48,033] {scheduler_job.py:629} INFO - Processing file /home/airflow/.local/lib/python3.6/site-packages/airflow/example_dags/example_short_circuit_operator.py for tasks to queue
[2021-03-16 13:46:48,034] {logging_mixin.py:104} INFO - [2021-03-16 13:46:48,034] {dagbag.py:448} INFO - Filling up the DagBag from /home/airflow/.local/lib/python3.6/site-packages/airflow/example_dags/example_short_circuit_operator.py
[2021-03-16 13:46:48,054] {scheduler_job.py:639} INFO - DAG(s) dict_keys(['example_short_circuit_operator']) retrieved from /home/airflow/.local/lib/python3.6/site-packages/airflow/example_dags/example_short_circuit_operator.py
[2021-03-16 13:46:48,076] {logging_mixin.py:104} INFO - [2021-03-16 13:46:48,076] {dag.py:1818} INFO - Sync 1 DAGs
[2021-03-16 13:46:48,095] {logging_mixin.py:104} INFO - [2021-03-16 13:46:48,094] {dag.py:2273} INFO - Setting next_dagrun for example_short_circuit_operator to 2021-03-14 00:00:00+00:00
[2021-03-16 13:46:48,103] {scheduler_job.py:190} INFO - Processing /home/airflow/.local/lib/python3.6/site-packages/airflow/example_dags/example_short_circuit_operator.py took 0.076 seconds
