[2021-03-16 11:44:34,132] {scheduler_job.py:182} INFO - Started process (PID=25) to work on /home/airflow/.local/lib/python3.6/site-packages/airflow/example_dags/example_nested_branch_dag.py
[2021-03-16 11:44:34,142] {scheduler_job.py:629} INFO - Processing file /home/airflow/.local/lib/python3.6/site-packages/airflow/example_dags/example_nested_branch_dag.py for tasks to queue
[2021-03-16 11:44:34,151] {logging_mixin.py:104} INFO - [2021-03-16 11:44:34,151] {dagbag.py:448} INFO - Filling up the DagBag from /home/airflow/.local/lib/python3.6/site-packages/airflow/example_dags/example_nested_branch_dag.py
[2021-03-16 11:44:34,317] {scheduler_job.py:639} INFO - DAG(s) dict_keys(['example_nested_branch_dag']) retrieved from /home/airflow/.local/lib/python3.6/site-packages/airflow/example_dags/example_nested_branch_dag.py
[2021-03-16 11:44:34,442] {logging_mixin.py:104} INFO - [2021-03-16 11:44:34,442] {dag.py:1818} INFO - Sync 1 DAGs
[2021-03-16 11:44:34,515] {logging_mixin.py:104} INFO - [2021-03-16 11:44:34,515] {dag.py:2273} INFO - Setting next_dagrun for example_nested_branch_dag to 2021-03-14 00:00:00+00:00
[2021-03-16 11:44:34,568] {scheduler_job.py:190} INFO - Processing /home/airflow/.local/lib/python3.6/site-packages/airflow/example_dags/example_nested_branch_dag.py took 0.478 seconds
[2021-03-16 11:46:15,244] {scheduler_job.py:182} INFO - Started process (PID=42) to work on /home/airflow/.local/lib/python3.6/site-packages/airflow/example_dags/example_nested_branch_dag.py
[2021-03-16 11:46:15,254] {scheduler_job.py:629} INFO - Processing file /home/airflow/.local/lib/python3.6/site-packages/airflow/example_dags/example_nested_branch_dag.py for tasks to queue
[2021-03-16 11:46:15,268] {logging_mixin.py:104} INFO - [2021-03-16 11:46:15,267] {dagbag.py:448} INFO - Filling up the DagBag from /home/airflow/.local/lib/python3.6/site-packages/airflow/example_dags/example_nested_branch_dag.py
[2021-03-16 11:46:15,348] {scheduler_job.py:639} INFO - DAG(s) dict_keys(['example_nested_branch_dag']) retrieved from /home/airflow/.local/lib/python3.6/site-packages/airflow/example_dags/example_nested_branch_dag.py
[2021-03-16 11:46:15,415] {logging_mixin.py:104} INFO - [2021-03-16 11:46:15,414] {dag.py:1818} INFO - Sync 1 DAGs
[2021-03-16 11:46:15,474] {logging_mixin.py:104} INFO - [2021-03-16 11:46:15,474] {dag.py:2273} INFO - Setting next_dagrun for example_nested_branch_dag to 2021-03-14 00:00:00+00:00
[2021-03-16 11:46:15,496] {scheduler_job.py:190} INFO - Processing /home/airflow/.local/lib/python3.6/site-packages/airflow/example_dags/example_nested_branch_dag.py took 0.269 seconds
[2021-03-16 11:48:02,556] {scheduler_job.py:182} INFO - Started process (PID=28) to work on /home/airflow/.local/lib/python3.6/site-packages/airflow/example_dags/example_nested_branch_dag.py
[2021-03-16 11:48:02,559] {scheduler_job.py:629} INFO - Processing file /home/airflow/.local/lib/python3.6/site-packages/airflow/example_dags/example_nested_branch_dag.py for tasks to queue
[2021-03-16 11:48:02,561] {logging_mixin.py:104} INFO - [2021-03-16 11:48:02,561] {dagbag.py:448} INFO - Filling up the DagBag from /home/airflow/.local/lib/python3.6/site-packages/airflow/example_dags/example_nested_branch_dag.py
[2021-03-16 11:48:02,580] {scheduler_job.py:639} INFO - DAG(s) dict_keys(['example_nested_branch_dag']) retrieved from /home/airflow/.local/lib/python3.6/site-packages/airflow/example_dags/example_nested_branch_dag.py
[2021-03-16 11:48:02,614] {logging_mixin.py:104} INFO - [2021-03-16 11:48:02,614] {dag.py:1818} INFO - Sync 1 DAGs
[2021-03-16 11:48:02,643] {logging_mixin.py:104} INFO - [2021-03-16 11:48:02,643] {dag.py:2273} INFO - Setting next_dagrun for example_nested_branch_dag to 2021-03-14 00:00:00+00:00
[2021-03-16 11:48:02,657] {scheduler_job.py:190} INFO - Processing /home/airflow/.local/lib/python3.6/site-packages/airflow/example_dags/example_nested_branch_dag.py took 0.104 seconds
[2021-03-16 11:48:32,826] {scheduler_job.py:182} INFO - Started process (PID=55) to work on /home/airflow/.local/lib/python3.6/site-packages/airflow/example_dags/example_nested_branch_dag.py
[2021-03-16 11:48:32,828] {scheduler_job.py:629} INFO - Processing file /home/airflow/.local/lib/python3.6/site-packages/airflow/example_dags/example_nested_branch_dag.py for tasks to queue
[2021-03-16 11:48:32,830] {logging_mixin.py:104} INFO - [2021-03-16 11:48:32,829] {dagbag.py:448} INFO - Filling up the DagBag from /home/airflow/.local/lib/python3.6/site-packages/airflow/example_dags/example_nested_branch_dag.py
[2021-03-16 11:48:32,853] {scheduler_job.py:639} INFO - DAG(s) dict_keys(['example_nested_branch_dag']) retrieved from /home/airflow/.local/lib/python3.6/site-packages/airflow/example_dags/example_nested_branch_dag.py
[2021-03-16 11:48:32,879] {logging_mixin.py:104} INFO - [2021-03-16 11:48:32,879] {dag.py:1818} INFO - Sync 1 DAGs
[2021-03-16 11:48:32,905] {logging_mixin.py:104} INFO - [2021-03-16 11:48:32,905] {dag.py:2273} INFO - Setting next_dagrun for example_nested_branch_dag to 2021-03-14 00:00:00+00:00
[2021-03-16 11:48:32,917] {scheduler_job.py:190} INFO - Processing /home/airflow/.local/lib/python3.6/site-packages/airflow/example_dags/example_nested_branch_dag.py took 0.095 seconds
[2021-03-16 11:49:03,431] {scheduler_job.py:182} INFO - Started process (PID=82) to work on /home/airflow/.local/lib/python3.6/site-packages/airflow/example_dags/example_nested_branch_dag.py
[2021-03-16 11:49:03,433] {scheduler_job.py:629} INFO - Processing file /home/airflow/.local/lib/python3.6/site-packages/airflow/example_dags/example_nested_branch_dag.py for tasks to queue
[2021-03-16 11:49:03,434] {logging_mixin.py:104} INFO - [2021-03-16 11:49:03,434] {dagbag.py:448} INFO - Filling up the DagBag from /home/airflow/.local/lib/python3.6/site-packages/airflow/example_dags/example_nested_branch_dag.py
[2021-03-16 11:49:03,454] {scheduler_job.py:639} INFO - DAG(s) dict_keys(['example_nested_branch_dag']) retrieved from /home/airflow/.local/lib/python3.6/site-packages/airflow/example_dags/example_nested_branch_dag.py
[2021-03-16 11:49:03,482] {logging_mixin.py:104} INFO - [2021-03-16 11:49:03,481] {dag.py:1818} INFO - Sync 1 DAGs
[2021-03-16 11:49:03,508] {logging_mixin.py:104} INFO - [2021-03-16 11:49:03,508] {dag.py:2273} INFO - Setting next_dagrun for example_nested_branch_dag to 2021-03-14 00:00:00+00:00
[2021-03-16 11:49:03,518] {scheduler_job.py:190} INFO - Processing /home/airflow/.local/lib/python3.6/site-packages/airflow/example_dags/example_nested_branch_dag.py took 0.092 seconds
[2021-03-16 11:49:34,079] {scheduler_job.py:182} INFO - Started process (PID=109) to work on /home/airflow/.local/lib/python3.6/site-packages/airflow/example_dags/example_nested_branch_dag.py
[2021-03-16 11:49:34,082] {scheduler_job.py:629} INFO - Processing file /home/airflow/.local/lib/python3.6/site-packages/airflow/example_dags/example_nested_branch_dag.py for tasks to queue
[2021-03-16 11:49:34,084] {logging_mixin.py:104} INFO - [2021-03-16 11:49:34,084] {dagbag.py:448} INFO - Filling up the DagBag from /home/airflow/.local/lib/python3.6/site-packages/airflow/example_dags/example_nested_branch_dag.py
[2021-03-16 11:49:34,119] {scheduler_job.py:639} INFO - DAG(s) dict_keys(['example_nested_branch_dag']) retrieved from /home/airflow/.local/lib/python3.6/site-packages/airflow/example_dags/example_nested_branch_dag.py
[2021-03-16 11:49:34,164] {logging_mixin.py:104} INFO - [2021-03-16 11:49:34,164] {dag.py:1818} INFO - Sync 1 DAGs
[2021-03-16 11:49:34,218] {logging_mixin.py:104} INFO - [2021-03-16 11:49:34,217] {dag.py:2273} INFO - Setting next_dagrun for example_nested_branch_dag to 2021-03-14 00:00:00+00:00
[2021-03-16 11:49:34,235] {scheduler_job.py:190} INFO - Processing /home/airflow/.local/lib/python3.6/site-packages/airflow/example_dags/example_nested_branch_dag.py took 0.162 seconds
[2021-03-16 11:50:04,900] {scheduler_job.py:182} INFO - Started process (PID=136) to work on /home/airflow/.local/lib/python3.6/site-packages/airflow/example_dags/example_nested_branch_dag.py
[2021-03-16 11:50:04,903] {scheduler_job.py:629} INFO - Processing file /home/airflow/.local/lib/python3.6/site-packages/airflow/example_dags/example_nested_branch_dag.py for tasks to queue
[2021-03-16 11:50:04,905] {logging_mixin.py:104} INFO - [2021-03-16 11:50:04,905] {dagbag.py:448} INFO - Filling up the DagBag from /home/airflow/.local/lib/python3.6/site-packages/airflow/example_dags/example_nested_branch_dag.py
[2021-03-16 11:50:04,924] {scheduler_job.py:639} INFO - DAG(s) dict_keys(['example_nested_branch_dag']) retrieved from /home/airflow/.local/lib/python3.6/site-packages/airflow/example_dags/example_nested_branch_dag.py
[2021-03-16 11:50:04,955] {logging_mixin.py:104} INFO - [2021-03-16 11:50:04,955] {dag.py:1818} INFO - Sync 1 DAGs
[2021-03-16 11:50:04,983] {logging_mixin.py:104} INFO - [2021-03-16 11:50:04,983] {dag.py:2273} INFO - Setting next_dagrun for example_nested_branch_dag to 2021-03-14 00:00:00+00:00
[2021-03-16 11:50:04,994] {scheduler_job.py:190} INFO - Processing /home/airflow/.local/lib/python3.6/site-packages/airflow/example_dags/example_nested_branch_dag.py took 0.100 seconds
[2021-03-16 11:50:35,438] {scheduler_job.py:182} INFO - Started process (PID=163) to work on /home/airflow/.local/lib/python3.6/site-packages/airflow/example_dags/example_nested_branch_dag.py
[2021-03-16 11:50:35,441] {scheduler_job.py:629} INFO - Processing file /home/airflow/.local/lib/python3.6/site-packages/airflow/example_dags/example_nested_branch_dag.py for tasks to queue
[2021-03-16 11:50:35,443] {logging_mixin.py:104} INFO - [2021-03-16 11:50:35,442] {dagbag.py:448} INFO - Filling up the DagBag from /home/airflow/.local/lib/python3.6/site-packages/airflow/example_dags/example_nested_branch_dag.py
[2021-03-16 11:50:35,461] {scheduler_job.py:639} INFO - DAG(s) dict_keys(['example_nested_branch_dag']) retrieved from /home/airflow/.local/lib/python3.6/site-packages/airflow/example_dags/example_nested_branch_dag.py
[2021-03-16 11:50:35,485] {logging_mixin.py:104} INFO - [2021-03-16 11:50:35,485] {dag.py:1818} INFO - Sync 1 DAGs
[2021-03-16 11:50:35,515] {logging_mixin.py:104} INFO - [2021-03-16 11:50:35,515] {dag.py:2273} INFO - Setting next_dagrun for example_nested_branch_dag to 2021-03-14 00:00:00+00:00
[2021-03-16 11:50:35,526] {scheduler_job.py:190} INFO - Processing /home/airflow/.local/lib/python3.6/site-packages/airflow/example_dags/example_nested_branch_dag.py took 0.092 seconds
[2021-03-16 11:51:06,014] {scheduler_job.py:182} INFO - Started process (PID=190) to work on /home/airflow/.local/lib/python3.6/site-packages/airflow/example_dags/example_nested_branch_dag.py
[2021-03-16 11:51:06,016] {scheduler_job.py:629} INFO - Processing file /home/airflow/.local/lib/python3.6/site-packages/airflow/example_dags/example_nested_branch_dag.py for tasks to queue
[2021-03-16 11:51:06,017] {logging_mixin.py:104} INFO - [2021-03-16 11:51:06,017] {dagbag.py:448} INFO - Filling up the DagBag from /home/airflow/.local/lib/python3.6/site-packages/airflow/example_dags/example_nested_branch_dag.py
[2021-03-16 11:51:06,045] {scheduler_job.py:639} INFO - DAG(s) dict_keys(['example_nested_branch_dag']) retrieved from /home/airflow/.local/lib/python3.6/site-packages/airflow/example_dags/example_nested_branch_dag.py
[2021-03-16 11:51:06,085] {logging_mixin.py:104} INFO - [2021-03-16 11:51:06,085] {dag.py:1818} INFO - Sync 1 DAGs
[2021-03-16 11:51:06,132] {logging_mixin.py:104} INFO - [2021-03-16 11:51:06,132] {dag.py:2273} INFO - Setting next_dagrun for example_nested_branch_dag to 2021-03-14 00:00:00+00:00
[2021-03-16 11:51:06,147] {scheduler_job.py:190} INFO - Processing /home/airflow/.local/lib/python3.6/site-packages/airflow/example_dags/example_nested_branch_dag.py took 0.138 seconds
[2021-03-16 11:55:44,732] {scheduler_job.py:182} INFO - Started process (PID=46) to work on /home/airflow/.local/lib/python3.6/site-packages/airflow/example_dags/example_nested_branch_dag.py
[2021-03-16 11:55:44,738] {scheduler_job.py:629} INFO - Processing file /home/airflow/.local/lib/python3.6/site-packages/airflow/example_dags/example_nested_branch_dag.py for tasks to queue
[2021-03-16 11:55:44,742] {logging_mixin.py:104} INFO - [2021-03-16 11:55:44,742] {dagbag.py:448} INFO - Filling up the DagBag from /home/airflow/.local/lib/python3.6/site-packages/airflow/example_dags/example_nested_branch_dag.py
[2021-03-16 11:55:44,807] {scheduler_job.py:639} INFO - DAG(s) dict_keys(['example_nested_branch_dag']) retrieved from /home/airflow/.local/lib/python3.6/site-packages/airflow/example_dags/example_nested_branch_dag.py
[2021-03-16 11:55:44,904] {logging_mixin.py:104} INFO - [2021-03-16 11:55:44,904] {dag.py:1818} INFO - Sync 1 DAGs
[2021-03-16 11:55:44,959] {logging_mixin.py:104} INFO - [2021-03-16 11:55:44,959] {dag.py:2273} INFO - Setting next_dagrun for example_nested_branch_dag to 2021-03-14 00:00:00+00:00
[2021-03-16 11:55:44,988] {scheduler_job.py:190} INFO - Processing /home/airflow/.local/lib/python3.6/site-packages/airflow/example_dags/example_nested_branch_dag.py took 0.268 seconds
[2021-03-16 13:40:17,185] {scheduler_job.py:182} INFO - Started process (PID=50) to work on /home/airflow/.local/lib/python3.6/site-packages/airflow/example_dags/example_nested_branch_dag.py
[2021-03-16 13:40:17,193] {scheduler_job.py:629} INFO - Processing file /home/airflow/.local/lib/python3.6/site-packages/airflow/example_dags/example_nested_branch_dag.py for tasks to queue
[2021-03-16 13:40:17,198] {logging_mixin.py:104} INFO - [2021-03-16 13:40:17,197] {dagbag.py:448} INFO - Filling up the DagBag from /home/airflow/.local/lib/python3.6/site-packages/airflow/example_dags/example_nested_branch_dag.py
[2021-03-16 13:40:17,261] {scheduler_job.py:639} INFO - DAG(s) dict_keys(['example_nested_branch_dag']) retrieved from /home/airflow/.local/lib/python3.6/site-packages/airflow/example_dags/example_nested_branch_dag.py
[2021-03-16 13:40:17,363] {logging_mixin.py:104} INFO - [2021-03-16 13:40:17,363] {dag.py:1818} INFO - Sync 1 DAGs
[2021-03-16 13:40:17,458] {logging_mixin.py:104} INFO - [2021-03-16 13:40:17,458] {dag.py:2273} INFO - Setting next_dagrun for example_nested_branch_dag to 2021-03-14 00:00:00+00:00
[2021-03-16 13:40:17,530] {scheduler_job.py:190} INFO - Processing /home/airflow/.local/lib/python3.6/site-packages/airflow/example_dags/example_nested_branch_dag.py took 0.353 seconds
[2021-03-16 13:40:47,969] {scheduler_job.py:182} INFO - Started process (PID=76) to work on /home/airflow/.local/lib/python3.6/site-packages/airflow/example_dags/example_nested_branch_dag.py
[2021-03-16 13:40:47,971] {scheduler_job.py:629} INFO - Processing file /home/airflow/.local/lib/python3.6/site-packages/airflow/example_dags/example_nested_branch_dag.py for tasks to queue
[2021-03-16 13:40:47,973] {logging_mixin.py:104} INFO - [2021-03-16 13:40:47,973] {dagbag.py:448} INFO - Filling up the DagBag from /home/airflow/.local/lib/python3.6/site-packages/airflow/example_dags/example_nested_branch_dag.py
[2021-03-16 13:40:47,993] {scheduler_job.py:639} INFO - DAG(s) dict_keys(['example_nested_branch_dag']) retrieved from /home/airflow/.local/lib/python3.6/site-packages/airflow/example_dags/example_nested_branch_dag.py
[2021-03-16 13:40:48,019] {logging_mixin.py:104} INFO - [2021-03-16 13:40:48,019] {dag.py:1818} INFO - Sync 1 DAGs
[2021-03-16 13:40:48,042] {logging_mixin.py:104} INFO - [2021-03-16 13:40:48,042] {dag.py:2273} INFO - Setting next_dagrun for example_nested_branch_dag to 2021-03-14 00:00:00+00:00
[2021-03-16 13:40:48,052] {scheduler_job.py:190} INFO - Processing /home/airflow/.local/lib/python3.6/site-packages/airflow/example_dags/example_nested_branch_dag.py took 0.087 seconds
[2021-03-16 13:41:18,407] {scheduler_job.py:182} INFO - Started process (PID=103) to work on /home/airflow/.local/lib/python3.6/site-packages/airflow/example_dags/example_nested_branch_dag.py
[2021-03-16 13:41:18,409] {scheduler_job.py:629} INFO - Processing file /home/airflow/.local/lib/python3.6/site-packages/airflow/example_dags/example_nested_branch_dag.py for tasks to queue
[2021-03-16 13:41:18,411] {logging_mixin.py:104} INFO - [2021-03-16 13:41:18,411] {dagbag.py:448} INFO - Filling up the DagBag from /home/airflow/.local/lib/python3.6/site-packages/airflow/example_dags/example_nested_branch_dag.py
[2021-03-16 13:41:18,432] {scheduler_job.py:639} INFO - DAG(s) dict_keys(['example_nested_branch_dag']) retrieved from /home/airflow/.local/lib/python3.6/site-packages/airflow/example_dags/example_nested_branch_dag.py
[2021-03-16 13:41:18,461] {logging_mixin.py:104} INFO - [2021-03-16 13:41:18,461] {dag.py:1818} INFO - Sync 1 DAGs
[2021-03-16 13:41:18,495] {logging_mixin.py:104} INFO - [2021-03-16 13:41:18,495] {dag.py:2273} INFO - Setting next_dagrun for example_nested_branch_dag to 2021-03-14 00:00:00+00:00
[2021-03-16 13:41:18,506] {scheduler_job.py:190} INFO - Processing /home/airflow/.local/lib/python3.6/site-packages/airflow/example_dags/example_nested_branch_dag.py took 0.104 seconds
[2021-03-16 13:41:49,129] {scheduler_job.py:182} INFO - Started process (PID=130) to work on /home/airflow/.local/lib/python3.6/site-packages/airflow/example_dags/example_nested_branch_dag.py
[2021-03-16 13:41:49,131] {scheduler_job.py:629} INFO - Processing file /home/airflow/.local/lib/python3.6/site-packages/airflow/example_dags/example_nested_branch_dag.py for tasks to queue
[2021-03-16 13:41:49,133] {logging_mixin.py:104} INFO - [2021-03-16 13:41:49,133] {dagbag.py:448} INFO - Filling up the DagBag from /home/airflow/.local/lib/python3.6/site-packages/airflow/example_dags/example_nested_branch_dag.py
[2021-03-16 13:41:49,156] {scheduler_job.py:639} INFO - DAG(s) dict_keys(['example_nested_branch_dag']) retrieved from /home/airflow/.local/lib/python3.6/site-packages/airflow/example_dags/example_nested_branch_dag.py
[2021-03-16 13:41:49,187] {logging_mixin.py:104} INFO - [2021-03-16 13:41:49,187] {dag.py:1818} INFO - Sync 1 DAGs
[2021-03-16 13:41:49,218] {logging_mixin.py:104} INFO - [2021-03-16 13:41:49,218] {dag.py:2273} INFO - Setting next_dagrun for example_nested_branch_dag to 2021-03-14 00:00:00+00:00
[2021-03-16 13:41:49,229] {scheduler_job.py:190} INFO - Processing /home/airflow/.local/lib/python3.6/site-packages/airflow/example_dags/example_nested_branch_dag.py took 0.105 seconds
[2021-03-16 13:42:55,528] {scheduler_job.py:182} INFO - Started process (PID=28) to work on /home/airflow/.local/lib/python3.6/site-packages/airflow/example_dags/example_nested_branch_dag.py
[2021-03-16 13:42:55,536] {scheduler_job.py:629} INFO - Processing file /home/airflow/.local/lib/python3.6/site-packages/airflow/example_dags/example_nested_branch_dag.py for tasks to queue
[2021-03-16 13:42:55,542] {logging_mixin.py:104} INFO - [2021-03-16 13:42:55,541] {dagbag.py:448} INFO - Filling up the DagBag from /home/airflow/.local/lib/python3.6/site-packages/airflow/example_dags/example_nested_branch_dag.py
[2021-03-16 13:42:55,576] {scheduler_job.py:639} INFO - DAG(s) dict_keys(['example_nested_branch_dag']) retrieved from /home/airflow/.local/lib/python3.6/site-packages/airflow/example_dags/example_nested_branch_dag.py
[2021-03-16 13:42:55,639] {logging_mixin.py:104} INFO - [2021-03-16 13:42:55,639] {dag.py:1818} INFO - Sync 1 DAGs
[2021-03-16 13:42:55,699] {logging_mixin.py:104} INFO - [2021-03-16 13:42:55,699] {dag.py:2273} INFO - Setting next_dagrun for example_nested_branch_dag to 2021-03-14 00:00:00+00:00
[2021-03-16 13:42:55,722] {scheduler_job.py:190} INFO - Processing /home/airflow/.local/lib/python3.6/site-packages/airflow/example_dags/example_nested_branch_dag.py took 0.199 seconds
[2021-03-16 13:43:26,996] {scheduler_job.py:182} INFO - Started process (PID=56) to work on /home/airflow/.local/lib/python3.6/site-packages/airflow/example_dags/example_nested_branch_dag.py
[2021-03-16 13:43:26,998] {scheduler_job.py:629} INFO - Processing file /home/airflow/.local/lib/python3.6/site-packages/airflow/example_dags/example_nested_branch_dag.py for tasks to queue
[2021-03-16 13:43:27,000] {logging_mixin.py:104} INFO - [2021-03-16 13:43:27,000] {dagbag.py:448} INFO - Filling up the DagBag from /home/airflow/.local/lib/python3.6/site-packages/airflow/example_dags/example_nested_branch_dag.py
[2021-03-16 13:43:27,022] {scheduler_job.py:639} INFO - DAG(s) dict_keys(['example_nested_branch_dag']) retrieved from /home/airflow/.local/lib/python3.6/site-packages/airflow/example_dags/example_nested_branch_dag.py
[2021-03-16 13:43:27,049] {logging_mixin.py:104} INFO - [2021-03-16 13:43:27,048] {dag.py:1818} INFO - Sync 1 DAGs
[2021-03-16 13:43:27,077] {logging_mixin.py:104} INFO - [2021-03-16 13:43:27,077] {dag.py:2273} INFO - Setting next_dagrun for example_nested_branch_dag to 2021-03-14 00:00:00+00:00
[2021-03-16 13:43:27,092] {scheduler_job.py:190} INFO - Processing /home/airflow/.local/lib/python3.6/site-packages/airflow/example_dags/example_nested_branch_dag.py took 0.100 seconds
[2021-03-16 13:44:46,033] {scheduler_job.py:182} INFO - Started process (PID=33) to work on /home/airflow/.local/lib/python3.6/site-packages/airflow/example_dags/example_nested_branch_dag.py
[2021-03-16 13:44:46,035] {scheduler_job.py:629} INFO - Processing file /home/airflow/.local/lib/python3.6/site-packages/airflow/example_dags/example_nested_branch_dag.py for tasks to queue
[2021-03-16 13:44:46,038] {logging_mixin.py:104} INFO - [2021-03-16 13:44:46,038] {dagbag.py:448} INFO - Filling up the DagBag from /home/airflow/.local/lib/python3.6/site-packages/airflow/example_dags/example_nested_branch_dag.py
[2021-03-16 13:44:46,069] {scheduler_job.py:639} INFO - DAG(s) dict_keys(['example_nested_branch_dag']) retrieved from /home/airflow/.local/lib/python3.6/site-packages/airflow/example_dags/example_nested_branch_dag.py
[2021-03-16 13:44:46,120] {logging_mixin.py:104} INFO - [2021-03-16 13:44:46,119] {dag.py:1818} INFO - Sync 1 DAGs
[2021-03-16 13:44:46,169] {logging_mixin.py:104} INFO - [2021-03-16 13:44:46,169] {dag.py:2273} INFO - Setting next_dagrun for example_nested_branch_dag to 2021-03-14 00:00:00+00:00
[2021-03-16 13:44:46,188] {scheduler_job.py:190} INFO - Processing /home/airflow/.local/lib/python3.6/site-packages/airflow/example_dags/example_nested_branch_dag.py took 0.161 seconds
[2021-03-16 13:45:16,890] {scheduler_job.py:182} INFO - Started process (PID=58) to work on /home/airflow/.local/lib/python3.6/site-packages/airflow/example_dags/example_nested_branch_dag.py
[2021-03-16 13:45:16,892] {scheduler_job.py:629} INFO - Processing file /home/airflow/.local/lib/python3.6/site-packages/airflow/example_dags/example_nested_branch_dag.py for tasks to queue
[2021-03-16 13:45:16,894] {logging_mixin.py:104} INFO - [2021-03-16 13:45:16,894] {dagbag.py:448} INFO - Filling up the DagBag from /home/airflow/.local/lib/python3.6/site-packages/airflow/example_dags/example_nested_branch_dag.py
[2021-03-16 13:45:16,912] {scheduler_job.py:639} INFO - DAG(s) dict_keys(['example_nested_branch_dag']) retrieved from /home/airflow/.local/lib/python3.6/site-packages/airflow/example_dags/example_nested_branch_dag.py
[2021-03-16 13:45:16,943] {logging_mixin.py:104} INFO - [2021-03-16 13:45:16,943] {dag.py:1818} INFO - Sync 1 DAGs
[2021-03-16 13:45:16,975] {logging_mixin.py:104} INFO - [2021-03-16 13:45:16,975] {dag.py:2273} INFO - Setting next_dagrun for example_nested_branch_dag to 2021-03-14 00:00:00+00:00
[2021-03-16 13:45:16,987] {scheduler_job.py:190} INFO - Processing /home/airflow/.local/lib/python3.6/site-packages/airflow/example_dags/example_nested_branch_dag.py took 0.102 seconds
[2021-03-16 13:45:47,588] {scheduler_job.py:182} INFO - Started process (PID=87) to work on /home/airflow/.local/lib/python3.6/site-packages/airflow/example_dags/example_nested_branch_dag.py
[2021-03-16 13:45:47,590] {scheduler_job.py:629} INFO - Processing file /home/airflow/.local/lib/python3.6/site-packages/airflow/example_dags/example_nested_branch_dag.py for tasks to queue
[2021-03-16 13:45:47,591] {logging_mixin.py:104} INFO - [2021-03-16 13:45:47,591] {dagbag.py:448} INFO - Filling up the DagBag from /home/airflow/.local/lib/python3.6/site-packages/airflow/example_dags/example_nested_branch_dag.py
[2021-03-16 13:45:47,610] {scheduler_job.py:639} INFO - DAG(s) dict_keys(['example_nested_branch_dag']) retrieved from /home/airflow/.local/lib/python3.6/site-packages/airflow/example_dags/example_nested_branch_dag.py
[2021-03-16 13:45:47,643] {logging_mixin.py:104} INFO - [2021-03-16 13:45:47,643] {dag.py:1818} INFO - Sync 1 DAGs
[2021-03-16 13:45:47,674] {logging_mixin.py:104} INFO - [2021-03-16 13:45:47,673] {dag.py:2273} INFO - Setting next_dagrun for example_nested_branch_dag to 2021-03-14 00:00:00+00:00
[2021-03-16 13:45:47,689] {scheduler_job.py:190} INFO - Processing /home/airflow/.local/lib/python3.6/site-packages/airflow/example_dags/example_nested_branch_dag.py took 0.106 seconds
[2021-03-16 13:46:18,459] {scheduler_job.py:182} INFO - Started process (PID=114) to work on /home/airflow/.local/lib/python3.6/site-packages/airflow/example_dags/example_nested_branch_dag.py
[2021-03-16 13:46:18,461] {scheduler_job.py:629} INFO - Processing file /home/airflow/.local/lib/python3.6/site-packages/airflow/example_dags/example_nested_branch_dag.py for tasks to queue
[2021-03-16 13:46:18,463] {logging_mixin.py:104} INFO - [2021-03-16 13:46:18,463] {dagbag.py:448} INFO - Filling up the DagBag from /home/airflow/.local/lib/python3.6/site-packages/airflow/example_dags/example_nested_branch_dag.py
[2021-03-16 13:46:18,485] {scheduler_job.py:639} INFO - DAG(s) dict_keys(['example_nested_branch_dag']) retrieved from /home/airflow/.local/lib/python3.6/site-packages/airflow/example_dags/example_nested_branch_dag.py
[2021-03-16 13:46:18,529] {logging_mixin.py:104} INFO - [2021-03-16 13:46:18,529] {dag.py:1818} INFO - Sync 1 DAGs
[2021-03-16 13:46:18,560] {logging_mixin.py:104} INFO - [2021-03-16 13:46:18,560] {dag.py:2273} INFO - Setting next_dagrun for example_nested_branch_dag to 2021-03-14 00:00:00+00:00
[2021-03-16 13:46:18,574] {scheduler_job.py:190} INFO - Processing /home/airflow/.local/lib/python3.6/site-packages/airflow/example_dags/example_nested_branch_dag.py took 0.121 seconds
[2021-03-16 13:46:49,351] {scheduler_job.py:182} INFO - Started process (PID=141) to work on /home/airflow/.local/lib/python3.6/site-packages/airflow/example_dags/example_nested_branch_dag.py
[2021-03-16 13:46:49,354] {scheduler_job.py:629} INFO - Processing file /home/airflow/.local/lib/python3.6/site-packages/airflow/example_dags/example_nested_branch_dag.py for tasks to queue
[2021-03-16 13:46:49,356] {logging_mixin.py:104} INFO - [2021-03-16 13:46:49,355] {dagbag.py:448} INFO - Filling up the DagBag from /home/airflow/.local/lib/python3.6/site-packages/airflow/example_dags/example_nested_branch_dag.py
[2021-03-16 13:46:49,380] {scheduler_job.py:639} INFO - DAG(s) dict_keys(['example_nested_branch_dag']) retrieved from /home/airflow/.local/lib/python3.6/site-packages/airflow/example_dags/example_nested_branch_dag.py
[2021-03-16 13:46:49,409] {logging_mixin.py:104} INFO - [2021-03-16 13:46:49,409] {dag.py:1818} INFO - Sync 1 DAGs
[2021-03-16 13:46:49,441] {logging_mixin.py:104} INFO - [2021-03-16 13:46:49,441] {dag.py:2273} INFO - Setting next_dagrun for example_nested_branch_dag to 2021-03-14 00:00:00+00:00
[2021-03-16 13:46:49,455] {scheduler_job.py:190} INFO - Processing /home/airflow/.local/lib/python3.6/site-packages/airflow/example_dags/example_nested_branch_dag.py took 0.108 seconds
