[2021-03-16 11:44:39,508] {scheduler_job.py:182} INFO - Started process (PID=46) to work on /home/airflow/.local/lib/python3.6/site-packages/airflow/example_dags/example_xcomargs.py
[2021-03-16 11:44:39,517] {scheduler_job.py:629} INFO - Processing file /home/airflow/.local/lib/python3.6/site-packages/airflow/example_dags/example_xcomargs.py for tasks to queue
[2021-03-16 11:44:39,522] {logging_mixin.py:104} INFO - [2021-03-16 11:44:39,522] {dagbag.py:448} INFO - Filling up the DagBag from /home/airflow/.local/lib/python3.6/site-packages/airflow/example_dags/example_xcomargs.py
[2021-03-16 11:44:39,580] {scheduler_job.py:639} INFO - DAG(s) dict_keys(['example_xcom_args', 'example_xcom_args_with_operators']) retrieved from /home/airflow/.local/lib/python3.6/site-packages/airflow/example_dags/example_xcomargs.py
[2021-03-16 11:44:39,878] {logging_mixin.py:104} INFO - [2021-03-16 11:44:39,878] {dag.py:1818} INFO - Sync 2 DAGs
[2021-03-16 11:44:40,221] {logging_mixin.py:104} INFO - [2021-03-16 11:44:40,221] {dag.py:2273} INFO - Setting next_dagrun for example_xcom_args to None
[2021-03-16 11:44:40,229] {logging_mixin.py:104} INFO - [2021-03-16 11:44:40,228] {dag.py:2273} INFO - Setting next_dagrun for example_xcom_args_with_operators to None
[2021-03-16 11:44:40,413] {scheduler_job.py:190} INFO - Processing /home/airflow/.local/lib/python3.6/site-packages/airflow/example_dags/example_xcomargs.py took 0.928 seconds
[2021-03-16 11:46:16,155] {scheduler_job.py:182} INFO - Started process (PID=50) to work on /home/airflow/.local/lib/python3.6/site-packages/airflow/example_dags/example_xcomargs.py
[2021-03-16 11:46:16,159] {scheduler_job.py:629} INFO - Processing file /home/airflow/.local/lib/python3.6/site-packages/airflow/example_dags/example_xcomargs.py for tasks to queue
[2021-03-16 11:46:16,162] {logging_mixin.py:104} INFO - [2021-03-16 11:46:16,162] {dagbag.py:448} INFO - Filling up the DagBag from /home/airflow/.local/lib/python3.6/site-packages/airflow/example_dags/example_xcomargs.py
[2021-03-16 11:46:16,202] {scheduler_job.py:639} INFO - DAG(s) dict_keys(['example_xcom_args', 'example_xcom_args_with_operators']) retrieved from /home/airflow/.local/lib/python3.6/site-packages/airflow/example_dags/example_xcomargs.py
[2021-03-16 11:46:16,367] {logging_mixin.py:104} INFO - [2021-03-16 11:46:16,366] {dag.py:1818} INFO - Sync 2 DAGs
[2021-03-16 11:46:16,417] {logging_mixin.py:104} INFO - [2021-03-16 11:46:16,417] {dag.py:2273} INFO - Setting next_dagrun for example_xcom_args to None
[2021-03-16 11:46:16,423] {logging_mixin.py:104} INFO - [2021-03-16 11:46:16,423] {dag.py:2273} INFO - Setting next_dagrun for example_xcom_args_with_operators to None
[2021-03-16 11:46:16,453] {scheduler_job.py:190} INFO - Processing /home/airflow/.local/lib/python3.6/site-packages/airflow/example_dags/example_xcomargs.py took 0.306 seconds
[2021-03-16 11:48:03,977] {scheduler_job.py:182} INFO - Started process (PID=38) to work on /home/airflow/.local/lib/python3.6/site-packages/airflow/example_dags/example_xcomargs.py
[2021-03-16 11:48:03,994] {scheduler_job.py:629} INFO - Processing file /home/airflow/.local/lib/python3.6/site-packages/airflow/example_dags/example_xcomargs.py for tasks to queue
[2021-03-16 11:48:03,998] {logging_mixin.py:104} INFO - [2021-03-16 11:48:03,997] {dagbag.py:448} INFO - Filling up the DagBag from /home/airflow/.local/lib/python3.6/site-packages/airflow/example_dags/example_xcomargs.py
[2021-03-16 11:48:04,030] {scheduler_job.py:639} INFO - DAG(s) dict_keys(['example_xcom_args', 'example_xcom_args_with_operators']) retrieved from /home/airflow/.local/lib/python3.6/site-packages/airflow/example_dags/example_xcomargs.py
[2021-03-16 11:48:04,089] {logging_mixin.py:104} INFO - [2021-03-16 11:48:04,088] {dag.py:1818} INFO - Sync 2 DAGs
[2021-03-16 11:48:04,150] {logging_mixin.py:104} INFO - [2021-03-16 11:48:04,149] {dag.py:2273} INFO - Setting next_dagrun for example_xcom_args to None
[2021-03-16 11:48:04,158] {logging_mixin.py:104} INFO - [2021-03-16 11:48:04,158] {dag.py:2273} INFO - Setting next_dagrun for example_xcom_args_with_operators to None
[2021-03-16 11:48:04,180] {scheduler_job.py:190} INFO - Processing /home/airflow/.local/lib/python3.6/site-packages/airflow/example_dags/example_xcomargs.py took 0.221 seconds
[2021-03-16 11:48:34,448] {scheduler_job.py:182} INFO - Started process (PID=65) to work on /home/airflow/.local/lib/python3.6/site-packages/airflow/example_dags/example_xcomargs.py
[2021-03-16 11:48:34,450] {scheduler_job.py:629} INFO - Processing file /home/airflow/.local/lib/python3.6/site-packages/airflow/example_dags/example_xcomargs.py for tasks to queue
[2021-03-16 11:48:34,453] {logging_mixin.py:104} INFO - [2021-03-16 11:48:34,452] {dagbag.py:448} INFO - Filling up the DagBag from /home/airflow/.local/lib/python3.6/site-packages/airflow/example_dags/example_xcomargs.py
[2021-03-16 11:48:34,469] {scheduler_job.py:639} INFO - DAG(s) dict_keys(['example_xcom_args', 'example_xcom_args_with_operators']) retrieved from /home/airflow/.local/lib/python3.6/site-packages/airflow/example_dags/example_xcomargs.py
[2021-03-16 11:48:34,501] {logging_mixin.py:104} INFO - [2021-03-16 11:48:34,501] {dag.py:1818} INFO - Sync 2 DAGs
[2021-03-16 11:48:34,522] {logging_mixin.py:104} INFO - [2021-03-16 11:48:34,522] {dag.py:2273} INFO - Setting next_dagrun for example_xcom_args to None
[2021-03-16 11:48:34,524] {logging_mixin.py:104} INFO - [2021-03-16 11:48:34,524] {dag.py:2273} INFO - Setting next_dagrun for example_xcom_args_with_operators to None
[2021-03-16 11:48:34,538] {scheduler_job.py:190} INFO - Processing /home/airflow/.local/lib/python3.6/site-packages/airflow/example_dags/example_xcomargs.py took 0.094 seconds
[2021-03-16 11:49:05,072] {scheduler_job.py:182} INFO - Started process (PID=93) to work on /home/airflow/.local/lib/python3.6/site-packages/airflow/example_dags/example_xcomargs.py
[2021-03-16 11:49:05,074] {scheduler_job.py:629} INFO - Processing file /home/airflow/.local/lib/python3.6/site-packages/airflow/example_dags/example_xcomargs.py for tasks to queue
[2021-03-16 11:49:05,076] {logging_mixin.py:104} INFO - [2021-03-16 11:49:05,076] {dagbag.py:448} INFO - Filling up the DagBag from /home/airflow/.local/lib/python3.6/site-packages/airflow/example_dags/example_xcomargs.py
[2021-03-16 11:49:05,092] {scheduler_job.py:639} INFO - DAG(s) dict_keys(['example_xcom_args', 'example_xcom_args_with_operators']) retrieved from /home/airflow/.local/lib/python3.6/site-packages/airflow/example_dags/example_xcomargs.py
[2021-03-16 11:49:05,127] {logging_mixin.py:104} INFO - [2021-03-16 11:49:05,126] {dag.py:1818} INFO - Sync 2 DAGs
[2021-03-16 11:49:05,150] {logging_mixin.py:104} INFO - [2021-03-16 11:49:05,150] {dag.py:2273} INFO - Setting next_dagrun for example_xcom_args to None
[2021-03-16 11:49:05,152] {logging_mixin.py:104} INFO - [2021-03-16 11:49:05,152] {dag.py:2273} INFO - Setting next_dagrun for example_xcom_args_with_operators to None
[2021-03-16 11:49:05,171] {scheduler_job.py:190} INFO - Processing /home/airflow/.local/lib/python3.6/site-packages/airflow/example_dags/example_xcomargs.py took 0.104 seconds
[2021-03-16 11:49:35,894] {scheduler_job.py:182} INFO - Started process (PID=120) to work on /home/airflow/.local/lib/python3.6/site-packages/airflow/example_dags/example_xcomargs.py
[2021-03-16 11:49:35,897] {scheduler_job.py:629} INFO - Processing file /home/airflow/.local/lib/python3.6/site-packages/airflow/example_dags/example_xcomargs.py for tasks to queue
[2021-03-16 11:49:35,899] {logging_mixin.py:104} INFO - [2021-03-16 11:49:35,899] {dagbag.py:448} INFO - Filling up the DagBag from /home/airflow/.local/lib/python3.6/site-packages/airflow/example_dags/example_xcomargs.py
[2021-03-16 11:49:35,926] {scheduler_job.py:639} INFO - DAG(s) dict_keys(['example_xcom_args', 'example_xcom_args_with_operators']) retrieved from /home/airflow/.local/lib/python3.6/site-packages/airflow/example_dags/example_xcomargs.py
[2021-03-16 11:49:35,990] {logging_mixin.py:104} INFO - [2021-03-16 11:49:35,990] {dag.py:1818} INFO - Sync 2 DAGs
[2021-03-16 11:49:36,021] {logging_mixin.py:104} INFO - [2021-03-16 11:49:36,021] {dag.py:2273} INFO - Setting next_dagrun for example_xcom_args to None
[2021-03-16 11:49:36,025] {logging_mixin.py:104} INFO - [2021-03-16 11:49:36,025] {dag.py:2273} INFO - Setting next_dagrun for example_xcom_args_with_operators to None
[2021-03-16 11:49:36,041] {scheduler_job.py:190} INFO - Processing /home/airflow/.local/lib/python3.6/site-packages/airflow/example_dags/example_xcomargs.py took 0.151 seconds
[2021-03-16 11:50:06,548] {scheduler_job.py:182} INFO - Started process (PID=147) to work on /home/airflow/.local/lib/python3.6/site-packages/airflow/example_dags/example_xcomargs.py
[2021-03-16 11:50:06,550] {scheduler_job.py:629} INFO - Processing file /home/airflow/.local/lib/python3.6/site-packages/airflow/example_dags/example_xcomargs.py for tasks to queue
[2021-03-16 11:50:06,551] {logging_mixin.py:104} INFO - [2021-03-16 11:50:06,551] {dagbag.py:448} INFO - Filling up the DagBag from /home/airflow/.local/lib/python3.6/site-packages/airflow/example_dags/example_xcomargs.py
[2021-03-16 11:50:06,572] {scheduler_job.py:639} INFO - DAG(s) dict_keys(['example_xcom_args', 'example_xcom_args_with_operators']) retrieved from /home/airflow/.local/lib/python3.6/site-packages/airflow/example_dags/example_xcomargs.py
[2021-03-16 11:50:06,604] {logging_mixin.py:104} INFO - [2021-03-16 11:50:06,603] {dag.py:1818} INFO - Sync 2 DAGs
[2021-03-16 11:50:06,625] {logging_mixin.py:104} INFO - [2021-03-16 11:50:06,625] {dag.py:2273} INFO - Setting next_dagrun for example_xcom_args to None
[2021-03-16 11:50:06,626] {logging_mixin.py:104} INFO - [2021-03-16 11:50:06,626] {dag.py:2273} INFO - Setting next_dagrun for example_xcom_args_with_operators to None
[2021-03-16 11:50:06,638] {scheduler_job.py:190} INFO - Processing /home/airflow/.local/lib/python3.6/site-packages/airflow/example_dags/example_xcomargs.py took 0.094 seconds
[2021-03-16 11:50:37,053] {scheduler_job.py:182} INFO - Started process (PID=174) to work on /home/airflow/.local/lib/python3.6/site-packages/airflow/example_dags/example_xcomargs.py
[2021-03-16 11:50:37,056] {scheduler_job.py:629} INFO - Processing file /home/airflow/.local/lib/python3.6/site-packages/airflow/example_dags/example_xcomargs.py for tasks to queue
[2021-03-16 11:50:37,057] {logging_mixin.py:104} INFO - [2021-03-16 11:50:37,057] {dagbag.py:448} INFO - Filling up the DagBag from /home/airflow/.local/lib/python3.6/site-packages/airflow/example_dags/example_xcomargs.py
[2021-03-16 11:50:37,079] {scheduler_job.py:639} INFO - DAG(s) dict_keys(['example_xcom_args', 'example_xcom_args_with_operators']) retrieved from /home/airflow/.local/lib/python3.6/site-packages/airflow/example_dags/example_xcomargs.py
[2021-03-16 11:50:37,119] {logging_mixin.py:104} INFO - [2021-03-16 11:50:37,119] {dag.py:1818} INFO - Sync 2 DAGs
[2021-03-16 11:50:37,144] {logging_mixin.py:104} INFO - [2021-03-16 11:50:37,144] {dag.py:2273} INFO - Setting next_dagrun for example_xcom_args to None
[2021-03-16 11:50:37,146] {logging_mixin.py:104} INFO - [2021-03-16 11:50:37,146] {dag.py:2273} INFO - Setting next_dagrun for example_xcom_args_with_operators to None
[2021-03-16 11:50:37,161] {scheduler_job.py:190} INFO - Processing /home/airflow/.local/lib/python3.6/site-packages/airflow/example_dags/example_xcomargs.py took 0.112 seconds
[2021-03-16 11:55:41,491] {scheduler_job.py:182} INFO - Started process (PID=29) to work on /home/airflow/.local/lib/python3.6/site-packages/airflow/example_dags/example_xcomargs.py
[2021-03-16 11:55:41,499] {scheduler_job.py:629} INFO - Processing file /home/airflow/.local/lib/python3.6/site-packages/airflow/example_dags/example_xcomargs.py for tasks to queue
[2021-03-16 11:55:41,504] {logging_mixin.py:104} INFO - [2021-03-16 11:55:41,503] {dagbag.py:448} INFO - Filling up the DagBag from /home/airflow/.local/lib/python3.6/site-packages/airflow/example_dags/example_xcomargs.py
[2021-03-16 11:55:41,556] {scheduler_job.py:639} INFO - DAG(s) dict_keys(['example_xcom_args', 'example_xcom_args_with_operators']) retrieved from /home/airflow/.local/lib/python3.6/site-packages/airflow/example_dags/example_xcomargs.py
[2021-03-16 11:55:41,637] {logging_mixin.py:104} INFO - [2021-03-16 11:55:41,637] {dag.py:1818} INFO - Sync 2 DAGs
[2021-03-16 11:55:41,685] {logging_mixin.py:104} INFO - [2021-03-16 11:55:41,683] {dag.py:2273} INFO - Setting next_dagrun for example_xcom_args to None
[2021-03-16 11:55:41,689] {logging_mixin.py:104} INFO - [2021-03-16 11:55:41,689] {dag.py:2273} INFO - Setting next_dagrun for example_xcom_args_with_operators to None
[2021-03-16 11:55:41,735] {scheduler_job.py:190} INFO - Processing /home/airflow/.local/lib/python3.6/site-packages/airflow/example_dags/example_xcomargs.py took 0.252 seconds
[2021-03-16 13:40:14,288] {scheduler_job.py:182} INFO - Started process (PID=31) to work on /home/airflow/.local/lib/python3.6/site-packages/airflow/example_dags/example_xcomargs.py
[2021-03-16 13:40:14,293] {scheduler_job.py:629} INFO - Processing file /home/airflow/.local/lib/python3.6/site-packages/airflow/example_dags/example_xcomargs.py for tasks to queue
[2021-03-16 13:40:14,296] {logging_mixin.py:104} INFO - [2021-03-16 13:40:14,296] {dagbag.py:448} INFO - Filling up the DagBag from /home/airflow/.local/lib/python3.6/site-packages/airflow/example_dags/example_xcomargs.py
[2021-03-16 13:40:14,336] {scheduler_job.py:639} INFO - DAG(s) dict_keys(['example_xcom_args', 'example_xcom_args_with_operators']) retrieved from /home/airflow/.local/lib/python3.6/site-packages/airflow/example_dags/example_xcomargs.py
[2021-03-16 13:40:14,389] {logging_mixin.py:104} INFO - [2021-03-16 13:40:14,389] {dag.py:1818} INFO - Sync 2 DAGs
[2021-03-16 13:40:14,442] {logging_mixin.py:104} INFO - [2021-03-16 13:40:14,442] {dag.py:2273} INFO - Setting next_dagrun for example_xcom_args to None
[2021-03-16 13:40:14,454] {logging_mixin.py:104} INFO - [2021-03-16 13:40:14,453] {dag.py:2273} INFO - Setting next_dagrun for example_xcom_args_with_operators to None
[2021-03-16 13:40:14,496] {scheduler_job.py:190} INFO - Processing /home/airflow/.local/lib/python3.6/site-packages/airflow/example_dags/example_xcomargs.py took 0.215 seconds
[2021-03-16 13:40:44,933] {scheduler_job.py:182} INFO - Started process (PID=57) to work on /home/airflow/.local/lib/python3.6/site-packages/airflow/example_dags/example_xcomargs.py
[2021-03-16 13:40:44,936] {scheduler_job.py:629} INFO - Processing file /home/airflow/.local/lib/python3.6/site-packages/airflow/example_dags/example_xcomargs.py for tasks to queue
[2021-03-16 13:40:44,937] {logging_mixin.py:104} INFO - [2021-03-16 13:40:44,937] {dagbag.py:448} INFO - Filling up the DagBag from /home/airflow/.local/lib/python3.6/site-packages/airflow/example_dags/example_xcomargs.py
[2021-03-16 13:40:44,954] {scheduler_job.py:639} INFO - DAG(s) dict_keys(['example_xcom_args', 'example_xcom_args_with_operators']) retrieved from /home/airflow/.local/lib/python3.6/site-packages/airflow/example_dags/example_xcomargs.py
[2021-03-16 13:40:44,987] {logging_mixin.py:104} INFO - [2021-03-16 13:40:44,986] {dag.py:1818} INFO - Sync 2 DAGs
[2021-03-16 13:40:45,007] {logging_mixin.py:104} INFO - [2021-03-16 13:40:45,007] {dag.py:2273} INFO - Setting next_dagrun for example_xcom_args to None
[2021-03-16 13:40:45,009] {logging_mixin.py:104} INFO - [2021-03-16 13:40:45,009] {dag.py:2273} INFO - Setting next_dagrun for example_xcom_args_with_operators to None
[2021-03-16 13:40:45,020] {scheduler_job.py:190} INFO - Processing /home/airflow/.local/lib/python3.6/site-packages/airflow/example_dags/example_xcomargs.py took 0.095 seconds
[2021-03-16 13:41:15,402] {scheduler_job.py:182} INFO - Started process (PID=85) to work on /home/airflow/.local/lib/python3.6/site-packages/airflow/example_dags/example_xcomargs.py
[2021-03-16 13:41:15,404] {scheduler_job.py:629} INFO - Processing file /home/airflow/.local/lib/python3.6/site-packages/airflow/example_dags/example_xcomargs.py for tasks to queue
[2021-03-16 13:41:15,406] {logging_mixin.py:104} INFO - [2021-03-16 13:41:15,406] {dagbag.py:448} INFO - Filling up the DagBag from /home/airflow/.local/lib/python3.6/site-packages/airflow/example_dags/example_xcomargs.py
[2021-03-16 13:41:15,423] {scheduler_job.py:639} INFO - DAG(s) dict_keys(['example_xcom_args', 'example_xcom_args_with_operators']) retrieved from /home/airflow/.local/lib/python3.6/site-packages/airflow/example_dags/example_xcomargs.py
[2021-03-16 13:41:15,457] {logging_mixin.py:104} INFO - [2021-03-16 13:41:15,457] {dag.py:1818} INFO - Sync 2 DAGs
[2021-03-16 13:41:15,476] {logging_mixin.py:104} INFO - [2021-03-16 13:41:15,476] {dag.py:2273} INFO - Setting next_dagrun for example_xcom_args to None
[2021-03-16 13:41:15,477] {logging_mixin.py:104} INFO - [2021-03-16 13:41:15,477] {dag.py:2273} INFO - Setting next_dagrun for example_xcom_args_with_operators to None
[2021-03-16 13:41:15,491] {scheduler_job.py:190} INFO - Processing /home/airflow/.local/lib/python3.6/site-packages/airflow/example_dags/example_xcomargs.py took 0.093 seconds
[2021-03-16 13:41:45,860] {scheduler_job.py:182} INFO - Started process (PID=111) to work on /home/airflow/.local/lib/python3.6/site-packages/airflow/example_dags/example_xcomargs.py
[2021-03-16 13:41:45,862] {scheduler_job.py:629} INFO - Processing file /home/airflow/.local/lib/python3.6/site-packages/airflow/example_dags/example_xcomargs.py for tasks to queue
[2021-03-16 13:41:45,864] {logging_mixin.py:104} INFO - [2021-03-16 13:41:45,864] {dagbag.py:448} INFO - Filling up the DagBag from /home/airflow/.local/lib/python3.6/site-packages/airflow/example_dags/example_xcomargs.py
[2021-03-16 13:41:45,880] {scheduler_job.py:639} INFO - DAG(s) dict_keys(['example_xcom_args', 'example_xcom_args_with_operators']) retrieved from /home/airflow/.local/lib/python3.6/site-packages/airflow/example_dags/example_xcomargs.py
[2021-03-16 13:41:45,912] {logging_mixin.py:104} INFO - [2021-03-16 13:41:45,911] {dag.py:1818} INFO - Sync 2 DAGs
[2021-03-16 13:41:45,934] {logging_mixin.py:104} INFO - [2021-03-16 13:41:45,934] {dag.py:2273} INFO - Setting next_dagrun for example_xcom_args to None
[2021-03-16 13:41:45,936] {logging_mixin.py:104} INFO - [2021-03-16 13:41:45,936] {dag.py:2273} INFO - Setting next_dagrun for example_xcom_args_with_operators to None
[2021-03-16 13:41:45,949] {scheduler_job.py:190} INFO - Processing /home/airflow/.local/lib/python3.6/site-packages/airflow/example_dags/example_xcomargs.py took 0.093 seconds
[2021-03-16 13:42:58,505] {scheduler_job.py:182} INFO - Started process (PID=48) to work on /home/airflow/.local/lib/python3.6/site-packages/airflow/example_dags/example_xcomargs.py
[2021-03-16 13:42:58,508] {scheduler_job.py:629} INFO - Processing file /home/airflow/.local/lib/python3.6/site-packages/airflow/example_dags/example_xcomargs.py for tasks to queue
[2021-03-16 13:42:58,510] {logging_mixin.py:104} INFO - [2021-03-16 13:42:58,510] {dagbag.py:448} INFO - Filling up the DagBag from /home/airflow/.local/lib/python3.6/site-packages/airflow/example_dags/example_xcomargs.py
[2021-03-16 13:42:58,536] {scheduler_job.py:639} INFO - DAG(s) dict_keys(['example_xcom_args', 'example_xcom_args_with_operators']) retrieved from /home/airflow/.local/lib/python3.6/site-packages/airflow/example_dags/example_xcomargs.py
[2021-03-16 13:42:58,604] {logging_mixin.py:104} INFO - [2021-03-16 13:42:58,604] {dag.py:1818} INFO - Sync 2 DAGs
[2021-03-16 13:42:58,631] {logging_mixin.py:104} INFO - [2021-03-16 13:42:58,631] {dag.py:2273} INFO - Setting next_dagrun for example_xcom_args to None
[2021-03-16 13:42:58,634] {logging_mixin.py:104} INFO - [2021-03-16 13:42:58,634] {dag.py:2273} INFO - Setting next_dagrun for example_xcom_args_with_operators to None
[2021-03-16 13:42:58,651] {scheduler_job.py:190} INFO - Processing /home/airflow/.local/lib/python3.6/site-packages/airflow/example_dags/example_xcomargs.py took 0.152 seconds
[2021-03-16 13:43:28,925] {scheduler_job.py:182} INFO - Started process (PID=74) to work on /home/airflow/.local/lib/python3.6/site-packages/airflow/example_dags/example_xcomargs.py
[2021-03-16 13:43:28,927] {scheduler_job.py:629} INFO - Processing file /home/airflow/.local/lib/python3.6/site-packages/airflow/example_dags/example_xcomargs.py for tasks to queue
[2021-03-16 13:43:28,928] {logging_mixin.py:104} INFO - [2021-03-16 13:43:28,928] {dagbag.py:448} INFO - Filling up the DagBag from /home/airflow/.local/lib/python3.6/site-packages/airflow/example_dags/example_xcomargs.py
[2021-03-16 13:43:28,944] {scheduler_job.py:639} INFO - DAG(s) dict_keys(['example_xcom_args', 'example_xcom_args_with_operators']) retrieved from /home/airflow/.local/lib/python3.6/site-packages/airflow/example_dags/example_xcomargs.py
[2021-03-16 13:43:28,979] {logging_mixin.py:104} INFO - [2021-03-16 13:43:28,978] {dag.py:1818} INFO - Sync 2 DAGs
[2021-03-16 13:43:28,995] {logging_mixin.py:104} INFO - [2021-03-16 13:43:28,995] {dag.py:2273} INFO - Setting next_dagrun for example_xcom_args to None
[2021-03-16 13:43:28,997] {logging_mixin.py:104} INFO - [2021-03-16 13:43:28,997] {dag.py:2273} INFO - Setting next_dagrun for example_xcom_args_with_operators to None
[2021-03-16 13:43:29,008] {scheduler_job.py:190} INFO - Processing /home/airflow/.local/lib/python3.6/site-packages/airflow/example_dags/example_xcomargs.py took 0.086 seconds
[2021-03-16 13:44:47,735] {scheduler_job.py:182} INFO - Started process (PID=42) to work on /home/airflow/.local/lib/python3.6/site-packages/airflow/example_dags/example_xcomargs.py
[2021-03-16 13:44:47,746] {scheduler_job.py:629} INFO - Processing file /home/airflow/.local/lib/python3.6/site-packages/airflow/example_dags/example_xcomargs.py for tasks to queue
[2021-03-16 13:44:47,753] {logging_mixin.py:104} INFO - [2021-03-16 13:44:47,752] {dagbag.py:448} INFO - Filling up the DagBag from /home/airflow/.local/lib/python3.6/site-packages/airflow/example_dags/example_xcomargs.py
[2021-03-16 13:44:47,813] {scheduler_job.py:639} INFO - DAG(s) dict_keys(['example_xcom_args', 'example_xcom_args_with_operators']) retrieved from /home/airflow/.local/lib/python3.6/site-packages/airflow/example_dags/example_xcomargs.py
[2021-03-16 13:44:47,869] {logging_mixin.py:104} INFO - [2021-03-16 13:44:47,869] {dag.py:1818} INFO - Sync 2 DAGs
[2021-03-16 13:44:47,926] {logging_mixin.py:104} INFO - [2021-03-16 13:44:47,925] {dag.py:2273} INFO - Setting next_dagrun for example_xcom_args to None
[2021-03-16 13:44:47,930] {logging_mixin.py:104} INFO - [2021-03-16 13:44:47,929] {dag.py:2273} INFO - Setting next_dagrun for example_xcom_args_with_operators to None
[2021-03-16 13:44:47,950] {scheduler_job.py:190} INFO - Processing /home/airflow/.local/lib/python3.6/site-packages/airflow/example_dags/example_xcomargs.py took 0.222 seconds
[2021-03-16 13:45:18,300] {scheduler_job.py:182} INFO - Started process (PID=66) to work on /home/airflow/.local/lib/python3.6/site-packages/airflow/example_dags/example_xcomargs.py
[2021-03-16 13:45:18,302] {scheduler_job.py:629} INFO - Processing file /home/airflow/.local/lib/python3.6/site-packages/airflow/example_dags/example_xcomargs.py for tasks to queue
[2021-03-16 13:45:18,303] {logging_mixin.py:104} INFO - [2021-03-16 13:45:18,303] {dagbag.py:448} INFO - Filling up the DagBag from /home/airflow/.local/lib/python3.6/site-packages/airflow/example_dags/example_xcomargs.py
[2021-03-16 13:45:18,316] {scheduler_job.py:639} INFO - DAG(s) dict_keys(['example_xcom_args', 'example_xcom_args_with_operators']) retrieved from /home/airflow/.local/lib/python3.6/site-packages/airflow/example_dags/example_xcomargs.py
[2021-03-16 13:45:18,343] {logging_mixin.py:104} INFO - [2021-03-16 13:45:18,343] {dag.py:1818} INFO - Sync 2 DAGs
[2021-03-16 13:45:18,359] {logging_mixin.py:104} INFO - [2021-03-16 13:45:18,358] {dag.py:2273} INFO - Setting next_dagrun for example_xcom_args to None
[2021-03-16 13:45:18,360] {logging_mixin.py:104} INFO - [2021-03-16 13:45:18,360] {dag.py:2273} INFO - Setting next_dagrun for example_xcom_args_with_operators to None
[2021-03-16 13:45:18,371] {scheduler_job.py:190} INFO - Processing /home/airflow/.local/lib/python3.6/site-packages/airflow/example_dags/example_xcomargs.py took 0.074 seconds
[2021-03-16 13:45:49,072] {scheduler_job.py:182} INFO - Started process (PID=94) to work on /home/airflow/.local/lib/python3.6/site-packages/airflow/example_dags/example_xcomargs.py
[2021-03-16 13:45:49,079] {scheduler_job.py:629} INFO - Processing file /home/airflow/.local/lib/python3.6/site-packages/airflow/example_dags/example_xcomargs.py for tasks to queue
[2021-03-16 13:45:49,082] {logging_mixin.py:104} INFO - [2021-03-16 13:45:49,082] {dagbag.py:448} INFO - Filling up the DagBag from /home/airflow/.local/lib/python3.6/site-packages/airflow/example_dags/example_xcomargs.py
[2021-03-16 13:45:49,104] {scheduler_job.py:639} INFO - DAG(s) dict_keys(['example_xcom_args', 'example_xcom_args_with_operators']) retrieved from /home/airflow/.local/lib/python3.6/site-packages/airflow/example_dags/example_xcomargs.py
[2021-03-16 13:45:49,142] {logging_mixin.py:104} INFO - [2021-03-16 13:45:49,142] {dag.py:1818} INFO - Sync 2 DAGs
[2021-03-16 13:45:49,168] {logging_mixin.py:104} INFO - [2021-03-16 13:45:49,168] {dag.py:2273} INFO - Setting next_dagrun for example_xcom_args to None
[2021-03-16 13:45:49,170] {logging_mixin.py:104} INFO - [2021-03-16 13:45:49,170] {dag.py:2273} INFO - Setting next_dagrun for example_xcom_args_with_operators to None
[2021-03-16 13:45:49,185] {scheduler_job.py:190} INFO - Processing /home/airflow/.local/lib/python3.6/site-packages/airflow/example_dags/example_xcomargs.py took 0.118 seconds
[2021-03-16 13:46:20,037] {scheduler_job.py:182} INFO - Started process (PID=121) to work on /home/airflow/.local/lib/python3.6/site-packages/airflow/example_dags/example_xcomargs.py
[2021-03-16 13:46:20,042] {scheduler_job.py:629} INFO - Processing file /home/airflow/.local/lib/python3.6/site-packages/airflow/example_dags/example_xcomargs.py for tasks to queue
[2021-03-16 13:46:20,045] {logging_mixin.py:104} INFO - [2021-03-16 13:46:20,045] {dagbag.py:448} INFO - Filling up the DagBag from /home/airflow/.local/lib/python3.6/site-packages/airflow/example_dags/example_xcomargs.py
[2021-03-16 13:46:20,077] {scheduler_job.py:639} INFO - DAG(s) dict_keys(['example_xcom_args', 'example_xcom_args_with_operators']) retrieved from /home/airflow/.local/lib/python3.6/site-packages/airflow/example_dags/example_xcomargs.py
[2021-03-16 13:46:20,116] {logging_mixin.py:104} INFO - [2021-03-16 13:46:20,116] {dag.py:1818} INFO - Sync 2 DAGs
[2021-03-16 13:46:20,138] {logging_mixin.py:104} INFO - [2021-03-16 13:46:20,138] {dag.py:2273} INFO - Setting next_dagrun for example_xcom_args to None
[2021-03-16 13:46:20,141] {logging_mixin.py:104} INFO - [2021-03-16 13:46:20,140] {dag.py:2273} INFO - Setting next_dagrun for example_xcom_args_with_operators to None
[2021-03-16 13:46:20,155] {scheduler_job.py:190} INFO - Processing /home/airflow/.local/lib/python3.6/site-packages/airflow/example_dags/example_xcomargs.py took 0.125 seconds
[2021-03-16 13:46:50,905] {scheduler_job.py:182} INFO - Started process (PID=148) to work on /home/airflow/.local/lib/python3.6/site-packages/airflow/example_dags/example_xcomargs.py
[2021-03-16 13:46:50,908] {scheduler_job.py:629} INFO - Processing file /home/airflow/.local/lib/python3.6/site-packages/airflow/example_dags/example_xcomargs.py for tasks to queue
[2021-03-16 13:46:50,911] {logging_mixin.py:104} INFO - [2021-03-16 13:46:50,911] {dagbag.py:448} INFO - Filling up the DagBag from /home/airflow/.local/lib/python3.6/site-packages/airflow/example_dags/example_xcomargs.py
[2021-03-16 13:46:50,933] {scheduler_job.py:639} INFO - DAG(s) dict_keys(['example_xcom_args', 'example_xcom_args_with_operators']) retrieved from /home/airflow/.local/lib/python3.6/site-packages/airflow/example_dags/example_xcomargs.py
[2021-03-16 13:46:50,973] {logging_mixin.py:104} INFO - [2021-03-16 13:46:50,973] {dag.py:1818} INFO - Sync 2 DAGs
[2021-03-16 13:46:50,992] {logging_mixin.py:104} INFO - [2021-03-16 13:46:50,992] {dag.py:2273} INFO - Setting next_dagrun for example_xcom_args to None
[2021-03-16 13:46:50,994] {logging_mixin.py:104} INFO - [2021-03-16 13:46:50,994] {dag.py:2273} INFO - Setting next_dagrun for example_xcom_args_with_operators to None
[2021-03-16 13:46:51,008] {scheduler_job.py:190} INFO - Processing /home/airflow/.local/lib/python3.6/site-packages/airflow/example_dags/example_xcomargs.py took 0.108 seconds
