[2021-03-16 11:44:35,492] {scheduler_job.py:182} INFO - Started process (PID=32) to work on /home/airflow/.local/lib/python3.6/site-packages/airflow/example_dags/example_branch_operator.py
[2021-03-16 11:44:35,503] {scheduler_job.py:629} INFO - Processing file /home/airflow/.local/lib/python3.6/site-packages/airflow/example_dags/example_branch_operator.py for tasks to queue
[2021-03-16 11:44:35,516] {logging_mixin.py:104} INFO - [2021-03-16 11:44:35,515] {dagbag.py:448} INFO - Filling up the DagBag from /home/airflow/.local/lib/python3.6/site-packages/airflow/example_dags/example_branch_operator.py
[2021-03-16 11:44:35,628] {scheduler_job.py:639} INFO - DAG(s) dict_keys(['example_branch_operator']) retrieved from /home/airflow/.local/lib/python3.6/site-packages/airflow/example_dags/example_branch_operator.py
[2021-03-16 11:44:35,724] {logging_mixin.py:104} INFO - [2021-03-16 11:44:35,724] {dag.py:1818} INFO - Sync 1 DAGs
[2021-03-16 11:44:35,802] {logging_mixin.py:104} INFO - [2021-03-16 11:44:35,802] {dag.py:2273} INFO - Setting next_dagrun for example_branch_operator to 2021-03-14 00:00:00+00:00
[2021-03-16 11:44:35,854] {scheduler_job.py:190} INFO - Processing /home/airflow/.local/lib/python3.6/site-packages/airflow/example_dags/example_branch_operator.py took 0.369 seconds
[2021-03-16 11:46:13,737] {scheduler_job.py:182} INFO - Started process (PID=32) to work on /home/airflow/.local/lib/python3.6/site-packages/airflow/example_dags/example_branch_operator.py
[2021-03-16 11:46:13,742] {scheduler_job.py:629} INFO - Processing file /home/airflow/.local/lib/python3.6/site-packages/airflow/example_dags/example_branch_operator.py for tasks to queue
[2021-03-16 11:46:13,744] {logging_mixin.py:104} INFO - [2021-03-16 11:46:13,743] {dagbag.py:448} INFO - Filling up the DagBag from /home/airflow/.local/lib/python3.6/site-packages/airflow/example_dags/example_branch_operator.py
[2021-03-16 11:46:13,798] {scheduler_job.py:639} INFO - DAG(s) dict_keys(['example_branch_operator']) retrieved from /home/airflow/.local/lib/python3.6/site-packages/airflow/example_dags/example_branch_operator.py
[2021-03-16 11:46:13,954] {logging_mixin.py:104} INFO - [2021-03-16 11:46:13,954] {dag.py:1818} INFO - Sync 1 DAGs
[2021-03-16 11:46:14,028] {logging_mixin.py:104} INFO - [2021-03-16 11:46:14,028] {dag.py:2273} INFO - Setting next_dagrun for example_branch_operator to 2021-03-14 00:00:00+00:00
[2021-03-16 11:46:14,062] {scheduler_job.py:190} INFO - Processing /home/airflow/.local/lib/python3.6/site-packages/airflow/example_dags/example_branch_operator.py took 0.330 seconds
[2021-03-16 11:48:05,544] {scheduler_job.py:182} INFO - Started process (PID=52) to work on /home/airflow/.local/lib/python3.6/site-packages/airflow/example_dags/example_branch_operator.py
[2021-03-16 11:48:05,553] {scheduler_job.py:629} INFO - Processing file /home/airflow/.local/lib/python3.6/site-packages/airflow/example_dags/example_branch_operator.py for tasks to queue
[2021-03-16 11:48:05,565] {logging_mixin.py:104} INFO - [2021-03-16 11:48:05,562] {dagbag.py:448} INFO - Filling up the DagBag from /home/airflow/.local/lib/python3.6/site-packages/airflow/example_dags/example_branch_operator.py
[2021-03-16 11:48:05,593] {scheduler_job.py:639} INFO - DAG(s) dict_keys(['example_branch_operator']) retrieved from /home/airflow/.local/lib/python3.6/site-packages/airflow/example_dags/example_branch_operator.py
[2021-03-16 11:48:05,635] {logging_mixin.py:104} INFO - [2021-03-16 11:48:05,635] {dag.py:1818} INFO - Sync 1 DAGs
[2021-03-16 11:48:05,671] {logging_mixin.py:104} INFO - [2021-03-16 11:48:05,670] {dag.py:2273} INFO - Setting next_dagrun for example_branch_operator to 2021-03-14 00:00:00+00:00
[2021-03-16 11:48:05,685] {scheduler_job.py:190} INFO - Processing /home/airflow/.local/lib/python3.6/site-packages/airflow/example_dags/example_branch_operator.py took 0.146 seconds
[2021-03-16 11:48:36,223] {scheduler_job.py:182} INFO - Started process (PID=79) to work on /home/airflow/.local/lib/python3.6/site-packages/airflow/example_dags/example_branch_operator.py
[2021-03-16 11:48:36,225] {scheduler_job.py:629} INFO - Processing file /home/airflow/.local/lib/python3.6/site-packages/airflow/example_dags/example_branch_operator.py for tasks to queue
[2021-03-16 11:48:36,226] {logging_mixin.py:104} INFO - [2021-03-16 11:48:36,226] {dagbag.py:448} INFO - Filling up the DagBag from /home/airflow/.local/lib/python3.6/site-packages/airflow/example_dags/example_branch_operator.py
[2021-03-16 11:48:36,245] {scheduler_job.py:639} INFO - DAG(s) dict_keys(['example_branch_operator']) retrieved from /home/airflow/.local/lib/python3.6/site-packages/airflow/example_dags/example_branch_operator.py
[2021-03-16 11:48:36,273] {logging_mixin.py:104} INFO - [2021-03-16 11:48:36,273] {dag.py:1818} INFO - Sync 1 DAGs
[2021-03-16 11:48:36,298] {logging_mixin.py:104} INFO - [2021-03-16 11:48:36,298] {dag.py:2273} INFO - Setting next_dagrun for example_branch_operator to 2021-03-14 00:00:00+00:00
[2021-03-16 11:48:36,307] {scheduler_job.py:190} INFO - Processing /home/airflow/.local/lib/python3.6/site-packages/airflow/example_dags/example_branch_operator.py took 0.088 seconds
[2021-03-16 11:49:06,866] {scheduler_job.py:182} INFO - Started process (PID=106) to work on /home/airflow/.local/lib/python3.6/site-packages/airflow/example_dags/example_branch_operator.py
[2021-03-16 11:49:06,869] {scheduler_job.py:629} INFO - Processing file /home/airflow/.local/lib/python3.6/site-packages/airflow/example_dags/example_branch_operator.py for tasks to queue
[2021-03-16 11:49:06,870] {logging_mixin.py:104} INFO - [2021-03-16 11:49:06,870] {dagbag.py:448} INFO - Filling up the DagBag from /home/airflow/.local/lib/python3.6/site-packages/airflow/example_dags/example_branch_operator.py
[2021-03-16 11:49:06,890] {scheduler_job.py:639} INFO - DAG(s) dict_keys(['example_branch_operator']) retrieved from /home/airflow/.local/lib/python3.6/site-packages/airflow/example_dags/example_branch_operator.py
[2021-03-16 11:49:06,921] {logging_mixin.py:104} INFO - [2021-03-16 11:49:06,920] {dag.py:1818} INFO - Sync 1 DAGs
[2021-03-16 11:49:06,948] {logging_mixin.py:104} INFO - [2021-03-16 11:49:06,948] {dag.py:2273} INFO - Setting next_dagrun for example_branch_operator to 2021-03-14 00:00:00+00:00
[2021-03-16 11:49:06,959] {scheduler_job.py:190} INFO - Processing /home/airflow/.local/lib/python3.6/site-packages/airflow/example_dags/example_branch_operator.py took 0.097 seconds
[2021-03-16 11:49:37,678] {scheduler_job.py:182} INFO - Started process (PID=133) to work on /home/airflow/.local/lib/python3.6/site-packages/airflow/example_dags/example_branch_operator.py
[2021-03-16 11:49:37,681] {scheduler_job.py:629} INFO - Processing file /home/airflow/.local/lib/python3.6/site-packages/airflow/example_dags/example_branch_operator.py for tasks to queue
[2021-03-16 11:49:37,683] {logging_mixin.py:104} INFO - [2021-03-16 11:49:37,682] {dagbag.py:448} INFO - Filling up the DagBag from /home/airflow/.local/lib/python3.6/site-packages/airflow/example_dags/example_branch_operator.py
[2021-03-16 11:49:37,701] {scheduler_job.py:639} INFO - DAG(s) dict_keys(['example_branch_operator']) retrieved from /home/airflow/.local/lib/python3.6/site-packages/airflow/example_dags/example_branch_operator.py
[2021-03-16 11:49:37,725] {logging_mixin.py:104} INFO - [2021-03-16 11:49:37,725] {dag.py:1818} INFO - Sync 1 DAGs
[2021-03-16 11:49:37,754] {logging_mixin.py:104} INFO - [2021-03-16 11:49:37,754] {dag.py:2273} INFO - Setting next_dagrun for example_branch_operator to 2021-03-14 00:00:00+00:00
[2021-03-16 11:49:37,765] {scheduler_job.py:190} INFO - Processing /home/airflow/.local/lib/python3.6/site-packages/airflow/example_dags/example_branch_operator.py took 0.091 seconds
[2021-03-16 11:50:08,247] {scheduler_job.py:182} INFO - Started process (PID=160) to work on /home/airflow/.local/lib/python3.6/site-packages/airflow/example_dags/example_branch_operator.py
[2021-03-16 11:50:08,249] {scheduler_job.py:629} INFO - Processing file /home/airflow/.local/lib/python3.6/site-packages/airflow/example_dags/example_branch_operator.py for tasks to queue
[2021-03-16 11:50:08,250] {logging_mixin.py:104} INFO - [2021-03-16 11:50:08,250] {dagbag.py:448} INFO - Filling up the DagBag from /home/airflow/.local/lib/python3.6/site-packages/airflow/example_dags/example_branch_operator.py
[2021-03-16 11:50:08,269] {scheduler_job.py:639} INFO - DAG(s) dict_keys(['example_branch_operator']) retrieved from /home/airflow/.local/lib/python3.6/site-packages/airflow/example_dags/example_branch_operator.py
[2021-03-16 11:50:08,296] {logging_mixin.py:104} INFO - [2021-03-16 11:50:08,296] {dag.py:1818} INFO - Sync 1 DAGs
[2021-03-16 11:50:08,321] {logging_mixin.py:104} INFO - [2021-03-16 11:50:08,321] {dag.py:2273} INFO - Setting next_dagrun for example_branch_operator to 2021-03-14 00:00:00+00:00
[2021-03-16 11:50:08,332] {scheduler_job.py:190} INFO - Processing /home/airflow/.local/lib/python3.6/site-packages/airflow/example_dags/example_branch_operator.py took 0.089 seconds
[2021-03-16 11:50:38,822] {scheduler_job.py:182} INFO - Started process (PID=187) to work on /home/airflow/.local/lib/python3.6/site-packages/airflow/example_dags/example_branch_operator.py
[2021-03-16 11:50:38,824] {scheduler_job.py:629} INFO - Processing file /home/airflow/.local/lib/python3.6/site-packages/airflow/example_dags/example_branch_operator.py for tasks to queue
[2021-03-16 11:50:38,826] {logging_mixin.py:104} INFO - [2021-03-16 11:50:38,826] {dagbag.py:448} INFO - Filling up the DagBag from /home/airflow/.local/lib/python3.6/site-packages/airflow/example_dags/example_branch_operator.py
[2021-03-16 11:50:38,843] {scheduler_job.py:639} INFO - DAG(s) dict_keys(['example_branch_operator']) retrieved from /home/airflow/.local/lib/python3.6/site-packages/airflow/example_dags/example_branch_operator.py
[2021-03-16 11:50:38,869] {logging_mixin.py:104} INFO - [2021-03-16 11:50:38,869] {dag.py:1818} INFO - Sync 1 DAGs
[2021-03-16 11:50:38,891] {logging_mixin.py:104} INFO - [2021-03-16 11:50:38,891] {dag.py:2273} INFO - Setting next_dagrun for example_branch_operator to 2021-03-14 00:00:00+00:00
[2021-03-16 11:50:38,902] {scheduler_job.py:190} INFO - Processing /home/airflow/.local/lib/python3.6/site-packages/airflow/example_dags/example_branch_operator.py took 0.085 seconds
[2021-03-16 11:55:40,700] {scheduler_job.py:182} INFO - Started process (PID=25) to work on /home/airflow/.local/lib/python3.6/site-packages/airflow/example_dags/example_branch_operator.py
[2021-03-16 11:55:40,705] {scheduler_job.py:629} INFO - Processing file /home/airflow/.local/lib/python3.6/site-packages/airflow/example_dags/example_branch_operator.py for tasks to queue
[2021-03-16 11:55:40,711] {logging_mixin.py:104} INFO - [2021-03-16 11:55:40,711] {dagbag.py:448} INFO - Filling up the DagBag from /home/airflow/.local/lib/python3.6/site-packages/airflow/example_dags/example_branch_operator.py
[2021-03-16 11:55:40,799] {scheduler_job.py:639} INFO - DAG(s) dict_keys(['example_branch_operator']) retrieved from /home/airflow/.local/lib/python3.6/site-packages/airflow/example_dags/example_branch_operator.py
[2021-03-16 11:55:40,865] {logging_mixin.py:104} INFO - [2021-03-16 11:55:40,865] {dag.py:1818} INFO - Sync 1 DAGs
[2021-03-16 11:55:40,947] {logging_mixin.py:104} INFO - [2021-03-16 11:55:40,947] {dag.py:2273} INFO - Setting next_dagrun for example_branch_operator to 2021-03-14 00:00:00+00:00
[2021-03-16 11:55:41,013] {scheduler_job.py:190} INFO - Processing /home/airflow/.local/lib/python3.6/site-packages/airflow/example_dags/example_branch_operator.py took 0.317 seconds
[2021-03-16 13:40:17,079] {scheduler_job.py:182} INFO - Started process (PID=49) to work on /home/airflow/.local/lib/python3.6/site-packages/airflow/example_dags/example_branch_operator.py
[2021-03-16 13:40:17,082] {scheduler_job.py:629} INFO - Processing file /home/airflow/.local/lib/python3.6/site-packages/airflow/example_dags/example_branch_operator.py for tasks to queue
[2021-03-16 13:40:17,084] {logging_mixin.py:104} INFO - [2021-03-16 13:40:17,083] {dagbag.py:448} INFO - Filling up the DagBag from /home/airflow/.local/lib/python3.6/site-packages/airflow/example_dags/example_branch_operator.py
[2021-03-16 13:40:17,126] {scheduler_job.py:639} INFO - DAG(s) dict_keys(['example_branch_operator']) retrieved from /home/airflow/.local/lib/python3.6/site-packages/airflow/example_dags/example_branch_operator.py
[2021-03-16 13:40:17,193] {logging_mixin.py:104} INFO - [2021-03-16 13:40:17,193] {dag.py:1818} INFO - Sync 1 DAGs
[2021-03-16 13:40:17,255] {logging_mixin.py:104} INFO - [2021-03-16 13:40:17,255] {dag.py:2273} INFO - Setting next_dagrun for example_branch_operator to 2021-03-14 00:00:00+00:00
[2021-03-16 13:40:17,311] {scheduler_job.py:190} INFO - Processing /home/airflow/.local/lib/python3.6/site-packages/airflow/example_dags/example_branch_operator.py took 0.241 seconds
[2021-03-16 13:40:47,882] {scheduler_job.py:182} INFO - Started process (PID=75) to work on /home/airflow/.local/lib/python3.6/site-packages/airflow/example_dags/example_branch_operator.py
[2021-03-16 13:40:47,884] {scheduler_job.py:629} INFO - Processing file /home/airflow/.local/lib/python3.6/site-packages/airflow/example_dags/example_branch_operator.py for tasks to queue
[2021-03-16 13:40:47,886] {logging_mixin.py:104} INFO - [2021-03-16 13:40:47,886] {dagbag.py:448} INFO - Filling up the DagBag from /home/airflow/.local/lib/python3.6/site-packages/airflow/example_dags/example_branch_operator.py
[2021-03-16 13:40:47,905] {scheduler_job.py:639} INFO - DAG(s) dict_keys(['example_branch_operator']) retrieved from /home/airflow/.local/lib/python3.6/site-packages/airflow/example_dags/example_branch_operator.py
[2021-03-16 13:40:47,931] {logging_mixin.py:104} INFO - [2021-03-16 13:40:47,931] {dag.py:1818} INFO - Sync 1 DAGs
[2021-03-16 13:40:47,960] {logging_mixin.py:104} INFO - [2021-03-16 13:40:47,960] {dag.py:2273} INFO - Setting next_dagrun for example_branch_operator to 2021-03-14 00:00:00+00:00
[2021-03-16 13:40:47,974] {scheduler_job.py:190} INFO - Processing /home/airflow/.local/lib/python3.6/site-packages/airflow/example_dags/example_branch_operator.py took 0.097 seconds
[2021-03-16 13:41:18,303] {scheduler_job.py:182} INFO - Started process (PID=102) to work on /home/airflow/.local/lib/python3.6/site-packages/airflow/example_dags/example_branch_operator.py
[2021-03-16 13:41:18,305] {scheduler_job.py:629} INFO - Processing file /home/airflow/.local/lib/python3.6/site-packages/airflow/example_dags/example_branch_operator.py for tasks to queue
[2021-03-16 13:41:18,306] {logging_mixin.py:104} INFO - [2021-03-16 13:41:18,306] {dagbag.py:448} INFO - Filling up the DagBag from /home/airflow/.local/lib/python3.6/site-packages/airflow/example_dags/example_branch_operator.py
[2021-03-16 13:41:18,325] {scheduler_job.py:639} INFO - DAG(s) dict_keys(['example_branch_operator']) retrieved from /home/airflow/.local/lib/python3.6/site-packages/airflow/example_dags/example_branch_operator.py
[2021-03-16 13:41:18,355] {logging_mixin.py:104} INFO - [2021-03-16 13:41:18,355] {dag.py:1818} INFO - Sync 1 DAGs
[2021-03-16 13:41:18,383] {logging_mixin.py:104} INFO - [2021-03-16 13:41:18,383] {dag.py:2273} INFO - Setting next_dagrun for example_branch_operator to 2021-03-14 00:00:00+00:00
[2021-03-16 13:41:18,396] {scheduler_job.py:190} INFO - Processing /home/airflow/.local/lib/python3.6/site-packages/airflow/example_dags/example_branch_operator.py took 0.097 seconds
[2021-03-16 13:41:49,021] {scheduler_job.py:182} INFO - Started process (PID=129) to work on /home/airflow/.local/lib/python3.6/site-packages/airflow/example_dags/example_branch_operator.py
[2021-03-16 13:41:49,023] {scheduler_job.py:629} INFO - Processing file /home/airflow/.local/lib/python3.6/site-packages/airflow/example_dags/example_branch_operator.py for tasks to queue
[2021-03-16 13:41:49,026] {logging_mixin.py:104} INFO - [2021-03-16 13:41:49,026] {dagbag.py:448} INFO - Filling up the DagBag from /home/airflow/.local/lib/python3.6/site-packages/airflow/example_dags/example_branch_operator.py
[2021-03-16 13:41:49,052] {scheduler_job.py:639} INFO - DAG(s) dict_keys(['example_branch_operator']) retrieved from /home/airflow/.local/lib/python3.6/site-packages/airflow/example_dags/example_branch_operator.py
[2021-03-16 13:41:49,087] {logging_mixin.py:104} INFO - [2021-03-16 13:41:49,086] {dag.py:1818} INFO - Sync 1 DAGs
[2021-03-16 13:41:49,115] {logging_mixin.py:104} INFO - [2021-03-16 13:41:49,115] {dag.py:2273} INFO - Setting next_dagrun for example_branch_operator to 2021-03-14 00:00:00+00:00
[2021-03-16 13:41:49,131] {scheduler_job.py:190} INFO - Processing /home/airflow/.local/lib/python3.6/site-packages/airflow/example_dags/example_branch_operator.py took 0.115 seconds
[2021-03-16 13:42:56,539] {scheduler_job.py:182} INFO - Started process (PID=35) to work on /home/airflow/.local/lib/python3.6/site-packages/airflow/example_dags/example_branch_operator.py
[2021-03-16 13:42:56,543] {scheduler_job.py:629} INFO - Processing file /home/airflow/.local/lib/python3.6/site-packages/airflow/example_dags/example_branch_operator.py for tasks to queue
[2021-03-16 13:42:56,546] {logging_mixin.py:104} INFO - [2021-03-16 13:42:56,545] {dagbag.py:448} INFO - Filling up the DagBag from /home/airflow/.local/lib/python3.6/site-packages/airflow/example_dags/example_branch_operator.py
[2021-03-16 13:42:56,594] {scheduler_job.py:639} INFO - DAG(s) dict_keys(['example_branch_operator']) retrieved from /home/airflow/.local/lib/python3.6/site-packages/airflow/example_dags/example_branch_operator.py
[2021-03-16 13:42:56,720] {logging_mixin.py:104} INFO - [2021-03-16 13:42:56,720] {dag.py:1818} INFO - Sync 1 DAGs
[2021-03-16 13:42:56,787] {logging_mixin.py:104} INFO - [2021-03-16 13:42:56,787] {dag.py:2273} INFO - Setting next_dagrun for example_branch_operator to 2021-03-14 00:00:00+00:00
[2021-03-16 13:42:56,818] {scheduler_job.py:190} INFO - Processing /home/airflow/.local/lib/python3.6/site-packages/airflow/example_dags/example_branch_operator.py took 0.285 seconds
[2021-03-16 13:43:27,323] {scheduler_job.py:182} INFO - Started process (PID=62) to work on /home/airflow/.local/lib/python3.6/site-packages/airflow/example_dags/example_branch_operator.py
[2021-03-16 13:43:27,325] {scheduler_job.py:629} INFO - Processing file /home/airflow/.local/lib/python3.6/site-packages/airflow/example_dags/example_branch_operator.py for tasks to queue
[2021-03-16 13:43:27,326] {logging_mixin.py:104} INFO - [2021-03-16 13:43:27,326] {dagbag.py:448} INFO - Filling up the DagBag from /home/airflow/.local/lib/python3.6/site-packages/airflow/example_dags/example_branch_operator.py
[2021-03-16 13:43:27,344] {scheduler_job.py:639} INFO - DAG(s) dict_keys(['example_branch_operator']) retrieved from /home/airflow/.local/lib/python3.6/site-packages/airflow/example_dags/example_branch_operator.py
[2021-03-16 13:43:27,368] {logging_mixin.py:104} INFO - [2021-03-16 13:43:27,368] {dag.py:1818} INFO - Sync 1 DAGs
[2021-03-16 13:43:27,394] {logging_mixin.py:104} INFO - [2021-03-16 13:43:27,394] {dag.py:2273} INFO - Setting next_dagrun for example_branch_operator to 2021-03-14 00:00:00+00:00
[2021-03-16 13:43:27,405] {scheduler_job.py:190} INFO - Processing /home/airflow/.local/lib/python3.6/site-packages/airflow/example_dags/example_branch_operator.py took 0.086 seconds
[2021-03-16 13:44:46,641] {scheduler_job.py:182} INFO - Started process (PID=37) to work on /home/airflow/.local/lib/python3.6/site-packages/airflow/example_dags/example_branch_operator.py
[2021-03-16 13:44:46,644] {scheduler_job.py:629} INFO - Processing file /home/airflow/.local/lib/python3.6/site-packages/airflow/example_dags/example_branch_operator.py for tasks to queue
[2021-03-16 13:44:46,660] {logging_mixin.py:104} INFO - [2021-03-16 13:44:46,657] {dagbag.py:448} INFO - Filling up the DagBag from /home/airflow/.local/lib/python3.6/site-packages/airflow/example_dags/example_branch_operator.py
[2021-03-16 13:44:46,750] {scheduler_job.py:639} INFO - DAG(s) dict_keys(['example_branch_operator']) retrieved from /home/airflow/.local/lib/python3.6/site-packages/airflow/example_dags/example_branch_operator.py
[2021-03-16 13:44:46,941] {logging_mixin.py:104} INFO - [2021-03-16 13:44:46,941] {dag.py:1818} INFO - Sync 1 DAGs
[2021-03-16 13:44:47,064] {logging_mixin.py:104} INFO - [2021-03-16 13:44:47,064] {dag.py:2273} INFO - Setting next_dagrun for example_branch_operator to 2021-03-14 00:00:00+00:00
[2021-03-16 13:44:47,141] {scheduler_job.py:190} INFO - Processing /home/airflow/.local/lib/python3.6/site-packages/airflow/example_dags/example_branch_operator.py took 0.509 seconds
[2021-03-16 13:45:17,197] {scheduler_job.py:182} INFO - Started process (PID=63) to work on /home/airflow/.local/lib/python3.6/site-packages/airflow/example_dags/example_branch_operator.py
[2021-03-16 13:45:17,200] {scheduler_job.py:629} INFO - Processing file /home/airflow/.local/lib/python3.6/site-packages/airflow/example_dags/example_branch_operator.py for tasks to queue
[2021-03-16 13:45:17,202] {logging_mixin.py:104} INFO - [2021-03-16 13:45:17,202] {dagbag.py:448} INFO - Filling up the DagBag from /home/airflow/.local/lib/python3.6/site-packages/airflow/example_dags/example_branch_operator.py
[2021-03-16 13:45:17,219] {scheduler_job.py:639} INFO - DAG(s) dict_keys(['example_branch_operator']) retrieved from /home/airflow/.local/lib/python3.6/site-packages/airflow/example_dags/example_branch_operator.py
[2021-03-16 13:45:17,244] {logging_mixin.py:104} INFO - [2021-03-16 13:45:17,244] {dag.py:1818} INFO - Sync 1 DAGs
[2021-03-16 13:45:17,266] {logging_mixin.py:104} INFO - [2021-03-16 13:45:17,266] {dag.py:2273} INFO - Setting next_dagrun for example_branch_operator to 2021-03-14 00:00:00+00:00
[2021-03-16 13:45:17,275] {scheduler_job.py:190} INFO - Processing /home/airflow/.local/lib/python3.6/site-packages/airflow/example_dags/example_branch_operator.py took 0.083 seconds
[2021-03-16 13:45:47,826] {scheduler_job.py:182} INFO - Started process (PID=91) to work on /home/airflow/.local/lib/python3.6/site-packages/airflow/example_dags/example_branch_operator.py
[2021-03-16 13:45:47,829] {scheduler_job.py:629} INFO - Processing file /home/airflow/.local/lib/python3.6/site-packages/airflow/example_dags/example_branch_operator.py for tasks to queue
[2021-03-16 13:45:47,831] {logging_mixin.py:104} INFO - [2021-03-16 13:45:47,831] {dagbag.py:448} INFO - Filling up the DagBag from /home/airflow/.local/lib/python3.6/site-packages/airflow/example_dags/example_branch_operator.py
[2021-03-16 13:45:47,851] {scheduler_job.py:639} INFO - DAG(s) dict_keys(['example_branch_operator']) retrieved from /home/airflow/.local/lib/python3.6/site-packages/airflow/example_dags/example_branch_operator.py
[2021-03-16 13:45:47,880] {logging_mixin.py:104} INFO - [2021-03-16 13:45:47,880] {dag.py:1818} INFO - Sync 1 DAGs
[2021-03-16 13:45:47,929] {logging_mixin.py:104} INFO - [2021-03-16 13:45:47,929] {dag.py:2273} INFO - Setting next_dagrun for example_branch_operator to 2021-03-14 00:00:00+00:00
[2021-03-16 13:45:47,956] {scheduler_job.py:190} INFO - Processing /home/airflow/.local/lib/python3.6/site-packages/airflow/example_dags/example_branch_operator.py took 0.134 seconds
[2021-03-16 13:46:18,731] {scheduler_job.py:182} INFO - Started process (PID=118) to work on /home/airflow/.local/lib/python3.6/site-packages/airflow/example_dags/example_branch_operator.py
[2021-03-16 13:46:18,734] {scheduler_job.py:629} INFO - Processing file /home/airflow/.local/lib/python3.6/site-packages/airflow/example_dags/example_branch_operator.py for tasks to queue
[2021-03-16 13:46:18,736] {logging_mixin.py:104} INFO - [2021-03-16 13:46:18,735] {dagbag.py:448} INFO - Filling up the DagBag from /home/airflow/.local/lib/python3.6/site-packages/airflow/example_dags/example_branch_operator.py
[2021-03-16 13:46:18,763] {scheduler_job.py:639} INFO - DAG(s) dict_keys(['example_branch_operator']) retrieved from /home/airflow/.local/lib/python3.6/site-packages/airflow/example_dags/example_branch_operator.py
[2021-03-16 13:46:18,814] {logging_mixin.py:104} INFO - [2021-03-16 13:46:18,814] {dag.py:1818} INFO - Sync 1 DAGs
[2021-03-16 13:46:18,864] {logging_mixin.py:104} INFO - [2021-03-16 13:46:18,864] {dag.py:2273} INFO - Setting next_dagrun for example_branch_operator to 2021-03-14 00:00:00+00:00
[2021-03-16 13:46:18,884] {scheduler_job.py:190} INFO - Processing /home/airflow/.local/lib/python3.6/site-packages/airflow/example_dags/example_branch_operator.py took 0.160 seconds
[2021-03-16 13:46:49,786] {scheduler_job.py:182} INFO - Started process (PID=145) to work on /home/airflow/.local/lib/python3.6/site-packages/airflow/example_dags/example_branch_operator.py
[2021-03-16 13:46:49,788] {scheduler_job.py:629} INFO - Processing file /home/airflow/.local/lib/python3.6/site-packages/airflow/example_dags/example_branch_operator.py for tasks to queue
[2021-03-16 13:46:49,790] {logging_mixin.py:104} INFO - [2021-03-16 13:46:49,790] {dagbag.py:448} INFO - Filling up the DagBag from /home/airflow/.local/lib/python3.6/site-packages/airflow/example_dags/example_branch_operator.py
[2021-03-16 13:46:49,807] {scheduler_job.py:639} INFO - DAG(s) dict_keys(['example_branch_operator']) retrieved from /home/airflow/.local/lib/python3.6/site-packages/airflow/example_dags/example_branch_operator.py
[2021-03-16 13:46:49,834] {logging_mixin.py:104} INFO - [2021-03-16 13:46:49,834] {dag.py:1818} INFO - Sync 1 DAGs
[2021-03-16 13:46:49,856] {logging_mixin.py:104} INFO - [2021-03-16 13:46:49,855] {dag.py:2273} INFO - Setting next_dagrun for example_branch_operator to 2021-03-14 00:00:00+00:00
[2021-03-16 13:46:49,865] {scheduler_job.py:190} INFO - Processing /home/airflow/.local/lib/python3.6/site-packages/airflow/example_dags/example_branch_operator.py took 0.084 seconds
