[2021-03-16 11:44:41,147] {scheduler_job.py:182} INFO - Started process (PID=51) to work on /home/airflow/.local/lib/python3.6/site-packages/airflow/example_dags/example_kubernetes_executor_config.py
[2021-03-16 11:44:41,155] {scheduler_job.py:629} INFO - Processing file /home/airflow/.local/lib/python3.6/site-packages/airflow/example_dags/example_kubernetes_executor_config.py for tasks to queue
[2021-03-16 11:44:41,159] {logging_mixin.py:104} INFO - [2021-03-16 11:44:41,159] {dagbag.py:448} INFO - Filling up the DagBag from /home/airflow/.local/lib/python3.6/site-packages/airflow/example_dags/example_kubernetes_executor_config.py
[2021-03-16 11:44:41,204] {scheduler_job.py:639} INFO - DAG(s) dict_keys(['example_kubernetes_executor_config']) retrieved from /home/airflow/.local/lib/python3.6/site-packages/airflow/example_dags/example_kubernetes_executor_config.py
[2021-03-16 11:44:41,274] {logging_mixin.py:104} INFO - [2021-03-16 11:44:41,274] {dag.py:1818} INFO - Sync 1 DAGs
[2021-03-16 11:44:41,313] {logging_mixin.py:104} INFO - [2021-03-16 11:44:41,313] {dag.py:2273} INFO - Setting next_dagrun for example_kubernetes_executor_config to None
[2021-03-16 11:44:41,338] {scheduler_job.py:190} INFO - Processing /home/airflow/.local/lib/python3.6/site-packages/airflow/example_dags/example_kubernetes_executor_config.py took 0.205 seconds
[2021-03-16 11:46:15,305] {scheduler_job.py:182} INFO - Started process (PID=43) to work on /home/airflow/.local/lib/python3.6/site-packages/airflow/example_dags/example_kubernetes_executor_config.py
[2021-03-16 11:46:15,308] {scheduler_job.py:629} INFO - Processing file /home/airflow/.local/lib/python3.6/site-packages/airflow/example_dags/example_kubernetes_executor_config.py for tasks to queue
[2021-03-16 11:46:15,310] {logging_mixin.py:104} INFO - [2021-03-16 11:46:15,310] {dagbag.py:448} INFO - Filling up the DagBag from /home/airflow/.local/lib/python3.6/site-packages/airflow/example_dags/example_kubernetes_executor_config.py
[2021-03-16 11:46:15,332] {scheduler_job.py:639} INFO - DAG(s) dict_keys(['example_kubernetes_executor_config']) retrieved from /home/airflow/.local/lib/python3.6/site-packages/airflow/example_dags/example_kubernetes_executor_config.py
[2021-03-16 11:46:15,388] {logging_mixin.py:104} INFO - [2021-03-16 11:46:15,388] {dag.py:1818} INFO - Sync 1 DAGs
[2021-03-16 11:46:15,434] {logging_mixin.py:104} INFO - [2021-03-16 11:46:15,432] {dag.py:2273} INFO - Setting next_dagrun for example_kubernetes_executor_config to None
[2021-03-16 11:46:15,467] {scheduler_job.py:190} INFO - Processing /home/airflow/.local/lib/python3.6/site-packages/airflow/example_dags/example_kubernetes_executor_config.py took 0.174 seconds
[2021-03-16 11:48:03,456] {scheduler_job.py:182} INFO - Started process (PID=35) to work on /home/airflow/.local/lib/python3.6/site-packages/airflow/example_dags/example_kubernetes_executor_config.py
[2021-03-16 11:48:03,462] {scheduler_job.py:629} INFO - Processing file /home/airflow/.local/lib/python3.6/site-packages/airflow/example_dags/example_kubernetes_executor_config.py for tasks to queue
[2021-03-16 11:48:03,469] {logging_mixin.py:104} INFO - [2021-03-16 11:48:03,469] {dagbag.py:448} INFO - Filling up the DagBag from /home/airflow/.local/lib/python3.6/site-packages/airflow/example_dags/example_kubernetes_executor_config.py
[2021-03-16 11:48:03,531] {scheduler_job.py:639} INFO - DAG(s) dict_keys(['example_kubernetes_executor_config']) retrieved from /home/airflow/.local/lib/python3.6/site-packages/airflow/example_dags/example_kubernetes_executor_config.py
[2021-03-16 11:48:03,650] {logging_mixin.py:104} INFO - [2021-03-16 11:48:03,649] {dag.py:1818} INFO - Sync 1 DAGs
[2021-03-16 11:48:03,725] {logging_mixin.py:104} INFO - [2021-03-16 11:48:03,725] {dag.py:2273} INFO - Setting next_dagrun for example_kubernetes_executor_config to None
[2021-03-16 11:48:03,782] {scheduler_job.py:190} INFO - Processing /home/airflow/.local/lib/python3.6/site-packages/airflow/example_dags/example_kubernetes_executor_config.py took 0.351 seconds
[2021-03-16 11:48:34,333] {scheduler_job.py:182} INFO - Started process (PID=63) to work on /home/airflow/.local/lib/python3.6/site-packages/airflow/example_dags/example_kubernetes_executor_config.py
[2021-03-16 11:48:34,335] {scheduler_job.py:629} INFO - Processing file /home/airflow/.local/lib/python3.6/site-packages/airflow/example_dags/example_kubernetes_executor_config.py for tasks to queue
[2021-03-16 11:48:34,338] {logging_mixin.py:104} INFO - [2021-03-16 11:48:34,338] {dagbag.py:448} INFO - Filling up the DagBag from /home/airflow/.local/lib/python3.6/site-packages/airflow/example_dags/example_kubernetes_executor_config.py
[2021-03-16 11:48:34,357] {scheduler_job.py:639} INFO - DAG(s) dict_keys(['example_kubernetes_executor_config']) retrieved from /home/airflow/.local/lib/python3.6/site-packages/airflow/example_dags/example_kubernetes_executor_config.py
[2021-03-16 11:48:34,387] {logging_mixin.py:104} INFO - [2021-03-16 11:48:34,387] {dag.py:1818} INFO - Sync 1 DAGs
[2021-03-16 11:48:34,408] {logging_mixin.py:104} INFO - [2021-03-16 11:48:34,408] {dag.py:2273} INFO - Setting next_dagrun for example_kubernetes_executor_config to None
[2021-03-16 11:48:34,421] {scheduler_job.py:190} INFO - Processing /home/airflow/.local/lib/python3.6/site-packages/airflow/example_dags/example_kubernetes_executor_config.py took 0.092 seconds
[2021-03-16 11:49:05,018] {scheduler_job.py:182} INFO - Started process (PID=92) to work on /home/airflow/.local/lib/python3.6/site-packages/airflow/example_dags/example_kubernetes_executor_config.py
[2021-03-16 11:49:05,020] {scheduler_job.py:629} INFO - Processing file /home/airflow/.local/lib/python3.6/site-packages/airflow/example_dags/example_kubernetes_executor_config.py for tasks to queue
[2021-03-16 11:49:05,021] {logging_mixin.py:104} INFO - [2021-03-16 11:49:05,021] {dagbag.py:448} INFO - Filling up the DagBag from /home/airflow/.local/lib/python3.6/site-packages/airflow/example_dags/example_kubernetes_executor_config.py
[2021-03-16 11:49:05,041] {scheduler_job.py:639} INFO - DAG(s) dict_keys(['example_kubernetes_executor_config']) retrieved from /home/airflow/.local/lib/python3.6/site-packages/airflow/example_dags/example_kubernetes_executor_config.py
[2021-03-16 11:49:05,071] {logging_mixin.py:104} INFO - [2021-03-16 11:49:05,070] {dag.py:1818} INFO - Sync 1 DAGs
[2021-03-16 11:49:05,097] {logging_mixin.py:104} INFO - [2021-03-16 11:49:05,097] {dag.py:2273} INFO - Setting next_dagrun for example_kubernetes_executor_config to None
[2021-03-16 11:49:05,108] {scheduler_job.py:190} INFO - Processing /home/airflow/.local/lib/python3.6/site-packages/airflow/example_dags/example_kubernetes_executor_config.py took 0.094 seconds
[2021-03-16 11:49:35,853] {scheduler_job.py:182} INFO - Started process (PID=119) to work on /home/airflow/.local/lib/python3.6/site-packages/airflow/example_dags/example_kubernetes_executor_config.py
[2021-03-16 11:49:35,857] {scheduler_job.py:629} INFO - Processing file /home/airflow/.local/lib/python3.6/site-packages/airflow/example_dags/example_kubernetes_executor_config.py for tasks to queue
[2021-03-16 11:49:35,860] {logging_mixin.py:104} INFO - [2021-03-16 11:49:35,860] {dagbag.py:448} INFO - Filling up the DagBag from /home/airflow/.local/lib/python3.6/site-packages/airflow/example_dags/example_kubernetes_executor_config.py
[2021-03-16 11:49:35,884] {scheduler_job.py:639} INFO - DAG(s) dict_keys(['example_kubernetes_executor_config']) retrieved from /home/airflow/.local/lib/python3.6/site-packages/airflow/example_dags/example_kubernetes_executor_config.py
[2021-03-16 11:49:35,918] {logging_mixin.py:104} INFO - [2021-03-16 11:49:35,918] {dag.py:1818} INFO - Sync 1 DAGs
[2021-03-16 11:49:35,946] {logging_mixin.py:104} INFO - [2021-03-16 11:49:35,946] {dag.py:2273} INFO - Setting next_dagrun for example_kubernetes_executor_config to None
[2021-03-16 11:49:35,958] {scheduler_job.py:190} INFO - Processing /home/airflow/.local/lib/python3.6/site-packages/airflow/example_dags/example_kubernetes_executor_config.py took 0.109 seconds
[2021-03-16 11:50:06,503] {scheduler_job.py:182} INFO - Started process (PID=146) to work on /home/airflow/.local/lib/python3.6/site-packages/airflow/example_dags/example_kubernetes_executor_config.py
[2021-03-16 11:50:06,506] {scheduler_job.py:629} INFO - Processing file /home/airflow/.local/lib/python3.6/site-packages/airflow/example_dags/example_kubernetes_executor_config.py for tasks to queue
[2021-03-16 11:50:06,507] {logging_mixin.py:104} INFO - [2021-03-16 11:50:06,507] {dagbag.py:448} INFO - Filling up the DagBag from /home/airflow/.local/lib/python3.6/site-packages/airflow/example_dags/example_kubernetes_executor_config.py
[2021-03-16 11:50:06,535] {scheduler_job.py:639} INFO - DAG(s) dict_keys(['example_kubernetes_executor_config']) retrieved from /home/airflow/.local/lib/python3.6/site-packages/airflow/example_dags/example_kubernetes_executor_config.py
[2021-03-16 11:50:06,562] {logging_mixin.py:104} INFO - [2021-03-16 11:50:06,562] {dag.py:1818} INFO - Sync 1 DAGs
[2021-03-16 11:50:06,582] {logging_mixin.py:104} INFO - [2021-03-16 11:50:06,581] {dag.py:2273} INFO - Setting next_dagrun for example_kubernetes_executor_config to None
[2021-03-16 11:50:06,591] {scheduler_job.py:190} INFO - Processing /home/airflow/.local/lib/python3.6/site-packages/airflow/example_dags/example_kubernetes_executor_config.py took 0.093 seconds
[2021-03-16 11:50:37,007] {scheduler_job.py:182} INFO - Started process (PID=173) to work on /home/airflow/.local/lib/python3.6/site-packages/airflow/example_dags/example_kubernetes_executor_config.py
[2021-03-16 11:50:37,010] {scheduler_job.py:629} INFO - Processing file /home/airflow/.local/lib/python3.6/site-packages/airflow/example_dags/example_kubernetes_executor_config.py for tasks to queue
[2021-03-16 11:50:37,011] {logging_mixin.py:104} INFO - [2021-03-16 11:50:37,011] {dagbag.py:448} INFO - Filling up the DagBag from /home/airflow/.local/lib/python3.6/site-packages/airflow/example_dags/example_kubernetes_executor_config.py
[2021-03-16 11:50:37,032] {scheduler_job.py:639} INFO - DAG(s) dict_keys(['example_kubernetes_executor_config']) retrieved from /home/airflow/.local/lib/python3.6/site-packages/airflow/example_dags/example_kubernetes_executor_config.py
[2021-03-16 11:50:37,068] {logging_mixin.py:104} INFO - [2021-03-16 11:50:37,068] {dag.py:1818} INFO - Sync 1 DAGs
[2021-03-16 11:50:37,093] {logging_mixin.py:104} INFO - [2021-03-16 11:50:37,093] {dag.py:2273} INFO - Setting next_dagrun for example_kubernetes_executor_config to None
[2021-03-16 11:50:37,109] {scheduler_job.py:190} INFO - Processing /home/airflow/.local/lib/python3.6/site-packages/airflow/example_dags/example_kubernetes_executor_config.py took 0.106 seconds
[2021-03-16 11:55:43,191] {scheduler_job.py:182} INFO - Started process (PID=40) to work on /home/airflow/.local/lib/python3.6/site-packages/airflow/example_dags/example_kubernetes_executor_config.py
[2021-03-16 11:55:43,199] {scheduler_job.py:629} INFO - Processing file /home/airflow/.local/lib/python3.6/site-packages/airflow/example_dags/example_kubernetes_executor_config.py for tasks to queue
[2021-03-16 11:55:43,204] {logging_mixin.py:104} INFO - [2021-03-16 11:55:43,203] {dagbag.py:448} INFO - Filling up the DagBag from /home/airflow/.local/lib/python3.6/site-packages/airflow/example_dags/example_kubernetes_executor_config.py
[2021-03-16 11:55:43,275] {scheduler_job.py:639} INFO - DAG(s) dict_keys(['example_kubernetes_executor_config']) retrieved from /home/airflow/.local/lib/python3.6/site-packages/airflow/example_dags/example_kubernetes_executor_config.py
[2021-03-16 11:55:43,472] {logging_mixin.py:104} INFO - [2021-03-16 11:55:43,472] {dag.py:1818} INFO - Sync 1 DAGs
[2021-03-16 11:55:43,549] {logging_mixin.py:104} INFO - [2021-03-16 11:55:43,549] {dag.py:2273} INFO - Setting next_dagrun for example_kubernetes_executor_config to None
[2021-03-16 11:55:43,602] {scheduler_job.py:190} INFO - Processing /home/airflow/.local/lib/python3.6/site-packages/airflow/example_dags/example_kubernetes_executor_config.py took 0.430 seconds
[2021-03-16 13:40:14,396] {scheduler_job.py:182} INFO - Started process (PID=32) to work on /home/airflow/.local/lib/python3.6/site-packages/airflow/example_dags/example_kubernetes_executor_config.py
[2021-03-16 13:40:14,402] {scheduler_job.py:629} INFO - Processing file /home/airflow/.local/lib/python3.6/site-packages/airflow/example_dags/example_kubernetes_executor_config.py for tasks to queue
[2021-03-16 13:40:14,405] {logging_mixin.py:104} INFO - [2021-03-16 13:40:14,405] {dagbag.py:448} INFO - Filling up the DagBag from /home/airflow/.local/lib/python3.6/site-packages/airflow/example_dags/example_kubernetes_executor_config.py
[2021-03-16 13:40:14,449] {scheduler_job.py:639} INFO - DAG(s) dict_keys(['example_kubernetes_executor_config']) retrieved from /home/airflow/.local/lib/python3.6/site-packages/airflow/example_dags/example_kubernetes_executor_config.py
[2021-03-16 13:40:14,507] {logging_mixin.py:104} INFO - [2021-03-16 13:40:14,507] {dag.py:1818} INFO - Sync 1 DAGs
[2021-03-16 13:40:14,539] {logging_mixin.py:104} INFO - [2021-03-16 13:40:14,539] {dag.py:2273} INFO - Setting next_dagrun for example_kubernetes_executor_config to None
[2021-03-16 13:40:14,557] {scheduler_job.py:190} INFO - Processing /home/airflow/.local/lib/python3.6/site-packages/airflow/example_dags/example_kubernetes_executor_config.py took 0.179 seconds
[2021-03-16 13:40:45,042] {scheduler_job.py:182} INFO - Started process (PID=58) to work on /home/airflow/.local/lib/python3.6/site-packages/airflow/example_dags/example_kubernetes_executor_config.py
[2021-03-16 13:40:45,044] {scheduler_job.py:629} INFO - Processing file /home/airflow/.local/lib/python3.6/site-packages/airflow/example_dags/example_kubernetes_executor_config.py for tasks to queue
[2021-03-16 13:40:45,045] {logging_mixin.py:104} INFO - [2021-03-16 13:40:45,045] {dagbag.py:448} INFO - Filling up the DagBag from /home/airflow/.local/lib/python3.6/site-packages/airflow/example_dags/example_kubernetes_executor_config.py
[2021-03-16 13:40:45,063] {scheduler_job.py:639} INFO - DAG(s) dict_keys(['example_kubernetes_executor_config']) retrieved from /home/airflow/.local/lib/python3.6/site-packages/airflow/example_dags/example_kubernetes_executor_config.py
[2021-03-16 13:40:45,093] {logging_mixin.py:104} INFO - [2021-03-16 13:40:45,093] {dag.py:1818} INFO - Sync 1 DAGs
[2021-03-16 13:40:45,115] {logging_mixin.py:104} INFO - [2021-03-16 13:40:45,115] {dag.py:2273} INFO - Setting next_dagrun for example_kubernetes_executor_config to None
[2021-03-16 13:40:45,126] {scheduler_job.py:190} INFO - Processing /home/airflow/.local/lib/python3.6/site-packages/airflow/example_dags/example_kubernetes_executor_config.py took 0.088 seconds
[2021-03-16 13:41:15,452] {scheduler_job.py:182} INFO - Started process (PID=86) to work on /home/airflow/.local/lib/python3.6/site-packages/airflow/example_dags/example_kubernetes_executor_config.py
[2021-03-16 13:41:15,454] {scheduler_job.py:629} INFO - Processing file /home/airflow/.local/lib/python3.6/site-packages/airflow/example_dags/example_kubernetes_executor_config.py for tasks to queue
[2021-03-16 13:41:15,456] {logging_mixin.py:104} INFO - [2021-03-16 13:41:15,455] {dagbag.py:448} INFO - Filling up the DagBag from /home/airflow/.local/lib/python3.6/site-packages/airflow/example_dags/example_kubernetes_executor_config.py
[2021-03-16 13:41:15,474] {scheduler_job.py:639} INFO - DAG(s) dict_keys(['example_kubernetes_executor_config']) retrieved from /home/airflow/.local/lib/python3.6/site-packages/airflow/example_dags/example_kubernetes_executor_config.py
[2021-03-16 13:41:15,503] {logging_mixin.py:104} INFO - [2021-03-16 13:41:15,503] {dag.py:1818} INFO - Sync 1 DAGs
[2021-03-16 13:41:15,522] {logging_mixin.py:104} INFO - [2021-03-16 13:41:15,522] {dag.py:2273} INFO - Setting next_dagrun for example_kubernetes_executor_config to None
[2021-03-16 13:41:15,532] {scheduler_job.py:190} INFO - Processing /home/airflow/.local/lib/python3.6/site-packages/airflow/example_dags/example_kubernetes_executor_config.py took 0.084 seconds
[2021-03-16 13:41:45,930] {scheduler_job.py:182} INFO - Started process (PID=112) to work on /home/airflow/.local/lib/python3.6/site-packages/airflow/example_dags/example_kubernetes_executor_config.py
[2021-03-16 13:41:45,933] {scheduler_job.py:629} INFO - Processing file /home/airflow/.local/lib/python3.6/site-packages/airflow/example_dags/example_kubernetes_executor_config.py for tasks to queue
[2021-03-16 13:41:45,935] {logging_mixin.py:104} INFO - [2021-03-16 13:41:45,934] {dagbag.py:448} INFO - Filling up the DagBag from /home/airflow/.local/lib/python3.6/site-packages/airflow/example_dags/example_kubernetes_executor_config.py
[2021-03-16 13:41:45,952] {scheduler_job.py:639} INFO - DAG(s) dict_keys(['example_kubernetes_executor_config']) retrieved from /home/airflow/.local/lib/python3.6/site-packages/airflow/example_dags/example_kubernetes_executor_config.py
[2021-03-16 13:41:45,987] {logging_mixin.py:104} INFO - [2021-03-16 13:41:45,987] {dag.py:1818} INFO - Sync 1 DAGs
[2021-03-16 13:41:46,012] {logging_mixin.py:104} INFO - [2021-03-16 13:41:46,012] {dag.py:2273} INFO - Setting next_dagrun for example_kubernetes_executor_config to None
[2021-03-16 13:41:46,024] {scheduler_job.py:190} INFO - Processing /home/airflow/.local/lib/python3.6/site-packages/airflow/example_dags/example_kubernetes_executor_config.py took 0.098 seconds
[2021-03-16 13:42:55,780] {scheduler_job.py:182} INFO - Started process (PID=30) to work on /home/airflow/.local/lib/python3.6/site-packages/airflow/example_dags/example_kubernetes_executor_config.py
[2021-03-16 13:42:55,784] {scheduler_job.py:629} INFO - Processing file /home/airflow/.local/lib/python3.6/site-packages/airflow/example_dags/example_kubernetes_executor_config.py for tasks to queue
[2021-03-16 13:42:55,812] {logging_mixin.py:104} INFO - [2021-03-16 13:42:55,811] {dagbag.py:448} INFO - Filling up the DagBag from /home/airflow/.local/lib/python3.6/site-packages/airflow/example_dags/example_kubernetes_executor_config.py
[2021-03-16 13:42:55,861] {scheduler_job.py:639} INFO - DAG(s) dict_keys(['example_kubernetes_executor_config']) retrieved from /home/airflow/.local/lib/python3.6/site-packages/airflow/example_dags/example_kubernetes_executor_config.py
[2021-03-16 13:42:55,932] {logging_mixin.py:104} INFO - [2021-03-16 13:42:55,932] {dag.py:1818} INFO - Sync 1 DAGs
[2021-03-16 13:42:55,997] {logging_mixin.py:104} INFO - [2021-03-16 13:42:55,997] {dag.py:2273} INFO - Setting next_dagrun for example_kubernetes_executor_config to None
[2021-03-16 13:42:56,068] {scheduler_job.py:190} INFO - Processing /home/airflow/.local/lib/python3.6/site-packages/airflow/example_dags/example_kubernetes_executor_config.py took 0.299 seconds
[2021-03-16 13:43:27,098] {scheduler_job.py:182} INFO - Started process (PID=57) to work on /home/airflow/.local/lib/python3.6/site-packages/airflow/example_dags/example_kubernetes_executor_config.py
[2021-03-16 13:43:27,100] {scheduler_job.py:629} INFO - Processing file /home/airflow/.local/lib/python3.6/site-packages/airflow/example_dags/example_kubernetes_executor_config.py for tasks to queue
[2021-03-16 13:43:27,102] {logging_mixin.py:104} INFO - [2021-03-16 13:43:27,102] {dagbag.py:448} INFO - Filling up the DagBag from /home/airflow/.local/lib/python3.6/site-packages/airflow/example_dags/example_kubernetes_executor_config.py
[2021-03-16 13:43:27,119] {scheduler_job.py:639} INFO - DAG(s) dict_keys(['example_kubernetes_executor_config']) retrieved from /home/airflow/.local/lib/python3.6/site-packages/airflow/example_dags/example_kubernetes_executor_config.py
[2021-03-16 13:43:27,144] {logging_mixin.py:104} INFO - [2021-03-16 13:43:27,144] {dag.py:1818} INFO - Sync 1 DAGs
[2021-03-16 13:43:27,160] {logging_mixin.py:104} INFO - [2021-03-16 13:43:27,160] {dag.py:2273} INFO - Setting next_dagrun for example_kubernetes_executor_config to None
[2021-03-16 13:43:27,170] {scheduler_job.py:190} INFO - Processing /home/airflow/.local/lib/python3.6/site-packages/airflow/example_dags/example_kubernetes_executor_config.py took 0.076 seconds
[2021-03-16 13:44:45,334] {scheduler_job.py:182} INFO - Started process (PID=25) to work on /home/airflow/.local/lib/python3.6/site-packages/airflow/example_dags/example_kubernetes_executor_config.py
[2021-03-16 13:44:45,337] {scheduler_job.py:629} INFO - Processing file /home/airflow/.local/lib/python3.6/site-packages/airflow/example_dags/example_kubernetes_executor_config.py for tasks to queue
[2021-03-16 13:44:45,339] {logging_mixin.py:104} INFO - [2021-03-16 13:44:45,339] {dagbag.py:448} INFO - Filling up the DagBag from /home/airflow/.local/lib/python3.6/site-packages/airflow/example_dags/example_kubernetes_executor_config.py
[2021-03-16 13:44:45,377] {scheduler_job.py:639} INFO - DAG(s) dict_keys(['example_kubernetes_executor_config']) retrieved from /home/airflow/.local/lib/python3.6/site-packages/airflow/example_dags/example_kubernetes_executor_config.py
[2021-03-16 13:44:45,413] {logging_mixin.py:104} INFO - [2021-03-16 13:44:45,412] {dag.py:1818} INFO - Sync 1 DAGs
[2021-03-16 13:44:45,441] {logging_mixin.py:104} INFO - [2021-03-16 13:44:45,441] {dag.py:2273} INFO - Setting next_dagrun for example_kubernetes_executor_config to None
[2021-03-16 13:44:45,471] {scheduler_job.py:190} INFO - Processing /home/airflow/.local/lib/python3.6/site-packages/airflow/example_dags/example_kubernetes_executor_config.py took 0.145 seconds
[2021-03-16 13:45:15,629] {scheduler_job.py:182} INFO - Started process (PID=52) to work on /home/airflow/.local/lib/python3.6/site-packages/airflow/example_dags/example_kubernetes_executor_config.py
[2021-03-16 13:45:15,632] {scheduler_job.py:629} INFO - Processing file /home/airflow/.local/lib/python3.6/site-packages/airflow/example_dags/example_kubernetes_executor_config.py for tasks to queue
[2021-03-16 13:45:15,634] {logging_mixin.py:104} INFO - [2021-03-16 13:45:15,633] {dagbag.py:448} INFO - Filling up the DagBag from /home/airflow/.local/lib/python3.6/site-packages/airflow/example_dags/example_kubernetes_executor_config.py
[2021-03-16 13:45:15,651] {scheduler_job.py:639} INFO - DAG(s) dict_keys(['example_kubernetes_executor_config']) retrieved from /home/airflow/.local/lib/python3.6/site-packages/airflow/example_dags/example_kubernetes_executor_config.py
[2021-03-16 13:45:15,678] {logging_mixin.py:104} INFO - [2021-03-16 13:45:15,678] {dag.py:1818} INFO - Sync 1 DAGs
[2021-03-16 13:45:15,697] {logging_mixin.py:104} INFO - [2021-03-16 13:45:15,697] {dag.py:2273} INFO - Setting next_dagrun for example_kubernetes_executor_config to None
[2021-03-16 13:45:15,707] {scheduler_job.py:190} INFO - Processing /home/airflow/.local/lib/python3.6/site-packages/airflow/example_dags/example_kubernetes_executor_config.py took 0.083 seconds
[2021-03-16 13:45:46,148] {scheduler_job.py:182} INFO - Started process (PID=79) to work on /home/airflow/.local/lib/python3.6/site-packages/airflow/example_dags/example_kubernetes_executor_config.py
[2021-03-16 13:45:46,151] {scheduler_job.py:629} INFO - Processing file /home/airflow/.local/lib/python3.6/site-packages/airflow/example_dags/example_kubernetes_executor_config.py for tasks to queue
[2021-03-16 13:45:46,153] {logging_mixin.py:104} INFO - [2021-03-16 13:45:46,153] {dagbag.py:448} INFO - Filling up the DagBag from /home/airflow/.local/lib/python3.6/site-packages/airflow/example_dags/example_kubernetes_executor_config.py
[2021-03-16 13:45:46,179] {scheduler_job.py:639} INFO - DAG(s) dict_keys(['example_kubernetes_executor_config']) retrieved from /home/airflow/.local/lib/python3.6/site-packages/airflow/example_dags/example_kubernetes_executor_config.py
[2021-03-16 13:45:46,226] {logging_mixin.py:104} INFO - [2021-03-16 13:45:46,225] {dag.py:1818} INFO - Sync 1 DAGs
[2021-03-16 13:45:46,264] {logging_mixin.py:104} INFO - [2021-03-16 13:45:46,264] {dag.py:2273} INFO - Setting next_dagrun for example_kubernetes_executor_config to None
[2021-03-16 13:45:46,285] {scheduler_job.py:190} INFO - Processing /home/airflow/.local/lib/python3.6/site-packages/airflow/example_dags/example_kubernetes_executor_config.py took 0.148 seconds
[2021-03-16 13:46:16,942] {scheduler_job.py:182} INFO - Started process (PID=106) to work on /home/airflow/.local/lib/python3.6/site-packages/airflow/example_dags/example_kubernetes_executor_config.py
[2021-03-16 13:46:16,946] {scheduler_job.py:629} INFO - Processing file /home/airflow/.local/lib/python3.6/site-packages/airflow/example_dags/example_kubernetes_executor_config.py for tasks to queue
[2021-03-16 13:46:16,948] {logging_mixin.py:104} INFO - [2021-03-16 13:46:16,948] {dagbag.py:448} INFO - Filling up the DagBag from /home/airflow/.local/lib/python3.6/site-packages/airflow/example_dags/example_kubernetes_executor_config.py
[2021-03-16 13:46:16,964] {scheduler_job.py:639} INFO - DAG(s) dict_keys(['example_kubernetes_executor_config']) retrieved from /home/airflow/.local/lib/python3.6/site-packages/airflow/example_dags/example_kubernetes_executor_config.py
[2021-03-16 13:46:16,987] {logging_mixin.py:104} INFO - [2021-03-16 13:46:16,987] {dag.py:1818} INFO - Sync 1 DAGs
[2021-03-16 13:46:17,005] {logging_mixin.py:104} INFO - [2021-03-16 13:46:17,005] {dag.py:2273} INFO - Setting next_dagrun for example_kubernetes_executor_config to None
[2021-03-16 13:46:17,016] {scheduler_job.py:190} INFO - Processing /home/airflow/.local/lib/python3.6/site-packages/airflow/example_dags/example_kubernetes_executor_config.py took 0.077 seconds
[2021-03-16 13:46:47,851] {scheduler_job.py:182} INFO - Started process (PID=133) to work on /home/airflow/.local/lib/python3.6/site-packages/airflow/example_dags/example_kubernetes_executor_config.py
[2021-03-16 13:46:47,854] {scheduler_job.py:629} INFO - Processing file /home/airflow/.local/lib/python3.6/site-packages/airflow/example_dags/example_kubernetes_executor_config.py for tasks to queue
[2021-03-16 13:46:47,855] {logging_mixin.py:104} INFO - [2021-03-16 13:46:47,855] {dagbag.py:448} INFO - Filling up the DagBag from /home/airflow/.local/lib/python3.6/site-packages/airflow/example_dags/example_kubernetes_executor_config.py
[2021-03-16 13:46:47,869] {scheduler_job.py:639} INFO - DAG(s) dict_keys(['example_kubernetes_executor_config']) retrieved from /home/airflow/.local/lib/python3.6/site-packages/airflow/example_dags/example_kubernetes_executor_config.py
[2021-03-16 13:46:47,891] {logging_mixin.py:104} INFO - [2021-03-16 13:46:47,891] {dag.py:1818} INFO - Sync 1 DAGs
[2021-03-16 13:46:47,905] {logging_mixin.py:104} INFO - [2021-03-16 13:46:47,905] {dag.py:2273} INFO - Setting next_dagrun for example_kubernetes_executor_config to None
[2021-03-16 13:46:47,913] {scheduler_job.py:190} INFO - Processing /home/airflow/.local/lib/python3.6/site-packages/airflow/example_dags/example_kubernetes_executor_config.py took 0.067 seconds
