[2021-03-16 11:44:34,991] {scheduler_job.py:182} INFO - Started process (PID=30) to work on /home/airflow/.local/lib/python3.6/site-packages/airflow/example_dags/example_latest_only_with_trigger.py
[2021-03-16 11:44:35,004] {scheduler_job.py:629} INFO - Processing file /home/airflow/.local/lib/python3.6/site-packages/airflow/example_dags/example_latest_only_with_trigger.py for tasks to queue
[2021-03-16 11:44:35,019] {logging_mixin.py:104} INFO - [2021-03-16 11:44:35,019] {dagbag.py:448} INFO - Filling up the DagBag from /home/airflow/.local/lib/python3.6/site-packages/airflow/example_dags/example_latest_only_with_trigger.py
[2021-03-16 11:44:35,164] {scheduler_job.py:639} INFO - DAG(s) dict_keys(['latest_only_with_trigger']) retrieved from /home/airflow/.local/lib/python3.6/site-packages/airflow/example_dags/example_latest_only_with_trigger.py
[2021-03-16 11:44:35,295] {logging_mixin.py:104} INFO - [2021-03-16 11:44:35,295] {dag.py:1818} INFO - Sync 1 DAGs
[2021-03-16 11:44:35,348] {logging_mixin.py:104} INFO - [2021-03-16 11:44:35,347] {dag.py:2273} INFO - Setting next_dagrun for latest_only_with_trigger to 2021-03-14 00:00:00+00:00
[2021-03-16 11:44:35,385] {scheduler_job.py:190} INFO - Processing /home/airflow/.local/lib/python3.6/site-packages/airflow/example_dags/example_latest_only_with_trigger.py took 0.420 seconds
[2021-03-16 11:46:15,801] {scheduler_job.py:182} INFO - Started process (PID=47) to work on /home/airflow/.local/lib/python3.6/site-packages/airflow/example_dags/example_latest_only_with_trigger.py
[2021-03-16 11:46:15,809] {scheduler_job.py:629} INFO - Processing file /home/airflow/.local/lib/python3.6/site-packages/airflow/example_dags/example_latest_only_with_trigger.py for tasks to queue
[2021-03-16 11:46:15,813] {logging_mixin.py:104} INFO - [2021-03-16 11:46:15,812] {dagbag.py:448} INFO - Filling up the DagBag from /home/airflow/.local/lib/python3.6/site-packages/airflow/example_dags/example_latest_only_with_trigger.py
[2021-03-16 11:46:15,836] {scheduler_job.py:639} INFO - DAG(s) dict_keys(['latest_only_with_trigger']) retrieved from /home/airflow/.local/lib/python3.6/site-packages/airflow/example_dags/example_latest_only_with_trigger.py
[2021-03-16 11:46:15,890] {logging_mixin.py:104} INFO - [2021-03-16 11:46:15,890] {dag.py:1818} INFO - Sync 1 DAGs
[2021-03-16 11:46:15,927] {logging_mixin.py:104} INFO - [2021-03-16 11:46:15,927] {dag.py:2273} INFO - Setting next_dagrun for latest_only_with_trigger to 2021-03-14 00:00:00+00:00
[2021-03-16 11:46:15,964] {scheduler_job.py:190} INFO - Processing /home/airflow/.local/lib/python3.6/site-packages/airflow/example_dags/example_latest_only_with_trigger.py took 0.192 seconds
[2021-03-16 11:48:03,077] {scheduler_job.py:182} INFO - Started process (PID=33) to work on /home/airflow/.local/lib/python3.6/site-packages/airflow/example_dags/example_latest_only_with_trigger.py
[2021-03-16 11:48:03,080] {scheduler_job.py:629} INFO - Processing file /home/airflow/.local/lib/python3.6/site-packages/airflow/example_dags/example_latest_only_with_trigger.py for tasks to queue
[2021-03-16 11:48:03,086] {logging_mixin.py:104} INFO - [2021-03-16 11:48:03,086] {dagbag.py:448} INFO - Filling up the DagBag from /home/airflow/.local/lib/python3.6/site-packages/airflow/example_dags/example_latest_only_with_trigger.py
[2021-03-16 11:48:03,168] {scheduler_job.py:639} INFO - DAG(s) dict_keys(['latest_only_with_trigger']) retrieved from /home/airflow/.local/lib/python3.6/site-packages/airflow/example_dags/example_latest_only_with_trigger.py
[2021-03-16 11:48:03,302] {logging_mixin.py:104} INFO - [2021-03-16 11:48:03,302] {dag.py:1818} INFO - Sync 1 DAGs
[2021-03-16 11:48:03,348] {logging_mixin.py:104} INFO - [2021-03-16 11:48:03,348] {dag.py:2273} INFO - Setting next_dagrun for latest_only_with_trigger to 2021-03-14 00:00:00+00:00
[2021-03-16 11:48:03,371] {scheduler_job.py:190} INFO - Processing /home/airflow/.local/lib/python3.6/site-packages/airflow/example_dags/example_latest_only_with_trigger.py took 0.306 seconds
[2021-03-16 11:48:34,426] {scheduler_job.py:182} INFO - Started process (PID=64) to work on /home/airflow/.local/lib/python3.6/site-packages/airflow/example_dags/example_latest_only_with_trigger.py
[2021-03-16 11:48:34,428] {scheduler_job.py:629} INFO - Processing file /home/airflow/.local/lib/python3.6/site-packages/airflow/example_dags/example_latest_only_with_trigger.py for tasks to queue
[2021-03-16 11:48:34,430] {logging_mixin.py:104} INFO - [2021-03-16 11:48:34,430] {dagbag.py:448} INFO - Filling up the DagBag from /home/airflow/.local/lib/python3.6/site-packages/airflow/example_dags/example_latest_only_with_trigger.py
[2021-03-16 11:48:34,447] {scheduler_job.py:639} INFO - DAG(s) dict_keys(['latest_only_with_trigger']) retrieved from /home/airflow/.local/lib/python3.6/site-packages/airflow/example_dags/example_latest_only_with_trigger.py
[2021-03-16 11:48:34,473] {logging_mixin.py:104} INFO - [2021-03-16 11:48:34,473] {dag.py:1818} INFO - Sync 1 DAGs
[2021-03-16 11:48:34,491] {logging_mixin.py:104} INFO - [2021-03-16 11:48:34,491] {dag.py:2273} INFO - Setting next_dagrun for latest_only_with_trigger to 2021-03-14 00:00:00+00:00
[2021-03-16 11:48:34,502] {scheduler_job.py:190} INFO - Processing /home/airflow/.local/lib/python3.6/site-packages/airflow/example_dags/example_latest_only_with_trigger.py took 0.080 seconds
[2021-03-16 11:49:04,759] {scheduler_job.py:182} INFO - Started process (PID=88) to work on /home/airflow/.local/lib/python3.6/site-packages/airflow/example_dags/example_latest_only_with_trigger.py
[2021-03-16 11:49:04,762] {scheduler_job.py:629} INFO - Processing file /home/airflow/.local/lib/python3.6/site-packages/airflow/example_dags/example_latest_only_with_trigger.py for tasks to queue
[2021-03-16 11:49:04,765] {logging_mixin.py:104} INFO - [2021-03-16 11:49:04,764] {dagbag.py:448} INFO - Filling up the DagBag from /home/airflow/.local/lib/python3.6/site-packages/airflow/example_dags/example_latest_only_with_trigger.py
[2021-03-16 11:49:04,783] {scheduler_job.py:639} INFO - DAG(s) dict_keys(['latest_only_with_trigger']) retrieved from /home/airflow/.local/lib/python3.6/site-packages/airflow/example_dags/example_latest_only_with_trigger.py
[2021-03-16 11:49:04,816] {logging_mixin.py:104} INFO - [2021-03-16 11:49:04,816] {dag.py:1818} INFO - Sync 1 DAGs
[2021-03-16 11:49:04,842] {logging_mixin.py:104} INFO - [2021-03-16 11:49:04,841] {dag.py:2273} INFO - Setting next_dagrun for latest_only_with_trigger to 2021-03-14 00:00:00+00:00
[2021-03-16 11:49:04,855] {scheduler_job.py:190} INFO - Processing /home/airflow/.local/lib/python3.6/site-packages/airflow/example_dags/example_latest_only_with_trigger.py took 0.102 seconds
[2021-03-16 11:49:35,496] {scheduler_job.py:182} INFO - Started process (PID=115) to work on /home/airflow/.local/lib/python3.6/site-packages/airflow/example_dags/example_latest_only_with_trigger.py
[2021-03-16 11:49:35,504] {scheduler_job.py:629} INFO - Processing file /home/airflow/.local/lib/python3.6/site-packages/airflow/example_dags/example_latest_only_with_trigger.py for tasks to queue
[2021-03-16 11:49:35,516] {logging_mixin.py:104} INFO - [2021-03-16 11:49:35,515] {dagbag.py:448} INFO - Filling up the DagBag from /home/airflow/.local/lib/python3.6/site-packages/airflow/example_dags/example_latest_only_with_trigger.py
[2021-03-16 11:49:35,565] {scheduler_job.py:639} INFO - DAG(s) dict_keys(['latest_only_with_trigger']) retrieved from /home/airflow/.local/lib/python3.6/site-packages/airflow/example_dags/example_latest_only_with_trigger.py
[2021-03-16 11:49:35,620] {logging_mixin.py:104} INFO - [2021-03-16 11:49:35,620] {dag.py:1818} INFO - Sync 1 DAGs
[2021-03-16 11:49:35,656] {logging_mixin.py:104} INFO - [2021-03-16 11:49:35,655] {dag.py:2273} INFO - Setting next_dagrun for latest_only_with_trigger to 2021-03-14 00:00:00+00:00
[2021-03-16 11:49:35,672] {scheduler_job.py:190} INFO - Processing /home/airflow/.local/lib/python3.6/site-packages/airflow/example_dags/example_latest_only_with_trigger.py took 0.191 seconds
[2021-03-16 11:50:06,268] {scheduler_job.py:182} INFO - Started process (PID=142) to work on /home/airflow/.local/lib/python3.6/site-packages/airflow/example_dags/example_latest_only_with_trigger.py
[2021-03-16 11:50:06,271] {scheduler_job.py:629} INFO - Processing file /home/airflow/.local/lib/python3.6/site-packages/airflow/example_dags/example_latest_only_with_trigger.py for tasks to queue
[2021-03-16 11:50:06,273] {logging_mixin.py:104} INFO - [2021-03-16 11:50:06,273] {dagbag.py:448} INFO - Filling up the DagBag from /home/airflow/.local/lib/python3.6/site-packages/airflow/example_dags/example_latest_only_with_trigger.py
[2021-03-16 11:50:06,287] {scheduler_job.py:639} INFO - DAG(s) dict_keys(['latest_only_with_trigger']) retrieved from /home/airflow/.local/lib/python3.6/site-packages/airflow/example_dags/example_latest_only_with_trigger.py
[2021-03-16 11:50:06,317] {logging_mixin.py:104} INFO - [2021-03-16 11:50:06,317] {dag.py:1818} INFO - Sync 1 DAGs
[2021-03-16 11:50:06,336] {logging_mixin.py:104} INFO - [2021-03-16 11:50:06,336] {dag.py:2273} INFO - Setting next_dagrun for latest_only_with_trigger to 2021-03-14 00:00:00+00:00
[2021-03-16 11:50:06,345] {scheduler_job.py:190} INFO - Processing /home/airflow/.local/lib/python3.6/site-packages/airflow/example_dags/example_latest_only_with_trigger.py took 0.081 seconds
[2021-03-16 11:50:36,783] {scheduler_job.py:182} INFO - Started process (PID=169) to work on /home/airflow/.local/lib/python3.6/site-packages/airflow/example_dags/example_latest_only_with_trigger.py
[2021-03-16 11:50:36,789] {scheduler_job.py:629} INFO - Processing file /home/airflow/.local/lib/python3.6/site-packages/airflow/example_dags/example_latest_only_with_trigger.py for tasks to queue
[2021-03-16 11:50:36,790] {logging_mixin.py:104} INFO - [2021-03-16 11:50:36,790] {dagbag.py:448} INFO - Filling up the DagBag from /home/airflow/.local/lib/python3.6/site-packages/airflow/example_dags/example_latest_only_with_trigger.py
[2021-03-16 11:50:36,802] {scheduler_job.py:639} INFO - DAG(s) dict_keys(['latest_only_with_trigger']) retrieved from /home/airflow/.local/lib/python3.6/site-packages/airflow/example_dags/example_latest_only_with_trigger.py
[2021-03-16 11:50:36,832] {logging_mixin.py:104} INFO - [2021-03-16 11:50:36,832] {dag.py:1818} INFO - Sync 1 DAGs
[2021-03-16 11:50:36,853] {logging_mixin.py:104} INFO - [2021-03-16 11:50:36,853] {dag.py:2273} INFO - Setting next_dagrun for latest_only_with_trigger to 2021-03-14 00:00:00+00:00
[2021-03-16 11:50:36,864] {scheduler_job.py:190} INFO - Processing /home/airflow/.local/lib/python3.6/site-packages/airflow/example_dags/example_latest_only_with_trigger.py took 0.085 seconds
[2021-03-16 11:51:07,397] {scheduler_job.py:182} INFO - Started process (PID=196) to work on /home/airflow/.local/lib/python3.6/site-packages/airflow/example_dags/example_latest_only_with_trigger.py
[2021-03-16 11:51:07,403] {scheduler_job.py:629} INFO - Processing file /home/airflow/.local/lib/python3.6/site-packages/airflow/example_dags/example_latest_only_with_trigger.py for tasks to queue
[2021-03-16 11:51:07,407] {logging_mixin.py:104} INFO - [2021-03-16 11:51:07,407] {dagbag.py:448} INFO - Filling up the DagBag from /home/airflow/.local/lib/python3.6/site-packages/airflow/example_dags/example_latest_only_with_trigger.py
[2021-03-16 11:51:07,455] {scheduler_job.py:639} INFO - DAG(s) dict_keys(['latest_only_with_trigger']) retrieved from /home/airflow/.local/lib/python3.6/site-packages/airflow/example_dags/example_latest_only_with_trigger.py
[2021-03-16 11:51:07,537] {logging_mixin.py:104} INFO - [2021-03-16 11:51:07,536] {dag.py:1818} INFO - Sync 1 DAGs
[2021-03-16 11:51:07,596] {logging_mixin.py:104} INFO - [2021-03-16 11:51:07,596] {dag.py:2273} INFO - Setting next_dagrun for latest_only_with_trigger to 2021-03-14 00:00:00+00:00
[2021-03-16 11:51:07,649] {scheduler_job.py:190} INFO - Processing /home/airflow/.local/lib/python3.6/site-packages/airflow/example_dags/example_latest_only_with_trigger.py took 0.268 seconds
[2021-03-16 11:55:41,246] {scheduler_job.py:182} INFO - Started process (PID=28) to work on /home/airflow/.local/lib/python3.6/site-packages/airflow/example_dags/example_latest_only_with_trigger.py
[2021-03-16 11:55:41,254] {scheduler_job.py:629} INFO - Processing file /home/airflow/.local/lib/python3.6/site-packages/airflow/example_dags/example_latest_only_with_trigger.py for tasks to queue
[2021-03-16 11:55:41,257] {logging_mixin.py:104} INFO - [2021-03-16 11:55:41,257] {dagbag.py:448} INFO - Filling up the DagBag from /home/airflow/.local/lib/python3.6/site-packages/airflow/example_dags/example_latest_only_with_trigger.py
[2021-03-16 11:55:41,333] {scheduler_job.py:639} INFO - DAG(s) dict_keys(['latest_only_with_trigger']) retrieved from /home/airflow/.local/lib/python3.6/site-packages/airflow/example_dags/example_latest_only_with_trigger.py
[2021-03-16 11:55:41,404] {logging_mixin.py:104} INFO - [2021-03-16 11:55:41,403] {dag.py:1818} INFO - Sync 1 DAGs
[2021-03-16 11:55:41,457] {logging_mixin.py:104} INFO - [2021-03-16 11:55:41,457] {dag.py:2273} INFO - Setting next_dagrun for latest_only_with_trigger to 2021-03-14 00:00:00+00:00
[2021-03-16 11:55:41,500] {scheduler_job.py:190} INFO - Processing /home/airflow/.local/lib/python3.6/site-packages/airflow/example_dags/example_latest_only_with_trigger.py took 0.272 seconds
[2021-03-16 13:40:15,955] {scheduler_job.py:182} INFO - Started process (PID=41) to work on /home/airflow/.local/lib/python3.6/site-packages/airflow/example_dags/example_latest_only_with_trigger.py
[2021-03-16 13:40:15,967] {scheduler_job.py:629} INFO - Processing file /home/airflow/.local/lib/python3.6/site-packages/airflow/example_dags/example_latest_only_with_trigger.py for tasks to queue
[2021-03-16 13:40:15,974] {logging_mixin.py:104} INFO - [2021-03-16 13:40:15,974] {dagbag.py:448} INFO - Filling up the DagBag from /home/airflow/.local/lib/python3.6/site-packages/airflow/example_dags/example_latest_only_with_trigger.py
[2021-03-16 13:40:16,064] {scheduler_job.py:639} INFO - DAG(s) dict_keys(['latest_only_with_trigger']) retrieved from /home/airflow/.local/lib/python3.6/site-packages/airflow/example_dags/example_latest_only_with_trigger.py
[2021-03-16 13:40:16,134] {logging_mixin.py:104} INFO - [2021-03-16 13:40:16,134] {dag.py:1818} INFO - Sync 1 DAGs
[2021-03-16 13:40:16,176] {logging_mixin.py:104} INFO - [2021-03-16 13:40:16,176] {dag.py:2273} INFO - Setting next_dagrun for latest_only_with_trigger to 2021-03-14 00:00:00+00:00
[2021-03-16 13:40:16,189] {scheduler_job.py:190} INFO - Processing /home/airflow/.local/lib/python3.6/site-packages/airflow/example_dags/example_latest_only_with_trigger.py took 0.242 seconds
[2021-03-16 13:40:46,343] {scheduler_job.py:182} INFO - Started process (PID=65) to work on /home/airflow/.local/lib/python3.6/site-packages/airflow/example_dags/example_latest_only_with_trigger.py
[2021-03-16 13:40:46,345] {scheduler_job.py:629} INFO - Processing file /home/airflow/.local/lib/python3.6/site-packages/airflow/example_dags/example_latest_only_with_trigger.py for tasks to queue
[2021-03-16 13:40:46,347] {logging_mixin.py:104} INFO - [2021-03-16 13:40:46,347] {dagbag.py:448} INFO - Filling up the DagBag from /home/airflow/.local/lib/python3.6/site-packages/airflow/example_dags/example_latest_only_with_trigger.py
[2021-03-16 13:40:46,362] {scheduler_job.py:639} INFO - DAG(s) dict_keys(['latest_only_with_trigger']) retrieved from /home/airflow/.local/lib/python3.6/site-packages/airflow/example_dags/example_latest_only_with_trigger.py
[2021-03-16 13:40:46,392] {logging_mixin.py:104} INFO - [2021-03-16 13:40:46,392] {dag.py:1818} INFO - Sync 1 DAGs
[2021-03-16 13:40:46,411] {logging_mixin.py:104} INFO - [2021-03-16 13:40:46,411] {dag.py:2273} INFO - Setting next_dagrun for latest_only_with_trigger to 2021-03-14 00:00:00+00:00
[2021-03-16 13:40:46,423] {scheduler_job.py:190} INFO - Processing /home/airflow/.local/lib/python3.6/site-packages/airflow/example_dags/example_latest_only_with_trigger.py took 0.087 seconds
[2021-03-16 13:41:16,771] {scheduler_job.py:182} INFO - Started process (PID=92) to work on /home/airflow/.local/lib/python3.6/site-packages/airflow/example_dags/example_latest_only_with_trigger.py
[2021-03-16 13:41:16,774] {scheduler_job.py:629} INFO - Processing file /home/airflow/.local/lib/python3.6/site-packages/airflow/example_dags/example_latest_only_with_trigger.py for tasks to queue
[2021-03-16 13:41:16,776] {logging_mixin.py:104} INFO - [2021-03-16 13:41:16,776] {dagbag.py:448} INFO - Filling up the DagBag from /home/airflow/.local/lib/python3.6/site-packages/airflow/example_dags/example_latest_only_with_trigger.py
[2021-03-16 13:41:16,795] {scheduler_job.py:639} INFO - DAG(s) dict_keys(['latest_only_with_trigger']) retrieved from /home/airflow/.local/lib/python3.6/site-packages/airflow/example_dags/example_latest_only_with_trigger.py
[2021-03-16 13:41:16,825] {logging_mixin.py:104} INFO - [2021-03-16 13:41:16,825] {dag.py:1818} INFO - Sync 1 DAGs
[2021-03-16 13:41:16,848] {logging_mixin.py:104} INFO - [2021-03-16 13:41:16,848] {dag.py:2273} INFO - Setting next_dagrun for latest_only_with_trigger to 2021-03-14 00:00:00+00:00
[2021-03-16 13:41:16,860] {scheduler_job.py:190} INFO - Processing /home/airflow/.local/lib/python3.6/site-packages/airflow/example_dags/example_latest_only_with_trigger.py took 0.092 seconds
[2021-03-16 13:41:47,268] {scheduler_job.py:182} INFO - Started process (PID=119) to work on /home/airflow/.local/lib/python3.6/site-packages/airflow/example_dags/example_latest_only_with_trigger.py
[2021-03-16 13:41:47,270] {scheduler_job.py:629} INFO - Processing file /home/airflow/.local/lib/python3.6/site-packages/airflow/example_dags/example_latest_only_with_trigger.py for tasks to queue
[2021-03-16 13:41:47,272] {logging_mixin.py:104} INFO - [2021-03-16 13:41:47,272] {dagbag.py:448} INFO - Filling up the DagBag from /home/airflow/.local/lib/python3.6/site-packages/airflow/example_dags/example_latest_only_with_trigger.py
[2021-03-16 13:41:47,285] {scheduler_job.py:639} INFO - DAG(s) dict_keys(['latest_only_with_trigger']) retrieved from /home/airflow/.local/lib/python3.6/site-packages/airflow/example_dags/example_latest_only_with_trigger.py
[2021-03-16 13:41:47,312] {logging_mixin.py:104} INFO - [2021-03-16 13:41:47,312] {dag.py:1818} INFO - Sync 1 DAGs
[2021-03-16 13:41:47,333] {logging_mixin.py:104} INFO - [2021-03-16 13:41:47,333] {dag.py:2273} INFO - Setting next_dagrun for latest_only_with_trigger to 2021-03-14 00:00:00+00:00
[2021-03-16 13:41:47,345] {scheduler_job.py:190} INFO - Processing /home/airflow/.local/lib/python3.6/site-packages/airflow/example_dags/example_latest_only_with_trigger.py took 0.081 seconds
[2021-03-16 13:42:58,764] {scheduler_job.py:182} INFO - Started process (PID=51) to work on /home/airflow/.local/lib/python3.6/site-packages/airflow/example_dags/example_latest_only_with_trigger.py
[2021-03-16 13:42:58,768] {scheduler_job.py:629} INFO - Processing file /home/airflow/.local/lib/python3.6/site-packages/airflow/example_dags/example_latest_only_with_trigger.py for tasks to queue
[2021-03-16 13:42:58,771] {logging_mixin.py:104} INFO - [2021-03-16 13:42:58,770] {dagbag.py:448} INFO - Filling up the DagBag from /home/airflow/.local/lib/python3.6/site-packages/airflow/example_dags/example_latest_only_with_trigger.py
[2021-03-16 13:42:58,790] {scheduler_job.py:639} INFO - DAG(s) dict_keys(['latest_only_with_trigger']) retrieved from /home/airflow/.local/lib/python3.6/site-packages/airflow/example_dags/example_latest_only_with_trigger.py
[2021-03-16 13:42:58,854] {logging_mixin.py:104} INFO - [2021-03-16 13:42:58,854] {dag.py:1818} INFO - Sync 1 DAGs
[2021-03-16 13:42:58,888] {logging_mixin.py:104} INFO - [2021-03-16 13:42:58,888] {dag.py:2273} INFO - Setting next_dagrun for latest_only_with_trigger to 2021-03-14 00:00:00+00:00
[2021-03-16 13:42:58,913] {scheduler_job.py:190} INFO - Processing /home/airflow/.local/lib/python3.6/site-packages/airflow/example_dags/example_latest_only_with_trigger.py took 0.156 seconds
[2021-03-16 13:43:29,123] {scheduler_job.py:182} INFO - Started process (PID=78) to work on /home/airflow/.local/lib/python3.6/site-packages/airflow/example_dags/example_latest_only_with_trigger.py
[2021-03-16 13:43:29,125] {scheduler_job.py:629} INFO - Processing file /home/airflow/.local/lib/python3.6/site-packages/airflow/example_dags/example_latest_only_with_trigger.py for tasks to queue
[2021-03-16 13:43:29,127] {logging_mixin.py:104} INFO - [2021-03-16 13:43:29,126] {dagbag.py:448} INFO - Filling up the DagBag from /home/airflow/.local/lib/python3.6/site-packages/airflow/example_dags/example_latest_only_with_trigger.py
[2021-03-16 13:43:29,138] {scheduler_job.py:639} INFO - DAG(s) dict_keys(['latest_only_with_trigger']) retrieved from /home/airflow/.local/lib/python3.6/site-packages/airflow/example_dags/example_latest_only_with_trigger.py
[2021-03-16 13:43:29,166] {logging_mixin.py:104} INFO - [2021-03-16 13:43:29,166] {dag.py:1818} INFO - Sync 1 DAGs
[2021-03-16 13:43:29,184] {logging_mixin.py:104} INFO - [2021-03-16 13:43:29,184] {dag.py:2273} INFO - Setting next_dagrun for latest_only_with_trigger to 2021-03-14 00:00:00+00:00
[2021-03-16 13:43:29,194] {scheduler_job.py:190} INFO - Processing /home/airflow/.local/lib/python3.6/site-packages/airflow/example_dags/example_latest_only_with_trigger.py took 0.074 seconds
[2021-03-16 13:44:47,224] {scheduler_job.py:182} INFO - Started process (PID=39) to work on /home/airflow/.local/lib/python3.6/site-packages/airflow/example_dags/example_latest_only_with_trigger.py
[2021-03-16 13:44:47,227] {scheduler_job.py:629} INFO - Processing file /home/airflow/.local/lib/python3.6/site-packages/airflow/example_dags/example_latest_only_with_trigger.py for tasks to queue
[2021-03-16 13:44:47,234] {logging_mixin.py:104} INFO - [2021-03-16 13:44:47,234] {dagbag.py:448} INFO - Filling up the DagBag from /home/airflow/.local/lib/python3.6/site-packages/airflow/example_dags/example_latest_only_with_trigger.py
[2021-03-16 13:44:47,307] {scheduler_job.py:639} INFO - DAG(s) dict_keys(['latest_only_with_trigger']) retrieved from /home/airflow/.local/lib/python3.6/site-packages/airflow/example_dags/example_latest_only_with_trigger.py
[2021-03-16 13:44:47,439] {logging_mixin.py:104} INFO - [2021-03-16 13:44:47,439] {dag.py:1818} INFO - Sync 1 DAGs
[2021-03-16 13:44:47,598] {logging_mixin.py:104} INFO - [2021-03-16 13:44:47,597] {dag.py:2273} INFO - Setting next_dagrun for latest_only_with_trigger to 2021-03-14 00:00:00+00:00
[2021-03-16 13:44:47,646] {scheduler_job.py:190} INFO - Processing /home/airflow/.local/lib/python3.6/site-packages/airflow/example_dags/example_latest_only_with_trigger.py took 0.430 seconds
[2021-03-16 13:45:18,396] {scheduler_job.py:182} INFO - Started process (PID=68) to work on /home/airflow/.local/lib/python3.6/site-packages/airflow/example_dags/example_latest_only_with_trigger.py
[2021-03-16 13:45:18,398] {scheduler_job.py:629} INFO - Processing file /home/airflow/.local/lib/python3.6/site-packages/airflow/example_dags/example_latest_only_with_trigger.py for tasks to queue
[2021-03-16 13:45:18,399] {logging_mixin.py:104} INFO - [2021-03-16 13:45:18,399] {dagbag.py:448} INFO - Filling up the DagBag from /home/airflow/.local/lib/python3.6/site-packages/airflow/example_dags/example_latest_only_with_trigger.py
[2021-03-16 13:45:18,411] {scheduler_job.py:639} INFO - DAG(s) dict_keys(['latest_only_with_trigger']) retrieved from /home/airflow/.local/lib/python3.6/site-packages/airflow/example_dags/example_latest_only_with_trigger.py
[2021-03-16 13:45:18,434] {logging_mixin.py:104} INFO - [2021-03-16 13:45:18,434] {dag.py:1818} INFO - Sync 1 DAGs
[2021-03-16 13:45:18,452] {logging_mixin.py:104} INFO - [2021-03-16 13:45:18,452] {dag.py:2273} INFO - Setting next_dagrun for latest_only_with_trigger to 2021-03-14 00:00:00+00:00
[2021-03-16 13:45:18,462] {scheduler_job.py:190} INFO - Processing /home/airflow/.local/lib/python3.6/site-packages/airflow/example_dags/example_latest_only_with_trigger.py took 0.070 seconds
[2021-03-16 13:45:49,368] {scheduler_job.py:182} INFO - Started process (PID=98) to work on /home/airflow/.local/lib/python3.6/site-packages/airflow/example_dags/example_latest_only_with_trigger.py
[2021-03-16 13:45:49,372] {scheduler_job.py:629} INFO - Processing file /home/airflow/.local/lib/python3.6/site-packages/airflow/example_dags/example_latest_only_with_trigger.py for tasks to queue
[2021-03-16 13:45:49,374] {logging_mixin.py:104} INFO - [2021-03-16 13:45:49,374] {dagbag.py:448} INFO - Filling up the DagBag from /home/airflow/.local/lib/python3.6/site-packages/airflow/example_dags/example_latest_only_with_trigger.py
[2021-03-16 13:45:49,393] {scheduler_job.py:639} INFO - DAG(s) dict_keys(['latest_only_with_trigger']) retrieved from /home/airflow/.local/lib/python3.6/site-packages/airflow/example_dags/example_latest_only_with_trigger.py
[2021-03-16 13:45:49,420] {logging_mixin.py:104} INFO - [2021-03-16 13:45:49,419] {dag.py:1818} INFO - Sync 1 DAGs
[2021-03-16 13:45:49,439] {logging_mixin.py:104} INFO - [2021-03-16 13:45:49,438] {dag.py:2273} INFO - Setting next_dagrun for latest_only_with_trigger to 2021-03-14 00:00:00+00:00
[2021-03-16 13:45:49,455] {scheduler_job.py:190} INFO - Processing /home/airflow/.local/lib/python3.6/site-packages/airflow/example_dags/example_latest_only_with_trigger.py took 0.093 seconds
[2021-03-16 13:46:20,324] {scheduler_job.py:182} INFO - Started process (PID=125) to work on /home/airflow/.local/lib/python3.6/site-packages/airflow/example_dags/example_latest_only_with_trigger.py
[2021-03-16 13:46:20,326] {scheduler_job.py:629} INFO - Processing file /home/airflow/.local/lib/python3.6/site-packages/airflow/example_dags/example_latest_only_with_trigger.py for tasks to queue
[2021-03-16 13:46:20,328] {logging_mixin.py:104} INFO - [2021-03-16 13:46:20,328] {dagbag.py:448} INFO - Filling up the DagBag from /home/airflow/.local/lib/python3.6/site-packages/airflow/example_dags/example_latest_only_with_trigger.py
[2021-03-16 13:46:20,342] {scheduler_job.py:639} INFO - DAG(s) dict_keys(['latest_only_with_trigger']) retrieved from /home/airflow/.local/lib/python3.6/site-packages/airflow/example_dags/example_latest_only_with_trigger.py
[2021-03-16 13:46:20,371] {logging_mixin.py:104} INFO - [2021-03-16 13:46:20,371] {dag.py:1818} INFO - Sync 1 DAGs
[2021-03-16 13:46:20,408] {logging_mixin.py:104} INFO - [2021-03-16 13:46:20,408] {dag.py:2273} INFO - Setting next_dagrun for latest_only_with_trigger to 2021-03-14 00:00:00+00:00
[2021-03-16 13:46:20,429] {scheduler_job.py:190} INFO - Processing /home/airflow/.local/lib/python3.6/site-packages/airflow/example_dags/example_latest_only_with_trigger.py took 0.110 seconds
[2021-03-16 13:46:51,135] {scheduler_job.py:182} INFO - Started process (PID=152) to work on /home/airflow/.local/lib/python3.6/site-packages/airflow/example_dags/example_latest_only_with_trigger.py
[2021-03-16 13:46:51,136] {scheduler_job.py:629} INFO - Processing file /home/airflow/.local/lib/python3.6/site-packages/airflow/example_dags/example_latest_only_with_trigger.py for tasks to queue
[2021-03-16 13:46:51,138] {logging_mixin.py:104} INFO - [2021-03-16 13:46:51,138] {dagbag.py:448} INFO - Filling up the DagBag from /home/airflow/.local/lib/python3.6/site-packages/airflow/example_dags/example_latest_only_with_trigger.py
[2021-03-16 13:46:51,151] {scheduler_job.py:639} INFO - DAG(s) dict_keys(['latest_only_with_trigger']) retrieved from /home/airflow/.local/lib/python3.6/site-packages/airflow/example_dags/example_latest_only_with_trigger.py
[2021-03-16 13:46:51,174] {logging_mixin.py:104} INFO - [2021-03-16 13:46:51,174] {dag.py:1818} INFO - Sync 1 DAGs
[2021-03-16 13:46:51,188] {logging_mixin.py:104} INFO - [2021-03-16 13:46:51,188] {dag.py:2273} INFO - Setting next_dagrun for latest_only_with_trigger to 2021-03-14 00:00:00+00:00
[2021-03-16 13:46:51,198] {scheduler_job.py:190} INFO - Processing /home/airflow/.local/lib/python3.6/site-packages/airflow/example_dags/example_latest_only_with_trigger.py took 0.068 seconds
