[2021-03-16 11:44:38,427] {scheduler_job.py:182} INFO - Started process (PID=41) to work on /home/airflow/.local/lib/python3.6/site-packages/airflow/example_dags/example_task_group.py
[2021-03-16 11:44:38,434] {scheduler_job.py:629} INFO - Processing file /home/airflow/.local/lib/python3.6/site-packages/airflow/example_dags/example_task_group.py for tasks to queue
[2021-03-16 11:44:38,438] {logging_mixin.py:104} INFO - [2021-03-16 11:44:38,438] {dagbag.py:448} INFO - Filling up the DagBag from /home/airflow/.local/lib/python3.6/site-packages/airflow/example_dags/example_task_group.py
[2021-03-16 11:44:38,487] {scheduler_job.py:639} INFO - DAG(s) dict_keys(['example_task_group']) retrieved from /home/airflow/.local/lib/python3.6/site-packages/airflow/example_dags/example_task_group.py
[2021-03-16 11:44:38,625] {logging_mixin.py:104} INFO - [2021-03-16 11:44:38,624] {dag.py:1818} INFO - Sync 1 DAGs
[2021-03-16 11:44:38,701] {logging_mixin.py:104} INFO - [2021-03-16 11:44:38,700] {dag.py:2273} INFO - Setting next_dagrun for example_task_group to 2021-03-14 00:00:00+00:00
[2021-03-16 11:44:38,774] {scheduler_job.py:190} INFO - Processing /home/airflow/.local/lib/python3.6/site-packages/airflow/example_dags/example_task_group.py took 0.369 seconds
[2021-03-16 11:46:14,867] {scheduler_job.py:182} INFO - Started process (PID=39) to work on /home/airflow/.local/lib/python3.6/site-packages/airflow/example_dags/example_task_group.py
[2021-03-16 11:46:14,870] {scheduler_job.py:629} INFO - Processing file /home/airflow/.local/lib/python3.6/site-packages/airflow/example_dags/example_task_group.py for tasks to queue
[2021-03-16 11:46:14,873] {logging_mixin.py:104} INFO - [2021-03-16 11:46:14,873] {dagbag.py:448} INFO - Filling up the DagBag from /home/airflow/.local/lib/python3.6/site-packages/airflow/example_dags/example_task_group.py
[2021-03-16 11:46:14,893] {scheduler_job.py:639} INFO - DAG(s) dict_keys(['example_task_group']) retrieved from /home/airflow/.local/lib/python3.6/site-packages/airflow/example_dags/example_task_group.py
[2021-03-16 11:46:14,928] {logging_mixin.py:104} INFO - [2021-03-16 11:46:14,928] {dag.py:1818} INFO - Sync 1 DAGs
[2021-03-16 11:46:14,952] {logging_mixin.py:104} INFO - [2021-03-16 11:46:14,951] {dag.py:2273} INFO - Setting next_dagrun for example_task_group to 2021-03-14 00:00:00+00:00
[2021-03-16 11:46:14,966] {scheduler_job.py:190} INFO - Processing /home/airflow/.local/lib/python3.6/site-packages/airflow/example_dags/example_task_group.py took 0.105 seconds
[2021-03-16 11:48:04,249] {scheduler_job.py:182} INFO - Started process (PID=40) to work on /home/airflow/.local/lib/python3.6/site-packages/airflow/example_dags/example_task_group.py
[2021-03-16 11:48:04,254] {scheduler_job.py:629} INFO - Processing file /home/airflow/.local/lib/python3.6/site-packages/airflow/example_dags/example_task_group.py for tasks to queue
[2021-03-16 11:48:04,257] {logging_mixin.py:104} INFO - [2021-03-16 11:48:04,256] {dagbag.py:448} INFO - Filling up the DagBag from /home/airflow/.local/lib/python3.6/site-packages/airflow/example_dags/example_task_group.py
[2021-03-16 11:48:04,317] {scheduler_job.py:639} INFO - DAG(s) dict_keys(['example_task_group']) retrieved from /home/airflow/.local/lib/python3.6/site-packages/airflow/example_dags/example_task_group.py
[2021-03-16 11:48:04,382] {logging_mixin.py:104} INFO - [2021-03-16 11:48:04,382] {dag.py:1818} INFO - Sync 1 DAGs
[2021-03-16 11:48:04,419] {logging_mixin.py:104} INFO - [2021-03-16 11:48:04,419] {dag.py:2273} INFO - Setting next_dagrun for example_task_group to 2021-03-14 00:00:00+00:00
[2021-03-16 11:48:04,450] {scheduler_job.py:190} INFO - Processing /home/airflow/.local/lib/python3.6/site-packages/airflow/example_dags/example_task_group.py took 0.216 seconds
[2021-03-16 11:48:34,563] {scheduler_job.py:182} INFO - Started process (PID=67) to work on /home/airflow/.local/lib/python3.6/site-packages/airflow/example_dags/example_task_group.py
[2021-03-16 11:48:34,565] {scheduler_job.py:629} INFO - Processing file /home/airflow/.local/lib/python3.6/site-packages/airflow/example_dags/example_task_group.py for tasks to queue
[2021-03-16 11:48:34,567] {logging_mixin.py:104} INFO - [2021-03-16 11:48:34,567] {dagbag.py:448} INFO - Filling up the DagBag from /home/airflow/.local/lib/python3.6/site-packages/airflow/example_dags/example_task_group.py
[2021-03-16 11:48:34,581] {scheduler_job.py:639} INFO - DAG(s) dict_keys(['example_task_group']) retrieved from /home/airflow/.local/lib/python3.6/site-packages/airflow/example_dags/example_task_group.py
[2021-03-16 11:48:34,608] {logging_mixin.py:104} INFO - [2021-03-16 11:48:34,608] {dag.py:1818} INFO - Sync 1 DAGs
[2021-03-16 11:48:34,636] {logging_mixin.py:104} INFO - [2021-03-16 11:48:34,636] {dag.py:2273} INFO - Setting next_dagrun for example_task_group to 2021-03-14 00:00:00+00:00
[2021-03-16 11:48:34,647] {scheduler_job.py:190} INFO - Processing /home/airflow/.local/lib/python3.6/site-packages/airflow/example_dags/example_task_group.py took 0.087 seconds
[2021-03-16 11:49:05,199] {scheduler_job.py:182} INFO - Started process (PID=95) to work on /home/airflow/.local/lib/python3.6/site-packages/airflow/example_dags/example_task_group.py
[2021-03-16 11:49:05,201] {scheduler_job.py:629} INFO - Processing file /home/airflow/.local/lib/python3.6/site-packages/airflow/example_dags/example_task_group.py for tasks to queue
[2021-03-16 11:49:05,203] {logging_mixin.py:104} INFO - [2021-03-16 11:49:05,202] {dagbag.py:448} INFO - Filling up the DagBag from /home/airflow/.local/lib/python3.6/site-packages/airflow/example_dags/example_task_group.py
[2021-03-16 11:49:05,218] {scheduler_job.py:639} INFO - DAG(s) dict_keys(['example_task_group']) retrieved from /home/airflow/.local/lib/python3.6/site-packages/airflow/example_dags/example_task_group.py
[2021-03-16 11:49:05,247] {logging_mixin.py:104} INFO - [2021-03-16 11:49:05,247] {dag.py:1818} INFO - Sync 1 DAGs
[2021-03-16 11:49:05,266] {logging_mixin.py:104} INFO - [2021-03-16 11:49:05,265] {dag.py:2273} INFO - Setting next_dagrun for example_task_group to 2021-03-14 00:00:00+00:00
[2021-03-16 11:49:05,275] {scheduler_job.py:190} INFO - Processing /home/airflow/.local/lib/python3.6/site-packages/airflow/example_dags/example_task_group.py took 0.081 seconds
[2021-03-16 11:49:36,077] {scheduler_job.py:182} INFO - Started process (PID=122) to work on /home/airflow/.local/lib/python3.6/site-packages/airflow/example_dags/example_task_group.py
[2021-03-16 11:49:36,080] {scheduler_job.py:629} INFO - Processing file /home/airflow/.local/lib/python3.6/site-packages/airflow/example_dags/example_task_group.py for tasks to queue
[2021-03-16 11:49:36,081] {logging_mixin.py:104} INFO - [2021-03-16 11:49:36,081] {dagbag.py:448} INFO - Filling up the DagBag from /home/airflow/.local/lib/python3.6/site-packages/airflow/example_dags/example_task_group.py
[2021-03-16 11:49:36,104] {scheduler_job.py:639} INFO - DAG(s) dict_keys(['example_task_group']) retrieved from /home/airflow/.local/lib/python3.6/site-packages/airflow/example_dags/example_task_group.py
[2021-03-16 11:49:36,131] {logging_mixin.py:104} INFO - [2021-03-16 11:49:36,131] {dag.py:1818} INFO - Sync 1 DAGs
[2021-03-16 11:49:36,149] {logging_mixin.py:104} INFO - [2021-03-16 11:49:36,149] {dag.py:2273} INFO - Setting next_dagrun for example_task_group to 2021-03-14 00:00:00+00:00
[2021-03-16 11:49:36,157] {scheduler_job.py:190} INFO - Processing /home/airflow/.local/lib/python3.6/site-packages/airflow/example_dags/example_task_group.py took 0.085 seconds
[2021-03-16 11:50:06,661] {scheduler_job.py:182} INFO - Started process (PID=149) to work on /home/airflow/.local/lib/python3.6/site-packages/airflow/example_dags/example_task_group.py
[2021-03-16 11:50:06,662] {scheduler_job.py:629} INFO - Processing file /home/airflow/.local/lib/python3.6/site-packages/airflow/example_dags/example_task_group.py for tasks to queue
[2021-03-16 11:50:06,664] {logging_mixin.py:104} INFO - [2021-03-16 11:50:06,664] {dagbag.py:448} INFO - Filling up the DagBag from /home/airflow/.local/lib/python3.6/site-packages/airflow/example_dags/example_task_group.py
[2021-03-16 11:50:06,679] {scheduler_job.py:639} INFO - DAG(s) dict_keys(['example_task_group']) retrieved from /home/airflow/.local/lib/python3.6/site-packages/airflow/example_dags/example_task_group.py
[2021-03-16 11:50:06,705] {logging_mixin.py:104} INFO - [2021-03-16 11:50:06,705] {dag.py:1818} INFO - Sync 1 DAGs
[2021-03-16 11:50:06,722] {logging_mixin.py:104} INFO - [2021-03-16 11:50:06,722] {dag.py:2273} INFO - Setting next_dagrun for example_task_group to 2021-03-14 00:00:00+00:00
[2021-03-16 11:50:06,731] {scheduler_job.py:190} INFO - Processing /home/airflow/.local/lib/python3.6/site-packages/airflow/example_dags/example_task_group.py took 0.074 seconds
[2021-03-16 11:50:37,196] {scheduler_job.py:182} INFO - Started process (PID=176) to work on /home/airflow/.local/lib/python3.6/site-packages/airflow/example_dags/example_task_group.py
[2021-03-16 11:50:37,200] {scheduler_job.py:629} INFO - Processing file /home/airflow/.local/lib/python3.6/site-packages/airflow/example_dags/example_task_group.py for tasks to queue
[2021-03-16 11:50:37,201] {logging_mixin.py:104} INFO - [2021-03-16 11:50:37,201] {dagbag.py:448} INFO - Filling up the DagBag from /home/airflow/.local/lib/python3.6/site-packages/airflow/example_dags/example_task_group.py
[2021-03-16 11:50:37,219] {scheduler_job.py:639} INFO - DAG(s) dict_keys(['example_task_group']) retrieved from /home/airflow/.local/lib/python3.6/site-packages/airflow/example_dags/example_task_group.py
[2021-03-16 11:50:37,252] {logging_mixin.py:104} INFO - [2021-03-16 11:50:37,252] {dag.py:1818} INFO - Sync 1 DAGs
[2021-03-16 11:50:37,272] {logging_mixin.py:104} INFO - [2021-03-16 11:50:37,271] {dag.py:2273} INFO - Setting next_dagrun for example_task_group to 2021-03-14 00:00:00+00:00
[2021-03-16 11:50:37,282] {scheduler_job.py:190} INFO - Processing /home/airflow/.local/lib/python3.6/site-packages/airflow/example_dags/example_task_group.py took 0.090 seconds
[2021-03-16 11:55:42,510] {scheduler_job.py:182} INFO - Started process (PID=35) to work on /home/airflow/.local/lib/python3.6/site-packages/airflow/example_dags/example_task_group.py
[2021-03-16 11:55:42,521] {scheduler_job.py:629} INFO - Processing file /home/airflow/.local/lib/python3.6/site-packages/airflow/example_dags/example_task_group.py for tasks to queue
[2021-03-16 11:55:42,525] {logging_mixin.py:104} INFO - [2021-03-16 11:55:42,525] {dagbag.py:448} INFO - Filling up the DagBag from /home/airflow/.local/lib/python3.6/site-packages/airflow/example_dags/example_task_group.py
[2021-03-16 11:55:42,563] {scheduler_job.py:639} INFO - DAG(s) dict_keys(['example_task_group']) retrieved from /home/airflow/.local/lib/python3.6/site-packages/airflow/example_dags/example_task_group.py
[2021-03-16 11:55:42,618] {logging_mixin.py:104} INFO - [2021-03-16 11:55:42,618] {dag.py:1818} INFO - Sync 1 DAGs
[2021-03-16 11:55:42,657] {logging_mixin.py:104} INFO - [2021-03-16 11:55:42,657] {dag.py:2273} INFO - Setting next_dagrun for example_task_group to 2021-03-14 00:00:00+00:00
[2021-03-16 11:55:42,712] {scheduler_job.py:190} INFO - Processing /home/airflow/.local/lib/python3.6/site-packages/airflow/example_dags/example_task_group.py took 0.207 seconds
[2021-03-16 13:40:16,820] {scheduler_job.py:182} INFO - Started process (PID=47) to work on /home/airflow/.local/lib/python3.6/site-packages/airflow/example_dags/example_task_group.py
[2021-03-16 13:40:16,829] {scheduler_job.py:629} INFO - Processing file /home/airflow/.local/lib/python3.6/site-packages/airflow/example_dags/example_task_group.py for tasks to queue
[2021-03-16 13:40:16,838] {logging_mixin.py:104} INFO - [2021-03-16 13:40:16,838] {dagbag.py:448} INFO - Filling up the DagBag from /home/airflow/.local/lib/python3.6/site-packages/airflow/example_dags/example_task_group.py
[2021-03-16 13:40:16,913] {scheduler_job.py:639} INFO - DAG(s) dict_keys(['example_task_group']) retrieved from /home/airflow/.local/lib/python3.6/site-packages/airflow/example_dags/example_task_group.py
[2021-03-16 13:40:16,984] {logging_mixin.py:104} INFO - [2021-03-16 13:40:16,983] {dag.py:1818} INFO - Sync 1 DAGs
[2021-03-16 13:40:17,012] {logging_mixin.py:104} INFO - [2021-03-16 13:40:17,011] {dag.py:2273} INFO - Setting next_dagrun for example_task_group to 2021-03-14 00:00:00+00:00
[2021-03-16 13:40:17,041] {scheduler_job.py:190} INFO - Processing /home/airflow/.local/lib/python3.6/site-packages/airflow/example_dags/example_task_group.py took 0.237 seconds
[2021-03-16 13:40:47,760] {scheduler_job.py:182} INFO - Started process (PID=73) to work on /home/airflow/.local/lib/python3.6/site-packages/airflow/example_dags/example_task_group.py
[2021-03-16 13:40:47,762] {scheduler_job.py:629} INFO - Processing file /home/airflow/.local/lib/python3.6/site-packages/airflow/example_dags/example_task_group.py for tasks to queue
[2021-03-16 13:40:47,765] {logging_mixin.py:104} INFO - [2021-03-16 13:40:47,765] {dagbag.py:448} INFO - Filling up the DagBag from /home/airflow/.local/lib/python3.6/site-packages/airflow/example_dags/example_task_group.py
[2021-03-16 13:40:47,782] {scheduler_job.py:639} INFO - DAG(s) dict_keys(['example_task_group']) retrieved from /home/airflow/.local/lib/python3.6/site-packages/airflow/example_dags/example_task_group.py
[2021-03-16 13:40:47,811] {logging_mixin.py:104} INFO - [2021-03-16 13:40:47,811] {dag.py:1818} INFO - Sync 1 DAGs
[2021-03-16 13:40:47,834] {logging_mixin.py:104} INFO - [2021-03-16 13:40:47,834] {dag.py:2273} INFO - Setting next_dagrun for example_task_group to 2021-03-14 00:00:00+00:00
[2021-03-16 13:40:47,845] {scheduler_job.py:190} INFO - Processing /home/airflow/.local/lib/python3.6/site-packages/airflow/example_dags/example_task_group.py took 0.092 seconds
[2021-03-16 13:41:18,209] {scheduler_job.py:182} INFO - Started process (PID=100) to work on /home/airflow/.local/lib/python3.6/site-packages/airflow/example_dags/example_task_group.py
[2021-03-16 13:41:18,211] {scheduler_job.py:629} INFO - Processing file /home/airflow/.local/lib/python3.6/site-packages/airflow/example_dags/example_task_group.py for tasks to queue
[2021-03-16 13:41:18,213] {logging_mixin.py:104} INFO - [2021-03-16 13:41:18,213] {dagbag.py:448} INFO - Filling up the DagBag from /home/airflow/.local/lib/python3.6/site-packages/airflow/example_dags/example_task_group.py
[2021-03-16 13:41:18,225] {scheduler_job.py:639} INFO - DAG(s) dict_keys(['example_task_group']) retrieved from /home/airflow/.local/lib/python3.6/site-packages/airflow/example_dags/example_task_group.py
[2021-03-16 13:41:18,250] {logging_mixin.py:104} INFO - [2021-03-16 13:41:18,250] {dag.py:1818} INFO - Sync 1 DAGs
[2021-03-16 13:41:18,267] {logging_mixin.py:104} INFO - [2021-03-16 13:41:18,267] {dag.py:2273} INFO - Setting next_dagrun for example_task_group to 2021-03-14 00:00:00+00:00
[2021-03-16 13:41:18,276] {scheduler_job.py:190} INFO - Processing /home/airflow/.local/lib/python3.6/site-packages/airflow/example_dags/example_task_group.py took 0.072 seconds
[2021-03-16 13:41:48,861] {scheduler_job.py:182} INFO - Started process (PID=127) to work on /home/airflow/.local/lib/python3.6/site-packages/airflow/example_dags/example_task_group.py
[2021-03-16 13:41:48,863] {scheduler_job.py:629} INFO - Processing file /home/airflow/.local/lib/python3.6/site-packages/airflow/example_dags/example_task_group.py for tasks to queue
[2021-03-16 13:41:48,866] {logging_mixin.py:104} INFO - [2021-03-16 13:41:48,865] {dagbag.py:448} INFO - Filling up the DagBag from /home/airflow/.local/lib/python3.6/site-packages/airflow/example_dags/example_task_group.py
[2021-03-16 13:41:48,884] {scheduler_job.py:639} INFO - DAG(s) dict_keys(['example_task_group']) retrieved from /home/airflow/.local/lib/python3.6/site-packages/airflow/example_dags/example_task_group.py
[2021-03-16 13:41:48,925] {logging_mixin.py:104} INFO - [2021-03-16 13:41:48,925] {dag.py:1818} INFO - Sync 1 DAGs
[2021-03-16 13:41:48,954] {logging_mixin.py:104} INFO - [2021-03-16 13:41:48,954] {dag.py:2273} INFO - Setting next_dagrun for example_task_group to 2021-03-14 00:00:00+00:00
[2021-03-16 13:41:48,978] {scheduler_job.py:190} INFO - Processing /home/airflow/.local/lib/python3.6/site-packages/airflow/example_dags/example_task_group.py took 0.123 seconds
[2021-03-16 13:42:58,340] {scheduler_job.py:182} INFO - Started process (PID=47) to work on /home/airflow/.local/lib/python3.6/site-packages/airflow/example_dags/example_task_group.py
[2021-03-16 13:42:58,343] {scheduler_job.py:629} INFO - Processing file /home/airflow/.local/lib/python3.6/site-packages/airflow/example_dags/example_task_group.py for tasks to queue
[2021-03-16 13:42:58,348] {logging_mixin.py:104} INFO - [2021-03-16 13:42:58,348] {dagbag.py:448} INFO - Filling up the DagBag from /home/airflow/.local/lib/python3.6/site-packages/airflow/example_dags/example_task_group.py
[2021-03-16 13:42:58,391] {scheduler_job.py:639} INFO - DAG(s) dict_keys(['example_task_group']) retrieved from /home/airflow/.local/lib/python3.6/site-packages/airflow/example_dags/example_task_group.py
[2021-03-16 13:42:58,453] {logging_mixin.py:104} INFO - [2021-03-16 13:42:58,452] {dag.py:1818} INFO - Sync 1 DAGs
[2021-03-16 13:42:58,497] {logging_mixin.py:104} INFO - [2021-03-16 13:42:58,496] {dag.py:2273} INFO - Setting next_dagrun for example_task_group to 2021-03-14 00:00:00+00:00
[2021-03-16 13:42:58,525] {scheduler_job.py:190} INFO - Processing /home/airflow/.local/lib/python3.6/site-packages/airflow/example_dags/example_task_group.py took 0.194 seconds
[2021-03-16 13:43:29,074] {scheduler_job.py:182} INFO - Started process (PID=77) to work on /home/airflow/.local/lib/python3.6/site-packages/airflow/example_dags/example_task_group.py
[2021-03-16 13:43:29,075] {scheduler_job.py:629} INFO - Processing file /home/airflow/.local/lib/python3.6/site-packages/airflow/example_dags/example_task_group.py for tasks to queue
[2021-03-16 13:43:29,077] {logging_mixin.py:104} INFO - [2021-03-16 13:43:29,077] {dagbag.py:448} INFO - Filling up the DagBag from /home/airflow/.local/lib/python3.6/site-packages/airflow/example_dags/example_task_group.py
[2021-03-16 13:43:29,089] {scheduler_job.py:639} INFO - DAG(s) dict_keys(['example_task_group']) retrieved from /home/airflow/.local/lib/python3.6/site-packages/airflow/example_dags/example_task_group.py
[2021-03-16 13:43:29,116] {logging_mixin.py:104} INFO - [2021-03-16 13:43:29,116] {dag.py:1818} INFO - Sync 1 DAGs
[2021-03-16 13:43:29,135] {logging_mixin.py:104} INFO - [2021-03-16 13:43:29,135] {dag.py:2273} INFO - Setting next_dagrun for example_task_group to 2021-03-14 00:00:00+00:00
[2021-03-16 13:43:29,145] {scheduler_job.py:190} INFO - Processing /home/airflow/.local/lib/python3.6/site-packages/airflow/example_dags/example_task_group.py took 0.075 seconds
[2021-03-16 13:44:48,741] {scheduler_job.py:182} INFO - Started process (PID=47) to work on /home/airflow/.local/lib/python3.6/site-packages/airflow/example_dags/example_task_group.py
[2021-03-16 13:44:48,748] {scheduler_job.py:629} INFO - Processing file /home/airflow/.local/lib/python3.6/site-packages/airflow/example_dags/example_task_group.py for tasks to queue
[2021-03-16 13:44:48,752] {logging_mixin.py:104} INFO - [2021-03-16 13:44:48,752] {dagbag.py:448} INFO - Filling up the DagBag from /home/airflow/.local/lib/python3.6/site-packages/airflow/example_dags/example_task_group.py
[2021-03-16 13:44:48,890] {scheduler_job.py:639} INFO - DAG(s) dict_keys(['example_task_group']) retrieved from /home/airflow/.local/lib/python3.6/site-packages/airflow/example_dags/example_task_group.py
[2021-03-16 13:44:48,994] {logging_mixin.py:104} INFO - [2021-03-16 13:44:48,994] {dag.py:1818} INFO - Sync 1 DAGs
[2021-03-16 13:44:49,041] {logging_mixin.py:104} INFO - [2021-03-16 13:44:49,041] {dag.py:2273} INFO - Setting next_dagrun for example_task_group to 2021-03-14 00:00:00+00:00
[2021-03-16 13:44:49,099] {scheduler_job.py:190} INFO - Processing /home/airflow/.local/lib/python3.6/site-packages/airflow/example_dags/example_task_group.py took 0.373 seconds
[2021-03-16 13:45:19,739] {scheduler_job.py:182} INFO - Started process (PID=74) to work on /home/airflow/.local/lib/python3.6/site-packages/airflow/example_dags/example_task_group.py
[2021-03-16 13:45:19,740] {scheduler_job.py:629} INFO - Processing file /home/airflow/.local/lib/python3.6/site-packages/airflow/example_dags/example_task_group.py for tasks to queue
[2021-03-16 13:45:19,742] {logging_mixin.py:104} INFO - [2021-03-16 13:45:19,742] {dagbag.py:448} INFO - Filling up the DagBag from /home/airflow/.local/lib/python3.6/site-packages/airflow/example_dags/example_task_group.py
[2021-03-16 13:45:19,758] {scheduler_job.py:639} INFO - DAG(s) dict_keys(['example_task_group']) retrieved from /home/airflow/.local/lib/python3.6/site-packages/airflow/example_dags/example_task_group.py
[2021-03-16 13:45:19,793] {logging_mixin.py:104} INFO - [2021-03-16 13:45:19,793] {dag.py:1818} INFO - Sync 1 DAGs
[2021-03-16 13:45:19,817] {logging_mixin.py:104} INFO - [2021-03-16 13:45:19,817] {dag.py:2273} INFO - Setting next_dagrun for example_task_group to 2021-03-14 00:00:00+00:00
[2021-03-16 13:45:19,828] {scheduler_job.py:190} INFO - Processing /home/airflow/.local/lib/python3.6/site-packages/airflow/example_dags/example_task_group.py took 0.093 seconds
[2021-03-16 13:45:50,519] {scheduler_job.py:182} INFO - Started process (PID=101) to work on /home/airflow/.local/lib/python3.6/site-packages/airflow/example_dags/example_task_group.py
[2021-03-16 13:45:50,522] {scheduler_job.py:629} INFO - Processing file /home/airflow/.local/lib/python3.6/site-packages/airflow/example_dags/example_task_group.py for tasks to queue
[2021-03-16 13:45:50,524] {logging_mixin.py:104} INFO - [2021-03-16 13:45:50,524] {dagbag.py:448} INFO - Filling up the DagBag from /home/airflow/.local/lib/python3.6/site-packages/airflow/example_dags/example_task_group.py
[2021-03-16 13:45:50,544] {scheduler_job.py:639} INFO - DAG(s) dict_keys(['example_task_group']) retrieved from /home/airflow/.local/lib/python3.6/site-packages/airflow/example_dags/example_task_group.py
[2021-03-16 13:45:50,578] {logging_mixin.py:104} INFO - [2021-03-16 13:45:50,578] {dag.py:1818} INFO - Sync 1 DAGs
[2021-03-16 13:45:50,604] {logging_mixin.py:104} INFO - [2021-03-16 13:45:50,604] {dag.py:2273} INFO - Setting next_dagrun for example_task_group to 2021-03-14 00:00:00+00:00
[2021-03-16 13:45:50,615] {scheduler_job.py:190} INFO - Processing /home/airflow/.local/lib/python3.6/site-packages/airflow/example_dags/example_task_group.py took 0.101 seconds
[2021-03-16 13:46:21,410] {scheduler_job.py:182} INFO - Started process (PID=128) to work on /home/airflow/.local/lib/python3.6/site-packages/airflow/example_dags/example_task_group.py
[2021-03-16 13:46:21,413] {scheduler_job.py:629} INFO - Processing file /home/airflow/.local/lib/python3.6/site-packages/airflow/example_dags/example_task_group.py for tasks to queue
[2021-03-16 13:46:21,417] {logging_mixin.py:104} INFO - [2021-03-16 13:46:21,417] {dagbag.py:448} INFO - Filling up the DagBag from /home/airflow/.local/lib/python3.6/site-packages/airflow/example_dags/example_task_group.py
[2021-03-16 13:46:21,434] {scheduler_job.py:639} INFO - DAG(s) dict_keys(['example_task_group']) retrieved from /home/airflow/.local/lib/python3.6/site-packages/airflow/example_dags/example_task_group.py
[2021-03-16 13:46:21,473] {logging_mixin.py:104} INFO - [2021-03-16 13:46:21,473] {dag.py:1818} INFO - Sync 1 DAGs
[2021-03-16 13:46:21,495] {logging_mixin.py:104} INFO - [2021-03-16 13:46:21,494] {dag.py:2273} INFO - Setting next_dagrun for example_task_group to 2021-03-14 00:00:00+00:00
[2021-03-16 13:46:21,507] {scheduler_job.py:190} INFO - Processing /home/airflow/.local/lib/python3.6/site-packages/airflow/example_dags/example_task_group.py took 0.101 seconds
[2021-03-16 13:46:52,252] {scheduler_job.py:182} INFO - Started process (PID=155) to work on /home/airflow/.local/lib/python3.6/site-packages/airflow/example_dags/example_task_group.py
[2021-03-16 13:46:52,255] {scheduler_job.py:629} INFO - Processing file /home/airflow/.local/lib/python3.6/site-packages/airflow/example_dags/example_task_group.py for tasks to queue
[2021-03-16 13:46:52,257] {logging_mixin.py:104} INFO - [2021-03-16 13:46:52,257] {dagbag.py:448} INFO - Filling up the DagBag from /home/airflow/.local/lib/python3.6/site-packages/airflow/example_dags/example_task_group.py
[2021-03-16 13:46:52,272] {scheduler_job.py:639} INFO - DAG(s) dict_keys(['example_task_group']) retrieved from /home/airflow/.local/lib/python3.6/site-packages/airflow/example_dags/example_task_group.py
[2021-03-16 13:46:52,296] {logging_mixin.py:104} INFO - [2021-03-16 13:46:52,296] {dag.py:1818} INFO - Sync 1 DAGs
[2021-03-16 13:46:52,313] {logging_mixin.py:104} INFO - [2021-03-16 13:46:52,313] {dag.py:2273} INFO - Setting next_dagrun for example_task_group to 2021-03-14 00:00:00+00:00
[2021-03-16 13:46:52,323] {scheduler_job.py:190} INFO - Processing /home/airflow/.local/lib/python3.6/site-packages/airflow/example_dags/example_task_group.py took 0.075 seconds
