[2021-03-16 11:44:36,315] {scheduler_job.py:182} INFO - Started process (PID=35) to work on /home/airflow/.local/lib/python3.6/site-packages/airflow/example_dags/example_kubernetes_executor.py
[2021-03-16 11:44:36,318] {scheduler_job.py:629} INFO - Processing file /home/airflow/.local/lib/python3.6/site-packages/airflow/example_dags/example_kubernetes_executor.py for tasks to queue
[2021-03-16 11:44:36,324] {logging_mixin.py:104} INFO - [2021-03-16 11:44:36,323] {dagbag.py:448} INFO - Filling up the DagBag from /home/airflow/.local/lib/python3.6/site-packages/airflow/example_dags/example_kubernetes_executor.py
[2021-03-16 11:44:36,445] {scheduler_job.py:639} INFO - DAG(s) dict_keys(['example_kubernetes_executor']) retrieved from /home/airflow/.local/lib/python3.6/site-packages/airflow/example_dags/example_kubernetes_executor.py
[2021-03-16 11:44:36,739] {logging_mixin.py:104} INFO - [2021-03-16 11:44:36,739] {dag.py:1818} INFO - Sync 1 DAGs
[2021-03-16 11:44:36,911] {logging_mixin.py:104} INFO - [2021-03-16 11:44:36,911] {dag.py:2273} INFO - Setting next_dagrun for example_kubernetes_executor to None
[2021-03-16 11:44:36,974] {scheduler_job.py:190} INFO - Processing /home/airflow/.local/lib/python3.6/site-packages/airflow/example_dags/example_kubernetes_executor.py took 0.705 seconds
[2021-03-16 11:46:13,275] {scheduler_job.py:182} INFO - Started process (PID=27) to work on /home/airflow/.local/lib/python3.6/site-packages/airflow/example_dags/example_kubernetes_executor.py
[2021-03-16 11:46:13,284] {scheduler_job.py:629} INFO - Processing file /home/airflow/.local/lib/python3.6/site-packages/airflow/example_dags/example_kubernetes_executor.py for tasks to queue
[2021-03-16 11:46:13,290] {logging_mixin.py:104} INFO - [2021-03-16 11:46:13,290] {dagbag.py:448} INFO - Filling up the DagBag from /home/airflow/.local/lib/python3.6/site-packages/airflow/example_dags/example_kubernetes_executor.py
[2021-03-16 11:46:13,332] {scheduler_job.py:639} INFO - DAG(s) dict_keys(['example_kubernetes_executor']) retrieved from /home/airflow/.local/lib/python3.6/site-packages/airflow/example_dags/example_kubernetes_executor.py
[2021-03-16 11:46:13,400] {logging_mixin.py:104} INFO - [2021-03-16 11:46:13,400] {dag.py:1818} INFO - Sync 1 DAGs
[2021-03-16 11:46:13,443] {logging_mixin.py:104} INFO - [2021-03-16 11:46:13,443] {dag.py:2273} INFO - Setting next_dagrun for example_kubernetes_executor to None
[2021-03-16 11:46:13,464] {scheduler_job.py:190} INFO - Processing /home/airflow/.local/lib/python3.6/site-packages/airflow/example_dags/example_kubernetes_executor.py took 0.214 seconds
[2021-03-16 11:48:04,915] {scheduler_job.py:182} INFO - Started process (PID=46) to work on /home/airflow/.local/lib/python3.6/site-packages/airflow/example_dags/example_kubernetes_executor.py
[2021-03-16 11:48:04,920] {scheduler_job.py:629} INFO - Processing file /home/airflow/.local/lib/python3.6/site-packages/airflow/example_dags/example_kubernetes_executor.py for tasks to queue
[2021-03-16 11:48:04,923] {logging_mixin.py:104} INFO - [2021-03-16 11:48:04,922] {dagbag.py:448} INFO - Filling up the DagBag from /home/airflow/.local/lib/python3.6/site-packages/airflow/example_dags/example_kubernetes_executor.py
[2021-03-16 11:48:04,943] {scheduler_job.py:639} INFO - DAG(s) dict_keys(['example_kubernetes_executor']) retrieved from /home/airflow/.local/lib/python3.6/site-packages/airflow/example_dags/example_kubernetes_executor.py
[2021-03-16 11:48:04,983] {logging_mixin.py:104} INFO - [2021-03-16 11:48:04,983] {dag.py:1818} INFO - Sync 1 DAGs
[2021-03-16 11:48:05,015] {logging_mixin.py:104} INFO - [2021-03-16 11:48:05,015] {dag.py:2273} INFO - Setting next_dagrun for example_kubernetes_executor to None
[2021-03-16 11:48:05,048] {scheduler_job.py:190} INFO - Processing /home/airflow/.local/lib/python3.6/site-packages/airflow/example_dags/example_kubernetes_executor.py took 0.139 seconds
[2021-03-16 11:48:35,799] {scheduler_job.py:182} INFO - Started process (PID=72) to work on /home/airflow/.local/lib/python3.6/site-packages/airflow/example_dags/example_kubernetes_executor.py
[2021-03-16 11:48:35,802] {scheduler_job.py:629} INFO - Processing file /home/airflow/.local/lib/python3.6/site-packages/airflow/example_dags/example_kubernetes_executor.py for tasks to queue
[2021-03-16 11:48:35,803] {logging_mixin.py:104} INFO - [2021-03-16 11:48:35,803] {dagbag.py:448} INFO - Filling up the DagBag from /home/airflow/.local/lib/python3.6/site-packages/airflow/example_dags/example_kubernetes_executor.py
[2021-03-16 11:48:35,818] {scheduler_job.py:639} INFO - DAG(s) dict_keys(['example_kubernetes_executor']) retrieved from /home/airflow/.local/lib/python3.6/site-packages/airflow/example_dags/example_kubernetes_executor.py
[2021-03-16 11:48:35,842] {logging_mixin.py:104} INFO - [2021-03-16 11:48:35,842] {dag.py:1818} INFO - Sync 1 DAGs
[2021-03-16 11:48:35,859] {logging_mixin.py:104} INFO - [2021-03-16 11:48:35,859] {dag.py:2273} INFO - Setting next_dagrun for example_kubernetes_executor to None
[2021-03-16 11:48:35,872] {scheduler_job.py:190} INFO - Processing /home/airflow/.local/lib/python3.6/site-packages/airflow/example_dags/example_kubernetes_executor.py took 0.076 seconds
[2021-03-16 11:49:06,381] {scheduler_job.py:182} INFO - Started process (PID=99) to work on /home/airflow/.local/lib/python3.6/site-packages/airflow/example_dags/example_kubernetes_executor.py
[2021-03-16 11:49:06,384] {scheduler_job.py:629} INFO - Processing file /home/airflow/.local/lib/python3.6/site-packages/airflow/example_dags/example_kubernetes_executor.py for tasks to queue
[2021-03-16 11:49:06,386] {logging_mixin.py:104} INFO - [2021-03-16 11:49:06,386] {dagbag.py:448} INFO - Filling up the DagBag from /home/airflow/.local/lib/python3.6/site-packages/airflow/example_dags/example_kubernetes_executor.py
[2021-03-16 11:49:06,401] {scheduler_job.py:639} INFO - DAG(s) dict_keys(['example_kubernetes_executor']) retrieved from /home/airflow/.local/lib/python3.6/site-packages/airflow/example_dags/example_kubernetes_executor.py
[2021-03-16 11:49:06,430] {logging_mixin.py:104} INFO - [2021-03-16 11:49:06,430] {dag.py:1818} INFO - Sync 1 DAGs
[2021-03-16 11:49:06,449] {logging_mixin.py:104} INFO - [2021-03-16 11:49:06,449] {dag.py:2273} INFO - Setting next_dagrun for example_kubernetes_executor to None
[2021-03-16 11:49:06,469] {scheduler_job.py:190} INFO - Processing /home/airflow/.local/lib/python3.6/site-packages/airflow/example_dags/example_kubernetes_executor.py took 0.092 seconds
[2021-03-16 11:49:37,281] {scheduler_job.py:182} INFO - Started process (PID=126) to work on /home/airflow/.local/lib/python3.6/site-packages/airflow/example_dags/example_kubernetes_executor.py
[2021-03-16 11:49:37,284] {scheduler_job.py:629} INFO - Processing file /home/airflow/.local/lib/python3.6/site-packages/airflow/example_dags/example_kubernetes_executor.py for tasks to queue
[2021-03-16 11:49:37,286] {logging_mixin.py:104} INFO - [2021-03-16 11:49:37,286] {dagbag.py:448} INFO - Filling up the DagBag from /home/airflow/.local/lib/python3.6/site-packages/airflow/example_dags/example_kubernetes_executor.py
[2021-03-16 11:49:37,307] {scheduler_job.py:639} INFO - DAG(s) dict_keys(['example_kubernetes_executor']) retrieved from /home/airflow/.local/lib/python3.6/site-packages/airflow/example_dags/example_kubernetes_executor.py
[2021-03-16 11:49:37,335] {logging_mixin.py:104} INFO - [2021-03-16 11:49:37,335] {dag.py:1818} INFO - Sync 1 DAGs
[2021-03-16 11:49:37,356] {logging_mixin.py:104} INFO - [2021-03-16 11:49:37,356] {dag.py:2273} INFO - Setting next_dagrun for example_kubernetes_executor to None
[2021-03-16 11:49:37,374] {scheduler_job.py:190} INFO - Processing /home/airflow/.local/lib/python3.6/site-packages/airflow/example_dags/example_kubernetes_executor.py took 0.099 seconds
[2021-03-16 11:50:07,841] {scheduler_job.py:182} INFO - Started process (PID=153) to work on /home/airflow/.local/lib/python3.6/site-packages/airflow/example_dags/example_kubernetes_executor.py
[2021-03-16 11:50:07,844] {scheduler_job.py:629} INFO - Processing file /home/airflow/.local/lib/python3.6/site-packages/airflow/example_dags/example_kubernetes_executor.py for tasks to queue
[2021-03-16 11:50:07,845] {logging_mixin.py:104} INFO - [2021-03-16 11:50:07,845] {dagbag.py:448} INFO - Filling up the DagBag from /home/airflow/.local/lib/python3.6/site-packages/airflow/example_dags/example_kubernetes_executor.py
[2021-03-16 11:50:07,861] {scheduler_job.py:639} INFO - DAG(s) dict_keys(['example_kubernetes_executor']) retrieved from /home/airflow/.local/lib/python3.6/site-packages/airflow/example_dags/example_kubernetes_executor.py
[2021-03-16 11:50:07,887] {logging_mixin.py:104} INFO - [2021-03-16 11:50:07,887] {dag.py:1818} INFO - Sync 1 DAGs
[2021-03-16 11:50:07,903] {logging_mixin.py:104} INFO - [2021-03-16 11:50:07,903] {dag.py:2273} INFO - Setting next_dagrun for example_kubernetes_executor to None
[2021-03-16 11:50:07,913] {scheduler_job.py:190} INFO - Processing /home/airflow/.local/lib/python3.6/site-packages/airflow/example_dags/example_kubernetes_executor.py took 0.076 seconds
[2021-03-16 11:50:38,499] {scheduler_job.py:182} INFO - Started process (PID=180) to work on /home/airflow/.local/lib/python3.6/site-packages/airflow/example_dags/example_kubernetes_executor.py
[2021-03-16 11:50:38,501] {scheduler_job.py:629} INFO - Processing file /home/airflow/.local/lib/python3.6/site-packages/airflow/example_dags/example_kubernetes_executor.py for tasks to queue
[2021-03-16 11:50:38,503] {logging_mixin.py:104} INFO - [2021-03-16 11:50:38,503] {dagbag.py:448} INFO - Filling up the DagBag from /home/airflow/.local/lib/python3.6/site-packages/airflow/example_dags/example_kubernetes_executor.py
[2021-03-16 11:50:38,518] {scheduler_job.py:639} INFO - DAG(s) dict_keys(['example_kubernetes_executor']) retrieved from /home/airflow/.local/lib/python3.6/site-packages/airflow/example_dags/example_kubernetes_executor.py
[2021-03-16 11:50:38,549] {logging_mixin.py:104} INFO - [2021-03-16 11:50:38,549] {dag.py:1818} INFO - Sync 1 DAGs
[2021-03-16 11:50:38,567] {logging_mixin.py:104} INFO - [2021-03-16 11:50:38,567] {dag.py:2273} INFO - Setting next_dagrun for example_kubernetes_executor to None
[2021-03-16 11:50:38,578] {scheduler_job.py:190} INFO - Processing /home/airflow/.local/lib/python3.6/site-packages/airflow/example_dags/example_kubernetes_executor.py took 0.084 seconds
[2021-03-16 11:55:43,023] {scheduler_job.py:182} INFO - Started process (PID=39) to work on /home/airflow/.local/lib/python3.6/site-packages/airflow/example_dags/example_kubernetes_executor.py
[2021-03-16 11:55:43,029] {scheduler_job.py:629} INFO - Processing file /home/airflow/.local/lib/python3.6/site-packages/airflow/example_dags/example_kubernetes_executor.py for tasks to queue
[2021-03-16 11:55:43,035] {logging_mixin.py:104} INFO - [2021-03-16 11:55:43,035] {dagbag.py:448} INFO - Filling up the DagBag from /home/airflow/.local/lib/python3.6/site-packages/airflow/example_dags/example_kubernetes_executor.py
[2021-03-16 11:55:43,072] {scheduler_job.py:639} INFO - DAG(s) dict_keys(['example_kubernetes_executor']) retrieved from /home/airflow/.local/lib/python3.6/site-packages/airflow/example_dags/example_kubernetes_executor.py
[2021-03-16 11:55:43,179] {logging_mixin.py:104} INFO - [2021-03-16 11:55:43,179] {dag.py:1818} INFO - Sync 1 DAGs
[2021-03-16 11:55:43,261] {logging_mixin.py:104} INFO - [2021-03-16 11:55:43,261] {dag.py:2273} INFO - Setting next_dagrun for example_kubernetes_executor to None
[2021-03-16 11:55:43,345] {scheduler_job.py:190} INFO - Processing /home/airflow/.local/lib/python3.6/site-packages/airflow/example_dags/example_kubernetes_executor.py took 0.327 seconds
[2021-03-16 13:40:15,991] {scheduler_job.py:182} INFO - Started process (PID=42) to work on /home/airflow/.local/lib/python3.6/site-packages/airflow/example_dags/example_kubernetes_executor.py
[2021-03-16 13:40:15,994] {scheduler_job.py:629} INFO - Processing file /home/airflow/.local/lib/python3.6/site-packages/airflow/example_dags/example_kubernetes_executor.py for tasks to queue
[2021-03-16 13:40:16,007] {logging_mixin.py:104} INFO - [2021-03-16 13:40:16,006] {dagbag.py:448} INFO - Filling up the DagBag from /home/airflow/.local/lib/python3.6/site-packages/airflow/example_dags/example_kubernetes_executor.py
[2021-03-16 13:40:16,088] {scheduler_job.py:639} INFO - DAG(s) dict_keys(['example_kubernetes_executor']) retrieved from /home/airflow/.local/lib/python3.6/site-packages/airflow/example_dags/example_kubernetes_executor.py
[2021-03-16 13:40:16,145] {logging_mixin.py:104} INFO - [2021-03-16 13:40:16,144] {dag.py:1818} INFO - Sync 1 DAGs
[2021-03-16 13:40:16,192] {logging_mixin.py:104} INFO - [2021-03-16 13:40:16,192] {dag.py:2273} INFO - Setting next_dagrun for example_kubernetes_executor to None
[2021-03-16 13:40:16,218] {scheduler_job.py:190} INFO - Processing /home/airflow/.local/lib/python3.6/site-packages/airflow/example_dags/example_kubernetes_executor.py took 0.260 seconds
[2021-03-16 13:40:46,576] {scheduler_job.py:182} INFO - Started process (PID=69) to work on /home/airflow/.local/lib/python3.6/site-packages/airflow/example_dags/example_kubernetes_executor.py
[2021-03-16 13:40:46,580] {scheduler_job.py:629} INFO - Processing file /home/airflow/.local/lib/python3.6/site-packages/airflow/example_dags/example_kubernetes_executor.py for tasks to queue
[2021-03-16 13:40:46,582] {logging_mixin.py:104} INFO - [2021-03-16 13:40:46,582] {dagbag.py:448} INFO - Filling up the DagBag from /home/airflow/.local/lib/python3.6/site-packages/airflow/example_dags/example_kubernetes_executor.py
[2021-03-16 13:40:46,596] {scheduler_job.py:639} INFO - DAG(s) dict_keys(['example_kubernetes_executor']) retrieved from /home/airflow/.local/lib/python3.6/site-packages/airflow/example_dags/example_kubernetes_executor.py
[2021-03-16 13:40:46,622] {logging_mixin.py:104} INFO - [2021-03-16 13:40:46,621] {dag.py:1818} INFO - Sync 1 DAGs
[2021-03-16 13:40:46,643] {logging_mixin.py:104} INFO - [2021-03-16 13:40:46,642] {dag.py:2273} INFO - Setting next_dagrun for example_kubernetes_executor to None
[2021-03-16 13:40:46,654] {scheduler_job.py:190} INFO - Processing /home/airflow/.local/lib/python3.6/site-packages/airflow/example_dags/example_kubernetes_executor.py took 0.083 seconds
[2021-03-16 13:41:17,019] {scheduler_job.py:182} INFO - Started process (PID=96) to work on /home/airflow/.local/lib/python3.6/site-packages/airflow/example_dags/example_kubernetes_executor.py
[2021-03-16 13:41:17,021] {scheduler_job.py:629} INFO - Processing file /home/airflow/.local/lib/python3.6/site-packages/airflow/example_dags/example_kubernetes_executor.py for tasks to queue
[2021-03-16 13:41:17,023] {logging_mixin.py:104} INFO - [2021-03-16 13:41:17,023] {dagbag.py:448} INFO - Filling up the DagBag from /home/airflow/.local/lib/python3.6/site-packages/airflow/example_dags/example_kubernetes_executor.py
[2021-03-16 13:41:17,037] {scheduler_job.py:639} INFO - DAG(s) dict_keys(['example_kubernetes_executor']) retrieved from /home/airflow/.local/lib/python3.6/site-packages/airflow/example_dags/example_kubernetes_executor.py
[2021-03-16 13:41:17,063] {logging_mixin.py:104} INFO - [2021-03-16 13:41:17,063] {dag.py:1818} INFO - Sync 1 DAGs
[2021-03-16 13:41:17,085] {logging_mixin.py:104} INFO - [2021-03-16 13:41:17,085] {dag.py:2273} INFO - Setting next_dagrun for example_kubernetes_executor to None
[2021-03-16 13:41:17,099] {scheduler_job.py:190} INFO - Processing /home/airflow/.local/lib/python3.6/site-packages/airflow/example_dags/example_kubernetes_executor.py took 0.085 seconds
[2021-03-16 13:41:47,368] {scheduler_job.py:182} INFO - Started process (PID=120) to work on /home/airflow/.local/lib/python3.6/site-packages/airflow/example_dags/example_kubernetes_executor.py
[2021-03-16 13:41:47,372] {scheduler_job.py:629} INFO - Processing file /home/airflow/.local/lib/python3.6/site-packages/airflow/example_dags/example_kubernetes_executor.py for tasks to queue
[2021-03-16 13:41:47,375] {logging_mixin.py:104} INFO - [2021-03-16 13:41:47,374] {dagbag.py:448} INFO - Filling up the DagBag from /home/airflow/.local/lib/python3.6/site-packages/airflow/example_dags/example_kubernetes_executor.py
[2021-03-16 13:41:47,407] {scheduler_job.py:639} INFO - DAG(s) dict_keys(['example_kubernetes_executor']) retrieved from /home/airflow/.local/lib/python3.6/site-packages/airflow/example_dags/example_kubernetes_executor.py
[2021-03-16 13:41:47,447] {logging_mixin.py:104} INFO - [2021-03-16 13:41:47,447] {dag.py:1818} INFO - Sync 1 DAGs
[2021-03-16 13:41:47,479] {logging_mixin.py:104} INFO - [2021-03-16 13:41:47,479] {dag.py:2273} INFO - Setting next_dagrun for example_kubernetes_executor to None
[2021-03-16 13:41:47,496] {scheduler_job.py:190} INFO - Processing /home/airflow/.local/lib/python3.6/site-packages/airflow/example_dags/example_kubernetes_executor.py took 0.139 seconds
[2021-03-16 13:42:55,264] {scheduler_job.py:182} INFO - Started process (PID=26) to work on /home/airflow/.local/lib/python3.6/site-packages/airflow/example_dags/example_kubernetes_executor.py
[2021-03-16 13:42:55,267] {scheduler_job.py:629} INFO - Processing file /home/airflow/.local/lib/python3.6/site-packages/airflow/example_dags/example_kubernetes_executor.py for tasks to queue
[2021-03-16 13:42:55,273] {logging_mixin.py:104} INFO - [2021-03-16 13:42:55,273] {dagbag.py:448} INFO - Filling up the DagBag from /home/airflow/.local/lib/python3.6/site-packages/airflow/example_dags/example_kubernetes_executor.py
[2021-03-16 13:42:55,361] {scheduler_job.py:639} INFO - DAG(s) dict_keys(['example_kubernetes_executor']) retrieved from /home/airflow/.local/lib/python3.6/site-packages/airflow/example_dags/example_kubernetes_executor.py
[2021-03-16 13:42:55,435] {logging_mixin.py:104} INFO - [2021-03-16 13:42:55,434] {dag.py:1818} INFO - Sync 1 DAGs
[2021-03-16 13:42:55,485] {logging_mixin.py:104} INFO - [2021-03-16 13:42:55,481] {dag.py:2273} INFO - Setting next_dagrun for example_kubernetes_executor to None
[2021-03-16 13:42:55,529] {scheduler_job.py:190} INFO - Processing /home/airflow/.local/lib/python3.6/site-packages/airflow/example_dags/example_kubernetes_executor.py took 0.289 seconds
[2021-03-16 13:43:26,992] {scheduler_job.py:182} INFO - Started process (PID=55) to work on /home/airflow/.local/lib/python3.6/site-packages/airflow/example_dags/example_kubernetes_executor.py
[2021-03-16 13:43:26,994] {scheduler_job.py:629} INFO - Processing file /home/airflow/.local/lib/python3.6/site-packages/airflow/example_dags/example_kubernetes_executor.py for tasks to queue
[2021-03-16 13:43:26,996] {logging_mixin.py:104} INFO - [2021-03-16 13:43:26,996] {dagbag.py:448} INFO - Filling up the DagBag from /home/airflow/.local/lib/python3.6/site-packages/airflow/example_dags/example_kubernetes_executor.py
[2021-03-16 13:43:27,012] {scheduler_job.py:639} INFO - DAG(s) dict_keys(['example_kubernetes_executor']) retrieved from /home/airflow/.local/lib/python3.6/site-packages/airflow/example_dags/example_kubernetes_executor.py
[2021-03-16 13:43:27,042] {logging_mixin.py:104} INFO - [2021-03-16 13:43:27,042] {dag.py:1818} INFO - Sync 1 DAGs
[2021-03-16 13:43:27,062] {logging_mixin.py:104} INFO - [2021-03-16 13:43:27,062] {dag.py:2273} INFO - Setting next_dagrun for example_kubernetes_executor to None
[2021-03-16 13:43:27,073] {scheduler_job.py:190} INFO - Processing /home/airflow/.local/lib/python3.6/site-packages/airflow/example_dags/example_kubernetes_executor.py took 0.087 seconds
[2021-03-16 13:44:46,427] {scheduler_job.py:182} INFO - Started process (PID=36) to work on /home/airflow/.local/lib/python3.6/site-packages/airflow/example_dags/example_kubernetes_executor.py
[2021-03-16 13:44:46,430] {scheduler_job.py:629} INFO - Processing file /home/airflow/.local/lib/python3.6/site-packages/airflow/example_dags/example_kubernetes_executor.py for tasks to queue
[2021-03-16 13:44:46,438] {logging_mixin.py:104} INFO - [2021-03-16 13:44:46,437] {dagbag.py:448} INFO - Filling up the DagBag from /home/airflow/.local/lib/python3.6/site-packages/airflow/example_dags/example_kubernetes_executor.py
[2021-03-16 13:44:46,526] {scheduler_job.py:639} INFO - DAG(s) dict_keys(['example_kubernetes_executor']) retrieved from /home/airflow/.local/lib/python3.6/site-packages/airflow/example_dags/example_kubernetes_executor.py
[2021-03-16 13:44:46,673] {logging_mixin.py:104} INFO - [2021-03-16 13:44:46,672] {dag.py:1818} INFO - Sync 1 DAGs
[2021-03-16 13:44:46,781] {logging_mixin.py:104} INFO - [2021-03-16 13:44:46,780] {dag.py:2273} INFO - Setting next_dagrun for example_kubernetes_executor to None
[2021-03-16 13:44:46,885] {scheduler_job.py:190} INFO - Processing /home/airflow/.local/lib/python3.6/site-packages/airflow/example_dags/example_kubernetes_executor.py took 0.469 seconds
[2021-03-16 13:45:17,216] {scheduler_job.py:182} INFO - Started process (PID=64) to work on /home/airflow/.local/lib/python3.6/site-packages/airflow/example_dags/example_kubernetes_executor.py
[2021-03-16 13:45:17,218] {scheduler_job.py:629} INFO - Processing file /home/airflow/.local/lib/python3.6/site-packages/airflow/example_dags/example_kubernetes_executor.py for tasks to queue
[2021-03-16 13:45:17,219] {logging_mixin.py:104} INFO - [2021-03-16 13:45:17,219] {dagbag.py:448} INFO - Filling up the DagBag from /home/airflow/.local/lib/python3.6/site-packages/airflow/example_dags/example_kubernetes_executor.py
[2021-03-16 13:45:17,237] {scheduler_job.py:639} INFO - DAG(s) dict_keys(['example_kubernetes_executor']) retrieved from /home/airflow/.local/lib/python3.6/site-packages/airflow/example_dags/example_kubernetes_executor.py
[2021-03-16 13:45:17,263] {logging_mixin.py:104} INFO - [2021-03-16 13:45:17,263] {dag.py:1818} INFO - Sync 1 DAGs
[2021-03-16 13:45:17,279] {logging_mixin.py:104} INFO - [2021-03-16 13:45:17,279] {dag.py:2273} INFO - Setting next_dagrun for example_kubernetes_executor to None
[2021-03-16 13:45:17,291] {scheduler_job.py:190} INFO - Processing /home/airflow/.local/lib/python3.6/site-packages/airflow/example_dags/example_kubernetes_executor.py took 0.079 seconds
[2021-03-16 13:45:47,808] {scheduler_job.py:182} INFO - Started process (PID=90) to work on /home/airflow/.local/lib/python3.6/site-packages/airflow/example_dags/example_kubernetes_executor.py
[2021-03-16 13:45:47,811] {scheduler_job.py:629} INFO - Processing file /home/airflow/.local/lib/python3.6/site-packages/airflow/example_dags/example_kubernetes_executor.py for tasks to queue
[2021-03-16 13:45:47,812] {logging_mixin.py:104} INFO - [2021-03-16 13:45:47,812] {dagbag.py:448} INFO - Filling up the DagBag from /home/airflow/.local/lib/python3.6/site-packages/airflow/example_dags/example_kubernetes_executor.py
[2021-03-16 13:45:47,829] {scheduler_job.py:639} INFO - DAG(s) dict_keys(['example_kubernetes_executor']) retrieved from /home/airflow/.local/lib/python3.6/site-packages/airflow/example_dags/example_kubernetes_executor.py
[2021-03-16 13:45:47,860] {logging_mixin.py:104} INFO - [2021-03-16 13:45:47,860] {dag.py:1818} INFO - Sync 1 DAGs
[2021-03-16 13:45:47,880] {logging_mixin.py:104} INFO - [2021-03-16 13:45:47,880] {dag.py:2273} INFO - Setting next_dagrun for example_kubernetes_executor to None
[2021-03-16 13:45:47,894] {scheduler_job.py:190} INFO - Processing /home/airflow/.local/lib/python3.6/site-packages/airflow/example_dags/example_kubernetes_executor.py took 0.091 seconds
[2021-03-16 13:46:18,728] {scheduler_job.py:182} INFO - Started process (PID=117) to work on /home/airflow/.local/lib/python3.6/site-packages/airflow/example_dags/example_kubernetes_executor.py
[2021-03-16 13:46:18,731] {scheduler_job.py:629} INFO - Processing file /home/airflow/.local/lib/python3.6/site-packages/airflow/example_dags/example_kubernetes_executor.py for tasks to queue
[2021-03-16 13:46:18,733] {logging_mixin.py:104} INFO - [2021-03-16 13:46:18,733] {dagbag.py:448} INFO - Filling up the DagBag from /home/airflow/.local/lib/python3.6/site-packages/airflow/example_dags/example_kubernetes_executor.py
[2021-03-16 13:46:18,752] {scheduler_job.py:639} INFO - DAG(s) dict_keys(['example_kubernetes_executor']) retrieved from /home/airflow/.local/lib/python3.6/site-packages/airflow/example_dags/example_kubernetes_executor.py
[2021-03-16 13:46:18,800] {logging_mixin.py:104} INFO - [2021-03-16 13:46:18,800] {dag.py:1818} INFO - Sync 1 DAGs
[2021-03-16 13:46:18,832] {logging_mixin.py:104} INFO - [2021-03-16 13:46:18,832] {dag.py:2273} INFO - Setting next_dagrun for example_kubernetes_executor to None
[2021-03-16 13:46:18,855] {scheduler_job.py:190} INFO - Processing /home/airflow/.local/lib/python3.6/site-packages/airflow/example_dags/example_kubernetes_executor.py took 0.133 seconds
[2021-03-16 13:46:49,658] {scheduler_job.py:182} INFO - Started process (PID=144) to work on /home/airflow/.local/lib/python3.6/site-packages/airflow/example_dags/example_kubernetes_executor.py
[2021-03-16 13:46:49,661] {scheduler_job.py:629} INFO - Processing file /home/airflow/.local/lib/python3.6/site-packages/airflow/example_dags/example_kubernetes_executor.py for tasks to queue
[2021-03-16 13:46:49,663] {logging_mixin.py:104} INFO - [2021-03-16 13:46:49,663] {dagbag.py:448} INFO - Filling up the DagBag from /home/airflow/.local/lib/python3.6/site-packages/airflow/example_dags/example_kubernetes_executor.py
[2021-03-16 13:46:49,676] {scheduler_job.py:639} INFO - DAG(s) dict_keys(['example_kubernetes_executor']) retrieved from /home/airflow/.local/lib/python3.6/site-packages/airflow/example_dags/example_kubernetes_executor.py
[2021-03-16 13:46:49,720] {logging_mixin.py:104} INFO - [2021-03-16 13:46:49,720] {dag.py:1818} INFO - Sync 1 DAGs
[2021-03-16 13:46:49,747] {logging_mixin.py:104} INFO - [2021-03-16 13:46:49,747] {dag.py:2273} INFO - Setting next_dagrun for example_kubernetes_executor to None
[2021-03-16 13:46:49,758] {scheduler_job.py:190} INFO - Processing /home/airflow/.local/lib/python3.6/site-packages/airflow/example_dags/example_kubernetes_executor.py took 0.107 seconds
