[2021-03-16 11:44:37,122] {scheduler_job.py:182} INFO - Started process (PID=37) to work on /home/airflow/.local/lib/python3.6/site-packages/airflow/example_dags/example_skip_dag.py
[2021-03-16 11:44:37,136] {scheduler_job.py:629} INFO - Processing file /home/airflow/.local/lib/python3.6/site-packages/airflow/example_dags/example_skip_dag.py for tasks to queue
[2021-03-16 11:44:37,139] {logging_mixin.py:104} INFO - [2021-03-16 11:44:37,139] {dagbag.py:448} INFO - Filling up the DagBag from /home/airflow/.local/lib/python3.6/site-packages/airflow/example_dags/example_skip_dag.py
[2021-03-16 11:44:37,206] {scheduler_job.py:639} INFO - DAG(s) dict_keys(['example_skip_dag']) retrieved from /home/airflow/.local/lib/python3.6/site-packages/airflow/example_dags/example_skip_dag.py
[2021-03-16 11:44:37,272] {logging_mixin.py:104} INFO - [2021-03-16 11:44:37,272] {dag.py:1818} INFO - Sync 1 DAGs
[2021-03-16 11:44:37,325] {logging_mixin.py:104} INFO - [2021-03-16 11:44:37,324] {dag.py:2273} INFO - Setting next_dagrun for example_skip_dag to 2021-03-14 00:00:00+00:00
[2021-03-16 11:44:37,370] {scheduler_job.py:190} INFO - Processing /home/airflow/.local/lib/python3.6/site-packages/airflow/example_dags/example_skip_dag.py took 0.281 seconds
[2021-03-16 11:46:14,610] {scheduler_job.py:182} INFO - Started process (PID=37) to work on /home/airflow/.local/lib/python3.6/site-packages/airflow/example_dags/example_skip_dag.py
[2021-03-16 11:46:14,613] {scheduler_job.py:629} INFO - Processing file /home/airflow/.local/lib/python3.6/site-packages/airflow/example_dags/example_skip_dag.py for tasks to queue
[2021-03-16 11:46:14,616] {logging_mixin.py:104} INFO - [2021-03-16 11:46:14,616] {dagbag.py:448} INFO - Filling up the DagBag from /home/airflow/.local/lib/python3.6/site-packages/airflow/example_dags/example_skip_dag.py
[2021-03-16 11:46:14,651] {scheduler_job.py:639} INFO - DAG(s) dict_keys(['example_skip_dag']) retrieved from /home/airflow/.local/lib/python3.6/site-packages/airflow/example_dags/example_skip_dag.py
[2021-03-16 11:46:14,708] {logging_mixin.py:104} INFO - [2021-03-16 11:46:14,707] {dag.py:1818} INFO - Sync 1 DAGs
[2021-03-16 11:46:14,794] {logging_mixin.py:104} INFO - [2021-03-16 11:46:14,794] {dag.py:2273} INFO - Setting next_dagrun for example_skip_dag to 2021-03-14 00:00:00+00:00
[2021-03-16 11:46:14,812] {scheduler_job.py:190} INFO - Processing /home/airflow/.local/lib/python3.6/site-packages/airflow/example_dags/example_skip_dag.py took 0.209 seconds
[2021-03-16 11:48:05,246] {scheduler_job.py:182} INFO - Started process (PID=49) to work on /home/airflow/.local/lib/python3.6/site-packages/airflow/example_dags/example_skip_dag.py
[2021-03-16 11:48:05,254] {scheduler_job.py:629} INFO - Processing file /home/airflow/.local/lib/python3.6/site-packages/airflow/example_dags/example_skip_dag.py for tasks to queue
[2021-03-16 11:48:05,258] {logging_mixin.py:104} INFO - [2021-03-16 11:48:05,258] {dagbag.py:448} INFO - Filling up the DagBag from /home/airflow/.local/lib/python3.6/site-packages/airflow/example_dags/example_skip_dag.py
[2021-03-16 11:48:05,299] {scheduler_job.py:639} INFO - DAG(s) dict_keys(['example_skip_dag']) retrieved from /home/airflow/.local/lib/python3.6/site-packages/airflow/example_dags/example_skip_dag.py
[2021-03-16 11:48:05,365] {logging_mixin.py:104} INFO - [2021-03-16 11:48:05,365] {dag.py:1818} INFO - Sync 1 DAGs
[2021-03-16 11:48:05,385] {logging_mixin.py:104} INFO - [2021-03-16 11:48:05,384] {dag.py:2273} INFO - Setting next_dagrun for example_skip_dag to 2021-03-14 00:00:00+00:00
[2021-03-16 11:48:05,396] {scheduler_job.py:190} INFO - Processing /home/airflow/.local/lib/python3.6/site-packages/airflow/example_dags/example_skip_dag.py took 0.154 seconds
[2021-03-16 11:48:36,006] {scheduler_job.py:182} INFO - Started process (PID=75) to work on /home/airflow/.local/lib/python3.6/site-packages/airflow/example_dags/example_skip_dag.py
[2021-03-16 11:48:36,008] {scheduler_job.py:629} INFO - Processing file /home/airflow/.local/lib/python3.6/site-packages/airflow/example_dags/example_skip_dag.py for tasks to queue
[2021-03-16 11:48:36,010] {logging_mixin.py:104} INFO - [2021-03-16 11:48:36,009] {dagbag.py:448} INFO - Filling up the DagBag from /home/airflow/.local/lib/python3.6/site-packages/airflow/example_dags/example_skip_dag.py
[2021-03-16 11:48:36,024] {scheduler_job.py:639} INFO - DAG(s) dict_keys(['example_skip_dag']) retrieved from /home/airflow/.local/lib/python3.6/site-packages/airflow/example_dags/example_skip_dag.py
[2021-03-16 11:48:36,053] {logging_mixin.py:104} INFO - [2021-03-16 11:48:36,053] {dag.py:1818} INFO - Sync 1 DAGs
[2021-03-16 11:48:36,073] {logging_mixin.py:104} INFO - [2021-03-16 11:48:36,073] {dag.py:2273} INFO - Setting next_dagrun for example_skip_dag to 2021-03-14 00:00:00+00:00
[2021-03-16 11:48:36,085] {scheduler_job.py:190} INFO - Processing /home/airflow/.local/lib/python3.6/site-packages/airflow/example_dags/example_skip_dag.py took 0.086 seconds
[2021-03-16 11:49:06,638] {scheduler_job.py:182} INFO - Started process (PID=102) to work on /home/airflow/.local/lib/python3.6/site-packages/airflow/example_dags/example_skip_dag.py
[2021-03-16 11:49:06,641] {scheduler_job.py:629} INFO - Processing file /home/airflow/.local/lib/python3.6/site-packages/airflow/example_dags/example_skip_dag.py for tasks to queue
[2021-03-16 11:49:06,643] {logging_mixin.py:104} INFO - [2021-03-16 11:49:06,643] {dagbag.py:448} INFO - Filling up the DagBag from /home/airflow/.local/lib/python3.6/site-packages/airflow/example_dags/example_skip_dag.py
[2021-03-16 11:49:06,656] {scheduler_job.py:639} INFO - DAG(s) dict_keys(['example_skip_dag']) retrieved from /home/airflow/.local/lib/python3.6/site-packages/airflow/example_dags/example_skip_dag.py
[2021-03-16 11:49:06,683] {logging_mixin.py:104} INFO - [2021-03-16 11:49:06,682] {dag.py:1818} INFO - Sync 1 DAGs
[2021-03-16 11:49:06,701] {logging_mixin.py:104} INFO - [2021-03-16 11:49:06,701] {dag.py:2273} INFO - Setting next_dagrun for example_skip_dag to 2021-03-14 00:00:00+00:00
[2021-03-16 11:49:06,711] {scheduler_job.py:190} INFO - Processing /home/airflow/.local/lib/python3.6/site-packages/airflow/example_dags/example_skip_dag.py took 0.077 seconds
[2021-03-16 11:49:37,494] {scheduler_job.py:182} INFO - Started process (PID=129) to work on /home/airflow/.local/lib/python3.6/site-packages/airflow/example_dags/example_skip_dag.py
[2021-03-16 11:49:37,497] {scheduler_job.py:629} INFO - Processing file /home/airflow/.local/lib/python3.6/site-packages/airflow/example_dags/example_skip_dag.py for tasks to queue
[2021-03-16 11:49:37,498] {logging_mixin.py:104} INFO - [2021-03-16 11:49:37,498] {dagbag.py:448} INFO - Filling up the DagBag from /home/airflow/.local/lib/python3.6/site-packages/airflow/example_dags/example_skip_dag.py
[2021-03-16 11:49:37,511] {scheduler_job.py:639} INFO - DAG(s) dict_keys(['example_skip_dag']) retrieved from /home/airflow/.local/lib/python3.6/site-packages/airflow/example_dags/example_skip_dag.py
[2021-03-16 11:49:37,537] {logging_mixin.py:104} INFO - [2021-03-16 11:49:37,537] {dag.py:1818} INFO - Sync 1 DAGs
[2021-03-16 11:49:37,553] {logging_mixin.py:104} INFO - [2021-03-16 11:49:37,553] {dag.py:2273} INFO - Setting next_dagrun for example_skip_dag to 2021-03-14 00:00:00+00:00
[2021-03-16 11:49:37,563] {scheduler_job.py:190} INFO - Processing /home/airflow/.local/lib/python3.6/site-packages/airflow/example_dags/example_skip_dag.py took 0.072 seconds
[2021-03-16 11:50:08,040] {scheduler_job.py:182} INFO - Started process (PID=156) to work on /home/airflow/.local/lib/python3.6/site-packages/airflow/example_dags/example_skip_dag.py
[2021-03-16 11:50:08,042] {scheduler_job.py:629} INFO - Processing file /home/airflow/.local/lib/python3.6/site-packages/airflow/example_dags/example_skip_dag.py for tasks to queue
[2021-03-16 11:50:08,043] {logging_mixin.py:104} INFO - [2021-03-16 11:50:08,043] {dagbag.py:448} INFO - Filling up the DagBag from /home/airflow/.local/lib/python3.6/site-packages/airflow/example_dags/example_skip_dag.py
[2021-03-16 11:50:08,057] {scheduler_job.py:639} INFO - DAG(s) dict_keys(['example_skip_dag']) retrieved from /home/airflow/.local/lib/python3.6/site-packages/airflow/example_dags/example_skip_dag.py
[2021-03-16 11:50:08,086] {logging_mixin.py:104} INFO - [2021-03-16 11:50:08,086] {dag.py:1818} INFO - Sync 1 DAGs
[2021-03-16 11:50:08,106] {logging_mixin.py:104} INFO - [2021-03-16 11:50:08,106] {dag.py:2273} INFO - Setting next_dagrun for example_skip_dag to 2021-03-14 00:00:00+00:00
[2021-03-16 11:50:08,119] {scheduler_job.py:190} INFO - Processing /home/airflow/.local/lib/python3.6/site-packages/airflow/example_dags/example_skip_dag.py took 0.084 seconds
[2021-03-16 11:50:38,630] {scheduler_job.py:182} INFO - Started process (PID=183) to work on /home/airflow/.local/lib/python3.6/site-packages/airflow/example_dags/example_skip_dag.py
[2021-03-16 11:50:38,633] {scheduler_job.py:629} INFO - Processing file /home/airflow/.local/lib/python3.6/site-packages/airflow/example_dags/example_skip_dag.py for tasks to queue
[2021-03-16 11:50:38,635] {logging_mixin.py:104} INFO - [2021-03-16 11:50:38,635] {dagbag.py:448} INFO - Filling up the DagBag from /home/airflow/.local/lib/python3.6/site-packages/airflow/example_dags/example_skip_dag.py
[2021-03-16 11:50:38,647] {scheduler_job.py:639} INFO - DAG(s) dict_keys(['example_skip_dag']) retrieved from /home/airflow/.local/lib/python3.6/site-packages/airflow/example_dags/example_skip_dag.py
[2021-03-16 11:50:38,673] {logging_mixin.py:104} INFO - [2021-03-16 11:50:38,673] {dag.py:1818} INFO - Sync 1 DAGs
[2021-03-16 11:50:38,692] {logging_mixin.py:104} INFO - [2021-03-16 11:50:38,692] {dag.py:2273} INFO - Setting next_dagrun for example_skip_dag to 2021-03-14 00:00:00+00:00
[2021-03-16 11:50:38,704] {scheduler_job.py:190} INFO - Processing /home/airflow/.local/lib/python3.6/site-packages/airflow/example_dags/example_skip_dag.py took 0.077 seconds
[2021-03-16 11:55:42,770] {scheduler_job.py:182} INFO - Started process (PID=37) to work on /home/airflow/.local/lib/python3.6/site-packages/airflow/example_dags/example_skip_dag.py
[2021-03-16 11:55:42,773] {scheduler_job.py:629} INFO - Processing file /home/airflow/.local/lib/python3.6/site-packages/airflow/example_dags/example_skip_dag.py for tasks to queue
[2021-03-16 11:55:42,775] {logging_mixin.py:104} INFO - [2021-03-16 11:55:42,775] {dagbag.py:448} INFO - Filling up the DagBag from /home/airflow/.local/lib/python3.6/site-packages/airflow/example_dags/example_skip_dag.py
[2021-03-16 11:55:42,812] {scheduler_job.py:639} INFO - DAG(s) dict_keys(['example_skip_dag']) retrieved from /home/airflow/.local/lib/python3.6/site-packages/airflow/example_dags/example_skip_dag.py
[2021-03-16 11:55:42,870] {logging_mixin.py:104} INFO - [2021-03-16 11:55:42,870] {dag.py:1818} INFO - Sync 1 DAGs
[2021-03-16 11:55:42,904] {logging_mixin.py:104} INFO - [2021-03-16 11:55:42,904] {dag.py:2273} INFO - Setting next_dagrun for example_skip_dag to 2021-03-14 00:00:00+00:00
[2021-03-16 11:55:42,937] {scheduler_job.py:190} INFO - Processing /home/airflow/.local/lib/python3.6/site-packages/airflow/example_dags/example_skip_dag.py took 0.176 seconds
[2021-03-16 13:40:16,811] {scheduler_job.py:182} INFO - Started process (PID=46) to work on /home/airflow/.local/lib/python3.6/site-packages/airflow/example_dags/example_skip_dag.py
[2021-03-16 13:40:16,816] {scheduler_job.py:629} INFO - Processing file /home/airflow/.local/lib/python3.6/site-packages/airflow/example_dags/example_skip_dag.py for tasks to queue
[2021-03-16 13:40:16,819] {logging_mixin.py:104} INFO - [2021-03-16 13:40:16,819] {dagbag.py:448} INFO - Filling up the DagBag from /home/airflow/.local/lib/python3.6/site-packages/airflow/example_dags/example_skip_dag.py
[2021-03-16 13:40:16,844] {scheduler_job.py:639} INFO - DAG(s) dict_keys(['example_skip_dag']) retrieved from /home/airflow/.local/lib/python3.6/site-packages/airflow/example_dags/example_skip_dag.py
[2021-03-16 13:40:16,898] {logging_mixin.py:104} INFO - [2021-03-16 13:40:16,897] {dag.py:1818} INFO - Sync 1 DAGs
[2021-03-16 13:40:16,939] {logging_mixin.py:104} INFO - [2021-03-16 13:40:16,938] {dag.py:2273} INFO - Setting next_dagrun for example_skip_dag to 2021-03-14 00:00:00+00:00
[2021-03-16 13:40:16,960] {scheduler_job.py:190} INFO - Processing /home/airflow/.local/lib/python3.6/site-packages/airflow/example_dags/example_skip_dag.py took 0.156 seconds
[2021-03-16 13:40:47,754] {scheduler_job.py:182} INFO - Started process (PID=72) to work on /home/airflow/.local/lib/python3.6/site-packages/airflow/example_dags/example_skip_dag.py
[2021-03-16 13:40:47,757] {scheduler_job.py:629} INFO - Processing file /home/airflow/.local/lib/python3.6/site-packages/airflow/example_dags/example_skip_dag.py for tasks to queue
[2021-03-16 13:40:47,759] {logging_mixin.py:104} INFO - [2021-03-16 13:40:47,758] {dagbag.py:448} INFO - Filling up the DagBag from /home/airflow/.local/lib/python3.6/site-packages/airflow/example_dags/example_skip_dag.py
[2021-03-16 13:40:47,776] {scheduler_job.py:639} INFO - DAG(s) dict_keys(['example_skip_dag']) retrieved from /home/airflow/.local/lib/python3.6/site-packages/airflow/example_dags/example_skip_dag.py
[2021-03-16 13:40:47,804] {logging_mixin.py:104} INFO - [2021-03-16 13:40:47,804] {dag.py:1818} INFO - Sync 1 DAGs
[2021-03-16 13:40:47,826] {logging_mixin.py:104} INFO - [2021-03-16 13:40:47,826] {dag.py:2273} INFO - Setting next_dagrun for example_skip_dag to 2021-03-14 00:00:00+00:00
[2021-03-16 13:40:47,837] {scheduler_job.py:190} INFO - Processing /home/airflow/.local/lib/python3.6/site-packages/airflow/example_dags/example_skip_dag.py took 0.089 seconds
[2021-03-16 13:41:18,205] {scheduler_job.py:182} INFO - Started process (PID=99) to work on /home/airflow/.local/lib/python3.6/site-packages/airflow/example_dags/example_skip_dag.py
[2021-03-16 13:41:18,208] {scheduler_job.py:629} INFO - Processing file /home/airflow/.local/lib/python3.6/site-packages/airflow/example_dags/example_skip_dag.py for tasks to queue
[2021-03-16 13:41:18,210] {logging_mixin.py:104} INFO - [2021-03-16 13:41:18,210] {dagbag.py:448} INFO - Filling up the DagBag from /home/airflow/.local/lib/python3.6/site-packages/airflow/example_dags/example_skip_dag.py
[2021-03-16 13:41:18,222] {scheduler_job.py:639} INFO - DAG(s) dict_keys(['example_skip_dag']) retrieved from /home/airflow/.local/lib/python3.6/site-packages/airflow/example_dags/example_skip_dag.py
[2021-03-16 13:41:18,247] {logging_mixin.py:104} INFO - [2021-03-16 13:41:18,246] {dag.py:1818} INFO - Sync 1 DAGs
[2021-03-16 13:41:18,263] {logging_mixin.py:104} INFO - [2021-03-16 13:41:18,263] {dag.py:2273} INFO - Setting next_dagrun for example_skip_dag to 2021-03-14 00:00:00+00:00
[2021-03-16 13:41:18,272] {scheduler_job.py:190} INFO - Processing /home/airflow/.local/lib/python3.6/site-packages/airflow/example_dags/example_skip_dag.py took 0.072 seconds
[2021-03-16 13:41:48,855] {scheduler_job.py:182} INFO - Started process (PID=126) to work on /home/airflow/.local/lib/python3.6/site-packages/airflow/example_dags/example_skip_dag.py
[2021-03-16 13:41:48,857] {scheduler_job.py:629} INFO - Processing file /home/airflow/.local/lib/python3.6/site-packages/airflow/example_dags/example_skip_dag.py for tasks to queue
[2021-03-16 13:41:48,858] {logging_mixin.py:104} INFO - [2021-03-16 13:41:48,858] {dagbag.py:448} INFO - Filling up the DagBag from /home/airflow/.local/lib/python3.6/site-packages/airflow/example_dags/example_skip_dag.py
[2021-03-16 13:41:48,876] {scheduler_job.py:639} INFO - DAG(s) dict_keys(['example_skip_dag']) retrieved from /home/airflow/.local/lib/python3.6/site-packages/airflow/example_dags/example_skip_dag.py
[2021-03-16 13:41:48,914] {logging_mixin.py:104} INFO - [2021-03-16 13:41:48,914] {dag.py:1818} INFO - Sync 1 DAGs
[2021-03-16 13:41:48,941] {logging_mixin.py:104} INFO - [2021-03-16 13:41:48,941] {dag.py:2273} INFO - Setting next_dagrun for example_skip_dag to 2021-03-14 00:00:00+00:00
[2021-03-16 13:41:48,957] {scheduler_job.py:190} INFO - Processing /home/airflow/.local/lib/python3.6/site-packages/airflow/example_dags/example_skip_dag.py took 0.109 seconds
[2021-03-16 13:42:56,479] {scheduler_job.py:182} INFO - Started process (PID=34) to work on /home/airflow/.local/lib/python3.6/site-packages/airflow/example_dags/example_skip_dag.py
[2021-03-16 13:42:56,495] {scheduler_job.py:629} INFO - Processing file /home/airflow/.local/lib/python3.6/site-packages/airflow/example_dags/example_skip_dag.py for tasks to queue
[2021-03-16 13:42:56,503] {logging_mixin.py:104} INFO - [2021-03-16 13:42:56,503] {dagbag.py:448} INFO - Filling up the DagBag from /home/airflow/.local/lib/python3.6/site-packages/airflow/example_dags/example_skip_dag.py
[2021-03-16 13:42:56,599] {scheduler_job.py:639} INFO - DAG(s) dict_keys(['example_skip_dag']) retrieved from /home/airflow/.local/lib/python3.6/site-packages/airflow/example_dags/example_skip_dag.py
[2021-03-16 13:42:56,664] {logging_mixin.py:104} INFO - [2021-03-16 13:42:56,663] {dag.py:1818} INFO - Sync 1 DAGs
[2021-03-16 13:42:56,734] {logging_mixin.py:104} INFO - [2021-03-16 13:42:56,734] {dag.py:2273} INFO - Setting next_dagrun for example_skip_dag to 2021-03-14 00:00:00+00:00
[2021-03-16 13:42:56,758] {scheduler_job.py:190} INFO - Processing /home/airflow/.local/lib/python3.6/site-packages/airflow/example_dags/example_skip_dag.py took 0.291 seconds
[2021-03-16 13:43:27,294] {scheduler_job.py:182} INFO - Started process (PID=61) to work on /home/airflow/.local/lib/python3.6/site-packages/airflow/example_dags/example_skip_dag.py
[2021-03-16 13:43:27,296] {scheduler_job.py:629} INFO - Processing file /home/airflow/.local/lib/python3.6/site-packages/airflow/example_dags/example_skip_dag.py for tasks to queue
[2021-03-16 13:43:27,298] {logging_mixin.py:104} INFO - [2021-03-16 13:43:27,298] {dagbag.py:448} INFO - Filling up the DagBag from /home/airflow/.local/lib/python3.6/site-packages/airflow/example_dags/example_skip_dag.py
[2021-03-16 13:43:27,311] {scheduler_job.py:639} INFO - DAG(s) dict_keys(['example_skip_dag']) retrieved from /home/airflow/.local/lib/python3.6/site-packages/airflow/example_dags/example_skip_dag.py
[2021-03-16 13:43:27,340] {logging_mixin.py:104} INFO - [2021-03-16 13:43:27,340] {dag.py:1818} INFO - Sync 1 DAGs
[2021-03-16 13:43:27,359] {logging_mixin.py:104} INFO - [2021-03-16 13:43:27,359] {dag.py:2273} INFO - Setting next_dagrun for example_skip_dag to 2021-03-14 00:00:00+00:00
[2021-03-16 13:43:27,369] {scheduler_job.py:190} INFO - Processing /home/airflow/.local/lib/python3.6/site-packages/airflow/example_dags/example_skip_dag.py took 0.079 seconds
[2021-03-16 13:44:46,239] {scheduler_job.py:182} INFO - Started process (PID=35) to work on /home/airflow/.local/lib/python3.6/site-packages/airflow/example_dags/example_skip_dag.py
[2021-03-16 13:44:46,245] {scheduler_job.py:629} INFO - Processing file /home/airflow/.local/lib/python3.6/site-packages/airflow/example_dags/example_skip_dag.py for tasks to queue
[2021-03-16 13:44:46,250] {logging_mixin.py:104} INFO - [2021-03-16 13:44:46,250] {dagbag.py:448} INFO - Filling up the DagBag from /home/airflow/.local/lib/python3.6/site-packages/airflow/example_dags/example_skip_dag.py
[2021-03-16 13:44:46,275] {scheduler_job.py:639} INFO - DAG(s) dict_keys(['example_skip_dag']) retrieved from /home/airflow/.local/lib/python3.6/site-packages/airflow/example_dags/example_skip_dag.py
[2021-03-16 13:44:46,353] {logging_mixin.py:104} INFO - [2021-03-16 13:44:46,353] {dag.py:1818} INFO - Sync 1 DAGs
[2021-03-16 13:44:46,443] {logging_mixin.py:104} INFO - [2021-03-16 13:44:46,442] {dag.py:2273} INFO - Setting next_dagrun for example_skip_dag to 2021-03-14 00:00:00+00:00
[2021-03-16 13:44:46,522] {scheduler_job.py:190} INFO - Processing /home/airflow/.local/lib/python3.6/site-packages/airflow/example_dags/example_skip_dag.py took 0.289 seconds
[2021-03-16 13:45:17,011] {scheduler_job.py:182} INFO - Started process (PID=60) to work on /home/airflow/.local/lib/python3.6/site-packages/airflow/example_dags/example_skip_dag.py
[2021-03-16 13:45:17,013] {scheduler_job.py:629} INFO - Processing file /home/airflow/.local/lib/python3.6/site-packages/airflow/example_dags/example_skip_dag.py for tasks to queue
[2021-03-16 13:45:17,015] {logging_mixin.py:104} INFO - [2021-03-16 13:45:17,015] {dagbag.py:448} INFO - Filling up the DagBag from /home/airflow/.local/lib/python3.6/site-packages/airflow/example_dags/example_skip_dag.py
[2021-03-16 13:45:17,027] {scheduler_job.py:639} INFO - DAG(s) dict_keys(['example_skip_dag']) retrieved from /home/airflow/.local/lib/python3.6/site-packages/airflow/example_dags/example_skip_dag.py
[2021-03-16 13:45:17,052] {logging_mixin.py:104} INFO - [2021-03-16 13:45:17,052] {dag.py:1818} INFO - Sync 1 DAGs
[2021-03-16 13:45:17,068] {logging_mixin.py:104} INFO - [2021-03-16 13:45:17,068] {dag.py:2273} INFO - Setting next_dagrun for example_skip_dag to 2021-03-14 00:00:00+00:00
[2021-03-16 13:45:17,079] {scheduler_job.py:190} INFO - Processing /home/airflow/.local/lib/python3.6/site-packages/airflow/example_dags/example_skip_dag.py took 0.072 seconds
[2021-03-16 13:45:47,717] {scheduler_job.py:182} INFO - Started process (PID=89) to work on /home/airflow/.local/lib/python3.6/site-packages/airflow/example_dags/example_skip_dag.py
[2021-03-16 13:45:47,720] {scheduler_job.py:629} INFO - Processing file /home/airflow/.local/lib/python3.6/site-packages/airflow/example_dags/example_skip_dag.py for tasks to queue
[2021-03-16 13:45:47,722] {logging_mixin.py:104} INFO - [2021-03-16 13:45:47,722] {dagbag.py:448} INFO - Filling up the DagBag from /home/airflow/.local/lib/python3.6/site-packages/airflow/example_dags/example_skip_dag.py
[2021-03-16 13:45:47,736] {scheduler_job.py:639} INFO - DAG(s) dict_keys(['example_skip_dag']) retrieved from /home/airflow/.local/lib/python3.6/site-packages/airflow/example_dags/example_skip_dag.py
[2021-03-16 13:45:47,765] {logging_mixin.py:104} INFO - [2021-03-16 13:45:47,764] {dag.py:1818} INFO - Sync 1 DAGs
[2021-03-16 13:45:47,785] {logging_mixin.py:104} INFO - [2021-03-16 13:45:47,784] {dag.py:2273} INFO - Setting next_dagrun for example_skip_dag to 2021-03-14 00:00:00+00:00
[2021-03-16 13:45:47,800] {scheduler_job.py:190} INFO - Processing /home/airflow/.local/lib/python3.6/site-packages/airflow/example_dags/example_skip_dag.py took 0.087 seconds
[2021-03-16 13:46:18,602] {scheduler_job.py:182} INFO - Started process (PID=116) to work on /home/airflow/.local/lib/python3.6/site-packages/airflow/example_dags/example_skip_dag.py
[2021-03-16 13:46:18,605] {scheduler_job.py:629} INFO - Processing file /home/airflow/.local/lib/python3.6/site-packages/airflow/example_dags/example_skip_dag.py for tasks to queue
[2021-03-16 13:46:18,608] {logging_mixin.py:104} INFO - [2021-03-16 13:46:18,608] {dagbag.py:448} INFO - Filling up the DagBag from /home/airflow/.local/lib/python3.6/site-packages/airflow/example_dags/example_skip_dag.py
[2021-03-16 13:46:18,623] {scheduler_job.py:639} INFO - DAG(s) dict_keys(['example_skip_dag']) retrieved from /home/airflow/.local/lib/python3.6/site-packages/airflow/example_dags/example_skip_dag.py
[2021-03-16 13:46:18,662] {logging_mixin.py:104} INFO - [2021-03-16 13:46:18,662] {dag.py:1818} INFO - Sync 1 DAGs
[2021-03-16 13:46:18,681] {logging_mixin.py:104} INFO - [2021-03-16 13:46:18,680] {dag.py:2273} INFO - Setting next_dagrun for example_skip_dag to 2021-03-14 00:00:00+00:00
[2021-03-16 13:46:18,692] {scheduler_job.py:190} INFO - Processing /home/airflow/.local/lib/python3.6/site-packages/airflow/example_dags/example_skip_dag.py took 0.095 seconds
[2021-03-16 13:46:49,500] {scheduler_job.py:182} INFO - Started process (PID=143) to work on /home/airflow/.local/lib/python3.6/site-packages/airflow/example_dags/example_skip_dag.py
[2021-03-16 13:46:49,503] {scheduler_job.py:629} INFO - Processing file /home/airflow/.local/lib/python3.6/site-packages/airflow/example_dags/example_skip_dag.py for tasks to queue
[2021-03-16 13:46:49,505] {logging_mixin.py:104} INFO - [2021-03-16 13:46:49,505] {dagbag.py:448} INFO - Filling up the DagBag from /home/airflow/.local/lib/python3.6/site-packages/airflow/example_dags/example_skip_dag.py
[2021-03-16 13:46:49,523] {scheduler_job.py:639} INFO - DAG(s) dict_keys(['example_skip_dag']) retrieved from /home/airflow/.local/lib/python3.6/site-packages/airflow/example_dags/example_skip_dag.py
[2021-03-16 13:46:49,554] {logging_mixin.py:104} INFO - [2021-03-16 13:46:49,554] {dag.py:1818} INFO - Sync 1 DAGs
[2021-03-16 13:46:49,596] {logging_mixin.py:104} INFO - [2021-03-16 13:46:49,595] {dag.py:2273} INFO - Setting next_dagrun for example_skip_dag to 2021-03-14 00:00:00+00:00
[2021-03-16 13:46:49,618] {scheduler_job.py:190} INFO - Processing /home/airflow/.local/lib/python3.6/site-packages/airflow/example_dags/example_skip_dag.py took 0.126 seconds
