[2021-03-16 11:44:36,604] {scheduler_job.py:182} INFO - Started process (PID=36) to work on /home/airflow/.local/lib/python3.6/site-packages/airflow/example_dags/example_dag_decorator.py
[2021-03-16 11:44:36,624] {scheduler_job.py:629} INFO - Processing file /home/airflow/.local/lib/python3.6/site-packages/airflow/example_dags/example_dag_decorator.py for tasks to queue
[2021-03-16 11:44:36,630] {logging_mixin.py:104} INFO - [2021-03-16 11:44:36,630] {dagbag.py:448} INFO - Filling up the DagBag from /home/airflow/.local/lib/python3.6/site-packages/airflow/example_dags/example_dag_decorator.py
[2021-03-16 11:44:36,898] {scheduler_job.py:639} INFO - DAG(s) dict_keys(['example_dag_decorator']) retrieved from /home/airflow/.local/lib/python3.6/site-packages/airflow/example_dags/example_dag_decorator.py
[2021-03-16 11:44:37,121] {logging_mixin.py:104} INFO - [2021-03-16 11:44:37,121] {dag.py:1818} INFO - Sync 1 DAGs
[2021-03-16 11:44:37,245] {logging_mixin.py:104} INFO - [2021-03-16 11:44:37,245] {dag.py:2273} INFO - Setting next_dagrun for example_dag_decorator to None
[2021-03-16 11:44:37,320] {scheduler_job.py:190} INFO - Processing /home/airflow/.local/lib/python3.6/site-packages/airflow/example_dags/example_dag_decorator.py took 0.745 seconds
[2021-03-16 11:46:14,001] {scheduler_job.py:182} INFO - Started process (PID=33) to work on /home/airflow/.local/lib/python3.6/site-packages/airflow/example_dags/example_dag_decorator.py
[2021-03-16 11:46:14,005] {scheduler_job.py:629} INFO - Processing file /home/airflow/.local/lib/python3.6/site-packages/airflow/example_dags/example_dag_decorator.py for tasks to queue
[2021-03-16 11:46:14,011] {logging_mixin.py:104} INFO - [2021-03-16 11:46:14,011] {dagbag.py:448} INFO - Filling up the DagBag from /home/airflow/.local/lib/python3.6/site-packages/airflow/example_dags/example_dag_decorator.py
[2021-03-16 11:46:14,081] {scheduler_job.py:639} INFO - DAG(s) dict_keys(['example_dag_decorator']) retrieved from /home/airflow/.local/lib/python3.6/site-packages/airflow/example_dags/example_dag_decorator.py
[2021-03-16 11:46:14,217] {logging_mixin.py:104} INFO - [2021-03-16 11:46:14,216] {dag.py:1818} INFO - Sync 1 DAGs
[2021-03-16 11:46:14,255] {logging_mixin.py:104} INFO - [2021-03-16 11:46:14,255] {dag.py:2273} INFO - Setting next_dagrun for example_dag_decorator to None
[2021-03-16 11:46:14,288] {scheduler_job.py:190} INFO - Processing /home/airflow/.local/lib/python3.6/site-packages/airflow/example_dags/example_dag_decorator.py took 0.302 seconds
[2021-03-16 11:48:02,382] {scheduler_job.py:182} INFO - Started process (PID=26) to work on /home/airflow/.local/lib/python3.6/site-packages/airflow/example_dags/example_dag_decorator.py
[2021-03-16 11:48:02,389] {scheduler_job.py:629} INFO - Processing file /home/airflow/.local/lib/python3.6/site-packages/airflow/example_dags/example_dag_decorator.py for tasks to queue
[2021-03-16 11:48:02,394] {logging_mixin.py:104} INFO - [2021-03-16 11:48:02,392] {dagbag.py:448} INFO - Filling up the DagBag from /home/airflow/.local/lib/python3.6/site-packages/airflow/example_dags/example_dag_decorator.py
[2021-03-16 11:48:02,449] {scheduler_job.py:639} INFO - DAG(s) dict_keys(['example_dag_decorator']) retrieved from /home/airflow/.local/lib/python3.6/site-packages/airflow/example_dags/example_dag_decorator.py
[2021-03-16 11:48:02,479] {logging_mixin.py:104} INFO - [2021-03-16 11:48:02,479] {dag.py:1818} INFO - Sync 1 DAGs
[2021-03-16 11:48:02,507] {logging_mixin.py:104} INFO - [2021-03-16 11:48:02,507] {dag.py:2273} INFO - Setting next_dagrun for example_dag_decorator to None
[2021-03-16 11:48:02,524] {scheduler_job.py:190} INFO - Processing /home/airflow/.local/lib/python3.6/site-packages/airflow/example_dags/example_dag_decorator.py took 0.146 seconds
[2021-03-16 11:48:32,698] {scheduler_job.py:182} INFO - Started process (PID=53) to work on /home/airflow/.local/lib/python3.6/site-packages/airflow/example_dags/example_dag_decorator.py
[2021-03-16 11:48:32,700] {scheduler_job.py:629} INFO - Processing file /home/airflow/.local/lib/python3.6/site-packages/airflow/example_dags/example_dag_decorator.py for tasks to queue
[2021-03-16 11:48:32,702] {logging_mixin.py:104} INFO - [2021-03-16 11:48:32,702] {dagbag.py:448} INFO - Filling up the DagBag from /home/airflow/.local/lib/python3.6/site-packages/airflow/example_dags/example_dag_decorator.py
[2021-03-16 11:48:32,727] {scheduler_job.py:639} INFO - DAG(s) dict_keys(['example_dag_decorator']) retrieved from /home/airflow/.local/lib/python3.6/site-packages/airflow/example_dags/example_dag_decorator.py
[2021-03-16 11:48:32,764] {logging_mixin.py:104} INFO - [2021-03-16 11:48:32,763] {dag.py:1818} INFO - Sync 1 DAGs
[2021-03-16 11:48:32,786] {logging_mixin.py:104} INFO - [2021-03-16 11:48:32,786] {dag.py:2273} INFO - Setting next_dagrun for example_dag_decorator to None
[2021-03-16 11:48:32,800] {scheduler_job.py:190} INFO - Processing /home/airflow/.local/lib/python3.6/site-packages/airflow/example_dags/example_dag_decorator.py took 0.109 seconds
[2021-03-16 11:49:03,310] {scheduler_job.py:182} INFO - Started process (PID=80) to work on /home/airflow/.local/lib/python3.6/site-packages/airflow/example_dags/example_dag_decorator.py
[2021-03-16 11:49:03,312] {scheduler_job.py:629} INFO - Processing file /home/airflow/.local/lib/python3.6/site-packages/airflow/example_dags/example_dag_decorator.py for tasks to queue
[2021-03-16 11:49:03,314] {logging_mixin.py:104} INFO - [2021-03-16 11:49:03,314] {dagbag.py:448} INFO - Filling up the DagBag from /home/airflow/.local/lib/python3.6/site-packages/airflow/example_dags/example_dag_decorator.py
[2021-03-16 11:49:03,334] {scheduler_job.py:639} INFO - DAG(s) dict_keys(['example_dag_decorator']) retrieved from /home/airflow/.local/lib/python3.6/site-packages/airflow/example_dags/example_dag_decorator.py
[2021-03-16 11:49:03,365] {logging_mixin.py:104} INFO - [2021-03-16 11:49:03,364] {dag.py:1818} INFO - Sync 1 DAGs
[2021-03-16 11:49:03,388] {logging_mixin.py:104} INFO - [2021-03-16 11:49:03,388] {dag.py:2273} INFO - Setting next_dagrun for example_dag_decorator to None
[2021-03-16 11:49:03,404] {scheduler_job.py:190} INFO - Processing /home/airflow/.local/lib/python3.6/site-packages/airflow/example_dags/example_dag_decorator.py took 0.098 seconds
[2021-03-16 11:49:33,941] {scheduler_job.py:182} INFO - Started process (PID=107) to work on /home/airflow/.local/lib/python3.6/site-packages/airflow/example_dags/example_dag_decorator.py
[2021-03-16 11:49:33,944] {scheduler_job.py:629} INFO - Processing file /home/airflow/.local/lib/python3.6/site-packages/airflow/example_dags/example_dag_decorator.py for tasks to queue
[2021-03-16 11:49:33,947] {logging_mixin.py:104} INFO - [2021-03-16 11:49:33,947] {dagbag.py:448} INFO - Filling up the DagBag from /home/airflow/.local/lib/python3.6/site-packages/airflow/example_dags/example_dag_decorator.py
[2021-03-16 11:49:33,974] {scheduler_job.py:639} INFO - DAG(s) dict_keys(['example_dag_decorator']) retrieved from /home/airflow/.local/lib/python3.6/site-packages/airflow/example_dags/example_dag_decorator.py
[2021-03-16 11:49:34,022] {logging_mixin.py:104} INFO - [2021-03-16 11:49:34,022] {dag.py:1818} INFO - Sync 1 DAGs
[2021-03-16 11:49:34,049] {logging_mixin.py:104} INFO - [2021-03-16 11:49:34,049] {dag.py:2273} INFO - Setting next_dagrun for example_dag_decorator to None
[2021-03-16 11:49:34,065] {scheduler_job.py:190} INFO - Processing /home/airflow/.local/lib/python3.6/site-packages/airflow/example_dags/example_dag_decorator.py took 0.143 seconds
[2021-03-16 11:50:04,754] {scheduler_job.py:182} INFO - Started process (PID=134) to work on /home/airflow/.local/lib/python3.6/site-packages/airflow/example_dags/example_dag_decorator.py
[2021-03-16 11:50:04,757] {scheduler_job.py:629} INFO - Processing file /home/airflow/.local/lib/python3.6/site-packages/airflow/example_dags/example_dag_decorator.py for tasks to queue
[2021-03-16 11:50:04,759] {logging_mixin.py:104} INFO - [2021-03-16 11:50:04,758] {dagbag.py:448} INFO - Filling up the DagBag from /home/airflow/.local/lib/python3.6/site-packages/airflow/example_dags/example_dag_decorator.py
[2021-03-16 11:50:04,780] {scheduler_job.py:639} INFO - DAG(s) dict_keys(['example_dag_decorator']) retrieved from /home/airflow/.local/lib/python3.6/site-packages/airflow/example_dags/example_dag_decorator.py
[2021-03-16 11:50:04,823] {logging_mixin.py:104} INFO - [2021-03-16 11:50:04,823] {dag.py:1818} INFO - Sync 1 DAGs
[2021-03-16 11:50:04,846] {logging_mixin.py:104} INFO - [2021-03-16 11:50:04,846] {dag.py:2273} INFO - Setting next_dagrun for example_dag_decorator to None
[2021-03-16 11:50:04,864] {scheduler_job.py:190} INFO - Processing /home/airflow/.local/lib/python3.6/site-packages/airflow/example_dags/example_dag_decorator.py took 0.114 seconds
[2021-03-16 11:50:35,325] {scheduler_job.py:182} INFO - Started process (PID=161) to work on /home/airflow/.local/lib/python3.6/site-packages/airflow/example_dags/example_dag_decorator.py
[2021-03-16 11:50:35,327] {scheduler_job.py:629} INFO - Processing file /home/airflow/.local/lib/python3.6/site-packages/airflow/example_dags/example_dag_decorator.py for tasks to queue
[2021-03-16 11:50:35,328] {logging_mixin.py:104} INFO - [2021-03-16 11:50:35,328] {dagbag.py:448} INFO - Filling up the DagBag from /home/airflow/.local/lib/python3.6/site-packages/airflow/example_dags/example_dag_decorator.py
[2021-03-16 11:50:35,349] {scheduler_job.py:639} INFO - DAG(s) dict_keys(['example_dag_decorator']) retrieved from /home/airflow/.local/lib/python3.6/site-packages/airflow/example_dags/example_dag_decorator.py
[2021-03-16 11:50:35,381] {logging_mixin.py:104} INFO - [2021-03-16 11:50:35,380] {dag.py:1818} INFO - Sync 1 DAGs
[2021-03-16 11:50:35,398] {logging_mixin.py:104} INFO - [2021-03-16 11:50:35,398] {dag.py:2273} INFO - Setting next_dagrun for example_dag_decorator to None
[2021-03-16 11:50:35,414] {scheduler_job.py:190} INFO - Processing /home/airflow/.local/lib/python3.6/site-packages/airflow/example_dags/example_dag_decorator.py took 0.094 seconds
[2021-03-16 11:51:05,866] {scheduler_job.py:182} INFO - Started process (PID=188) to work on /home/airflow/.local/lib/python3.6/site-packages/airflow/example_dags/example_dag_decorator.py
[2021-03-16 11:51:05,872] {scheduler_job.py:629} INFO - Processing file /home/airflow/.local/lib/python3.6/site-packages/airflow/example_dags/example_dag_decorator.py for tasks to queue
[2021-03-16 11:51:05,874] {logging_mixin.py:104} INFO - [2021-03-16 11:51:05,874] {dagbag.py:448} INFO - Filling up the DagBag from /home/airflow/.local/lib/python3.6/site-packages/airflow/example_dags/example_dag_decorator.py
[2021-03-16 11:51:05,909] {scheduler_job.py:639} INFO - DAG(s) dict_keys(['example_dag_decorator']) retrieved from /home/airflow/.local/lib/python3.6/site-packages/airflow/example_dags/example_dag_decorator.py
[2021-03-16 11:51:05,954] {logging_mixin.py:104} INFO - [2021-03-16 11:51:05,953] {dag.py:1818} INFO - Sync 1 DAGs
[2021-03-16 11:51:05,978] {logging_mixin.py:104} INFO - [2021-03-16 11:51:05,978] {dag.py:2273} INFO - Setting next_dagrun for example_dag_decorator to None
[2021-03-16 11:51:06,001] {scheduler_job.py:190} INFO - Processing /home/airflow/.local/lib/python3.6/site-packages/airflow/example_dags/example_dag_decorator.py took 0.141 seconds
[2021-03-16 11:55:41,941] {scheduler_job.py:182} INFO - Started process (PID=32) to work on /home/airflow/.local/lib/python3.6/site-packages/airflow/example_dags/example_dag_decorator.py
[2021-03-16 11:55:41,947] {scheduler_job.py:629} INFO - Processing file /home/airflow/.local/lib/python3.6/site-packages/airflow/example_dags/example_dag_decorator.py for tasks to queue
[2021-03-16 11:55:41,951] {logging_mixin.py:104} INFO - [2021-03-16 11:55:41,951] {dagbag.py:448} INFO - Filling up the DagBag from /home/airflow/.local/lib/python3.6/site-packages/airflow/example_dags/example_dag_decorator.py
[2021-03-16 11:55:41,997] {scheduler_job.py:639} INFO - DAG(s) dict_keys(['example_dag_decorator']) retrieved from /home/airflow/.local/lib/python3.6/site-packages/airflow/example_dags/example_dag_decorator.py
[2021-03-16 11:55:42,158] {logging_mixin.py:104} INFO - [2021-03-16 11:55:42,157] {dag.py:1818} INFO - Sync 1 DAGs
[2021-03-16 11:55:42,242] {logging_mixin.py:104} INFO - [2021-03-16 11:55:42,241] {dag.py:2273} INFO - Setting next_dagrun for example_dag_decorator to None
[2021-03-16 11:55:42,301] {scheduler_job.py:190} INFO - Processing /home/airflow/.local/lib/python3.6/site-packages/airflow/example_dags/example_dag_decorator.py took 0.369 seconds
[2021-03-16 13:40:15,722] {scheduler_job.py:182} INFO - Started process (PID=39) to work on /home/airflow/.local/lib/python3.6/site-packages/airflow/example_dags/example_dag_decorator.py
[2021-03-16 13:40:15,726] {scheduler_job.py:629} INFO - Processing file /home/airflow/.local/lib/python3.6/site-packages/airflow/example_dags/example_dag_decorator.py for tasks to queue
[2021-03-16 13:40:15,728] {logging_mixin.py:104} INFO - [2021-03-16 13:40:15,728] {dagbag.py:448} INFO - Filling up the DagBag from /home/airflow/.local/lib/python3.6/site-packages/airflow/example_dags/example_dag_decorator.py
[2021-03-16 13:40:15,770] {scheduler_job.py:639} INFO - DAG(s) dict_keys(['example_dag_decorator']) retrieved from /home/airflow/.local/lib/python3.6/site-packages/airflow/example_dags/example_dag_decorator.py
[2021-03-16 13:40:15,819] {logging_mixin.py:104} INFO - [2021-03-16 13:40:15,819] {dag.py:1818} INFO - Sync 1 DAGs
[2021-03-16 13:40:15,884] {logging_mixin.py:104} INFO - [2021-03-16 13:40:15,884] {dag.py:2273} INFO - Setting next_dagrun for example_dag_decorator to None
[2021-03-16 13:40:15,916] {scheduler_job.py:190} INFO - Processing /home/airflow/.local/lib/python3.6/site-packages/airflow/example_dags/example_dag_decorator.py took 0.202 seconds
[2021-03-16 13:40:46,233] {scheduler_job.py:182} INFO - Started process (PID=63) to work on /home/airflow/.local/lib/python3.6/site-packages/airflow/example_dags/example_dag_decorator.py
[2021-03-16 13:40:46,234] {scheduler_job.py:629} INFO - Processing file /home/airflow/.local/lib/python3.6/site-packages/airflow/example_dags/example_dag_decorator.py for tasks to queue
[2021-03-16 13:40:46,236] {logging_mixin.py:104} INFO - [2021-03-16 13:40:46,236] {dagbag.py:448} INFO - Filling up the DagBag from /home/airflow/.local/lib/python3.6/site-packages/airflow/example_dags/example_dag_decorator.py
[2021-03-16 13:40:46,254] {scheduler_job.py:639} INFO - DAG(s) dict_keys(['example_dag_decorator']) retrieved from /home/airflow/.local/lib/python3.6/site-packages/airflow/example_dags/example_dag_decorator.py
[2021-03-16 13:40:46,283] {logging_mixin.py:104} INFO - [2021-03-16 13:40:46,282] {dag.py:1818} INFO - Sync 1 DAGs
[2021-03-16 13:40:46,299] {logging_mixin.py:104} INFO - [2021-03-16 13:40:46,299] {dag.py:2273} INFO - Setting next_dagrun for example_dag_decorator to None
[2021-03-16 13:40:46,311] {scheduler_job.py:190} INFO - Processing /home/airflow/.local/lib/python3.6/site-packages/airflow/example_dags/example_dag_decorator.py took 0.082 seconds
[2021-03-16 13:41:16,663] {scheduler_job.py:182} INFO - Started process (PID=90) to work on /home/airflow/.local/lib/python3.6/site-packages/airflow/example_dags/example_dag_decorator.py
[2021-03-16 13:41:16,665] {scheduler_job.py:629} INFO - Processing file /home/airflow/.local/lib/python3.6/site-packages/airflow/example_dags/example_dag_decorator.py for tasks to queue
[2021-03-16 13:41:16,666] {logging_mixin.py:104} INFO - [2021-03-16 13:41:16,666] {dagbag.py:448} INFO - Filling up the DagBag from /home/airflow/.local/lib/python3.6/site-packages/airflow/example_dags/example_dag_decorator.py
[2021-03-16 13:41:16,685] {scheduler_job.py:639} INFO - DAG(s) dict_keys(['example_dag_decorator']) retrieved from /home/airflow/.local/lib/python3.6/site-packages/airflow/example_dags/example_dag_decorator.py
[2021-03-16 13:41:16,713] {logging_mixin.py:104} INFO - [2021-03-16 13:41:16,713] {dag.py:1818} INFO - Sync 1 DAGs
[2021-03-16 13:41:16,732] {logging_mixin.py:104} INFO - [2021-03-16 13:41:16,732] {dag.py:2273} INFO - Setting next_dagrun for example_dag_decorator to None
[2021-03-16 13:41:16,745] {scheduler_job.py:190} INFO - Processing /home/airflow/.local/lib/python3.6/site-packages/airflow/example_dags/example_dag_decorator.py took 0.087 seconds
[2021-03-16 13:41:47,166] {scheduler_job.py:182} INFO - Started process (PID=117) to work on /home/airflow/.local/lib/python3.6/site-packages/airflow/example_dags/example_dag_decorator.py
[2021-03-16 13:41:47,168] {scheduler_job.py:629} INFO - Processing file /home/airflow/.local/lib/python3.6/site-packages/airflow/example_dags/example_dag_decorator.py for tasks to queue
[2021-03-16 13:41:47,169] {logging_mixin.py:104} INFO - [2021-03-16 13:41:47,169] {dagbag.py:448} INFO - Filling up the DagBag from /home/airflow/.local/lib/python3.6/site-packages/airflow/example_dags/example_dag_decorator.py
[2021-03-16 13:41:47,187] {scheduler_job.py:639} INFO - DAG(s) dict_keys(['example_dag_decorator']) retrieved from /home/airflow/.local/lib/python3.6/site-packages/airflow/example_dags/example_dag_decorator.py
[2021-03-16 13:41:47,213] {logging_mixin.py:104} INFO - [2021-03-16 13:41:47,213] {dag.py:1818} INFO - Sync 1 DAGs
[2021-03-16 13:41:47,230] {logging_mixin.py:104} INFO - [2021-03-16 13:41:47,230] {dag.py:2273} INFO - Setting next_dagrun for example_dag_decorator to None
[2021-03-16 13:41:47,243] {scheduler_job.py:190} INFO - Processing /home/airflow/.local/lib/python3.6/site-packages/airflow/example_dags/example_dag_decorator.py took 0.081 seconds
[2021-03-16 13:42:55,286] {scheduler_job.py:182} INFO - Started process (PID=27) to work on /home/airflow/.local/lib/python3.6/site-packages/airflow/example_dags/example_dag_decorator.py
[2021-03-16 13:42:55,291] {scheduler_job.py:629} INFO - Processing file /home/airflow/.local/lib/python3.6/site-packages/airflow/example_dags/example_dag_decorator.py for tasks to queue
[2021-03-16 13:42:55,294] {logging_mixin.py:104} INFO - [2021-03-16 13:42:55,294] {dagbag.py:448} INFO - Filling up the DagBag from /home/airflow/.local/lib/python3.6/site-packages/airflow/example_dags/example_dag_decorator.py
[2021-03-16 13:42:55,344] {scheduler_job.py:639} INFO - DAG(s) dict_keys(['example_dag_decorator']) retrieved from /home/airflow/.local/lib/python3.6/site-packages/airflow/example_dags/example_dag_decorator.py
[2021-03-16 13:42:55,404] {logging_mixin.py:104} INFO - [2021-03-16 13:42:55,404] {dag.py:1818} INFO - Sync 1 DAGs
[2021-03-16 13:42:55,442] {logging_mixin.py:104} INFO - [2021-03-16 13:42:55,442] {dag.py:2273} INFO - Setting next_dagrun for example_dag_decorator to None
[2021-03-16 13:42:55,473] {scheduler_job.py:190} INFO - Processing /home/airflow/.local/lib/python3.6/site-packages/airflow/example_dags/example_dag_decorator.py took 0.193 seconds
[2021-03-16 13:43:25,978] {scheduler_job.py:182} INFO - Started process (PID=54) to work on /home/airflow/.local/lib/python3.6/site-packages/airflow/example_dags/example_dag_decorator.py
[2021-03-16 13:43:25,980] {scheduler_job.py:629} INFO - Processing file /home/airflow/.local/lib/python3.6/site-packages/airflow/example_dags/example_dag_decorator.py for tasks to queue
[2021-03-16 13:43:25,981] {logging_mixin.py:104} INFO - [2021-03-16 13:43:25,981] {dagbag.py:448} INFO - Filling up the DagBag from /home/airflow/.local/lib/python3.6/site-packages/airflow/example_dags/example_dag_decorator.py
[2021-03-16 13:43:25,996] {scheduler_job.py:639} INFO - DAG(s) dict_keys(['example_dag_decorator']) retrieved from /home/airflow/.local/lib/python3.6/site-packages/airflow/example_dags/example_dag_decorator.py
[2021-03-16 13:43:26,028] {logging_mixin.py:104} INFO - [2021-03-16 13:43:26,027] {dag.py:1818} INFO - Sync 1 DAGs
[2021-03-16 13:43:26,043] {logging_mixin.py:104} INFO - [2021-03-16 13:43:26,043] {dag.py:2273} INFO - Setting next_dagrun for example_dag_decorator to None
[2021-03-16 13:43:26,057] {scheduler_job.py:190} INFO - Processing /home/airflow/.local/lib/python3.6/site-packages/airflow/example_dags/example_dag_decorator.py took 0.083 seconds
[2021-03-16 13:44:48,264] {scheduler_job.py:182} INFO - Started process (PID=44) to work on /home/airflow/.local/lib/python3.6/site-packages/airflow/example_dags/example_dag_decorator.py
[2021-03-16 13:44:48,271] {scheduler_job.py:629} INFO - Processing file /home/airflow/.local/lib/python3.6/site-packages/airflow/example_dags/example_dag_decorator.py for tasks to queue
[2021-03-16 13:44:48,276] {logging_mixin.py:104} INFO - [2021-03-16 13:44:48,275] {dagbag.py:448} INFO - Filling up the DagBag from /home/airflow/.local/lib/python3.6/site-packages/airflow/example_dags/example_dag_decorator.py
[2021-03-16 13:44:48,373] {scheduler_job.py:639} INFO - DAG(s) dict_keys(['example_dag_decorator']) retrieved from /home/airflow/.local/lib/python3.6/site-packages/airflow/example_dags/example_dag_decorator.py
[2021-03-16 13:44:48,455] {logging_mixin.py:104} INFO - [2021-03-16 13:44:48,455] {dag.py:1818} INFO - Sync 1 DAGs
[2021-03-16 13:44:48,500] {logging_mixin.py:104} INFO - [2021-03-16 13:44:48,500] {dag.py:2273} INFO - Setting next_dagrun for example_dag_decorator to None
[2021-03-16 13:44:48,528] {scheduler_job.py:190} INFO - Processing /home/airflow/.local/lib/python3.6/site-packages/airflow/example_dags/example_dag_decorator.py took 0.279 seconds
[2021-03-16 13:45:18,637] {scheduler_job.py:182} INFO - Started process (PID=71) to work on /home/airflow/.local/lib/python3.6/site-packages/airflow/example_dags/example_dag_decorator.py
[2021-03-16 13:45:18,638] {scheduler_job.py:629} INFO - Processing file /home/airflow/.local/lib/python3.6/site-packages/airflow/example_dags/example_dag_decorator.py for tasks to queue
[2021-03-16 13:45:18,640] {logging_mixin.py:104} INFO - [2021-03-16 13:45:18,640] {dagbag.py:448} INFO - Filling up the DagBag from /home/airflow/.local/lib/python3.6/site-packages/airflow/example_dags/example_dag_decorator.py
[2021-03-16 13:45:18,656] {scheduler_job.py:639} INFO - DAG(s) dict_keys(['example_dag_decorator']) retrieved from /home/airflow/.local/lib/python3.6/site-packages/airflow/example_dags/example_dag_decorator.py
[2021-03-16 13:45:18,680] {logging_mixin.py:104} INFO - [2021-03-16 13:45:18,680] {dag.py:1818} INFO - Sync 1 DAGs
[2021-03-16 13:45:18,694] {logging_mixin.py:104} INFO - [2021-03-16 13:45:18,694] {dag.py:2273} INFO - Setting next_dagrun for example_dag_decorator to None
[2021-03-16 13:45:18,704] {scheduler_job.py:190} INFO - Processing /home/airflow/.local/lib/python3.6/site-packages/airflow/example_dags/example_dag_decorator.py took 0.071 seconds
[2021-03-16 13:45:49,217] {scheduler_job.py:182} INFO - Started process (PID=96) to work on /home/airflow/.local/lib/python3.6/site-packages/airflow/example_dags/example_dag_decorator.py
[2021-03-16 13:45:49,221] {scheduler_job.py:629} INFO - Processing file /home/airflow/.local/lib/python3.6/site-packages/airflow/example_dags/example_dag_decorator.py for tasks to queue
[2021-03-16 13:45:49,222] {logging_mixin.py:104} INFO - [2021-03-16 13:45:49,222] {dagbag.py:448} INFO - Filling up the DagBag from /home/airflow/.local/lib/python3.6/site-packages/airflow/example_dags/example_dag_decorator.py
[2021-03-16 13:45:49,246] {scheduler_job.py:639} INFO - DAG(s) dict_keys(['example_dag_decorator']) retrieved from /home/airflow/.local/lib/python3.6/site-packages/airflow/example_dags/example_dag_decorator.py
[2021-03-16 13:45:49,288] {logging_mixin.py:104} INFO - [2021-03-16 13:45:49,287] {dag.py:1818} INFO - Sync 1 DAGs
[2021-03-16 13:45:49,312] {logging_mixin.py:104} INFO - [2021-03-16 13:45:49,312] {dag.py:2273} INFO - Setting next_dagrun for example_dag_decorator to None
[2021-03-16 13:45:49,327] {scheduler_job.py:190} INFO - Processing /home/airflow/.local/lib/python3.6/site-packages/airflow/example_dags/example_dag_decorator.py took 0.114 seconds
[2021-03-16 13:46:20,187] {scheduler_job.py:182} INFO - Started process (PID=123) to work on /home/airflow/.local/lib/python3.6/site-packages/airflow/example_dags/example_dag_decorator.py
[2021-03-16 13:46:20,190] {scheduler_job.py:629} INFO - Processing file /home/airflow/.local/lib/python3.6/site-packages/airflow/example_dags/example_dag_decorator.py for tasks to queue
[2021-03-16 13:46:20,193] {logging_mixin.py:104} INFO - [2021-03-16 13:46:20,192] {dagbag.py:448} INFO - Filling up the DagBag from /home/airflow/.local/lib/python3.6/site-packages/airflow/example_dags/example_dag_decorator.py
[2021-03-16 13:46:20,219] {scheduler_job.py:639} INFO - DAG(s) dict_keys(['example_dag_decorator']) retrieved from /home/airflow/.local/lib/python3.6/site-packages/airflow/example_dags/example_dag_decorator.py
[2021-03-16 13:46:20,252] {logging_mixin.py:104} INFO - [2021-03-16 13:46:20,251] {dag.py:1818} INFO - Sync 1 DAGs
[2021-03-16 13:46:20,275] {logging_mixin.py:104} INFO - [2021-03-16 13:46:20,275] {dag.py:2273} INFO - Setting next_dagrun for example_dag_decorator to None
[2021-03-16 13:46:20,290] {scheduler_job.py:190} INFO - Processing /home/airflow/.local/lib/python3.6/site-packages/airflow/example_dags/example_dag_decorator.py took 0.110 seconds
[2021-03-16 13:46:51,033] {scheduler_job.py:182} INFO - Started process (PID=150) to work on /home/airflow/.local/lib/python3.6/site-packages/airflow/example_dags/example_dag_decorator.py
[2021-03-16 13:46:51,035] {scheduler_job.py:629} INFO - Processing file /home/airflow/.local/lib/python3.6/site-packages/airflow/example_dags/example_dag_decorator.py for tasks to queue
[2021-03-16 13:46:51,036] {logging_mixin.py:104} INFO - [2021-03-16 13:46:51,036] {dagbag.py:448} INFO - Filling up the DagBag from /home/airflow/.local/lib/python3.6/site-packages/airflow/example_dags/example_dag_decorator.py
[2021-03-16 13:46:51,055] {scheduler_job.py:639} INFO - DAG(s) dict_keys(['example_dag_decorator']) retrieved from /home/airflow/.local/lib/python3.6/site-packages/airflow/example_dags/example_dag_decorator.py
[2021-03-16 13:46:51,080] {logging_mixin.py:104} INFO - [2021-03-16 13:46:51,080] {dag.py:1818} INFO - Sync 1 DAGs
[2021-03-16 13:46:51,097] {logging_mixin.py:104} INFO - [2021-03-16 13:46:51,096] {dag.py:2273} INFO - Setting next_dagrun for example_dag_decorator to None
[2021-03-16 13:46:51,107] {scheduler_job.py:190} INFO - Processing /home/airflow/.local/lib/python3.6/site-packages/airflow/example_dags/example_dag_decorator.py took 0.078 seconds
