[2021-03-16 11:44:40,836] {scheduler_job.py:182} INFO - Started process (PID=49) to work on /home/airflow/.local/lib/python3.6/site-packages/airflow/example_dags/example_python_operator.py
[2021-03-16 11:44:40,840] {scheduler_job.py:629} INFO - Processing file /home/airflow/.local/lib/python3.6/site-packages/airflow/example_dags/example_python_operator.py for tasks to queue
[2021-03-16 11:44:40,842] {logging_mixin.py:104} INFO - [2021-03-16 11:44:40,842] {dagbag.py:448} INFO - Filling up the DagBag from /home/airflow/.local/lib/python3.6/site-packages/airflow/example_dags/example_python_operator.py
[2021-03-16 11:44:40,865] {scheduler_job.py:639} INFO - DAG(s) dict_keys(['example_python_operator']) retrieved from /home/airflow/.local/lib/python3.6/site-packages/airflow/example_dags/example_python_operator.py
[2021-03-16 11:44:40,941] {logging_mixin.py:104} INFO - [2021-03-16 11:44:40,940] {dag.py:1818} INFO - Sync 1 DAGs
[2021-03-16 11:44:40,997] {logging_mixin.py:104} INFO - [2021-03-16 11:44:40,997] {dag.py:2273} INFO - Setting next_dagrun for example_python_operator to None
[2021-03-16 11:44:41,031] {scheduler_job.py:190} INFO - Processing /home/airflow/.local/lib/python3.6/site-packages/airflow/example_dags/example_python_operator.py took 0.207 seconds
[2021-03-16 11:46:15,897] {scheduler_job.py:182} INFO - Started process (PID=48) to work on /home/airflow/.local/lib/python3.6/site-packages/airflow/example_dags/example_python_operator.py
[2021-03-16 11:46:15,901] {scheduler_job.py:629} INFO - Processing file /home/airflow/.local/lib/python3.6/site-packages/airflow/example_dags/example_python_operator.py for tasks to queue
[2021-03-16 11:46:15,904] {logging_mixin.py:104} INFO - [2021-03-16 11:46:15,904] {dagbag.py:448} INFO - Filling up the DagBag from /home/airflow/.local/lib/python3.6/site-packages/airflow/example_dags/example_python_operator.py
[2021-03-16 11:46:15,937] {scheduler_job.py:639} INFO - DAG(s) dict_keys(['example_python_operator']) retrieved from /home/airflow/.local/lib/python3.6/site-packages/airflow/example_dags/example_python_operator.py
[2021-03-16 11:46:16,005] {logging_mixin.py:104} INFO - [2021-03-16 11:46:16,005] {dag.py:1818} INFO - Sync 1 DAGs
[2021-03-16 11:46:16,057] {logging_mixin.py:104} INFO - [2021-03-16 11:46:16,057] {dag.py:2273} INFO - Setting next_dagrun for example_python_operator to None
[2021-03-16 11:46:16,085] {scheduler_job.py:190} INFO - Processing /home/airflow/.local/lib/python3.6/site-packages/airflow/example_dags/example_python_operator.py took 0.199 seconds
[2021-03-16 11:48:03,873] {scheduler_job.py:182} INFO - Started process (PID=37) to work on /home/airflow/.local/lib/python3.6/site-packages/airflow/example_dags/example_python_operator.py
[2021-03-16 11:48:03,883] {scheduler_job.py:629} INFO - Processing file /home/airflow/.local/lib/python3.6/site-packages/airflow/example_dags/example_python_operator.py for tasks to queue
[2021-03-16 11:48:03,890] {logging_mixin.py:104} INFO - [2021-03-16 11:48:03,890] {dagbag.py:448} INFO - Filling up the DagBag from /home/airflow/.local/lib/python3.6/site-packages/airflow/example_dags/example_python_operator.py
[2021-03-16 11:48:03,995] {scheduler_job.py:639} INFO - DAG(s) dict_keys(['example_python_operator']) retrieved from /home/airflow/.local/lib/python3.6/site-packages/airflow/example_dags/example_python_operator.py
[2021-03-16 11:48:04,073] {logging_mixin.py:104} INFO - [2021-03-16 11:48:04,073] {dag.py:1818} INFO - Sync 1 DAGs
[2021-03-16 11:48:04,117] {logging_mixin.py:104} INFO - [2021-03-16 11:48:04,117] {dag.py:2273} INFO - Setting next_dagrun for example_python_operator to None
[2021-03-16 11:48:04,150] {scheduler_job.py:190} INFO - Processing /home/airflow/.local/lib/python3.6/site-packages/airflow/example_dags/example_python_operator.py took 0.308 seconds
[2021-03-16 11:48:34,319] {scheduler_job.py:182} INFO - Started process (PID=62) to work on /home/airflow/.local/lib/python3.6/site-packages/airflow/example_dags/example_python_operator.py
[2021-03-16 11:48:34,322] {scheduler_job.py:629} INFO - Processing file /home/airflow/.local/lib/python3.6/site-packages/airflow/example_dags/example_python_operator.py for tasks to queue
[2021-03-16 11:48:34,324] {logging_mixin.py:104} INFO - [2021-03-16 11:48:34,324] {dagbag.py:448} INFO - Filling up the DagBag from /home/airflow/.local/lib/python3.6/site-packages/airflow/example_dags/example_python_operator.py
[2021-03-16 11:48:34,343] {scheduler_job.py:639} INFO - DAG(s) dict_keys(['example_python_operator']) retrieved from /home/airflow/.local/lib/python3.6/site-packages/airflow/example_dags/example_python_operator.py
[2021-03-16 11:48:34,370] {logging_mixin.py:104} INFO - [2021-03-16 11:48:34,369] {dag.py:1818} INFO - Sync 1 DAGs
[2021-03-16 11:48:34,387] {logging_mixin.py:104} INFO - [2021-03-16 11:48:34,387] {dag.py:2273} INFO - Setting next_dagrun for example_python_operator to None
[2021-03-16 11:48:34,401] {scheduler_job.py:190} INFO - Processing /home/airflow/.local/lib/python3.6/site-packages/airflow/example_dags/example_python_operator.py took 0.085 seconds
[2021-03-16 11:49:04,958] {scheduler_job.py:182} INFO - Started process (PID=91) to work on /home/airflow/.local/lib/python3.6/site-packages/airflow/example_dags/example_python_operator.py
[2021-03-16 11:49:04,960] {scheduler_job.py:629} INFO - Processing file /home/airflow/.local/lib/python3.6/site-packages/airflow/example_dags/example_python_operator.py for tasks to queue
[2021-03-16 11:49:04,963] {logging_mixin.py:104} INFO - [2021-03-16 11:49:04,963] {dagbag.py:448} INFO - Filling up the DagBag from /home/airflow/.local/lib/python3.6/site-packages/airflow/example_dags/example_python_operator.py
[2021-03-16 11:49:04,983] {scheduler_job.py:639} INFO - DAG(s) dict_keys(['example_python_operator']) retrieved from /home/airflow/.local/lib/python3.6/site-packages/airflow/example_dags/example_python_operator.py
[2021-03-16 11:49:05,011] {logging_mixin.py:104} INFO - [2021-03-16 11:49:05,011] {dag.py:1818} INFO - Sync 1 DAGs
[2021-03-16 11:49:05,031] {logging_mixin.py:104} INFO - [2021-03-16 11:49:05,031] {dag.py:2273} INFO - Setting next_dagrun for example_python_operator to None
[2021-03-16 11:49:05,041] {scheduler_job.py:190} INFO - Processing /home/airflow/.local/lib/python3.6/site-packages/airflow/example_dags/example_python_operator.py took 0.088 seconds
[2021-03-16 11:49:35,762] {scheduler_job.py:182} INFO - Started process (PID=118) to work on /home/airflow/.local/lib/python3.6/site-packages/airflow/example_dags/example_python_operator.py
[2021-03-16 11:49:35,765] {scheduler_job.py:629} INFO - Processing file /home/airflow/.local/lib/python3.6/site-packages/airflow/example_dags/example_python_operator.py for tasks to queue
[2021-03-16 11:49:35,767] {logging_mixin.py:104} INFO - [2021-03-16 11:49:35,767] {dagbag.py:448} INFO - Filling up the DagBag from /home/airflow/.local/lib/python3.6/site-packages/airflow/example_dags/example_python_operator.py
[2021-03-16 11:49:35,783] {scheduler_job.py:639} INFO - DAG(s) dict_keys(['example_python_operator']) retrieved from /home/airflow/.local/lib/python3.6/site-packages/airflow/example_dags/example_python_operator.py
[2021-03-16 11:49:35,815] {logging_mixin.py:104} INFO - [2021-03-16 11:49:35,815] {dag.py:1818} INFO - Sync 1 DAGs
[2021-03-16 11:49:35,840] {logging_mixin.py:104} INFO - [2021-03-16 11:49:35,840] {dag.py:2273} INFO - Setting next_dagrun for example_python_operator to None
[2021-03-16 11:49:35,866] {scheduler_job.py:190} INFO - Processing /home/airflow/.local/lib/python3.6/site-packages/airflow/example_dags/example_python_operator.py took 0.109 seconds
[2021-03-16 11:50:06,428] {scheduler_job.py:182} INFO - Started process (PID=145) to work on /home/airflow/.local/lib/python3.6/site-packages/airflow/example_dags/example_python_operator.py
[2021-03-16 11:50:06,430] {scheduler_job.py:629} INFO - Processing file /home/airflow/.local/lib/python3.6/site-packages/airflow/example_dags/example_python_operator.py for tasks to queue
[2021-03-16 11:50:06,432] {logging_mixin.py:104} INFO - [2021-03-16 11:50:06,432] {dagbag.py:448} INFO - Filling up the DagBag from /home/airflow/.local/lib/python3.6/site-packages/airflow/example_dags/example_python_operator.py
[2021-03-16 11:50:06,449] {scheduler_job.py:639} INFO - DAG(s) dict_keys(['example_python_operator']) retrieved from /home/airflow/.local/lib/python3.6/site-packages/airflow/example_dags/example_python_operator.py
[2021-03-16 11:50:06,484] {logging_mixin.py:104} INFO - [2021-03-16 11:50:06,484] {dag.py:1818} INFO - Sync 1 DAGs
[2021-03-16 11:50:06,512] {logging_mixin.py:104} INFO - [2021-03-16 11:50:06,512] {dag.py:2273} INFO - Setting next_dagrun for example_python_operator to None
[2021-03-16 11:50:06,525] {scheduler_job.py:190} INFO - Processing /home/airflow/.local/lib/python3.6/site-packages/airflow/example_dags/example_python_operator.py took 0.100 seconds
[2021-03-16 11:50:36,932] {scheduler_job.py:182} INFO - Started process (PID=172) to work on /home/airflow/.local/lib/python3.6/site-packages/airflow/example_dags/example_python_operator.py
[2021-03-16 11:50:36,936] {scheduler_job.py:629} INFO - Processing file /home/airflow/.local/lib/python3.6/site-packages/airflow/example_dags/example_python_operator.py for tasks to queue
[2021-03-16 11:50:36,937] {logging_mixin.py:104} INFO - [2021-03-16 11:50:36,937] {dagbag.py:448} INFO - Filling up the DagBag from /home/airflow/.local/lib/python3.6/site-packages/airflow/example_dags/example_python_operator.py
[2021-03-16 11:50:36,957] {scheduler_job.py:639} INFO - DAG(s) dict_keys(['example_python_operator']) retrieved from /home/airflow/.local/lib/python3.6/site-packages/airflow/example_dags/example_python_operator.py
[2021-03-16 11:50:36,998] {logging_mixin.py:104} INFO - [2021-03-16 11:50:36,998] {dag.py:1818} INFO - Sync 1 DAGs
[2021-03-16 11:50:37,017] {logging_mixin.py:104} INFO - [2021-03-16 11:50:37,017] {dag.py:2273} INFO - Setting next_dagrun for example_python_operator to None
[2021-03-16 11:50:37,027] {scheduler_job.py:190} INFO - Processing /home/airflow/.local/lib/python3.6/site-packages/airflow/example_dags/example_python_operator.py took 0.099 seconds
[2021-03-16 11:55:41,561] {scheduler_job.py:182} INFO - Started process (PID=30) to work on /home/airflow/.local/lib/python3.6/site-packages/airflow/example_dags/example_python_operator.py
[2021-03-16 11:55:41,568] {scheduler_job.py:629} INFO - Processing file /home/airflow/.local/lib/python3.6/site-packages/airflow/example_dags/example_python_operator.py for tasks to queue
[2021-03-16 11:55:41,572] {logging_mixin.py:104} INFO - [2021-03-16 11:55:41,572] {dagbag.py:448} INFO - Filling up the DagBag from /home/airflow/.local/lib/python3.6/site-packages/airflow/example_dags/example_python_operator.py
[2021-03-16 11:55:41,624] {scheduler_job.py:639} INFO - DAG(s) dict_keys(['example_python_operator']) retrieved from /home/airflow/.local/lib/python3.6/site-packages/airflow/example_dags/example_python_operator.py
[2021-03-16 11:55:41,740] {logging_mixin.py:104} INFO - [2021-03-16 11:55:41,740] {dag.py:1818} INFO - Sync 1 DAGs
[2021-03-16 11:55:41,866] {logging_mixin.py:104} INFO - [2021-03-16 11:55:41,865] {dag.py:2273} INFO - Setting next_dagrun for example_python_operator to None
[2021-03-16 11:55:41,904] {scheduler_job.py:190} INFO - Processing /home/airflow/.local/lib/python3.6/site-packages/airflow/example_dags/example_python_operator.py took 0.353 seconds
[2021-03-16 13:40:15,737] {scheduler_job.py:182} INFO - Started process (PID=40) to work on /home/airflow/.local/lib/python3.6/site-packages/airflow/example_dags/example_python_operator.py
[2021-03-16 13:40:15,741] {scheduler_job.py:629} INFO - Processing file /home/airflow/.local/lib/python3.6/site-packages/airflow/example_dags/example_python_operator.py for tasks to queue
[2021-03-16 13:40:15,745] {logging_mixin.py:104} INFO - [2021-03-16 13:40:15,745] {dagbag.py:448} INFO - Filling up the DagBag from /home/airflow/.local/lib/python3.6/site-packages/airflow/example_dags/example_python_operator.py
[2021-03-16 13:40:15,773] {scheduler_job.py:639} INFO - DAG(s) dict_keys(['example_python_operator']) retrieved from /home/airflow/.local/lib/python3.6/site-packages/airflow/example_dags/example_python_operator.py
[2021-03-16 13:40:15,810] {logging_mixin.py:104} INFO - [2021-03-16 13:40:15,809] {dag.py:1818} INFO - Sync 1 DAGs
[2021-03-16 13:40:15,838] {logging_mixin.py:104} INFO - [2021-03-16 13:40:15,837] {dag.py:2273} INFO - Setting next_dagrun for example_python_operator to None
[2021-03-16 13:40:15,887] {scheduler_job.py:190} INFO - Processing /home/airflow/.local/lib/python3.6/site-packages/airflow/example_dags/example_python_operator.py took 0.161 seconds
[2021-03-16 13:40:46,333] {scheduler_job.py:182} INFO - Started process (PID=64) to work on /home/airflow/.local/lib/python3.6/site-packages/airflow/example_dags/example_python_operator.py
[2021-03-16 13:40:46,336] {scheduler_job.py:629} INFO - Processing file /home/airflow/.local/lib/python3.6/site-packages/airflow/example_dags/example_python_operator.py for tasks to queue
[2021-03-16 13:40:46,338] {logging_mixin.py:104} INFO - [2021-03-16 13:40:46,338] {dagbag.py:448} INFO - Filling up the DagBag from /home/airflow/.local/lib/python3.6/site-packages/airflow/example_dags/example_python_operator.py
[2021-03-16 13:40:46,356] {scheduler_job.py:639} INFO - DAG(s) dict_keys(['example_python_operator']) retrieved from /home/airflow/.local/lib/python3.6/site-packages/airflow/example_dags/example_python_operator.py
[2021-03-16 13:40:46,385] {logging_mixin.py:104} INFO - [2021-03-16 13:40:46,385] {dag.py:1818} INFO - Sync 1 DAGs
[2021-03-16 13:40:46,404] {logging_mixin.py:104} INFO - [2021-03-16 13:40:46,404] {dag.py:2273} INFO - Setting next_dagrun for example_python_operator to None
[2021-03-16 13:40:46,415] {scheduler_job.py:190} INFO - Processing /home/airflow/.local/lib/python3.6/site-packages/airflow/example_dags/example_python_operator.py took 0.089 seconds
[2021-03-16 13:41:16,761] {scheduler_job.py:182} INFO - Started process (PID=91) to work on /home/airflow/.local/lib/python3.6/site-packages/airflow/example_dags/example_python_operator.py
[2021-03-16 13:41:16,763] {scheduler_job.py:629} INFO - Processing file /home/airflow/.local/lib/python3.6/site-packages/airflow/example_dags/example_python_operator.py for tasks to queue
[2021-03-16 13:41:16,765] {logging_mixin.py:104} INFO - [2021-03-16 13:41:16,765] {dagbag.py:448} INFO - Filling up the DagBag from /home/airflow/.local/lib/python3.6/site-packages/airflow/example_dags/example_python_operator.py
[2021-03-16 13:41:16,785] {scheduler_job.py:639} INFO - DAG(s) dict_keys(['example_python_operator']) retrieved from /home/airflow/.local/lib/python3.6/site-packages/airflow/example_dags/example_python_operator.py
[2021-03-16 13:41:16,816] {logging_mixin.py:104} INFO - [2021-03-16 13:41:16,816] {dag.py:1818} INFO - Sync 1 DAGs
[2021-03-16 13:41:16,840] {logging_mixin.py:104} INFO - [2021-03-16 13:41:16,840] {dag.py:2273} INFO - Setting next_dagrun for example_python_operator to None
[2021-03-16 13:41:16,852] {scheduler_job.py:190} INFO - Processing /home/airflow/.local/lib/python3.6/site-packages/airflow/example_dags/example_python_operator.py took 0.095 seconds
[2021-03-16 13:41:47,256] {scheduler_job.py:182} INFO - Started process (PID=118) to work on /home/airflow/.local/lib/python3.6/site-packages/airflow/example_dags/example_python_operator.py
[2021-03-16 13:41:47,258] {scheduler_job.py:629} INFO - Processing file /home/airflow/.local/lib/python3.6/site-packages/airflow/example_dags/example_python_operator.py for tasks to queue
[2021-03-16 13:41:47,259] {logging_mixin.py:104} INFO - [2021-03-16 13:41:47,259] {dagbag.py:448} INFO - Filling up the DagBag from /home/airflow/.local/lib/python3.6/site-packages/airflow/example_dags/example_python_operator.py
[2021-03-16 13:41:47,276] {scheduler_job.py:639} INFO - DAG(s) dict_keys(['example_python_operator']) retrieved from /home/airflow/.local/lib/python3.6/site-packages/airflow/example_dags/example_python_operator.py
[2021-03-16 13:41:47,301] {logging_mixin.py:104} INFO - [2021-03-16 13:41:47,301] {dag.py:1818} INFO - Sync 1 DAGs
[2021-03-16 13:41:47,320] {logging_mixin.py:104} INFO - [2021-03-16 13:41:47,320] {dag.py:2273} INFO - Setting next_dagrun for example_python_operator to None
[2021-03-16 13:41:47,332] {scheduler_job.py:190} INFO - Processing /home/airflow/.local/lib/python3.6/site-packages/airflow/example_dags/example_python_operator.py took 0.080 seconds
[2021-03-16 13:42:57,630] {scheduler_job.py:182} INFO - Started process (PID=41) to work on /home/airflow/.local/lib/python3.6/site-packages/airflow/example_dags/example_python_operator.py
[2021-03-16 13:42:57,634] {scheduler_job.py:629} INFO - Processing file /home/airflow/.local/lib/python3.6/site-packages/airflow/example_dags/example_python_operator.py for tasks to queue
[2021-03-16 13:42:57,637] {logging_mixin.py:104} INFO - [2021-03-16 13:42:57,637] {dagbag.py:448} INFO - Filling up the DagBag from /home/airflow/.local/lib/python3.6/site-packages/airflow/example_dags/example_python_operator.py
[2021-03-16 13:42:57,664] {scheduler_job.py:639} INFO - DAG(s) dict_keys(['example_python_operator']) retrieved from /home/airflow/.local/lib/python3.6/site-packages/airflow/example_dags/example_python_operator.py
[2021-03-16 13:42:57,726] {logging_mixin.py:104} INFO - [2021-03-16 13:42:57,726] {dag.py:1818} INFO - Sync 1 DAGs
[2021-03-16 13:42:57,773] {logging_mixin.py:104} INFO - [2021-03-16 13:42:57,773] {dag.py:2273} INFO - Setting next_dagrun for example_python_operator to None
[2021-03-16 13:42:57,803] {scheduler_job.py:190} INFO - Processing /home/airflow/.local/lib/python3.6/site-packages/airflow/example_dags/example_python_operator.py took 0.183 seconds
[2021-03-16 13:43:28,610] {scheduler_job.py:182} INFO - Started process (PID=67) to work on /home/airflow/.local/lib/python3.6/site-packages/airflow/example_dags/example_python_operator.py
[2021-03-16 13:43:28,611] {scheduler_job.py:629} INFO - Processing file /home/airflow/.local/lib/python3.6/site-packages/airflow/example_dags/example_python_operator.py for tasks to queue
[2021-03-16 13:43:28,613] {logging_mixin.py:104} INFO - [2021-03-16 13:43:28,613] {dagbag.py:448} INFO - Filling up the DagBag from /home/airflow/.local/lib/python3.6/site-packages/airflow/example_dags/example_python_operator.py
[2021-03-16 13:43:28,632] {scheduler_job.py:639} INFO - DAG(s) dict_keys(['example_python_operator']) retrieved from /home/airflow/.local/lib/python3.6/site-packages/airflow/example_dags/example_python_operator.py
[2021-03-16 13:43:28,663] {logging_mixin.py:104} INFO - [2021-03-16 13:43:28,663] {dag.py:1818} INFO - Sync 1 DAGs
[2021-03-16 13:43:28,680] {logging_mixin.py:104} INFO - [2021-03-16 13:43:28,680] {dag.py:2273} INFO - Setting next_dagrun for example_python_operator to None
[2021-03-16 13:43:28,694] {scheduler_job.py:190} INFO - Processing /home/airflow/.local/lib/python3.6/site-packages/airflow/example_dags/example_python_operator.py took 0.089 seconds
[2021-03-16 13:44:49,018] {scheduler_job.py:182} INFO - Started process (PID=48) to work on /home/airflow/.local/lib/python3.6/site-packages/airflow/example_dags/example_python_operator.py
[2021-03-16 13:44:49,025] {scheduler_job.py:629} INFO - Processing file /home/airflow/.local/lib/python3.6/site-packages/airflow/example_dags/example_python_operator.py for tasks to queue
[2021-03-16 13:44:49,031] {logging_mixin.py:104} INFO - [2021-03-16 13:44:49,030] {dagbag.py:448} INFO - Filling up the DagBag from /home/airflow/.local/lib/python3.6/site-packages/airflow/example_dags/example_python_operator.py
[2021-03-16 13:44:49,075] {scheduler_job.py:639} INFO - DAG(s) dict_keys(['example_python_operator']) retrieved from /home/airflow/.local/lib/python3.6/site-packages/airflow/example_dags/example_python_operator.py
[2021-03-16 13:44:49,178] {logging_mixin.py:104} INFO - [2021-03-16 13:44:49,178] {dag.py:1818} INFO - Sync 1 DAGs
[2021-03-16 13:44:49,216] {logging_mixin.py:104} INFO - [2021-03-16 13:44:49,216] {dag.py:2273} INFO - Setting next_dagrun for example_python_operator to None
[2021-03-16 13:44:49,250] {scheduler_job.py:190} INFO - Processing /home/airflow/.local/lib/python3.6/site-packages/airflow/example_dags/example_python_operator.py took 0.243 seconds
[2021-03-16 13:45:19,852] {scheduler_job.py:182} INFO - Started process (PID=75) to work on /home/airflow/.local/lib/python3.6/site-packages/airflow/example_dags/example_python_operator.py
[2021-03-16 13:45:19,854] {scheduler_job.py:629} INFO - Processing file /home/airflow/.local/lib/python3.6/site-packages/airflow/example_dags/example_python_operator.py for tasks to queue
[2021-03-16 13:45:19,856] {logging_mixin.py:104} INFO - [2021-03-16 13:45:19,856] {dagbag.py:448} INFO - Filling up the DagBag from /home/airflow/.local/lib/python3.6/site-packages/airflow/example_dags/example_python_operator.py
[2021-03-16 13:45:19,874] {scheduler_job.py:639} INFO - DAG(s) dict_keys(['example_python_operator']) retrieved from /home/airflow/.local/lib/python3.6/site-packages/airflow/example_dags/example_python_operator.py
[2021-03-16 13:45:19,904] {logging_mixin.py:104} INFO - [2021-03-16 13:45:19,904] {dag.py:1818} INFO - Sync 1 DAGs
[2021-03-16 13:45:19,922] {logging_mixin.py:104} INFO - [2021-03-16 13:45:19,922] {dag.py:2273} INFO - Setting next_dagrun for example_python_operator to None
[2021-03-16 13:45:19,933] {scheduler_job.py:190} INFO - Processing /home/airflow/.local/lib/python3.6/site-packages/airflow/example_dags/example_python_operator.py took 0.086 seconds
[2021-03-16 13:45:50,645] {scheduler_job.py:182} INFO - Started process (PID=102) to work on /home/airflow/.local/lib/python3.6/site-packages/airflow/example_dags/example_python_operator.py
[2021-03-16 13:45:50,648] {scheduler_job.py:629} INFO - Processing file /home/airflow/.local/lib/python3.6/site-packages/airflow/example_dags/example_python_operator.py for tasks to queue
[2021-03-16 13:45:50,650] {logging_mixin.py:104} INFO - [2021-03-16 13:45:50,649] {dagbag.py:448} INFO - Filling up the DagBag from /home/airflow/.local/lib/python3.6/site-packages/airflow/example_dags/example_python_operator.py
[2021-03-16 13:45:50,672] {scheduler_job.py:639} INFO - DAG(s) dict_keys(['example_python_operator']) retrieved from /home/airflow/.local/lib/python3.6/site-packages/airflow/example_dags/example_python_operator.py
[2021-03-16 13:45:50,715] {logging_mixin.py:104} INFO - [2021-03-16 13:45:50,715] {dag.py:1818} INFO - Sync 1 DAGs
[2021-03-16 13:45:50,736] {logging_mixin.py:104} INFO - [2021-03-16 13:45:50,736] {dag.py:2273} INFO - Setting next_dagrun for example_python_operator to None
[2021-03-16 13:45:50,750] {scheduler_job.py:190} INFO - Processing /home/airflow/.local/lib/python3.6/site-packages/airflow/example_dags/example_python_operator.py took 0.111 seconds
[2021-03-16 13:46:21,523] {scheduler_job.py:182} INFO - Started process (PID=129) to work on /home/airflow/.local/lib/python3.6/site-packages/airflow/example_dags/example_python_operator.py
[2021-03-16 13:46:21,526] {scheduler_job.py:629} INFO - Processing file /home/airflow/.local/lib/python3.6/site-packages/airflow/example_dags/example_python_operator.py for tasks to queue
[2021-03-16 13:46:21,528] {logging_mixin.py:104} INFO - [2021-03-16 13:46:21,528] {dagbag.py:448} INFO - Filling up the DagBag from /home/airflow/.local/lib/python3.6/site-packages/airflow/example_dags/example_python_operator.py
[2021-03-16 13:46:21,551] {scheduler_job.py:639} INFO - DAG(s) dict_keys(['example_python_operator']) retrieved from /home/airflow/.local/lib/python3.6/site-packages/airflow/example_dags/example_python_operator.py
[2021-03-16 13:46:21,587] {logging_mixin.py:104} INFO - [2021-03-16 13:46:21,587] {dag.py:1818} INFO - Sync 1 DAGs
[2021-03-16 13:46:21,615] {logging_mixin.py:104} INFO - [2021-03-16 13:46:21,614] {dag.py:2273} INFO - Setting next_dagrun for example_python_operator to None
[2021-03-16 13:46:21,627] {scheduler_job.py:190} INFO - Processing /home/airflow/.local/lib/python3.6/site-packages/airflow/example_dags/example_python_operator.py took 0.109 seconds
[2021-03-16 13:46:52,346] {scheduler_job.py:182} INFO - Started process (PID=156) to work on /home/airflow/.local/lib/python3.6/site-packages/airflow/example_dags/example_python_operator.py
[2021-03-16 13:46:52,348] {scheduler_job.py:629} INFO - Processing file /home/airflow/.local/lib/python3.6/site-packages/airflow/example_dags/example_python_operator.py for tasks to queue
[2021-03-16 13:46:52,350] {logging_mixin.py:104} INFO - [2021-03-16 13:46:52,350] {dagbag.py:448} INFO - Filling up the DagBag from /home/airflow/.local/lib/python3.6/site-packages/airflow/example_dags/example_python_operator.py
[2021-03-16 13:46:52,365] {scheduler_job.py:639} INFO - DAG(s) dict_keys(['example_python_operator']) retrieved from /home/airflow/.local/lib/python3.6/site-packages/airflow/example_dags/example_python_operator.py
[2021-03-16 13:46:52,392] {logging_mixin.py:104} INFO - [2021-03-16 13:46:52,392] {dag.py:1818} INFO - Sync 1 DAGs
[2021-03-16 13:46:52,410] {logging_mixin.py:104} INFO - [2021-03-16 13:46:52,410] {dag.py:2273} INFO - Setting next_dagrun for example_python_operator to None
[2021-03-16 13:46:52,419] {scheduler_job.py:190} INFO - Processing /home/airflow/.local/lib/python3.6/site-packages/airflow/example_dags/example_python_operator.py took 0.077 seconds
