[2021-03-16 11:44:35,971] {scheduler_job.py:182} INFO - Started process (PID=34) to work on /home/airflow/.local/lib/python3.6/site-packages/airflow/example_dags/tutorial_etl_dag.py
[2021-03-16 11:44:35,983] {scheduler_job.py:629} INFO - Processing file /home/airflow/.local/lib/python3.6/site-packages/airflow/example_dags/tutorial_etl_dag.py for tasks to queue
[2021-03-16 11:44:35,987] {logging_mixin.py:104} INFO - [2021-03-16 11:44:35,987] {dagbag.py:448} INFO - Filling up the DagBag from /home/airflow/.local/lib/python3.6/site-packages/airflow/example_dags/tutorial_etl_dag.py
[2021-03-16 11:44:36,115] {scheduler_job.py:639} INFO - DAG(s) dict_keys(['tutorial_etl_dag']) retrieved from /home/airflow/.local/lib/python3.6/site-packages/airflow/example_dags/tutorial_etl_dag.py
[2021-03-16 11:44:36,327] {logging_mixin.py:104} INFO - [2021-03-16 11:44:36,326] {dag.py:1818} INFO - Sync 1 DAGs
[2021-03-16 11:44:36,400] {logging_mixin.py:104} INFO - [2021-03-16 11:44:36,400] {dag.py:2273} INFO - Setting next_dagrun for tutorial_etl_dag to None
[2021-03-16 11:44:36,469] {scheduler_job.py:190} INFO - Processing /home/airflow/.local/lib/python3.6/site-packages/airflow/example_dags/tutorial_etl_dag.py took 0.528 seconds
[2021-03-16 11:46:13,598] {scheduler_job.py:182} INFO - Started process (PID=31) to work on /home/airflow/.local/lib/python3.6/site-packages/airflow/example_dags/tutorial_etl_dag.py
[2021-03-16 11:46:13,609] {scheduler_job.py:629} INFO - Processing file /home/airflow/.local/lib/python3.6/site-packages/airflow/example_dags/tutorial_etl_dag.py for tasks to queue
[2021-03-16 11:46:13,622] {logging_mixin.py:104} INFO - [2021-03-16 11:46:13,617] {dagbag.py:448} INFO - Filling up the DagBag from /home/airflow/.local/lib/python3.6/site-packages/airflow/example_dags/tutorial_etl_dag.py
[2021-03-16 11:46:13,673] {scheduler_job.py:639} INFO - DAG(s) dict_keys(['tutorial_etl_dag']) retrieved from /home/airflow/.local/lib/python3.6/site-packages/airflow/example_dags/tutorial_etl_dag.py
[2021-03-16 11:46:13,815] {logging_mixin.py:104} INFO - [2021-03-16 11:46:13,815] {dag.py:1818} INFO - Sync 1 DAGs
[2021-03-16 11:46:13,902] {logging_mixin.py:104} INFO - [2021-03-16 11:46:13,902] {dag.py:2273} INFO - Setting next_dagrun for tutorial_etl_dag to None
[2021-03-16 11:46:13,929] {scheduler_job.py:190} INFO - Processing /home/airflow/.local/lib/python3.6/site-packages/airflow/example_dags/tutorial_etl_dag.py took 0.335 seconds
[2021-03-16 11:48:03,486] {scheduler_job.py:182} INFO - Started process (PID=36) to work on /home/airflow/.local/lib/python3.6/site-packages/airflow/example_dags/tutorial_etl_dag.py
[2021-03-16 11:48:03,490] {scheduler_job.py:629} INFO - Processing file /home/airflow/.local/lib/python3.6/site-packages/airflow/example_dags/tutorial_etl_dag.py for tasks to queue
[2021-03-16 11:48:03,497] {logging_mixin.py:104} INFO - [2021-03-16 11:48:03,497] {dagbag.py:448} INFO - Filling up the DagBag from /home/airflow/.local/lib/python3.6/site-packages/airflow/example_dags/tutorial_etl_dag.py
[2021-03-16 11:48:03,592] {scheduler_job.py:639} INFO - DAG(s) dict_keys(['tutorial_etl_dag']) retrieved from /home/airflow/.local/lib/python3.6/site-packages/airflow/example_dags/tutorial_etl_dag.py
[2021-03-16 11:48:03,815] {logging_mixin.py:104} INFO - [2021-03-16 11:48:03,814] {dag.py:1818} INFO - Sync 1 DAGs
[2021-03-16 11:48:03,887] {logging_mixin.py:104} INFO - [2021-03-16 11:48:03,887] {dag.py:2273} INFO - Setting next_dagrun for tutorial_etl_dag to None
[2021-03-16 11:48:03,915] {scheduler_job.py:190} INFO - Processing /home/airflow/.local/lib/python3.6/site-packages/airflow/example_dags/tutorial_etl_dag.py took 0.444 seconds
[2021-03-16 11:48:34,214] {scheduler_job.py:182} INFO - Started process (PID=61) to work on /home/airflow/.local/lib/python3.6/site-packages/airflow/example_dags/tutorial_etl_dag.py
[2021-03-16 11:48:34,216] {scheduler_job.py:629} INFO - Processing file /home/airflow/.local/lib/python3.6/site-packages/airflow/example_dags/tutorial_etl_dag.py for tasks to queue
[2021-03-16 11:48:34,217] {logging_mixin.py:104} INFO - [2021-03-16 11:48:34,217] {dagbag.py:448} INFO - Filling up the DagBag from /home/airflow/.local/lib/python3.6/site-packages/airflow/example_dags/tutorial_etl_dag.py
[2021-03-16 11:48:34,239] {scheduler_job.py:639} INFO - DAG(s) dict_keys(['tutorial_etl_dag']) retrieved from /home/airflow/.local/lib/python3.6/site-packages/airflow/example_dags/tutorial_etl_dag.py
[2021-03-16 11:48:34,266] {logging_mixin.py:104} INFO - [2021-03-16 11:48:34,266] {dag.py:1818} INFO - Sync 1 DAGs
[2021-03-16 11:48:34,290] {logging_mixin.py:104} INFO - [2021-03-16 11:48:34,289] {dag.py:2273} INFO - Setting next_dagrun for tutorial_etl_dag to None
[2021-03-16 11:48:34,303] {scheduler_job.py:190} INFO - Processing /home/airflow/.local/lib/python3.6/site-packages/airflow/example_dags/tutorial_etl_dag.py took 0.094 seconds
[2021-03-16 11:49:04,884] {scheduler_job.py:182} INFO - Started process (PID=90) to work on /home/airflow/.local/lib/python3.6/site-packages/airflow/example_dags/tutorial_etl_dag.py
[2021-03-16 11:49:04,888] {scheduler_job.py:629} INFO - Processing file /home/airflow/.local/lib/python3.6/site-packages/airflow/example_dags/tutorial_etl_dag.py for tasks to queue
[2021-03-16 11:49:04,890] {logging_mixin.py:104} INFO - [2021-03-16 11:49:04,890] {dagbag.py:448} INFO - Filling up the DagBag from /home/airflow/.local/lib/python3.6/site-packages/airflow/example_dags/tutorial_etl_dag.py
[2021-03-16 11:49:04,907] {scheduler_job.py:639} INFO - DAG(s) dict_keys(['tutorial_etl_dag']) retrieved from /home/airflow/.local/lib/python3.6/site-packages/airflow/example_dags/tutorial_etl_dag.py
[2021-03-16 11:49:04,951] {logging_mixin.py:104} INFO - [2021-03-16 11:49:04,951] {dag.py:1818} INFO - Sync 1 DAGs
[2021-03-16 11:49:04,982] {logging_mixin.py:104} INFO - [2021-03-16 11:49:04,982] {dag.py:2273} INFO - Setting next_dagrun for tutorial_etl_dag to None
[2021-03-16 11:49:04,993] {scheduler_job.py:190} INFO - Processing /home/airflow/.local/lib/python3.6/site-packages/airflow/example_dags/tutorial_etl_dag.py took 0.113 seconds
[2021-03-16 11:49:35,718] {scheduler_job.py:182} INFO - Started process (PID=117) to work on /home/airflow/.local/lib/python3.6/site-packages/airflow/example_dags/tutorial_etl_dag.py
[2021-03-16 11:49:35,721] {scheduler_job.py:629} INFO - Processing file /home/airflow/.local/lib/python3.6/site-packages/airflow/example_dags/tutorial_etl_dag.py for tasks to queue
[2021-03-16 11:49:35,723] {logging_mixin.py:104} INFO - [2021-03-16 11:49:35,722] {dagbag.py:448} INFO - Filling up the DagBag from /home/airflow/.local/lib/python3.6/site-packages/airflow/example_dags/tutorial_etl_dag.py
[2021-03-16 11:49:35,738] {scheduler_job.py:639} INFO - DAG(s) dict_keys(['tutorial_etl_dag']) retrieved from /home/airflow/.local/lib/python3.6/site-packages/airflow/example_dags/tutorial_etl_dag.py
[2021-03-16 11:49:35,776] {logging_mixin.py:104} INFO - [2021-03-16 11:49:35,775] {dag.py:1818} INFO - Sync 1 DAGs
[2021-03-16 11:49:35,803] {logging_mixin.py:104} INFO - [2021-03-16 11:49:35,803] {dag.py:2273} INFO - Setting next_dagrun for tutorial_etl_dag to None
[2021-03-16 11:49:35,825] {scheduler_job.py:190} INFO - Processing /home/airflow/.local/lib/python3.6/site-packages/airflow/example_dags/tutorial_etl_dag.py took 0.114 seconds
[2021-03-16 11:50:06,382] {scheduler_job.py:182} INFO - Started process (PID=144) to work on /home/airflow/.local/lib/python3.6/site-packages/airflow/example_dags/tutorial_etl_dag.py
[2021-03-16 11:50:06,384] {scheduler_job.py:629} INFO - Processing file /home/airflow/.local/lib/python3.6/site-packages/airflow/example_dags/tutorial_etl_dag.py for tasks to queue
[2021-03-16 11:50:06,386] {logging_mixin.py:104} INFO - [2021-03-16 11:50:06,386] {dagbag.py:448} INFO - Filling up the DagBag from /home/airflow/.local/lib/python3.6/site-packages/airflow/example_dags/tutorial_etl_dag.py
[2021-03-16 11:50:06,402] {scheduler_job.py:639} INFO - DAG(s) dict_keys(['tutorial_etl_dag']) retrieved from /home/airflow/.local/lib/python3.6/site-packages/airflow/example_dags/tutorial_etl_dag.py
[2021-03-16 11:50:06,429] {logging_mixin.py:104} INFO - [2021-03-16 11:50:06,429] {dag.py:1818} INFO - Sync 1 DAGs
[2021-03-16 11:50:06,448] {logging_mixin.py:104} INFO - [2021-03-16 11:50:06,448] {dag.py:2273} INFO - Setting next_dagrun for tutorial_etl_dag to None
[2021-03-16 11:50:06,460] {scheduler_job.py:190} INFO - Processing /home/airflow/.local/lib/python3.6/site-packages/airflow/example_dags/tutorial_etl_dag.py took 0.084 seconds
[2021-03-16 11:50:36,887] {scheduler_job.py:182} INFO - Started process (PID=171) to work on /home/airflow/.local/lib/python3.6/site-packages/airflow/example_dags/tutorial_etl_dag.py
[2021-03-16 11:50:36,890] {scheduler_job.py:629} INFO - Processing file /home/airflow/.local/lib/python3.6/site-packages/airflow/example_dags/tutorial_etl_dag.py for tasks to queue
[2021-03-16 11:50:36,892] {logging_mixin.py:104} INFO - [2021-03-16 11:50:36,892] {dagbag.py:448} INFO - Filling up the DagBag from /home/airflow/.local/lib/python3.6/site-packages/airflow/example_dags/tutorial_etl_dag.py
[2021-03-16 11:50:36,906] {scheduler_job.py:639} INFO - DAG(s) dict_keys(['tutorial_etl_dag']) retrieved from /home/airflow/.local/lib/python3.6/site-packages/airflow/example_dags/tutorial_etl_dag.py
[2021-03-16 11:50:36,934] {logging_mixin.py:104} INFO - [2021-03-16 11:50:36,933] {dag.py:1818} INFO - Sync 1 DAGs
[2021-03-16 11:50:36,962] {logging_mixin.py:104} INFO - [2021-03-16 11:50:36,962] {dag.py:2273} INFO - Setting next_dagrun for tutorial_etl_dag to None
[2021-03-16 11:50:36,980] {scheduler_job.py:190} INFO - Processing /home/airflow/.local/lib/python3.6/site-packages/airflow/example_dags/tutorial_etl_dag.py took 0.097 seconds
[2021-03-16 11:51:07,746] {scheduler_job.py:182} INFO - Started process (PID=198) to work on /home/airflow/.local/lib/python3.6/site-packages/airflow/example_dags/tutorial_etl_dag.py
[2021-03-16 11:51:07,764] {scheduler_job.py:629} INFO - Processing file /home/airflow/.local/lib/python3.6/site-packages/airflow/example_dags/tutorial_etl_dag.py for tasks to queue
[2021-03-16 11:51:07,769] {logging_mixin.py:104} INFO - [2021-03-16 11:51:07,768] {dagbag.py:448} INFO - Filling up the DagBag from /home/airflow/.local/lib/python3.6/site-packages/airflow/example_dags/tutorial_etl_dag.py
[2021-03-16 11:51:08,453] {logging_mixin.py:104} INFO - [2021-03-16 11:51:08,452] {process_utils.py:206} INFO - Waiting up to 5 seconds for processes to exit...
[2021-03-16 11:55:40,674] {scheduler_job.py:182} INFO - Started process (PID=24) to work on /home/airflow/.local/lib/python3.6/site-packages/airflow/example_dags/tutorial_etl_dag.py
[2021-03-16 11:55:40,681] {scheduler_job.py:629} INFO - Processing file /home/airflow/.local/lib/python3.6/site-packages/airflow/example_dags/tutorial_etl_dag.py for tasks to queue
[2021-03-16 11:55:40,683] {logging_mixin.py:104} INFO - [2021-03-16 11:55:40,683] {dagbag.py:448} INFO - Filling up the DagBag from /home/airflow/.local/lib/python3.6/site-packages/airflow/example_dags/tutorial_etl_dag.py
[2021-03-16 11:55:40,742] {scheduler_job.py:639} INFO - DAG(s) dict_keys(['tutorial_etl_dag']) retrieved from /home/airflow/.local/lib/python3.6/site-packages/airflow/example_dags/tutorial_etl_dag.py
[2021-03-16 11:55:40,796] {logging_mixin.py:104} INFO - [2021-03-16 11:55:40,796] {dag.py:1818} INFO - Sync 1 DAGs
[2021-03-16 11:55:40,842] {logging_mixin.py:104} INFO - [2021-03-16 11:55:40,842] {dag.py:2273} INFO - Setting next_dagrun for tutorial_etl_dag to None
[2021-03-16 11:55:40,893] {scheduler_job.py:190} INFO - Processing /home/airflow/.local/lib/python3.6/site-packages/airflow/example_dags/tutorial_etl_dag.py took 0.224 seconds
[2021-03-16 13:40:17,003] {scheduler_job.py:182} INFO - Started process (PID=48) to work on /home/airflow/.local/lib/python3.6/site-packages/airflow/example_dags/tutorial_etl_dag.py
[2021-03-16 13:40:17,007] {scheduler_job.py:629} INFO - Processing file /home/airflow/.local/lib/python3.6/site-packages/airflow/example_dags/tutorial_etl_dag.py for tasks to queue
[2021-03-16 13:40:17,009] {logging_mixin.py:104} INFO - [2021-03-16 13:40:17,009] {dagbag.py:448} INFO - Filling up the DagBag from /home/airflow/.local/lib/python3.6/site-packages/airflow/example_dags/tutorial_etl_dag.py
[2021-03-16 13:40:17,051] {scheduler_job.py:639} INFO - DAG(s) dict_keys(['tutorial_etl_dag']) retrieved from /home/airflow/.local/lib/python3.6/site-packages/airflow/example_dags/tutorial_etl_dag.py
[2021-03-16 13:40:17,099] {logging_mixin.py:104} INFO - [2021-03-16 13:40:17,099] {dag.py:1818} INFO - Sync 1 DAGs
[2021-03-16 13:40:17,134] {logging_mixin.py:104} INFO - [2021-03-16 13:40:17,134] {dag.py:2273} INFO - Setting next_dagrun for tutorial_etl_dag to None
[2021-03-16 13:40:17,149] {scheduler_job.py:190} INFO - Processing /home/airflow/.local/lib/python3.6/site-packages/airflow/example_dags/tutorial_etl_dag.py took 0.154 seconds
[2021-03-16 13:40:47,867] {scheduler_job.py:182} INFO - Started process (PID=74) to work on /home/airflow/.local/lib/python3.6/site-packages/airflow/example_dags/tutorial_etl_dag.py
[2021-03-16 13:40:47,870] {scheduler_job.py:629} INFO - Processing file /home/airflow/.local/lib/python3.6/site-packages/airflow/example_dags/tutorial_etl_dag.py for tasks to queue
[2021-03-16 13:40:47,872] {logging_mixin.py:104} INFO - [2021-03-16 13:40:47,871] {dagbag.py:448} INFO - Filling up the DagBag from /home/airflow/.local/lib/python3.6/site-packages/airflow/example_dags/tutorial_etl_dag.py
[2021-03-16 13:40:47,891] {scheduler_job.py:639} INFO - DAG(s) dict_keys(['tutorial_etl_dag']) retrieved from /home/airflow/.local/lib/python3.6/site-packages/airflow/example_dags/tutorial_etl_dag.py
[2021-03-16 13:40:47,916] {logging_mixin.py:104} INFO - [2021-03-16 13:40:47,916] {dag.py:1818} INFO - Sync 1 DAGs
[2021-03-16 13:40:47,935] {logging_mixin.py:104} INFO - [2021-03-16 13:40:47,935] {dag.py:2273} INFO - Setting next_dagrun for tutorial_etl_dag to None
[2021-03-16 13:40:47,944] {scheduler_job.py:190} INFO - Processing /home/airflow/.local/lib/python3.6/site-packages/airflow/example_dags/tutorial_etl_dag.py took 0.082 seconds
[2021-03-16 13:41:18,298] {scheduler_job.py:182} INFO - Started process (PID=101) to work on /home/airflow/.local/lib/python3.6/site-packages/airflow/example_dags/tutorial_etl_dag.py
[2021-03-16 13:41:18,300] {scheduler_job.py:629} INFO - Processing file /home/airflow/.local/lib/python3.6/site-packages/airflow/example_dags/tutorial_etl_dag.py for tasks to queue
[2021-03-16 13:41:18,301] {logging_mixin.py:104} INFO - [2021-03-16 13:41:18,301] {dagbag.py:448} INFO - Filling up the DagBag from /home/airflow/.local/lib/python3.6/site-packages/airflow/example_dags/tutorial_etl_dag.py
[2021-03-16 13:41:18,317] {scheduler_job.py:639} INFO - DAG(s) dict_keys(['tutorial_etl_dag']) retrieved from /home/airflow/.local/lib/python3.6/site-packages/airflow/example_dags/tutorial_etl_dag.py
[2021-03-16 13:41:18,346] {logging_mixin.py:104} INFO - [2021-03-16 13:41:18,346] {dag.py:1818} INFO - Sync 1 DAGs
[2021-03-16 13:41:18,369] {logging_mixin.py:104} INFO - [2021-03-16 13:41:18,369] {dag.py:2273} INFO - Setting next_dagrun for tutorial_etl_dag to None
[2021-03-16 13:41:18,381] {scheduler_job.py:190} INFO - Processing /home/airflow/.local/lib/python3.6/site-packages/airflow/example_dags/tutorial_etl_dag.py took 0.088 seconds
[2021-03-16 13:41:49,010] {scheduler_job.py:182} INFO - Started process (PID=128) to work on /home/airflow/.local/lib/python3.6/site-packages/airflow/example_dags/tutorial_etl_dag.py
[2021-03-16 13:41:49,013] {scheduler_job.py:629} INFO - Processing file /home/airflow/.local/lib/python3.6/site-packages/airflow/example_dags/tutorial_etl_dag.py for tasks to queue
[2021-03-16 13:41:49,015] {logging_mixin.py:104} INFO - [2021-03-16 13:41:49,015] {dagbag.py:448} INFO - Filling up the DagBag from /home/airflow/.local/lib/python3.6/site-packages/airflow/example_dags/tutorial_etl_dag.py
[2021-03-16 13:41:49,033] {scheduler_job.py:639} INFO - DAG(s) dict_keys(['tutorial_etl_dag']) retrieved from /home/airflow/.local/lib/python3.6/site-packages/airflow/example_dags/tutorial_etl_dag.py
[2021-03-16 13:41:49,070] {logging_mixin.py:104} INFO - [2021-03-16 13:41:49,070] {dag.py:1818} INFO - Sync 1 DAGs
[2021-03-16 13:41:49,091] {logging_mixin.py:104} INFO - [2021-03-16 13:41:49,091] {dag.py:2273} INFO - Setting next_dagrun for tutorial_etl_dag to None
[2021-03-16 13:41:49,103] {scheduler_job.py:190} INFO - Processing /home/airflow/.local/lib/python3.6/site-packages/airflow/example_dags/tutorial_etl_dag.py took 0.101 seconds
[2021-03-16 13:42:58,908] {scheduler_job.py:182} INFO - Started process (PID=52) to work on /home/airflow/.local/lib/python3.6/site-packages/airflow/example_dags/tutorial_etl_dag.py
[2021-03-16 13:42:58,912] {scheduler_job.py:629} INFO - Processing file /home/airflow/.local/lib/python3.6/site-packages/airflow/example_dags/tutorial_etl_dag.py for tasks to queue
[2021-03-16 13:42:58,915] {logging_mixin.py:104} INFO - [2021-03-16 13:42:58,914] {dagbag.py:448} INFO - Filling up the DagBag from /home/airflow/.local/lib/python3.6/site-packages/airflow/example_dags/tutorial_etl_dag.py
[2021-03-16 13:42:58,941] {scheduler_job.py:639} INFO - DAG(s) dict_keys(['tutorial_etl_dag']) retrieved from /home/airflow/.local/lib/python3.6/site-packages/airflow/example_dags/tutorial_etl_dag.py
[2021-03-16 13:42:58,986] {logging_mixin.py:104} INFO - [2021-03-16 13:42:58,986] {dag.py:1818} INFO - Sync 1 DAGs
[2021-03-16 13:42:59,016] {logging_mixin.py:104} INFO - [2021-03-16 13:42:59,016] {dag.py:2273} INFO - Setting next_dagrun for tutorial_etl_dag to None
[2021-03-16 13:42:59,033] {scheduler_job.py:190} INFO - Processing /home/airflow/.local/lib/python3.6/site-packages/airflow/example_dags/tutorial_etl_dag.py took 0.131 seconds
[2021-03-16 13:43:29,169] {scheduler_job.py:182} INFO - Started process (PID=79) to work on /home/airflow/.local/lib/python3.6/site-packages/airflow/example_dags/tutorial_etl_dag.py
[2021-03-16 13:43:29,171] {scheduler_job.py:629} INFO - Processing file /home/airflow/.local/lib/python3.6/site-packages/airflow/example_dags/tutorial_etl_dag.py for tasks to queue
[2021-03-16 13:43:29,172] {logging_mixin.py:104} INFO - [2021-03-16 13:43:29,172] {dagbag.py:448} INFO - Filling up the DagBag from /home/airflow/.local/lib/python3.6/site-packages/airflow/example_dags/tutorial_etl_dag.py
[2021-03-16 13:43:29,186] {scheduler_job.py:639} INFO - DAG(s) dict_keys(['tutorial_etl_dag']) retrieved from /home/airflow/.local/lib/python3.6/site-packages/airflow/example_dags/tutorial_etl_dag.py
[2021-03-16 13:43:29,213] {logging_mixin.py:104} INFO - [2021-03-16 13:43:29,213] {dag.py:1818} INFO - Sync 1 DAGs
[2021-03-16 13:43:29,230] {logging_mixin.py:104} INFO - [2021-03-16 13:43:29,230] {dag.py:2273} INFO - Setting next_dagrun for tutorial_etl_dag to None
[2021-03-16 13:43:29,239] {scheduler_job.py:190} INFO - Processing /home/airflow/.local/lib/python3.6/site-packages/airflow/example_dags/tutorial_etl_dag.py took 0.075 seconds
[2021-03-16 13:44:45,840] {scheduler_job.py:182} INFO - Started process (PID=30) to work on /home/airflow/.local/lib/python3.6/site-packages/airflow/example_dags/tutorial_etl_dag.py
[2021-03-16 13:44:45,843] {scheduler_job.py:629} INFO - Processing file /home/airflow/.local/lib/python3.6/site-packages/airflow/example_dags/tutorial_etl_dag.py for tasks to queue
[2021-03-16 13:44:45,845] {logging_mixin.py:104} INFO - [2021-03-16 13:44:45,845] {dagbag.py:448} INFO - Filling up the DagBag from /home/airflow/.local/lib/python3.6/site-packages/airflow/example_dags/tutorial_etl_dag.py
[2021-03-16 13:44:45,871] {scheduler_job.py:639} INFO - DAG(s) dict_keys(['tutorial_etl_dag']) retrieved from /home/airflow/.local/lib/python3.6/site-packages/airflow/example_dags/tutorial_etl_dag.py
[2021-03-16 13:44:45,910] {logging_mixin.py:104} INFO - [2021-03-16 13:44:45,910] {dag.py:1818} INFO - Sync 1 DAGs
[2021-03-16 13:44:45,941] {logging_mixin.py:104} INFO - [2021-03-16 13:44:45,941] {dag.py:2273} INFO - Setting next_dagrun for tutorial_etl_dag to None
[2021-03-16 13:44:45,961] {scheduler_job.py:190} INFO - Processing /home/airflow/.local/lib/python3.6/site-packages/airflow/example_dags/tutorial_etl_dag.py took 0.127 seconds
[2021-03-16 13:45:17,097] {scheduler_job.py:182} INFO - Started process (PID=61) to work on /home/airflow/.local/lib/python3.6/site-packages/airflow/example_dags/tutorial_etl_dag.py
[2021-03-16 13:45:17,100] {scheduler_job.py:629} INFO - Processing file /home/airflow/.local/lib/python3.6/site-packages/airflow/example_dags/tutorial_etl_dag.py for tasks to queue
[2021-03-16 13:45:17,102] {logging_mixin.py:104} INFO - [2021-03-16 13:45:17,101] {dagbag.py:448} INFO - Filling up the DagBag from /home/airflow/.local/lib/python3.6/site-packages/airflow/example_dags/tutorial_etl_dag.py
[2021-03-16 13:45:17,117] {scheduler_job.py:639} INFO - DAG(s) dict_keys(['tutorial_etl_dag']) retrieved from /home/airflow/.local/lib/python3.6/site-packages/airflow/example_dags/tutorial_etl_dag.py
[2021-03-16 13:45:17,141] {logging_mixin.py:104} INFO - [2021-03-16 13:45:17,141] {dag.py:1818} INFO - Sync 1 DAGs
[2021-03-16 13:45:17,159] {logging_mixin.py:104} INFO - [2021-03-16 13:45:17,159] {dag.py:2273} INFO - Setting next_dagrun for tutorial_etl_dag to None
[2021-03-16 13:45:17,170] {scheduler_job.py:190} INFO - Processing /home/airflow/.local/lib/python3.6/site-packages/airflow/example_dags/tutorial_etl_dag.py took 0.077 seconds
[2021-03-16 13:45:47,481] {scheduler_job.py:182} INFO - Started process (PID=84) to work on /home/airflow/.local/lib/python3.6/site-packages/airflow/example_dags/tutorial_etl_dag.py
[2021-03-16 13:45:47,483] {scheduler_job.py:629} INFO - Processing file /home/airflow/.local/lib/python3.6/site-packages/airflow/example_dags/tutorial_etl_dag.py for tasks to queue
[2021-03-16 13:45:47,484] {logging_mixin.py:104} INFO - [2021-03-16 13:45:47,484] {dagbag.py:448} INFO - Filling up the DagBag from /home/airflow/.local/lib/python3.6/site-packages/airflow/example_dags/tutorial_etl_dag.py
[2021-03-16 13:45:47,499] {scheduler_job.py:639} INFO - DAG(s) dict_keys(['tutorial_etl_dag']) retrieved from /home/airflow/.local/lib/python3.6/site-packages/airflow/example_dags/tutorial_etl_dag.py
[2021-03-16 13:45:47,526] {logging_mixin.py:104} INFO - [2021-03-16 13:45:47,526] {dag.py:1818} INFO - Sync 1 DAGs
[2021-03-16 13:45:47,544] {logging_mixin.py:104} INFO - [2021-03-16 13:45:47,544] {dag.py:2273} INFO - Setting next_dagrun for tutorial_etl_dag to None
[2021-03-16 13:45:47,556] {scheduler_job.py:190} INFO - Processing /home/airflow/.local/lib/python3.6/site-packages/airflow/example_dags/tutorial_etl_dag.py took 0.080 seconds
[2021-03-16 13:46:18,264] {scheduler_job.py:182} INFO - Started process (PID=111) to work on /home/airflow/.local/lib/python3.6/site-packages/airflow/example_dags/tutorial_etl_dag.py
[2021-03-16 13:46:18,266] {scheduler_job.py:629} INFO - Processing file /home/airflow/.local/lib/python3.6/site-packages/airflow/example_dags/tutorial_etl_dag.py for tasks to queue
[2021-03-16 13:46:18,267] {logging_mixin.py:104} INFO - [2021-03-16 13:46:18,267] {dagbag.py:448} INFO - Filling up the DagBag from /home/airflow/.local/lib/python3.6/site-packages/airflow/example_dags/tutorial_etl_dag.py
[2021-03-16 13:46:18,280] {scheduler_job.py:639} INFO - DAG(s) dict_keys(['tutorial_etl_dag']) retrieved from /home/airflow/.local/lib/python3.6/site-packages/airflow/example_dags/tutorial_etl_dag.py
[2021-03-16 13:46:18,304] {logging_mixin.py:104} INFO - [2021-03-16 13:46:18,303] {dag.py:1818} INFO - Sync 1 DAGs
[2021-03-16 13:46:18,322] {logging_mixin.py:104} INFO - [2021-03-16 13:46:18,322] {dag.py:2273} INFO - Setting next_dagrun for tutorial_etl_dag to None
[2021-03-16 13:46:18,333] {scheduler_job.py:190} INFO - Processing /home/airflow/.local/lib/python3.6/site-packages/airflow/example_dags/tutorial_etl_dag.py took 0.073 seconds
[2021-03-16 13:46:49,130] {scheduler_job.py:182} INFO - Started process (PID=138) to work on /home/airflow/.local/lib/python3.6/site-packages/airflow/example_dags/tutorial_etl_dag.py
[2021-03-16 13:46:49,134] {scheduler_job.py:629} INFO - Processing file /home/airflow/.local/lib/python3.6/site-packages/airflow/example_dags/tutorial_etl_dag.py for tasks to queue
[2021-03-16 13:46:49,135] {logging_mixin.py:104} INFO - [2021-03-16 13:46:49,135] {dagbag.py:448} INFO - Filling up the DagBag from /home/airflow/.local/lib/python3.6/site-packages/airflow/example_dags/tutorial_etl_dag.py
[2021-03-16 13:46:49,154] {scheduler_job.py:639} INFO - DAG(s) dict_keys(['tutorial_etl_dag']) retrieved from /home/airflow/.local/lib/python3.6/site-packages/airflow/example_dags/tutorial_etl_dag.py
[2021-03-16 13:46:49,193] {logging_mixin.py:104} INFO - [2021-03-16 13:46:49,193] {dag.py:1818} INFO - Sync 1 DAGs
[2021-03-16 13:46:49,243] {logging_mixin.py:104} INFO - [2021-03-16 13:46:49,242] {dag.py:2273} INFO - Setting next_dagrun for tutorial_etl_dag to None
[2021-03-16 13:46:49,293] {scheduler_job.py:190} INFO - Processing /home/airflow/.local/lib/python3.6/site-packages/airflow/example_dags/tutorial_etl_dag.py took 0.167 seconds
