[2021-03-16 11:44:40,529] {scheduler_job.py:182} INFO - Started process (PID=47) to work on /home/airflow/.local/lib/python3.6/site-packages/airflow/example_dags/tutorial.py
[2021-03-16 11:44:40,534] {scheduler_job.py:629} INFO - Processing file /home/airflow/.local/lib/python3.6/site-packages/airflow/example_dags/tutorial.py for tasks to queue
[2021-03-16 11:44:40,536] {logging_mixin.py:104} INFO - [2021-03-16 11:44:40,536] {dagbag.py:448} INFO - Filling up the DagBag from /home/airflow/.local/lib/python3.6/site-packages/airflow/example_dags/tutorial.py
[2021-03-16 11:44:40,593] {scheduler_job.py:639} INFO - DAG(s) dict_keys(['tutorial']) retrieved from /home/airflow/.local/lib/python3.6/site-packages/airflow/example_dags/tutorial.py
[2021-03-16 11:44:40,684] {logging_mixin.py:104} INFO - [2021-03-16 11:44:40,684] {dag.py:1818} INFO - Sync 1 DAGs
[2021-03-16 11:44:40,717] {logging_mixin.py:104} INFO - [2021-03-16 11:44:40,717] {dag.py:2273} INFO - Setting next_dagrun for tutorial to 2021-03-14 00:00:00+00:00
[2021-03-16 11:44:40,742] {scheduler_job.py:190} INFO - Processing /home/airflow/.local/lib/python3.6/site-packages/airflow/example_dags/tutorial.py took 0.232 seconds
[2021-03-16 11:46:12,970] {scheduler_job.py:182} INFO - Started process (PID=26) to work on /home/airflow/.local/lib/python3.6/site-packages/airflow/example_dags/tutorial.py
[2021-03-16 11:46:12,985] {scheduler_job.py:629} INFO - Processing file /home/airflow/.local/lib/python3.6/site-packages/airflow/example_dags/tutorial.py for tasks to queue
[2021-03-16 11:46:12,988] {logging_mixin.py:104} INFO - [2021-03-16 11:46:12,988] {dagbag.py:448} INFO - Filling up the DagBag from /home/airflow/.local/lib/python3.6/site-packages/airflow/example_dags/tutorial.py
[2021-03-16 11:46:13,036] {scheduler_job.py:639} INFO - DAG(s) dict_keys(['tutorial']) retrieved from /home/airflow/.local/lib/python3.6/site-packages/airflow/example_dags/tutorial.py
[2021-03-16 11:46:13,109] {logging_mixin.py:104} INFO - [2021-03-16 11:46:13,109] {dag.py:1818} INFO - Sync 1 DAGs
[2021-03-16 11:46:13,186] {logging_mixin.py:104} INFO - [2021-03-16 11:46:13,185] {dag.py:2273} INFO - Setting next_dagrun for tutorial to 2021-03-14 00:00:00+00:00
[2021-03-16 11:46:13,247] {scheduler_job.py:190} INFO - Processing /home/airflow/.local/lib/python3.6/site-packages/airflow/example_dags/tutorial.py took 0.297 seconds
[2021-03-16 11:48:05,434] {scheduler_job.py:182} INFO - Started process (PID=51) to work on /home/airflow/.local/lib/python3.6/site-packages/airflow/example_dags/tutorial.py
[2021-03-16 11:48:05,437] {scheduler_job.py:629} INFO - Processing file /home/airflow/.local/lib/python3.6/site-packages/airflow/example_dags/tutorial.py for tasks to queue
[2021-03-16 11:48:05,441] {logging_mixin.py:104} INFO - [2021-03-16 11:48:05,440] {dagbag.py:448} INFO - Filling up the DagBag from /home/airflow/.local/lib/python3.6/site-packages/airflow/example_dags/tutorial.py
[2021-03-16 11:48:05,458] {scheduler_job.py:639} INFO - DAG(s) dict_keys(['tutorial']) retrieved from /home/airflow/.local/lib/python3.6/site-packages/airflow/example_dags/tutorial.py
[2021-03-16 11:48:05,499] {logging_mixin.py:104} INFO - [2021-03-16 11:48:05,499] {dag.py:1818} INFO - Sync 1 DAGs
[2021-03-16 11:48:05,525] {logging_mixin.py:104} INFO - [2021-03-16 11:48:05,524] {dag.py:2273} INFO - Setting next_dagrun for tutorial to 2021-03-14 00:00:00+00:00
[2021-03-16 11:48:05,551] {scheduler_job.py:190} INFO - Processing /home/airflow/.local/lib/python3.6/site-packages/airflow/example_dags/tutorial.py took 0.123 seconds
[2021-03-16 11:48:36,116] {scheduler_job.py:182} INFO - Started process (PID=77) to work on /home/airflow/.local/lib/python3.6/site-packages/airflow/example_dags/tutorial.py
[2021-03-16 11:48:36,121] {scheduler_job.py:629} INFO - Processing file /home/airflow/.local/lib/python3.6/site-packages/airflow/example_dags/tutorial.py for tasks to queue
[2021-03-16 11:48:36,123] {logging_mixin.py:104} INFO - [2021-03-16 11:48:36,123] {dagbag.py:448} INFO - Filling up the DagBag from /home/airflow/.local/lib/python3.6/site-packages/airflow/example_dags/tutorial.py
[2021-03-16 11:48:36,137] {scheduler_job.py:639} INFO - DAG(s) dict_keys(['tutorial']) retrieved from /home/airflow/.local/lib/python3.6/site-packages/airflow/example_dags/tutorial.py
[2021-03-16 11:48:36,167] {logging_mixin.py:104} INFO - [2021-03-16 11:48:36,167] {dag.py:1818} INFO - Sync 1 DAGs
[2021-03-16 11:48:36,188] {logging_mixin.py:104} INFO - [2021-03-16 11:48:36,188] {dag.py:2273} INFO - Setting next_dagrun for tutorial to 2021-03-14 00:00:00+00:00
[2021-03-16 11:48:36,199] {scheduler_job.py:190} INFO - Processing /home/airflow/.local/lib/python3.6/site-packages/airflow/example_dags/tutorial.py took 0.087 seconds
[2021-03-16 11:49:06,747] {scheduler_job.py:182} INFO - Started process (PID=104) to work on /home/airflow/.local/lib/python3.6/site-packages/airflow/example_dags/tutorial.py
[2021-03-16 11:49:06,751] {scheduler_job.py:629} INFO - Processing file /home/airflow/.local/lib/python3.6/site-packages/airflow/example_dags/tutorial.py for tasks to queue
[2021-03-16 11:49:06,754] {logging_mixin.py:104} INFO - [2021-03-16 11:49:06,754] {dagbag.py:448} INFO - Filling up the DagBag from /home/airflow/.local/lib/python3.6/site-packages/airflow/example_dags/tutorial.py
[2021-03-16 11:49:06,766] {scheduler_job.py:639} INFO - DAG(s) dict_keys(['tutorial']) retrieved from /home/airflow/.local/lib/python3.6/site-packages/airflow/example_dags/tutorial.py
[2021-03-16 11:49:06,794] {logging_mixin.py:104} INFO - [2021-03-16 11:49:06,794] {dag.py:1818} INFO - Sync 1 DAGs
[2021-03-16 11:49:06,813] {logging_mixin.py:104} INFO - [2021-03-16 11:49:06,813] {dag.py:2273} INFO - Setting next_dagrun for tutorial to 2021-03-14 00:00:00+00:00
[2021-03-16 11:49:06,825] {scheduler_job.py:190} INFO - Processing /home/airflow/.local/lib/python3.6/site-packages/airflow/example_dags/tutorial.py took 0.085 seconds
[2021-03-16 11:49:37,587] {scheduler_job.py:182} INFO - Started process (PID=131) to work on /home/airflow/.local/lib/python3.6/site-packages/airflow/example_dags/tutorial.py
[2021-03-16 11:49:37,589] {scheduler_job.py:629} INFO - Processing file /home/airflow/.local/lib/python3.6/site-packages/airflow/example_dags/tutorial.py for tasks to queue
[2021-03-16 11:49:37,590] {logging_mixin.py:104} INFO - [2021-03-16 11:49:37,590] {dagbag.py:448} INFO - Filling up the DagBag from /home/airflow/.local/lib/python3.6/site-packages/airflow/example_dags/tutorial.py
[2021-03-16 11:49:37,603] {scheduler_job.py:639} INFO - DAG(s) dict_keys(['tutorial']) retrieved from /home/airflow/.local/lib/python3.6/site-packages/airflow/example_dags/tutorial.py
[2021-03-16 11:49:37,629] {logging_mixin.py:104} INFO - [2021-03-16 11:49:37,629] {dag.py:1818} INFO - Sync 1 DAGs
[2021-03-16 11:49:37,646] {logging_mixin.py:104} INFO - [2021-03-16 11:49:37,646] {dag.py:2273} INFO - Setting next_dagrun for tutorial to 2021-03-14 00:00:00+00:00
[2021-03-16 11:49:37,656] {scheduler_job.py:190} INFO - Processing /home/airflow/.local/lib/python3.6/site-packages/airflow/example_dags/tutorial.py took 0.073 seconds
[2021-03-16 11:50:08,146] {scheduler_job.py:182} INFO - Started process (PID=158) to work on /home/airflow/.local/lib/python3.6/site-packages/airflow/example_dags/tutorial.py
[2021-03-16 11:50:08,149] {scheduler_job.py:629} INFO - Processing file /home/airflow/.local/lib/python3.6/site-packages/airflow/example_dags/tutorial.py for tasks to queue
[2021-03-16 11:50:08,150] {logging_mixin.py:104} INFO - [2021-03-16 11:50:08,150] {dagbag.py:448} INFO - Filling up the DagBag from /home/airflow/.local/lib/python3.6/site-packages/airflow/example_dags/tutorial.py
[2021-03-16 11:50:08,165] {scheduler_job.py:639} INFO - DAG(s) dict_keys(['tutorial']) retrieved from /home/airflow/.local/lib/python3.6/site-packages/airflow/example_dags/tutorial.py
[2021-03-16 11:50:08,193] {logging_mixin.py:104} INFO - [2021-03-16 11:50:08,193] {dag.py:1818} INFO - Sync 1 DAGs
[2021-03-16 11:50:08,211] {logging_mixin.py:104} INFO - [2021-03-16 11:50:08,211] {dag.py:2273} INFO - Setting next_dagrun for tutorial to 2021-03-14 00:00:00+00:00
[2021-03-16 11:50:08,221] {scheduler_job.py:190} INFO - Processing /home/airflow/.local/lib/python3.6/site-packages/airflow/example_dags/tutorial.py took 0.079 seconds
[2021-03-16 11:50:38,727] {scheduler_job.py:182} INFO - Started process (PID=185) to work on /home/airflow/.local/lib/python3.6/site-packages/airflow/example_dags/tutorial.py
[2021-03-16 11:50:38,730] {scheduler_job.py:629} INFO - Processing file /home/airflow/.local/lib/python3.6/site-packages/airflow/example_dags/tutorial.py for tasks to queue
[2021-03-16 11:50:38,731] {logging_mixin.py:104} INFO - [2021-03-16 11:50:38,731] {dagbag.py:448} INFO - Filling up the DagBag from /home/airflow/.local/lib/python3.6/site-packages/airflow/example_dags/tutorial.py
[2021-03-16 11:50:38,743] {scheduler_job.py:639} INFO - DAG(s) dict_keys(['tutorial']) retrieved from /home/airflow/.local/lib/python3.6/site-packages/airflow/example_dags/tutorial.py
[2021-03-16 11:50:38,767] {logging_mixin.py:104} INFO - [2021-03-16 11:50:38,767] {dag.py:1818} INFO - Sync 1 DAGs
[2021-03-16 11:50:38,784] {logging_mixin.py:104} INFO - [2021-03-16 11:50:38,784] {dag.py:2273} INFO - Setting next_dagrun for tutorial to 2021-03-14 00:00:00+00:00
[2021-03-16 11:50:38,796] {scheduler_job.py:190} INFO - Processing /home/airflow/.local/lib/python3.6/site-packages/airflow/example_dags/tutorial.py took 0.073 seconds
[2021-03-16 11:55:44,463] {scheduler_job.py:182} INFO - Started process (PID=45) to work on /home/airflow/.local/lib/python3.6/site-packages/airflow/example_dags/tutorial.py
[2021-03-16 11:55:44,466] {scheduler_job.py:629} INFO - Processing file /home/airflow/.local/lib/python3.6/site-packages/airflow/example_dags/tutorial.py for tasks to queue
[2021-03-16 11:55:44,474] {logging_mixin.py:104} INFO - [2021-03-16 11:55:44,472] {dagbag.py:448} INFO - Filling up the DagBag from /home/airflow/.local/lib/python3.6/site-packages/airflow/example_dags/tutorial.py
[2021-03-16 11:55:44,536] {scheduler_job.py:639} INFO - DAG(s) dict_keys(['tutorial']) retrieved from /home/airflow/.local/lib/python3.6/site-packages/airflow/example_dags/tutorial.py
[2021-03-16 11:55:44,613] {logging_mixin.py:104} INFO - [2021-03-16 11:55:44,612] {dag.py:1818} INFO - Sync 1 DAGs
[2021-03-16 11:55:44,697] {logging_mixin.py:104} INFO - [2021-03-16 11:55:44,697] {dag.py:2273} INFO - Setting next_dagrun for tutorial to 2021-03-14 00:00:00+00:00
[2021-03-16 11:55:44,742] {scheduler_job.py:190} INFO - Processing /home/airflow/.local/lib/python3.6/site-packages/airflow/example_dags/tutorial.py took 0.288 seconds
[2021-03-16 13:40:15,321] {scheduler_job.py:182} INFO - Started process (PID=37) to work on /home/airflow/.local/lib/python3.6/site-packages/airflow/example_dags/tutorial.py
[2021-03-16 13:40:15,327] {scheduler_job.py:629} INFO - Processing file /home/airflow/.local/lib/python3.6/site-packages/airflow/example_dags/tutorial.py for tasks to queue
[2021-03-16 13:40:15,332] {logging_mixin.py:104} INFO - [2021-03-16 13:40:15,332] {dagbag.py:448} INFO - Filling up the DagBag from /home/airflow/.local/lib/python3.6/site-packages/airflow/example_dags/tutorial.py
[2021-03-16 13:40:15,387] {scheduler_job.py:639} INFO - DAG(s) dict_keys(['tutorial']) retrieved from /home/airflow/.local/lib/python3.6/site-packages/airflow/example_dags/tutorial.py
[2021-03-16 13:40:15,513] {logging_mixin.py:104} INFO - [2021-03-16 13:40:15,513] {dag.py:1818} INFO - Sync 1 DAGs
[2021-03-16 13:40:15,594] {logging_mixin.py:104} INFO - [2021-03-16 13:40:15,594] {dag.py:2273} INFO - Setting next_dagrun for tutorial to 2021-03-14 00:00:00+00:00
[2021-03-16 13:40:15,669] {scheduler_job.py:190} INFO - Processing /home/airflow/.local/lib/python3.6/site-packages/airflow/example_dags/tutorial.py took 0.365 seconds
[2021-03-16 13:40:46,552] {scheduler_job.py:182} INFO - Started process (PID=68) to work on /home/airflow/.local/lib/python3.6/site-packages/airflow/example_dags/tutorial.py
[2021-03-16 13:40:46,554] {scheduler_job.py:629} INFO - Processing file /home/airflow/.local/lib/python3.6/site-packages/airflow/example_dags/tutorial.py for tasks to queue
[2021-03-16 13:40:46,556] {logging_mixin.py:104} INFO - [2021-03-16 13:40:46,556] {dagbag.py:448} INFO - Filling up the DagBag from /home/airflow/.local/lib/python3.6/site-packages/airflow/example_dags/tutorial.py
[2021-03-16 13:40:46,569] {scheduler_job.py:639} INFO - DAG(s) dict_keys(['tutorial']) retrieved from /home/airflow/.local/lib/python3.6/site-packages/airflow/example_dags/tutorial.py
[2021-03-16 13:40:46,596] {logging_mixin.py:104} INFO - [2021-03-16 13:40:46,596] {dag.py:1818} INFO - Sync 1 DAGs
[2021-03-16 13:40:46,614] {logging_mixin.py:104} INFO - [2021-03-16 13:40:46,614] {dag.py:2273} INFO - Setting next_dagrun for tutorial to 2021-03-14 00:00:00+00:00
[2021-03-16 13:40:46,624] {scheduler_job.py:190} INFO - Processing /home/airflow/.local/lib/python3.6/site-packages/airflow/example_dags/tutorial.py took 0.077 seconds
[2021-03-16 13:41:16,999] {scheduler_job.py:182} INFO - Started process (PID=95) to work on /home/airflow/.local/lib/python3.6/site-packages/airflow/example_dags/tutorial.py
[2021-03-16 13:41:17,001] {scheduler_job.py:629} INFO - Processing file /home/airflow/.local/lib/python3.6/site-packages/airflow/example_dags/tutorial.py for tasks to queue
[2021-03-16 13:41:17,003] {logging_mixin.py:104} INFO - [2021-03-16 13:41:17,002] {dagbag.py:448} INFO - Filling up the DagBag from /home/airflow/.local/lib/python3.6/site-packages/airflow/example_dags/tutorial.py
[2021-03-16 13:41:17,016] {scheduler_job.py:639} INFO - DAG(s) dict_keys(['tutorial']) retrieved from /home/airflow/.local/lib/python3.6/site-packages/airflow/example_dags/tutorial.py
[2021-03-16 13:41:17,040] {logging_mixin.py:104} INFO - [2021-03-16 13:41:17,040] {dag.py:1818} INFO - Sync 1 DAGs
[2021-03-16 13:41:17,059] {logging_mixin.py:104} INFO - [2021-03-16 13:41:17,059] {dag.py:2273} INFO - Setting next_dagrun for tutorial to 2021-03-14 00:00:00+00:00
[2021-03-16 13:41:17,070] {scheduler_job.py:190} INFO - Processing /home/airflow/.local/lib/python3.6/site-packages/airflow/example_dags/tutorial.py took 0.075 seconds
[2021-03-16 13:41:47,644] {scheduler_job.py:182} INFO - Started process (PID=123) to work on /home/airflow/.local/lib/python3.6/site-packages/airflow/example_dags/tutorial.py
[2021-03-16 13:41:47,646] {scheduler_job.py:629} INFO - Processing file /home/airflow/.local/lib/python3.6/site-packages/airflow/example_dags/tutorial.py for tasks to queue
[2021-03-16 13:41:47,648] {logging_mixin.py:104} INFO - [2021-03-16 13:41:47,648] {dagbag.py:448} INFO - Filling up the DagBag from /home/airflow/.local/lib/python3.6/site-packages/airflow/example_dags/tutorial.py
[2021-03-16 13:41:47,660] {scheduler_job.py:639} INFO - DAG(s) dict_keys(['tutorial']) retrieved from /home/airflow/.local/lib/python3.6/site-packages/airflow/example_dags/tutorial.py
[2021-03-16 13:41:47,689] {logging_mixin.py:104} INFO - [2021-03-16 13:41:47,689] {dag.py:1818} INFO - Sync 1 DAGs
[2021-03-16 13:41:47,707] {logging_mixin.py:104} INFO - [2021-03-16 13:41:47,707] {dag.py:2273} INFO - Setting next_dagrun for tutorial to 2021-03-14 00:00:00+00:00
[2021-03-16 13:41:47,717] {scheduler_job.py:190} INFO - Processing /home/airflow/.local/lib/python3.6/site-packages/airflow/example_dags/tutorial.py took 0.077 seconds
[2021-03-16 13:42:58,562] {scheduler_job.py:182} INFO - Started process (PID=49) to work on /home/airflow/.local/lib/python3.6/site-packages/airflow/example_dags/tutorial.py
[2021-03-16 13:42:58,566] {scheduler_job.py:629} INFO - Processing file /home/airflow/.local/lib/python3.6/site-packages/airflow/example_dags/tutorial.py for tasks to queue
[2021-03-16 13:42:58,572] {logging_mixin.py:104} INFO - [2021-03-16 13:42:58,569] {dagbag.py:448} INFO - Filling up the DagBag from /home/airflow/.local/lib/python3.6/site-packages/airflow/example_dags/tutorial.py
[2021-03-16 13:42:58,589] {scheduler_job.py:639} INFO - DAG(s) dict_keys(['tutorial']) retrieved from /home/airflow/.local/lib/python3.6/site-packages/airflow/example_dags/tutorial.py
[2021-03-16 13:42:58,631] {logging_mixin.py:104} INFO - [2021-03-16 13:42:58,631] {dag.py:1818} INFO - Sync 1 DAGs
[2021-03-16 13:42:58,677] {logging_mixin.py:104} INFO - [2021-03-16 13:42:58,677] {dag.py:2273} INFO - Setting next_dagrun for tutorial to 2021-03-14 00:00:00+00:00
[2021-03-16 13:42:58,719] {scheduler_job.py:190} INFO - Processing /home/airflow/.local/lib/python3.6/site-packages/airflow/example_dags/tutorial.py took 0.163 seconds
[2021-03-16 13:43:28,981] {scheduler_job.py:182} INFO - Started process (PID=75) to work on /home/airflow/.local/lib/python3.6/site-packages/airflow/example_dags/tutorial.py
[2021-03-16 13:43:28,983] {scheduler_job.py:629} INFO - Processing file /home/airflow/.local/lib/python3.6/site-packages/airflow/example_dags/tutorial.py for tasks to queue
[2021-03-16 13:43:28,984] {logging_mixin.py:104} INFO - [2021-03-16 13:43:28,984] {dagbag.py:448} INFO - Filling up the DagBag from /home/airflow/.local/lib/python3.6/site-packages/airflow/example_dags/tutorial.py
[2021-03-16 13:43:28,995] {scheduler_job.py:639} INFO - DAG(s) dict_keys(['tutorial']) retrieved from /home/airflow/.local/lib/python3.6/site-packages/airflow/example_dags/tutorial.py
[2021-03-16 13:43:29,021] {logging_mixin.py:104} INFO - [2021-03-16 13:43:29,021] {dag.py:1818} INFO - Sync 1 DAGs
[2021-03-16 13:43:29,041] {logging_mixin.py:104} INFO - [2021-03-16 13:43:29,041] {dag.py:2273} INFO - Setting next_dagrun for tutorial to 2021-03-14 00:00:00+00:00
[2021-03-16 13:43:29,051] {scheduler_job.py:190} INFO - Processing /home/airflow/.local/lib/python3.6/site-packages/airflow/example_dags/tutorial.py took 0.074 seconds
[2021-03-16 13:44:45,346] {scheduler_job.py:182} INFO - Started process (PID=26) to work on /home/airflow/.local/lib/python3.6/site-packages/airflow/example_dags/tutorial.py
[2021-03-16 13:44:45,350] {scheduler_job.py:629} INFO - Processing file /home/airflow/.local/lib/python3.6/site-packages/airflow/example_dags/tutorial.py for tasks to queue
[2021-03-16 13:44:45,352] {logging_mixin.py:104} INFO - [2021-03-16 13:44:45,352] {dagbag.py:448} INFO - Filling up the DagBag from /home/airflow/.local/lib/python3.6/site-packages/airflow/example_dags/tutorial.py
[2021-03-16 13:44:45,383] {scheduler_job.py:639} INFO - DAG(s) dict_keys(['tutorial']) retrieved from /home/airflow/.local/lib/python3.6/site-packages/airflow/example_dags/tutorial.py
[2021-03-16 13:44:45,426] {logging_mixin.py:104} INFO - [2021-03-16 13:44:45,425] {dag.py:1818} INFO - Sync 1 DAGs
[2021-03-16 13:44:45,448] {logging_mixin.py:104} INFO - [2021-03-16 13:44:45,447] {dag.py:2273} INFO - Setting next_dagrun for tutorial to 2021-03-14 00:00:00+00:00
[2021-03-16 13:44:45,464] {scheduler_job.py:190} INFO - Processing /home/airflow/.local/lib/python3.6/site-packages/airflow/example_dags/tutorial.py took 0.124 seconds
[2021-03-16 13:45:15,634] {scheduler_job.py:182} INFO - Started process (PID=53) to work on /home/airflow/.local/lib/python3.6/site-packages/airflow/example_dags/tutorial.py
[2021-03-16 13:45:15,636] {scheduler_job.py:629} INFO - Processing file /home/airflow/.local/lib/python3.6/site-packages/airflow/example_dags/tutorial.py for tasks to queue
[2021-03-16 13:45:15,638] {logging_mixin.py:104} INFO - [2021-03-16 13:45:15,637] {dagbag.py:448} INFO - Filling up the DagBag from /home/airflow/.local/lib/python3.6/site-packages/airflow/example_dags/tutorial.py
[2021-03-16 13:45:15,651] {scheduler_job.py:639} INFO - DAG(s) dict_keys(['tutorial']) retrieved from /home/airflow/.local/lib/python3.6/site-packages/airflow/example_dags/tutorial.py
[2021-03-16 13:45:15,680] {logging_mixin.py:104} INFO - [2021-03-16 13:45:15,680] {dag.py:1818} INFO - Sync 1 DAGs
[2021-03-16 13:45:15,700] {logging_mixin.py:104} INFO - [2021-03-16 13:45:15,700] {dag.py:2273} INFO - Setting next_dagrun for tutorial to 2021-03-14 00:00:00+00:00
[2021-03-16 13:45:15,710] {scheduler_job.py:190} INFO - Processing /home/airflow/.local/lib/python3.6/site-packages/airflow/example_dags/tutorial.py took 0.080 seconds
[2021-03-16 13:45:46,147] {scheduler_job.py:182} INFO - Started process (PID=80) to work on /home/airflow/.local/lib/python3.6/site-packages/airflow/example_dags/tutorial.py
[2021-03-16 13:45:46,151] {scheduler_job.py:629} INFO - Processing file /home/airflow/.local/lib/python3.6/site-packages/airflow/example_dags/tutorial.py for tasks to queue
[2021-03-16 13:45:46,152] {logging_mixin.py:104} INFO - [2021-03-16 13:45:46,152] {dagbag.py:448} INFO - Filling up the DagBag from /home/airflow/.local/lib/python3.6/site-packages/airflow/example_dags/tutorial.py
[2021-03-16 13:45:46,169] {scheduler_job.py:639} INFO - DAG(s) dict_keys(['tutorial']) retrieved from /home/airflow/.local/lib/python3.6/site-packages/airflow/example_dags/tutorial.py
[2021-03-16 13:45:46,215] {logging_mixin.py:104} INFO - [2021-03-16 13:45:46,215] {dag.py:1818} INFO - Sync 1 DAGs
[2021-03-16 13:45:46,251] {logging_mixin.py:104} INFO - [2021-03-16 13:45:46,251] {dag.py:2273} INFO - Setting next_dagrun for tutorial to 2021-03-14 00:00:00+00:00
[2021-03-16 13:45:46,272] {scheduler_job.py:190} INFO - Processing /home/airflow/.local/lib/python3.6/site-packages/airflow/example_dags/tutorial.py took 0.130 seconds
[2021-03-16 13:46:16,946] {scheduler_job.py:182} INFO - Started process (PID=107) to work on /home/airflow/.local/lib/python3.6/site-packages/airflow/example_dags/tutorial.py
[2021-03-16 13:46:16,948] {scheduler_job.py:629} INFO - Processing file /home/airflow/.local/lib/python3.6/site-packages/airflow/example_dags/tutorial.py for tasks to queue
[2021-03-16 13:46:16,950] {logging_mixin.py:104} INFO - [2021-03-16 13:46:16,949] {dagbag.py:448} INFO - Filling up the DagBag from /home/airflow/.local/lib/python3.6/site-packages/airflow/example_dags/tutorial.py
[2021-03-16 13:46:16,961] {scheduler_job.py:639} INFO - DAG(s) dict_keys(['tutorial']) retrieved from /home/airflow/.local/lib/python3.6/site-packages/airflow/example_dags/tutorial.py
[2021-03-16 13:46:16,984] {logging_mixin.py:104} INFO - [2021-03-16 13:46:16,984] {dag.py:1818} INFO - Sync 1 DAGs
[2021-03-16 13:46:17,001] {logging_mixin.py:104} INFO - [2021-03-16 13:46:17,001] {dag.py:2273} INFO - Setting next_dagrun for tutorial to 2021-03-14 00:00:00+00:00
[2021-03-16 13:46:17,018] {scheduler_job.py:190} INFO - Processing /home/airflow/.local/lib/python3.6/site-packages/airflow/example_dags/tutorial.py took 0.075 seconds
[2021-03-16 13:46:47,857] {scheduler_job.py:182} INFO - Started process (PID=134) to work on /home/airflow/.local/lib/python3.6/site-packages/airflow/example_dags/tutorial.py
[2021-03-16 13:46:47,859] {scheduler_job.py:629} INFO - Processing file /home/airflow/.local/lib/python3.6/site-packages/airflow/example_dags/tutorial.py for tasks to queue
[2021-03-16 13:46:47,860] {logging_mixin.py:104} INFO - [2021-03-16 13:46:47,860] {dagbag.py:448} INFO - Filling up the DagBag from /home/airflow/.local/lib/python3.6/site-packages/airflow/example_dags/tutorial.py
[2021-03-16 13:46:47,870] {scheduler_job.py:639} INFO - DAG(s) dict_keys(['tutorial']) retrieved from /home/airflow/.local/lib/python3.6/site-packages/airflow/example_dags/tutorial.py
[2021-03-16 13:46:47,890] {logging_mixin.py:104} INFO - [2021-03-16 13:46:47,890] {dag.py:1818} INFO - Sync 1 DAGs
[2021-03-16 13:46:47,905] {logging_mixin.py:104} INFO - [2021-03-16 13:46:47,905] {dag.py:2273} INFO - Setting next_dagrun for tutorial to 2021-03-14 00:00:00+00:00
[2021-03-16 13:46:47,914] {scheduler_job.py:190} INFO - Processing /home/airflow/.local/lib/python3.6/site-packages/airflow/example_dags/tutorial.py took 0.061 seconds
